<?xml version="1.0" encoding="UTF-8"?>
<coverage generated="1642396219606" clover="3.2.0">
  <project timestamp="1642396219607" name="All files">
    <metrics statements="2033" coveredstatements="1779" conditionals="1042" coveredconditionals="711" methods="621" coveredmethods="502" elements="3696" coveredelements="2992" complexity="0" loc="2033" ncloc="2033" packages="39" files="89" classes="89"/>
    <package name="components.accordion">
      <metrics statements="72" coveredstatements="66" conditionals="47" coveredconditionals="33" methods="16" coveredmethods="16"/>
      <file name="accordion-header.tsx" path="D:\Projects\2020\react-phalladium\packages\lib\components\accordion\accordion-header.tsx">
        <metrics statements="30" coveredstatements="25" conditionals="17" coveredconditionals="7" methods="7" coveredmethods="7"/>
        <line num="1" count="2" type="stmt"/>
        <line num="2" count="2" type="stmt"/>
        <line num="3" count="2" type="stmt"/>
        <line num="4" count="2" type="stmt"/>
        <line num="7" count="2" type="stmt"/>
        <line num="21" count="21" type="stmt"/>
        <line num="23" count="16" type="stmt"/>
        <line num="31" count="21" type="stmt"/>
        <line num="33" count="21" type="stmt"/>
        <line num="34" count="16" type="cond" truecount="2" falsecount="2"/>
        <line num="38" count="21" type="stmt"/>
        <line num="39" count="16" type="cond" truecount="1" falsecount="1"/>
        <line num="48" count="21" type="stmt"/>
        <line num="49" count="16" type="stmt"/>
        <line num="54" count="21" type="stmt"/>
        <line num="55" count="18" type="stmt"/>
        <line num="57" count="18" type="stmt"/>
        <line num="64" count="21" type="stmt"/>
        <line num="65" count="18" type="cond" truecount="0" falsecount="1"/>
        <line num="66" count="0" type="stmt"/>
        <line num="69" count="18" type="cond" truecount="1" falsecount="1"/>
        <line num="70" count="0" type="stmt"/>
        <line num="71" count="18" type="cond" truecount="1" falsecount="1"/>
        <line num="72" count="18" type="stmt"/>
        <line num="73" count="0" type="cond" truecount="0" falsecount="1"/>
        <line num="74" count="0" type="cond" truecount="0" falsecount="2"/>
        <line num="78" count="21" type="cond" truecount="0" falsecount="1"/>
        <line num="79" count="0" type="stmt"/>
        <line num="82" count="21" type="stmt"/>
        <line num="97" count="2" type="stmt"/>
      </file>
      <file name="accordion.tsx" path="D:\Projects\2020\react-phalladium\packages\lib\components\accordion\accordion.tsx">
        <metrics statements="42" coveredstatements="41" conditionals="30" coveredconditionals="26" methods="9" coveredmethods="9"/>
        <line num="1" count="2" type="stmt"/>
        <line num="2" count="2" type="stmt"/>
        <line num="3" count="2" type="stmt"/>
        <line num="11" count="2" type="stmt"/>
        <line num="12" count="2" type="stmt"/>
        <line num="14" count="2" type="stmt"/>
        <line num="16" count="2" type="stmt"/>
        <line num="36" count="21" type="cond" truecount="2" falsecount="0"/>
        <line num="37" count="21" type="stmt"/>
        <line num="39" count="21" type="stmt"/>
        <line num="41" count="21" type="stmt"/>
        <line num="42" count="21" type="stmt"/>
        <line num="44" count="21" type="stmt"/>
        <line num="45" count="2" type="stmt"/>
        <line num="47" count="2" type="stmt"/>
        <line num="48" count="2" type="stmt"/>
        <line num="52" count="21" type="stmt"/>
        <line num="53" count="21" type="stmt"/>
        <line num="55" count="21" type="stmt"/>
        <line num="57" count="18" type="stmt"/>
        <line num="64" count="21" type="stmt"/>
        <line num="66" count="18" type="stmt"/>
        <line num="79" count="21" type="stmt"/>
        <line num="81" count="18" type="stmt"/>
        <line num="88" count="21" type="stmt"/>
        <line num="89" count="32" type="cond" truecount="1" falsecount="0"/>
        <line num="90" count="16" type="stmt"/>
        <line num="91" count="16" type="stmt"/>
        <line num="92" count="16" type="stmt"/>
        <line num="96" count="21" type="stmt"/>
        <line num="97" count="18" type="cond" truecount="3" falsecount="0"/>
        <line num="98" count="16" type="stmt"/>
        <line num="101" count="2" type="cond" truecount="1" falsecount="1"/>
        <line num="102" count="2" type="cond" truecount="2" falsecount="0"/>
        <line num="104" count="0" type="cond" truecount="0" falsecount="2"/>
        <line num="108" count="21" type="stmt"/>
        <line num="109" count="16" type="stmt"/>
        <line num="111" count="16" type="cond" truecount="1" falsecount="0"/>
        <line num="112" count="12" type="stmt"/>
        <line num="116" count="21" type="stmt"/>
        <line num="149" count="2" type="stmt"/>
        <line num="151" count="2" type="stmt"/>
      </file>
    </package>
    <package name="components.accordion-group">
      <metrics statements="25" coveredstatements="20" conditionals="24" coveredconditionals="8" methods="13" coveredmethods="7"/>
      <file name="accordion-group.tsx" path="D:\Projects\2020\react-phalladium\packages\lib\components\accordion-group\accordion-group.tsx">
        <metrics statements="25" coveredstatements="20" conditionals="24" coveredconditionals="8" methods="13" coveredmethods="7"/>
        <line num="1" count="1" type="stmt"/>
        <line num="2" count="1" type="stmt"/>
        <line num="3" count="1" type="stmt"/>
        <line num="4" count="1" type="stmt"/>
        <line num="9" count="1" type="stmt"/>
        <line num="11" count="1" type="stmt"/>
        <line num="25" count="5" type="stmt"/>
        <line num="27" count="15" type="stmt"/>
        <line num="34" count="5" type="stmt"/>
        <line num="35" count="0" type="stmt"/>
        <line num="36" count="0" type="stmt"/>
        <line num="43" count="5" type="stmt"/>
        <line num="44" count="0" type="stmt"/>
        <line num="45" count="0" type="stmt"/>
        <line num="52" count="5" type="stmt"/>
        <line num="53" count="2" type="stmt"/>
        <line num="58" count="5" type="stmt"/>
        <line num="59" count="2" type="cond" truecount="1" falsecount="1"/>
        <line num="60" count="2" type="stmt"/>
        <line num="61" count="6" type="stmt"/>
        <line num="67" count="0" type="stmt"/>
        <line num="71" count="5" type="stmt"/>
        <line num="74" count="15" type="stmt"/>
        <line num="99" count="1" type="stmt"/>
        <line num="101" count="1" type="stmt"/>
      </file>
    </package>
    <package name="components.alert">
      <metrics statements="22" coveredstatements="21" conditionals="15" coveredconditionals="14" methods="5" coveredmethods="5"/>
      <file name="alert.tsx" path="D:\Projects\2020\react-phalladium\packages\lib\components\alert\alert.tsx">
        <metrics statements="22" coveredstatements="21" conditionals="15" coveredconditionals="14" methods="5" coveredmethods="5"/>
        <line num="1" count="1" type="stmt"/>
        <line num="2" count="1" type="stmt"/>
        <line num="3" count="1" type="stmt"/>
        <line num="11" count="1" type="stmt"/>
        <line num="13" count="1" type="stmt"/>
        <line num="22" count="8" type="stmt"/>
        <line num="24" count="8" type="stmt"/>
        <line num="26" count="7" type="stmt"/>
        <line num="32" count="8" type="stmt"/>
        <line num="34" count="8" type="stmt"/>
        <line num="42" count="8" type="stmt"/>
        <line num="43" count="1" type="stmt"/>
        <line num="44" count="1" type="cond" truecount="2" falsecount="0"/>
        <line num="47" count="8" type="stmt"/>
        <line num="48" count="7" type="cond" truecount="4" falsecount="1"/>
        <line num="50" count="1" type="stmt"/>
        <line num="52" count="1" type="stmt"/>
        <line num="54" count="1" type="stmt"/>
        <line num="56" count="4" type="stmt"/>
        <line num="58" count="0" type="stmt"/>
        <line num="62" count="8" type="stmt"/>
        <line num="83" count="1" type="stmt"/>
      </file>
    </package>
    <package name="components.auto-complete">
      <metrics statements="48" coveredstatements="48" conditionals="24" coveredconditionals="22" methods="13" coveredmethods="13"/>
      <file name="auto-complete.tsx" path="D:\Projects\2020\react-phalladium\packages\lib\components\auto-complete\auto-complete.tsx">
        <metrics statements="48" coveredstatements="48" conditionals="24" coveredconditionals="22" methods="13" coveredmethods="13"/>
        <line num="1" count="3" type="stmt"/>
        <line num="2" count="3" type="stmt"/>
        <line num="9" count="3" type="stmt"/>
        <line num="11" count="3" type="stmt"/>
        <line num="12" count="3" type="stmt"/>
        <line num="14" count="3" type="stmt"/>
        <line num="15" count="3" type="stmt"/>
        <line num="18" count="3" type="stmt"/>
        <line num="19" count="3" type="stmt"/>
        <line num="28" count="3" type="stmt"/>
        <line num="34" count="3" type="stmt"/>
        <line num="36" count="3" type="cond" truecount="1" falsecount="1"/>
        <line num="43" count="3" type="stmt"/>
        <line num="57" count="3" type="stmt"/>
        <line num="62" count="3" type="stmt"/>
        <line num="72" count="31" type="stmt"/>
        <line num="74" count="60" type="stmt"/>
        <line num="81" count="31" type="stmt"/>
        <line num="82" count="31" type="stmt"/>
        <line num="83" count="31" type="stmt"/>
        <line num="85" count="31" type="stmt"/>
        <line num="86" count="31" type="stmt"/>
        <line num="88" count="31" type="stmt"/>
        <line num="89" count="21" type="cond" truecount="2" falsecount="0"/>
        <line num="93" count="31" type="stmt"/>
        <line num="95" count="21" type="cond" truecount="3" falsecount="0"/>
        <line num="97" count="18" type="stmt"/>
        <line num="101" count="31" type="stmt"/>
        <line num="103" count="21" type="cond" truecount="2" falsecount="0"/>
        <line num="104" count="35" type="stmt"/>
        <line num="109" count="31" type="stmt"/>
        <line num="110" count="8" type="stmt"/>
        <line num="111" count="8" type="stmt"/>
        <line num="114" count="31" type="stmt"/>
        <line num="115" count="1" type="cond" truecount="3" falsecount="0"/>
        <line num="116" count="1" type="stmt"/>
        <line num="117" count="1" type="stmt"/>
        <line num="118" count="1" type="stmt"/>
        <line num="119" count="1" type="stmt"/>
        <line num="123" count="31" type="stmt"/>
        <line num="125" count="31" type="stmt"/>
        <line num="126" count="21" type="cond" truecount="3" falsecount="0"/>
        <line num="127" count="9" type="stmt"/>
        <line num="131" count="31" type="stmt"/>
        <line num="132" count="14" type="cond" truecount="3" falsecount="0"/>
        <line num="133" count="9" type="stmt"/>
        <line num="137" count="31" type="stmt"/>
        <line num="173" count="3" type="stmt"/>
      </file>
    </package>
    <package name="components.breadcrumb">
      <metrics statements="28" coveredstatements="26" conditionals="17" coveredconditionals="11" methods="7" coveredmethods="6"/>
      <file name="breadcrumb-item.tsx" path="D:\Projects\2020\react-phalladium\packages\lib\components\breadcrumb\breadcrumb-item.tsx">
        <metrics statements="18" coveredstatements="16" conditionals="11" coveredconditionals="6" methods="4" coveredmethods="3"/>
        <line num="1" count="1" type="stmt"/>
        <line num="2" count="1" type="stmt"/>
        <line num="3" count="1" type="stmt"/>
        <line num="4" count="1" type="stmt"/>
        <line num="5" count="1" type="stmt"/>
        <line num="8" count="1" type="stmt"/>
        <line num="17" count="9" type="stmt"/>
        <line num="18" count="9" type="stmt"/>
        <line num="20" count="9" type="stmt"/>
        <line num="21" count="0" type="cond" truecount="0" falsecount="1"/>
        <line num="22" count="0" type="stmt"/>
        <line num="26" count="9" type="stmt"/>
        <line num="27" count="9" type="stmt"/>
        <line num="32" count="9" type="stmt"/>
        <line num="33" count="9" type="stmt"/>
        <line num="38" count="9" type="stmt"/>
        <line num="60" count="1" type="stmt"/>
        <line num="62" count="1" type="stmt"/>
      </file>
      <file name="breadcrumb.tsx" path="D:\Projects\2020\react-phalladium\packages\lib\components\breadcrumb\breadcrumb.tsx">
        <metrics statements="10" coveredstatements="10" conditionals="6" coveredconditionals="5" methods="3" coveredmethods="3"/>
        <line num="1" count="1" type="stmt"/>
        <line num="2" count="1" type="stmt"/>
        <line num="3" count="1" type="stmt"/>
        <line num="5" count="1" type="stmt"/>
        <line num="7" count="1" type="stmt"/>
        <line num="13" count="3" type="stmt"/>
        <line num="15" count="9" type="stmt"/>
        <line num="20" count="3" type="stmt"/>
        <line num="27" count="9" type="stmt"/>
        <line num="41" count="1" type="stmt"/>
      </file>
    </package>
    <package name="components.button">
      <metrics statements="16" coveredstatements="16" conditionals="20" coveredconditionals="18" methods="4" coveredmethods="4"/>
      <file name="button.tsx" path="D:\Projects\2020\react-phalladium\packages\lib\components\button\button.tsx">
        <metrics statements="16" coveredstatements="16" conditionals="20" coveredconditionals="18" methods="4" coveredmethods="4"/>
        <line num="1" count="9" type="stmt"/>
        <line num="2" count="9" type="stmt"/>
        <line num="3" count="9" type="stmt"/>
        <line num="4" count="9" type="stmt"/>
        <line num="6" count="9" type="stmt"/>
        <line num="8" count="9" type="stmt"/>
        <line num="20" count="71" type="stmt"/>
        <line num="22" count="52" type="stmt"/>
        <line num="35" count="71" type="stmt"/>
        <line num="37" count="71" type="cond" truecount="1" falsecount="0"/>
        <line num="38" count="63" type="stmt"/>
        <line num="41" count="71" type="stmt"/>
        <line num="42" count="50" type="stmt"/>
        <line num="49" count="71" type="cond" truecount="2" falsecount="0"/>
        <line num="51" count="71" type="stmt"/>
        <line num="74" count="9" type="stmt"/>
      </file>
    </package>
    <package name="components.card">
      <metrics statements="15" coveredstatements="15" conditionals="13" coveredconditionals="13" methods="5" coveredmethods="5"/>
      <file name="card.tsx" path="D:\Projects\2020\react-phalladium\packages\lib\components\card\card.tsx">
        <metrics statements="15" coveredstatements="15" conditionals="13" coveredconditionals="13" methods="5" coveredmethods="5"/>
        <line num="1" count="1" type="stmt"/>
        <line num="2" count="1" type="stmt"/>
        <line num="4" count="1" type="stmt"/>
        <line num="6" count="1" type="stmt"/>
        <line num="16" count="2" type="stmt"/>
        <line num="18" count="2" type="stmt"/>
        <line num="19" count="2" type="stmt"/>
        <line num="27" count="2" type="stmt"/>
        <line num="28" count="2" type="stmt"/>
        <line num="34" count="2" type="stmt"/>
        <line num="35" count="2" type="stmt"/>
        <line num="40" count="2" type="stmt"/>
        <line num="41" count="2" type="stmt"/>
        <line num="46" count="2" type="stmt"/>
        <line num="55" count="1" type="stmt"/>
      </file>
    </package>
    <package name="components.carousel">
      <metrics statements="107" coveredstatements="84" conditionals="51" coveredconditionals="23" methods="32" coveredmethods="22"/>
      <file name="carousel-button.tsx" path="D:\Projects\2020\react-phalladium\packages\lib\components\carousel\carousel-button.tsx">
        <metrics statements="9" coveredstatements="9" conditionals="0" coveredconditionals="0" methods="1" coveredmethods="1"/>
        <line num="1" count="3" type="stmt"/>
        <line num="2" count="3" type="stmt"/>
        <line num="3" count="3" type="stmt"/>
        <line num="4" count="3" type="stmt"/>
        <line num="6" count="3" type="stmt"/>
        <line num="8" count="3" type="stmt"/>
        <line num="16" count="17" type="stmt"/>
        <line num="36" count="3" type="stmt"/>
        <line num="38" count="3" type="stmt"/>
      </file>
      <file name="carousel-items.tsx" path="D:\Projects\2020\react-phalladium\packages\lib\components\carousel\carousel-items.tsx">
        <metrics statements="9" coveredstatements="9" conditionals="9" coveredconditionals="8" methods="3" coveredmethods="3"/>
        <line num="1" count="2" type="stmt"/>
        <line num="3" count="2" type="stmt"/>
        <line num="5" count="2" type="stmt"/>
        <line num="14" count="5" type="stmt"/>
        <line num="15" count="5" type="stmt"/>
        <line num="24" count="5" type="stmt"/>
        <line num="27" count="10" type="stmt"/>
        <line num="49" count="2" type="stmt"/>
        <line num="51" count="2" type="stmt"/>
      </file>
      <file name="carousel-track.tsx" path="D:\Projects\2020\react-phalladium\packages\lib\components\carousel\carousel-track.tsx">
        <metrics statements="13" coveredstatements="13" conditionals="2" coveredconditionals="2" methods="5" coveredmethods="5"/>
        <line num="1" count="2" type="stmt"/>
        <line num="2" count="2" type="stmt"/>
        <line num="3" count="2" type="stmt"/>
        <line num="5" count="2" type="stmt"/>
        <line num="7" count="2" type="stmt"/>
        <line num="18" count="7" type="stmt"/>
        <line num="19" count="7" type="stmt"/>
        <line num="23" count="7" type="stmt"/>
        <line num="25" count="7" type="stmt"/>
        <line num="31" count="7" type="stmt"/>
        <line num="43" count="18" type="stmt"/>
        <line num="50" count="1" type="stmt"/>
        <line num="66" count="2" type="stmt"/>
      </file>
      <file name="carousel.tsx" path="D:\Projects\2020\react-phalladium\packages\lib\components\carousel\carousel.tsx">
        <metrics statements="76" coveredstatements="53" conditionals="40" coveredconditionals="13" methods="23" coveredmethods="13"/>
        <line num="1" count="1" type="stmt"/>
        <line num="2" count="1" type="stmt"/>
        <line num="3" count="1" type="stmt"/>
        <line num="12" count="1" type="stmt"/>
        <line num="13" count="1" type="stmt"/>
        <line num="14" count="1" type="stmt"/>
        <line num="15" count="1" type="stmt"/>
        <line num="17" count="1" type="stmt"/>
        <line num="18" count="1" type="stmt"/>
        <line num="20" count="1" type="stmt"/>
        <line num="29" count="3" type="stmt"/>
        <line num="30" count="3" type="stmt"/>
        <line num="32" count="6" type="stmt"/>
        <line num="41" count="3" type="cond" truecount="1" falsecount="1"/>
        <line num="42" count="3" type="stmt"/>
        <line num="44" count="3" type="stmt"/>
        <line num="45" count="3" type="stmt"/>
        <line num="46" count="3" type="stmt"/>
        <line num="47" count="3" type="stmt"/>
        <line num="49" count="3" type="stmt"/>
        <line num="50" count="3" type="stmt"/>
        <line num="52" count="3" type="stmt"/>
        <line num="54" count="3" type="stmt"/>
        <line num="55" count="0" type="cond" truecount="0" falsecount="2"/>
        <line num="58" count="3" type="stmt"/>
        <line num="59" count="0" type="stmt"/>
        <line num="62" count="3" type="stmt"/>
        <line num="63" count="0" type="stmt"/>
        <line num="67" count="3" type="stmt"/>
        <line num="68" count="6" type="cond" truecount="1" falsecount="0"/>
        <line num="69" count="3" type="stmt"/>
        <line num="70" count="3" type="stmt"/>
        <line num="71" count="3" type="stmt"/>
        <line num="73" count="3" type="stmt"/>
        <line num="74" count="0" type="stmt"/>
        <line num="75" count="0" type="stmt"/>
        <line num="76" count="0" type="stmt"/>
        <line num="79" count="3" type="stmt"/>
        <line num="83" count="3" type="stmt"/>
        <line num="84" count="3" type="cond" truecount="1" falsecount="3"/>
        <line num="85" count="0" type="cond" truecount="0" falsecount="2"/>
        <line num="86" count="0" type="stmt"/>
        <line num="87" count="0" type="stmt"/>
        <line num="102" count="3" type="stmt"/>
        <line num="103" count="3" type="stmt"/>
        <line num="107" count="3" type="stmt"/>
        <line num="108" count="3" type="cond" truecount="0" falsecount="1"/>
        <line num="113" count="0" type="stmt"/>
        <line num="114" count="0" type="stmt"/>
        <line num="115" count="0" type="stmt"/>
        <line num="116" count="0" type="cond" truecount="0" falsecount="1"/>
        <line num="117" count="0" type="stmt"/>
        <line num="118" count="0" type="stmt"/>
        <line num="119" count="0" type="stmt"/>
        <line num="122" count="0" type="stmt"/>
        <line num="128" count="3" type="stmt"/>
        <line num="130" count="3" type="stmt"/>
        <line num="132" count="3" type="stmt"/>
        <line num="142" count="3" type="stmt"/>
        <line num="144" count="3" type="stmt"/>
        <line num="151" count="3" type="stmt"/>
        <line num="153" count="3" type="stmt"/>
        <line num="160" count="3" type="stmt"/>
        <line num="162" count="3" type="stmt"/>
        <line num="166" count="3" type="cond" truecount="0" falsecount="1"/>
        <line num="167" count="0" type="stmt"/>
        <line num="169" count="0" type="stmt"/>
        <line num="170" count="0" type="cond" truecount="0" falsecount="2"/>
        <line num="174" count="0" type="stmt"/>
        <line num="175" count="0" type="cond" truecount="0" falsecount="1"/>
        <line num="179" count="0" type="stmt"/>
        <line num="184" count="3" type="stmt"/>
        <line num="185" count="3" type="stmt"/>
        <line num="186" count="3" type="stmt"/>
        <line num="190" count="3" type="stmt"/>
        <line num="227" count="1" type="stmt"/>
      </file>
    </package>
    <package name="components.checkbox">
      <metrics statements="41" coveredstatements="40" conditionals="35" coveredconditionals="32" methods="13" coveredmethods="13"/>
      <file name="checkbox.tsx" path="D:\Projects\2020\react-phalladium\packages\lib\components\checkbox\checkbox.tsx">
        <metrics statements="41" coveredstatements="40" conditionals="35" coveredconditionals="32" methods="13" coveredmethods="13"/>
        <line num="1" count="3" type="stmt"/>
        <line num="2" count="3" type="stmt"/>
        <line num="3" count="3" type="stmt"/>
        <line num="10" count="3" type="stmt"/>
        <line num="11" count="3" type="stmt"/>
        <line num="12" count="3" type="stmt"/>
        <line num="14" count="3" type="stmt"/>
        <line num="16" count="3" type="stmt"/>
        <line num="34" count="23" type="stmt"/>
        <line num="35" count="23" type="stmt"/>
        <line num="36" count="23" type="cond" truecount="2" falsecount="0"/>
        <line num="42" count="23" type="stmt"/>
        <line num="43" count="2" type="cond" truecount="1" falsecount="0"/>
        <line num="44" count="2" type="stmt"/>
        <line num="45" count="2" type="cond" truecount="2" falsecount="0"/>
        <line num="46" count="2" type="stmt"/>
        <line num="51" count="23" type="cond" truecount="1" falsecount="0"/>
        <line num="52" count="23" type="stmt"/>
        <line num="55" count="23" type="stmt"/>
        <line num="57" count="23" type="stmt"/>
        <line num="65" count="23" type="stmt"/>
        <line num="67" count="21" type="stmt"/>
        <line num="74" count="23" type="stmt"/>
        <line num="76" count="21" type="stmt"/>
        <line num="84" count="23" type="stmt"/>
        <line num="86" count="21" type="stmt"/>
        <line num="98" count="23" type="stmt"/>
        <line num="99" count="22" type="cond" truecount="3" falsecount="1"/>
        <line num="100" count="0" type="stmt"/>
        <line num="104" count="23" type="stmt"/>
        <line num="105" count="23" type="cond" truecount="1" falsecount="0"/>
        <line num="110" count="23" type="stmt"/>
        <line num="111" count="21" type="stmt"/>
        <line num="118" count="23" type="stmt"/>
        <line num="119" count="21" type="cond" truecount="4" falsecount="0"/>
        <line num="122" count="23" type="cond" truecount="1" falsecount="1"/>
        <line num="124" count="23" type="stmt"/>
        <line num="126" count="23" type="stmt"/>
        <line num="149" count="3" type="cond" truecount="2" falsecount="0"/>
        <line num="153" count="3" type="stmt"/>
        <line num="155" count="3" type="stmt"/>
      </file>
    </package>
    <package name="components.checkbox-group">
      <metrics statements="26" coveredstatements="26" conditionals="16" coveredconditionals="14" methods="10" coveredmethods="10"/>
      <file name="checkbox-group.tsx" path="D:\Projects\2020\react-phalladium\packages\lib\components\checkbox-group\checkbox-group.tsx">
        <metrics statements="26" coveredstatements="26" conditionals="16" coveredconditionals="14" methods="10" coveredmethods="10"/>
        <line num="1" count="1" type="stmt"/>
        <line num="2" count="1" type="stmt"/>
        <line num="3" count="1" type="stmt"/>
        <line num="4" count="1" type="stmt"/>
        <line num="6" count="1" type="stmt"/>
        <line num="7" count="1" type="stmt"/>
        <line num="22" count="1" type="stmt"/>
        <line num="32" count="6" type="stmt"/>
        <line num="33" count="5" type="stmt"/>
        <line num="41" count="6" type="stmt"/>
        <line num="43" count="18" type="stmt"/>
        <line num="51" count="6" type="stmt"/>
        <line num="53" count="1" type="stmt"/>
        <line num="54" count="1" type="stmt"/>
        <line num="55" count="3" type="stmt"/>
        <line num="61" count="1" type="stmt"/>
        <line num="67" count="6" type="stmt"/>
        <line num="68" count="6" type="cond" truecount="1" falsecount="0"/>
        <line num="69" count="1" type="stmt"/>
        <line num="70" count="3" type="stmt"/>
        <line num="77" count="18" type="stmt"/>
        <line num="79" count="6" type="stmt"/>
        <line num="81" count="6" type="stmt"/>
        <line num="84" count="18" type="stmt"/>
        <line num="85" count="18" type="stmt"/>
        <line num="102" count="1" type="stmt"/>
      </file>
    </package>
    <package name="components.common">
      <metrics statements="113" coveredstatements="98" conditionals="56" coveredconditionals="32" methods="24" coveredmethods="21"/>
      <file name="overlay.tsx" path="D:\Projects\2020\react-phalladium\packages\lib\components\common\overlay.tsx">
        <metrics statements="67" coveredstatements="58" conditionals="32" coveredconditionals="23" methods="13" coveredmethods="11"/>
        <line num="1" count="9" type="stmt"/>
        <line num="2" count="9" type="stmt"/>
        <line num="10" count="9" type="stmt"/>
        <line num="11" count="9" type="stmt"/>
        <line num="13" count="9" type="stmt"/>
        <line num="14" count="9" type="stmt"/>
        <line num="16" count="9" type="stmt"/>
        <line num="27" count="41" type="stmt"/>
        <line num="31" count="41" type="stmt"/>
        <line num="32" count="41" type="stmt"/>
        <line num="33" count="38" type="stmt"/>
        <line num="39" count="41" type="stmt"/>
        <line num="40" count="41" type="stmt"/>
        <line num="42" count="41" type="stmt"/>
        <line num="43" count="41" type="stmt"/>
        <line num="46" count="41" type="stmt"/>
        <line num="47" count="41" type="cond" truecount="1" falsecount="0"/>
        <line num="48" count="19" type="stmt"/>
        <line num="49" count="0" type="stmt"/>
        <line num="50" count="0" type="stmt"/>
        <line num="53" count="19" type="stmt"/>
        <line num="57" count="41" type="stmt"/>
        <line num="58" count="19" type="cond" truecount="3" falsecount="1"/>
        <line num="59" count="0" type="stmt"/>
        <line num="60" count="0" type="stmt"/>
        <line num="61" count="0" type="stmt"/>
        <line num="62" count="0" type="stmt"/>
        <line num="80" count="41" type="stmt"/>
        <line num="81" count="7" type="stmt"/>
        <line num="85" count="7" type="cond" truecount="1" falsecount="0"/>
        <line num="86" count="6" type="stmt"/>
        <line num="89" count="1" type="cond" truecount="1" falsecount="1"/>
        <line num="90" count="0" type="cond" truecount="0" falsecount="1"/>
        <line num="91" count="0" type="stmt"/>
        <line num="94" count="1" type="stmt"/>
        <line num="96" count="1" type="cond" truecount="1" falsecount="0"/>
        <line num="97" count="1" type="cond" truecount="2" falsecount="0"/>
        <line num="100" count="1" type="stmt"/>
        <line num="103" count="41" type="stmt"/>
        <line num="104" count="21" type="cond" truecount="1" falsecount="0"/>
        <line num="105" count="2" type="stmt"/>
        <line num="106" count="2" type="stmt"/>
        <line num="111" count="41" type="stmt"/>
        <line num="112" count="5" type="stmt"/>
        <line num="113" count="5" type="cond" truecount="3" falsecount="0"/>
        <line num="114" count="2" type="stmt"/>
        <line num="115" count="2" type="stmt"/>
        <line num="120" count="41" type="stmt"/>
        <line num="121" count="0" type="stmt"/>
        <line num="126" count="41" type="stmt"/>
        <line num="127" count="19" type="stmt"/>
        <line num="128" count="19" type="stmt"/>
        <line num="129" count="19" type="stmt"/>
        <line num="131" count="19" type="cond" truecount="1" falsecount="0"/>
        <line num="132" count="16" type="stmt"/>
        <line num="133" count="16" type="stmt"/>
        <line num="137" count="19" type="stmt"/>
        <line num="138" count="19" type="stmt"/>
        <line num="139" count="19" type="stmt"/>
        <line num="140" count="19" type="stmt"/>
        <line num="141" count="19" type="stmt"/>
        <line num="145" count="41" type="stmt"/>
        <line num="146" count="32" type="cond" truecount="1" falsecount="0"/>
        <line num="147" count="16" type="stmt"/>
        <line num="148" count="16" type="stmt"/>
        <line num="152" count="41" type="cond" truecount="2" falsecount="0"/>
        <line num="189" count="9" type="stmt"/>
      </file>
      <file name="utils.ts" path="D:\Projects\2020\react-phalladium\packages\lib\components\common\utils.ts">
        <metrics statements="8" coveredstatements="7" conditionals="13" coveredconditionals="3" methods="4" coveredmethods="3"/>
        <line num="1" count="7" type="stmt"/>
        <line num="2" count="421" type="stmt"/>
        <line num="5" count="7" type="stmt"/>
        <line num="6" count="5" type="stmt"/>
        <line num="9" count="7" type="stmt"/>
        <line num="10" count="0" type="stmt"/>
        <line num="25" count="7" type="stmt"/>
        <line num="26" count="14" type="cond" truecount="3" falsecount="0"/>
      </file>
      <file name="withOverlay.tsx" path="D:\Projects\2020\react-phalladium\packages\lib\components\common\withOverlay.tsx">
        <metrics statements="38" coveredstatements="33" conditionals="11" coveredconditionals="6" methods="7" coveredmethods="7"/>
        <line num="1" count="9" type="stmt"/>
        <line num="2" count="9" type="stmt"/>
        <line num="3" count="9" type="stmt"/>
        <line num="5" count="9" type="stmt"/>
        <line num="24" count="9" type="stmt"/>
        <line num="28" count="9" type="stmt"/>
        <line num="36" count="10" type="stmt"/>
        <line num="37" count="47" type="stmt"/>
        <line num="38" count="47" type="stmt"/>
        <line num="47" count="47" type="stmt"/>
        <line num="48" count="47" type="stmt"/>
        <line num="49" count="47" type="stmt"/>
        <line num="50" count="47" type="stmt"/>
        <line num="51" count="47" type="stmt"/>
        <line num="53" count="47" type="stmt"/>
        <line num="55" count="47" type="stmt"/>
        <line num="56" count="19" type="cond" truecount="1" falsecount="1"/>
        <line num="57" count="0" type="stmt"/>
        <line num="58" count="0" type="stmt"/>
        <line num="59" count="0" type="stmt"/>
        <line num="61" count="19" type="stmt"/>
        <line num="62" count="19" type="stmt"/>
        <line num="63" count="19" type="stmt"/>
        <line num="64" count="19" type="stmt"/>
        <line num="65" count="19" type="stmt"/>
        <line num="67" count="19" type="stmt"/>
        <line num="68" count="19" type="stmt"/>
        <line num="73" count="47" type="stmt"/>
        <line num="74" count="5" type="stmt"/>
        <line num="76" count="5" type="cond" truecount="1" falsecount="1"/>
        <line num="77" count="5" type="stmt"/>
        <line num="78" count="4" type="stmt"/>
        <line num="79" count="4" type="cond" truecount="2" falsecount="0"/>
        <line num="82" count="0" type="stmt"/>
        <line num="83" count="0" type="cond" truecount="0" falsecount="2"/>
        <line num="87" count="47" type="stmt"/>
        <line num="89" count="47" type="cond" truecount="2" falsecount="0"/>
        <line num="117" count="9" type="stmt"/>
      </file>
    </package>
    <package name="components.common.effects">
      <metrics statements="214" coveredstatements="156" conditionals="100" coveredconditionals="32" methods="39" coveredmethods="33"/>
      <file name="useCloseOnEsc.ts" path="D:\Projects\2020\react-phalladium\packages\lib\components\common\effects\useCloseOnEsc.ts">
        <metrics statements="17" coveredstatements="15" conditionals="7" coveredconditionals="5" methods="5" coveredmethods="5"/>
        <line num="1" count="4" type="stmt"/>
        <line num="8" count="4" type="stmt"/>
        <line num="9" count="26" type="stmt"/>
        <line num="11" count="26" type="cond" truecount="0" falsecount="1"/>
        <line num="12" count="0" type="stmt"/>
        <line num="15" count="26" type="stmt"/>
        <line num="16" count="26" type="stmt"/>
        <line num="19" count="26" type="stmt"/>
        <line num="20" count="12" type="stmt"/>
        <line num="21" count="1" type="cond" truecount="3" falsecount="0"/>
        <line num="22" count="1" type="stmt"/>
        <line num="26" count="12" type="cond" truecount="0" falsecount="1"/>
        <line num="27" count="0" type="stmt"/>
        <line num="31" count="12" type="stmt"/>
        <line num="34" count="12" type="stmt"/>
        <line num="35" count="12" type="cond" truecount="2" falsecount="0"/>
        <line num="41" count="4" type="stmt"/>
      </file>
      <file name="useFirstRender.ts" path="D:\Projects\2020\react-phalladium\packages\lib\components\common\effects\useFirstRender.ts">
        <metrics statements="7" coveredstatements="7" conditionals="1" coveredconditionals="1" methods="2" coveredmethods="2"/>
        <line num="1" count="18" type="stmt"/>
        <line num="4" count="269" type="stmt"/>
        <line num="6" count="269" type="stmt"/>
        <line num="7" count="157" type="cond" truecount="1" falsecount="0"/>
        <line num="8" count="157" type="stmt"/>
        <line num="12" count="269" type="stmt"/>
        <line num="15" count="18" type="stmt"/>
      </file>
      <file name="useFocus.ts" path="D:\Projects\2020\react-phalladium\packages\lib\components\common\effects\useFocus.ts">
        <metrics statements="64" coveredstatements="58" conditionals="13" coveredconditionals="9" methods="16" coveredmethods="14"/>
        <line num="1" count="26" type="stmt"/>
        <line num="4" count="257" type="stmt"/>
        <line num="6" count="257" type="stmt"/>
        <line num="7" count="1" type="stmt"/>
        <line num="8" count="1" type="stmt"/>
        <line num="9" count="1" type="stmt"/>
        <line num="11" count="1" type="stmt"/>
        <line num="12" count="2" type="cond" truecount="1" falsecount="0"/>
        <line num="13" count="2" type="stmt"/>
        <line num="17" count="1" type="stmt"/>
        <line num="18" count="1" type="cond" truecount="0" falsecount="1"/>
        <line num="19" count="0" type="stmt"/>
        <line num="23" count="1" type="stmt"/>
        <line num="24" count="0" type="stmt"/>
        <line num="25" count="0" type="stmt"/>
        <line num="29" count="257" type="stmt"/>
        <line num="30" count="3" type="stmt"/>
        <line num="31" count="3" type="stmt"/>
        <line num="32" count="3" type="stmt"/>
        <line num="34" count="3" type="stmt"/>
        <line num="35" count="0" type="stmt"/>
        <line num="36" count="0" type="stmt"/>
        <line num="40" count="257" type="stmt"/>
        <line num="41" count="1" type="cond" truecount="2" falsecount="2"/>
        <line num="42" count="1" type="stmt"/>
        <line num="43" count="1" type="stmt"/>
        <line num="45" count="1" type="cond" truecount="1" falsecount="0"/>
        <line num="46" count="1" type="stmt"/>
        <line num="51" count="257" type="stmt"/>
        <line num="53" count="8" type="cond" truecount="1" falsecount="0"/>
        <line num="54" count="8" type="stmt"/>
        <line num="55" count="8" type="stmt"/>
        <line num="56" count="8" type="stmt"/>
        <line num="58" count="8" type="stmt"/>
        <line num="59" count="16" type="cond" truecount="1" falsecount="0"/>
        <line num="60" count="16" type="stmt"/>
        <line num="64" count="8" type="stmt"/>
        <line num="65" count="8" type="cond" truecount="0" falsecount="1"/>
        <line num="66" count="0" type="stmt"/>
        <line num="70" count="8" type="stmt"/>
        <line num="71" count="1" type="stmt"/>
        <line num="72" count="1" type="stmt"/>
        <line num="77" count="257" type="stmt"/>
        <line num="78" count="3" type="cond" truecount="1" falsecount="0"/>
        <line num="79" count="3" type="stmt"/>
        <line num="83" count="257" type="stmt"/>
        <line num="84" count="4" type="stmt"/>
        <line num="85" count="4" type="stmt"/>
        <line num="88" count="257" type="stmt"/>
        <line num="89" count="207" type="stmt"/>
        <line num="90" count="207" type="stmt"/>
        <line num="92" count="207" type="cond" truecount="1" falsecount="0"/>
        <line num="93" count="6" type="stmt"/>
        <line num="96" count="201" type="cond" truecount="1" falsecount="0"/>
        <line num="97" count="201" type="stmt"/>
        <line num="98" count="201" type="stmt"/>
        <line num="99" count="201" type="stmt"/>
        <line num="100" count="201" type="stmt"/>
        <line num="102" count="201" type="stmt"/>
        <line num="103" count="201" type="stmt"/>
        <line num="104" count="201" type="stmt"/>
        <line num="105" count="201" type="stmt"/>
        <line num="106" count="201" type="stmt"/>
        <line num="112" count="26" type="stmt"/>
      </file>
      <file name="useKey.ts" path="D:\Projects\2020\react-phalladium\packages\lib\components\common\effects\useKey.ts">
        <metrics statements="15" coveredstatements="14" conditionals="8" coveredconditionals="5" methods="5" coveredmethods="5"/>
        <line num="1" count="5" type="stmt"/>
        <line num="3" count="5" type="stmt"/>
        <line num="4" count="55" type="stmt"/>
        <line num="5" count="1" type="cond" truecount="3" falsecount="1"/>
        <line num="6" count="0" type="cond" truecount="0" falsecount="2"/>
        <line num="10" count="55" type="stmt"/>
        <line num="12" count="55" type="stmt"/>
        <line num="13" count="53" type="cond" truecount="1" falsecount="0"/>
        <line num="14" count="47" type="stmt"/>
        <line num="15" count="47" type="stmt"/>
        <line num="19" count="55" type="stmt"/>
        <line num="20" count="48" type="stmt"/>
        <line num="21" count="48" type="cond" truecount="1" falsecount="0"/>
        <line num="22" count="42" type="stmt"/>
        <line num="28" count="5" type="stmt"/>
      </file>
      <file name="usePosition.ts" path="D:\Projects\2020\react-phalladium\packages\lib\components\common\effects\usePosition.ts">
        <metrics statements="44" coveredstatements="25" conditionals="43" coveredconditionals="10" methods="4" coveredmethods="3"/>
        <line num="1" count="1" type="stmt"/>
        <line num="29" count="1" type="stmt"/>
        <line num="35" count="4" type="stmt"/>
        <line num="36" count="4" type="stmt"/>
        <line num="38" count="4" type="stmt"/>
        <line num="39" count="2" type="cond" truecount="1" falsecount="2"/>
        <line num="40" count="0" type="stmt"/>
        <line num="43" count="2" type="stmt"/>
        <line num="44" count="2" type="stmt"/>
        <line num="46" count="2" type="stmt"/>
        <line num="48" count="2" type="stmt"/>
        <line num="50" count="2" type="cond" truecount="2" falsecount="0"/>
        <line num="51" count="2" type="cond" truecount="2" falsecount="0"/>
        <line num="53" count="2" type="cond" truecount="2" falsecount="0"/>
        <line num="54" count="2" type="stmt"/>
        <line num="56" count="2" type="stmt"/>
        <line num="60" count="2" type="stmt"/>
        <line num="64" count="2" type="stmt"/>
        <line num="65" count="2" type="stmt"/>
        <line num="67" count="2" type="cond" truecount="2" falsecount="11"/>
        <line num="70" count="2" type="cond" truecount="1" falsecount="1"/>
        <line num="71" count="2" type="stmt"/>
        <line num="75" count="2" type="stmt"/>
        <line num="79" count="0" type="cond" truecount="0" falsecount="2"/>
        <line num="84" count="0" type="cond" truecount="0" falsecount="2"/>
        <line num="85" count="0" type="stmt"/>
        <line num="89" count="0" type="stmt"/>
        <line num="93" count="0" type="cond" truecount="0" falsecount="2"/>
        <line num="98" count="0" type="cond" truecount="0" falsecount="2"/>
        <line num="99" count="0" type="stmt"/>
        <line num="103" count="0" type="stmt"/>
        <line num="107" count="0" type="cond" truecount="0" falsecount="2"/>
        <line num="108" count="0" type="stmt"/>
        <line num="112" count="0" type="stmt"/>
        <line num="116" count="0" type="cond" truecount="0" falsecount="2"/>
        <line num="117" count="0" type="stmt"/>
        <line num="121" count="0" type="stmt"/>
        <line num="125" count="0" type="cond" truecount="0" falsecount="2"/>
        <line num="126" count="0" type="stmt"/>
        <line num="130" count="0" type="stmt"/>
        <line num="133" count="0" type="stmt"/>
        <line num="136" count="2" type="stmt"/>
        <line num="139" count="4" type="stmt"/>
        <line num="142" count="1" type="stmt"/>
      </file>
      <file name="useSwipe.ts" path="D:\Projects\2020\react-phalladium\packages\lib\components\common\effects\useSwipe.ts">
        <metrics statements="67" coveredstatements="37" conditionals="28" coveredconditionals="2" methods="7" coveredmethods="4"/>
        <line num="1" count="2" type="stmt"/>
        <line num="7" count="2" type="stmt"/>
        <line num="23" count="2" type="cond" truecount="0" falsecount="1"/>
        <line num="24" count="1" type="stmt"/>
        <line num="25" count="1" type="stmt"/>
        <line num="26" count="1" type="stmt"/>
        <line num="27" count="1" type="stmt"/>
        <line num="29" count="1" type="stmt"/>
        <line num="31" count="1" type="stmt"/>
        <line num="36" count="1" type="stmt"/>
        <line num="38" count="1" type="stmt"/>
        <line num="39" count="0" type="stmt"/>
        <line num="40" count="0" type="stmt"/>
        <line num="42" count="0" type="stmt"/>
        <line num="45" count="0" type="cond" truecount="0" falsecount="2"/>
        <line num="47" count="0" type="stmt"/>
        <line num="49" count="0" type="cond" truecount="0" falsecount="1"/>
        <line num="50" count="0" type="stmt"/>
        <line num="57" count="1" type="stmt"/>
        <line num="58" count="0" type="stmt"/>
        <line num="60" count="0" type="cond" truecount="0" falsecount="3"/>
        <line num="61" count="0" type="stmt"/>
        <line num="64" count="0" type="stmt"/>
        <line num="65" count="0" type="stmt"/>
        <line num="67" count="0" type="stmt"/>
        <line num="68" count="0" type="stmt"/>
        <line num="70" count="0" type="cond" truecount="0" falsecount="3"/>
        <line num="71" count="0" type="stmt"/>
        <line num="74" count="0" type="cond" truecount="0" falsecount="2"/>
        <line num="75" count="0" type="cond" truecount="0" falsecount="2"/>
        <line num="77" count="0" type="cond" truecount="0" falsecount="1"/>
        <line num="78" count="0" type="stmt"/>
        <line num="85" count="0" type="cond" truecount="0" falsecount="2"/>
        <line num="87" count="0" type="cond" truecount="0" falsecount="1"/>
        <line num="88" count="0" type="stmt"/>
        <line num="96" count="0" type="stmt"/>
        <line num="99" count="1" type="stmt"/>
        <line num="100" count="0" type="stmt"/>
        <line num="101" count="0" type="stmt"/>
        <line num="103" count="0" type="cond" truecount="0" falsecount="2"/>
        <line num="105" count="0" type="cond" truecount="0" falsecount="1"/>
        <line num="106" count="0" type="stmt"/>
        <line num="113" count="1" type="stmt"/>
        <line num="114" count="1" type="cond" truecount="0" falsecount="1"/>
        <line num="115" count="0" type="stmt"/>
        <line num="118" count="1" type="stmt"/>
        <line num="120" count="1" type="cond" truecount="1" falsecount="0"/>
        <line num="121" count="1" type="stmt"/>
        <line num="122" count="1" type="stmt"/>
        <line num="123" count="1" type="stmt"/>
        <line num="124" count="1" type="stmt"/>
        <line num="125" count="1" type="stmt"/>
        <line num="127" count="1" type="stmt"/>
        <line num="130" count="1" type="stmt"/>
        <line num="131" count="1" type="stmt"/>
        <line num="137" count="1" type="stmt"/>
        <line num="138" count="1" type="stmt"/>
        <line num="139" count="1" type="cond" truecount="1" falsecount="0"/>
        <line num="140" count="1" type="stmt"/>
        <line num="141" count="1" type="stmt"/>
        <line num="142" count="1" type="stmt"/>
        <line num="143" count="1" type="stmt"/>
        <line num="145" count="1" type="stmt"/>
        <line num="146" count="1" type="stmt"/>
        <line num="147" count="1" type="stmt"/>
        <line num="152" count="1" type="stmt"/>
        <line num="155" count="2" type="stmt"/>
      </file>
    </package>
    <package name="components.data-grid">
      <metrics statements="32" coveredstatements="27" conditionals="8" coveredconditionals="3" methods="13" coveredmethods="8"/>
      <file name="data-grid-cell.tsx" path="D:\Projects\2020\react-phalladium\packages\lib\components\data-grid\data-grid-cell.tsx">
        <metrics statements="10" coveredstatements="10" conditionals="2" coveredconditionals="1" methods="3" coveredmethods="3"/>
        <line num="1" count="2" type="stmt"/>
        <line num="2" count="2" type="stmt"/>
        <line num="5" count="2" type="stmt"/>
        <line num="7" count="6" type="stmt"/>
        <line num="8" count="6" type="stmt"/>
        <line num="13" count="6" type="stmt"/>
        <line num="14" count="6" type="stmt"/>
        <line num="19" count="6" type="stmt"/>
        <line num="32" count="2" type="stmt"/>
        <line num="34" count="2" type="stmt"/>
      </file>
      <file name="data-grid-header.tsx" path="D:\Projects\2020\react-phalladium\packages\lib\components\data-grid\data-grid-header.tsx">
        <metrics statements="22" coveredstatements="17" conditionals="6" coveredconditionals="2" methods="10" coveredmethods="5"/>
        <line num="1" count="1" type="stmt"/>
        <line num="2" count="1" type="stmt"/>
        <line num="3" count="1" type="stmt"/>
        <line num="4" count="1" type="stmt"/>
        <line num="5" count="1" type="stmt"/>
        <line num="8" count="1" type="stmt"/>
        <line num="16" count="2" type="stmt"/>
        <line num="17" count="4" type="stmt"/>
        <line num="20" count="2" type="stmt"/>
        <line num="21" count="0" type="stmt"/>
        <line num="22" count="0" type="stmt"/>
        <line num="28" count="0" type="cond" truecount="0" falsecount="2"/>
        <line num="31" count="2" type="stmt"/>
        <line num="32" count="2" type="stmt"/>
        <line num="37" count="2" type="stmt"/>
        <line num="38" count="2" type="stmt"/>
        <line num="43" count="2" type="stmt"/>
        <line num="46" count="4" type="stmt"/>
        <line num="60" count="0" type="stmt"/>
        <line num="70" count="0" type="stmt"/>
        <line num="82" count="1" type="stmt"/>
        <line num="84" count="1" type="stmt"/>
      </file>
    </package>
    <package name="components.dialog">
      <metrics statements="22" coveredstatements="20" conditionals="5" coveredconditionals="4" methods="4" coveredmethods="3"/>
      <file name="dialog.tsx" path="D:\Projects\2020\react-phalladium\packages\lib\components\dialog\dialog.tsx">
        <metrics statements="22" coveredstatements="20" conditionals="5" coveredconditionals="4" methods="4" coveredmethods="3"/>
        <line num="1" count="1" type="stmt"/>
        <line num="2" count="1" type="stmt"/>
        <line num="3" count="1" type="stmt"/>
        <line num="4" count="1" type="stmt"/>
        <line num="5" count="1" type="stmt"/>
        <line num="6" count="1" type="stmt"/>
        <line num="7" count="1" type="stmt"/>
        <line num="9" count="1" type="stmt"/>
        <line num="11" count="1" type="stmt"/>
        <line num="20" count="5" type="stmt"/>
        <line num="21" count="5" type="stmt"/>
        <line num="23" count="4" type="stmt"/>
        <line num="29" count="5" type="stmt"/>
        <line num="31" count="5" type="stmt"/>
        <line num="32" count="3" type="stmt"/>
        <line num="39" count="5" type="stmt"/>
        <line num="40" count="0" type="stmt"/>
        <line num="41" count="0" type="stmt"/>
        <line num="44" count="5" type="stmt"/>
        <line num="46" count="5" type="stmt"/>
        <line num="77" count="1" type="stmt"/>
        <line num="81" count="1" type="stmt"/>
      </file>
    </package>
    <package name="components.drawer">
      <metrics statements="32" coveredstatements="32" conditionals="15" coveredconditionals="12" methods="7" coveredmethods="7"/>
      <file name="drawer.tsx" path="D:\Projects\2020\react-phalladium\packages\lib\components\drawer\drawer.tsx">
        <metrics statements="32" coveredstatements="32" conditionals="15" coveredconditionals="12" methods="7" coveredmethods="7"/>
        <line num="1" count="1" type="stmt"/>
        <line num="2" count="1" type="stmt"/>
        <line num="10" count="1" type="stmt"/>
        <line num="11" count="1" type="stmt"/>
        <line num="12" count="1" type="stmt"/>
        <line num="13" count="1" type="stmt"/>
        <line num="14" count="1" type="stmt"/>
        <line num="15" count="1" type="stmt"/>
        <line num="17" count="1" type="stmt"/>
        <line num="19" count="1" type="stmt"/>
        <line num="28" count="12" type="stmt"/>
        <line num="29" count="12" type="stmt"/>
        <line num="31" count="12" type="stmt"/>
        <line num="32" count="5" type="stmt"/>
        <line num="34" count="5" type="cond" truecount="3" falsecount="0"/>
        <line num="35" count="2" type="cond" truecount="1" falsecount="3"/>
        <line num="38" count="5" type="stmt"/>
        <line num="45" count="12" type="stmt"/>
        <line num="47" count="11" type="stmt"/>
        <line num="54" count="12" type="stmt"/>
        <line num="55" count="5" type="stmt"/>
        <line num="58" count="12" type="stmt"/>
        <line num="60" count="12" type="stmt"/>
        <line num="62" count="12" type="cond" truecount="1" falsecount="0"/>
        <line num="63" count="12" type="stmt"/>
        <line num="66" count="12" type="stmt"/>
        <line num="67" count="10" type="cond" truecount="1" falsecount="0"/>
        <line num="68" count="5" type="stmt"/>
        <line num="70" count="5" type="stmt"/>
        <line num="74" count="12" type="stmt"/>
        <line num="93" count="1" type="stmt"/>
        <line num="97" count="1" type="stmt"/>
      </file>
    </package>
    <package name="components.dropdown">
      <metrics statements="83" coveredstatements="77" conditionals="47" coveredconditionals="38" methods="28" coveredmethods="24"/>
      <file name="dropdown-menu.tsx" path="D:\Projects\2020\react-phalladium\packages\lib\components\dropdown\dropdown-menu.tsx">
        <metrics statements="15" coveredstatements="15" conditionals="9" coveredconditionals="8" methods="4" coveredmethods="4"/>
        <line num="1" count="2" type="stmt"/>
        <line num="2" count="2" type="stmt"/>
        <line num="3" count="2" type="stmt"/>
        <line num="4" count="2" type="stmt"/>
        <line num="7" count="2" type="stmt"/>
        <line num="21" count="6" type="stmt"/>
        <line num="22" count="4" type="stmt"/>
        <line num="28" count="6" type="stmt"/>
        <line num="30" count="5" type="stmt"/>
        <line num="40" count="6" type="stmt"/>
        <line num="41" count="5" type="cond" truecount="1" falsecount="0"/>
        <line num="42" count="1" type="stmt"/>
        <line num="46" count="6" type="stmt"/>
        <line num="63" count="2" type="stmt"/>
        <line num="65" count="2" type="stmt"/>
      </file>
      <file name="dropdown.tsx" path="D:\Projects\2020\react-phalladium\packages\lib\components\dropdown\dropdown.tsx">
        <metrics statements="68" coveredstatements="62" conditionals="38" coveredconditionals="30" methods="24" coveredmethods="20"/>
        <line num="1" count="1" type="stmt"/>
        <line num="2" count="1" type="stmt"/>
        <line num="3" count="1" type="stmt"/>
        <line num="10" count="1" type="stmt"/>
        <line num="11" count="1" type="stmt"/>
        <line num="12" count="1" type="stmt"/>
        <line num="13" count="1" type="stmt"/>
        <line num="14" count="1" type="stmt"/>
        <line num="16" count="1" type="stmt"/>
        <line num="18" count="1" type="stmt"/>
        <line num="22" count="1" type="stmt"/>
        <line num="37" count="12" type="stmt"/>
        <line num="38" count="60" type="stmt"/>
        <line num="46" count="12" type="stmt"/>
        <line num="49" count="60" type="stmt"/>
        <line num="50" count="4" type="stmt"/>
        <line num="56" count="12" type="stmt"/>
        <line num="59" count="12" type="stmt"/>
        <line num="62" count="12" type="stmt"/>
        <line num="63" count="12" type="stmt"/>
        <line num="66" count="12" type="stmt"/>
        <line num="67" count="1" type="stmt"/>
        <line num="69" count="1" type="cond" truecount="1" falsecount="1"/>
        <line num="70" count="0" type="stmt"/>
        <line num="71" count="0" type="stmt"/>
        <line num="72" count="0" type="stmt"/>
        <line num="73" count="0" type="stmt"/>
        <line num="74" count="0" type="stmt"/>
        <line num="80" count="1" type="stmt"/>
        <line num="81" count="1" type="cond" truecount="1" falsecount="1"/>
        <line num="82" count="1" type="stmt"/>
        <line num="83" count="1" type="stmt"/>
        <line num="84" count="5" type="stmt"/>
        <line num="89" count="1" type="stmt"/>
        <line num="92" count="1" type="cond" truecount="1" falsecount="0"/>
        <line num="93" count="1" type="stmt"/>
        <line num="98" count="12" type="stmt"/>
        <line num="99" count="3" type="stmt"/>
        <line num="104" count="12" type="stmt"/>
        <line num="105" count="2" type="stmt"/>
        <line num="106" count="2" type="stmt"/>
        <line num="110" count="12" type="stmt"/>
        <line num="113" count="12" type="stmt"/>
        <line num="114" count="9" type="cond" truecount="1" falsecount="0"/>
        <line num="115" count="5" type="stmt"/>
        <line num="116" count="5" type="stmt"/>
        <line num="121" count="4" type="stmt"/>
        <line num="126" count="12" type="cond" truecount="0" falsecount="1"/>
        <line num="127" count="0" type="stmt"/>
        <line num="131" count="12" type="stmt"/>
        <line num="132" count="5" type="cond" truecount="5" falsecount="0"/>
        <line num="133" count="1" type="stmt"/>
        <line num="135" count="2" type="stmt"/>
        <line num="136" count="2" type="stmt"/>
        <line num="140" count="4" type="cond" truecount="2" falsecount="0"/>
        <line num="145" count="12" type="stmt"/>
        <line num="147" count="4" type="stmt"/>
        <line num="153" count="12" type="stmt"/>
        <line num="155" count="4" type="stmt"/>
        <line num="163" count="12" type="stmt"/>
        <line num="165" count="11" type="stmt"/>
        <line num="172" count="12" type="stmt"/>
        <line num="173" count="4" type="stmt"/>
        <line num="178" count="12" type="stmt"/>
        <line num="179" count="4" type="stmt"/>
        <line num="184" count="12" type="stmt"/>
        <line num="245" count="1" type="stmt"/>
        <line num="247" count="1" type="stmt"/>
      </file>
    </package>
    <package name="components.global-notification">
      <metrics statements="22" coveredstatements="20" conditionals="10" coveredconditionals="10" methods="10" coveredmethods="8"/>
      <file name="global-notification.tsx" path="D:\Projects\2020\react-phalladium\packages\lib\components\global-notification\global-notification.tsx">
        <metrics statements="22" coveredstatements="20" conditionals="10" coveredconditionals="10" methods="10" coveredmethods="8"/>
        <line num="1" count="1" type="stmt"/>
        <line num="2" count="1" type="stmt"/>
        <line num="9" count="1" type="stmt"/>
        <line num="10" count="1" type="stmt"/>
        <line num="24" count="1" type="stmt"/>
        <line num="33" count="14" type="stmt"/>
        <line num="35" count="14" type="stmt"/>
        <line num="36" count="6" type="stmt"/>
        <line num="39" count="14" type="stmt"/>
        <line num="40" count="13" type="cond" truecount="1" falsecount="0"/>
        <line num="41" count="6" type="stmt"/>
        <line num="42" count="0" type="stmt"/>
        <line num="43" count="0" type="stmt"/>
        <line num="48" count="14" type="stmt"/>
        <line num="50" count="13" type="stmt"/>
        <line num="59" count="14" type="stmt"/>
        <line num="61" count="6" type="stmt"/>
        <line num="67" count="14" type="stmt"/>
        <line num="68" count="5" type="stmt"/>
        <line num="69" count="5" type="stmt"/>
        <line num="72" count="14" type="stmt"/>
        <line num="86" count="1" type="stmt"/>
      </file>
    </package>
    <package name="components.image">
      <metrics statements="68" coveredstatements="48" conditionals="36" coveredconditionals="23" methods="17" coveredmethods="9"/>
      <file name="image-overlay.tsx" path="D:\Projects\2020\react-phalladium\packages\lib\components\image\image-overlay.tsx">
        <metrics statements="16" coveredstatements="9" conditionals="2" coveredconditionals="0" methods="4" coveredmethods="0"/>
        <line num="1" count="1" type="stmt"/>
        <line num="2" count="1" type="stmt"/>
        <line num="3" count="1" type="stmt"/>
        <line num="4" count="1" type="stmt"/>
        <line num="6" count="1" type="stmt"/>
        <line num="8" count="1" type="stmt"/>
        <line num="14" count="0" type="stmt"/>
        <line num="19" count="0" type="stmt"/>
        <line num="21" count="0" type="stmt"/>
        <line num="22" count="0" type="stmt"/>
        <line num="28" count="0" type="stmt"/>
        <line num="29" count="0" type="stmt"/>
        <line num="32" count="0" type="stmt"/>
        <line num="44" count="1" type="stmt"/>
        <line num="48" count="1" type="stmt"/>
        <line num="49" count="1" type="stmt"/>
      </file>
      <file name="image.tsx" path="D:\Projects\2020\react-phalladium\packages\lib\components\image\image.tsx">
        <metrics statements="52" coveredstatements="39" conditionals="34" coveredconditionals="23" methods="13" coveredmethods="9"/>
        <line num="1" count="1" type="stmt"/>
        <line num="2" count="1" type="stmt"/>
        <line num="9" count="1" type="stmt"/>
        <line num="11" count="1" type="stmt"/>
        <line num="12" count="1" type="stmt"/>
        <line num="14" count="1" type="stmt"/>
        <line num="27" count="1" type="stmt"/>
        <line num="29" count="1" type="stmt"/>
        <line num="34" count="1" type="stmt"/>
        <line num="42" count="1" type="stmt"/>
        <line num="43" count="1" type="stmt"/>
        <line num="45" count="1" type="stmt"/>
        <line num="47" count="1" type="stmt"/>
        <line num="49" count="0" type="stmt"/>
        <line num="50" count="0" type="stmt"/>
        <line num="52" count="0" type="stmt"/>
        <line num="57" count="0" type="stmt"/>
        <line num="58" count="0" type="stmt"/>
        <line num="59" count="0" type="stmt"/>
        <line num="65" count="1" type="stmt"/>
        <line num="66" count="1" type="stmt"/>
        <line num="72" count="1" type="stmt"/>
        <line num="73" count="1" type="stmt"/>
        <line num="79" count="1" type="stmt"/>
        <line num="81" count="1" type="stmt"/>
        <line num="88" count="1" type="stmt"/>
        <line num="89" count="1" type="stmt"/>
        <line num="90" count="1" type="cond" truecount="1" falsecount="1"/>
        <line num="98" count="1" type="stmt"/>
        <line num="99" count="0" type="stmt"/>
        <line num="102" count="1" type="stmt"/>
        <line num="103" count="0" type="stmt"/>
        <line num="106" count="1" type="stmt"/>
        <line num="108" count="1" type="cond" truecount="1" falsecount="1"/>
        <line num="114" count="1" type="stmt"/>
        <line num="115" count="2" type="cond" truecount="1" falsecount="0"/>
        <line num="116" count="1" type="stmt"/>
        <line num="120" count="1" type="stmt"/>
        <line num="121" count="2" type="cond" truecount="1" falsecount="0"/>
        <line num="122" count="1" type="stmt"/>
        <line num="126" count="1" type="stmt"/>
        <line num="127" count="1" type="stmt"/>
        <line num="128" count="1" type="stmt"/>
        <line num="130" count="1" type="cond" truecount="2" falsecount="1"/>
        <line num="131" count="0" type="stmt"/>
        <line num="134" count="1" type="cond" truecount="1" falsecount="2"/>
        <line num="135" count="0" type="stmt"/>
        <line num="136" count="0" type="stmt"/>
        <line num="137" count="0" type="stmt"/>
        <line num="138" count="0" type="stmt"/>
        <line num="145" count="1" type="stmt"/>
        <line num="176" count="1" type="stmt"/>
      </file>
    </package>
    <package name="components.input">
      <metrics statements="51" coveredstatements="45" conditionals="31" coveredconditionals="29" methods="13" coveredmethods="9"/>
      <file name="input.tsx" path="D:\Projects\2020\react-phalladium\packages\lib\components\input\input.tsx">
        <metrics statements="51" coveredstatements="45" conditionals="31" coveredconditionals="29" methods="13" coveredmethods="9"/>
        <line num="1" count="8" type="stmt"/>
        <line num="2" count="8" type="stmt"/>
        <line num="3" count="8" type="stmt"/>
        <line num="11" count="8" type="stmt"/>
        <line num="12" count="8" type="stmt"/>
        <line num="14" count="8" type="stmt"/>
        <line num="16" count="8" type="stmt"/>
        <line num="36" count="44" type="stmt"/>
        <line num="37" count="44" type="stmt"/>
        <line num="38" count="44" type="stmt"/>
        <line num="39" count="44" type="stmt"/>
        <line num="40" count="44" type="stmt"/>
        <line num="42" count="44" type="cond" truecount="2" falsecount="0"/>
        <line num="43" count="44" type="stmt"/>
        <line num="45" count="44" type="stmt"/>
        <line num="46" count="0" type="stmt"/>
        <line num="48" count="0" type="cond" truecount="0" falsecount="1"/>
        <line num="49" count="0" type="stmt"/>
        <line num="55" count="44" type="stmt"/>
        <line num="56" count="1" type="stmt"/>
        <line num="57" count="1" type="stmt"/>
        <line num="59" count="1" type="cond" truecount="1" falsecount="0"/>
        <line num="60" count="1" type="stmt"/>
        <line num="62" count="1" type="stmt"/>
        <line num="65" count="44" type="stmt"/>
        <line num="67" count="8" type="cond" truecount="1" falsecount="0"/>
        <line num="68" count="8" type="stmt"/>
        <line num="69" count="8" type="stmt"/>
        <line num="70" count="8" type="stmt"/>
        <line num="76" count="44" type="stmt"/>
        <line num="78" count="1" type="stmt"/>
        <line num="79" count="1" type="stmt"/>
        <line num="84" count="44" type="stmt"/>
        <line num="85" count="25" type="cond" truecount="2" falsecount="0"/>
        <line num="89" count="44" type="stmt"/>
        <line num="91" count="14" type="stmt"/>
        <line num="102" count="44" type="stmt"/>
        <line num="103" count="25" type="cond" truecount="3" falsecount="0"/>
        <line num="104" count="21" type="stmt"/>
        <line num="108" count="44" type="cond" truecount="2" falsecount="0"/>
        <line num="112" count="44" type="stmt"/>
        <line num="114" count="14" type="cond" truecount="2" falsecount="0"/>
        <line num="123" count="44" type="stmt"/>
        <line num="124" count="14" type="cond" truecount="1" falsecount="1"/>
        <line num="125" count="0" type="stmt"/>
        <line num="126" count="0" type="stmt"/>
        <line num="127" count="0" type="stmt"/>
        <line num="130" count="14" type="stmt"/>
        <line num="134" count="44" type="stmt"/>
        <line num="162" count="8" type="stmt"/>
        <line num="164" count="8" type="stmt"/>
      </file>
    </package>
    <package name="components.link">
      <metrics statements="5" coveredstatements="5" conditionals="0" coveredconditionals="0" methods="1" coveredmethods="1"/>
      <file name="link.tsx" path="D:\Projects\2020\react-phalladium\packages\lib\components\link\link.tsx">
        <metrics statements="5" coveredstatements="5" conditionals="0" coveredconditionals="0" methods="1" coveredmethods="1"/>
        <line num="1" count="1" type="stmt"/>
        <line num="2" count="1" type="stmt"/>
        <line num="8" count="1" type="stmt"/>
        <line num="13" count="9" type="stmt"/>
        <line num="20" count="1" type="stmt"/>
      </file>
    </package>
    <package name="components.list">
      <metrics statements="113" coveredstatements="93" conditionals="71" coveredconditionals="50" methods="37" coveredmethods="29"/>
      <file name="list-item-option.tsx" path="D:\Projects\2020\react-phalladium\packages\lib\components\list\list-item-option.tsx">
        <metrics statements="12" coveredstatements="12" conditionals="2" coveredconditionals="2" methods="3" coveredmethods="3"/>
        <line num="1" count="7" type="stmt"/>
        <line num="2" count="7" type="stmt"/>
        <line num="3" count="7" type="stmt"/>
        <line num="6" count="7" type="stmt"/>
        <line num="16" count="105" type="stmt"/>
        <line num="18" count="105" type="stmt"/>
        <line num="23" count="105" type="stmt"/>
        <line num="24" count="96" type="stmt"/>
        <line num="30" count="105" type="stmt"/>
        <line num="47" count="9" type="stmt"/>
        <line num="51" count="7" type="stmt"/>
        <line num="53" count="7" type="stmt"/>
      </file>
      <file name="list-item.tsx" path="D:\Projects\2020\react-phalladium\packages\lib\components\list\list-item.tsx">
        <metrics statements="23" coveredstatements="23" conditionals="9" coveredconditionals="8" methods="6" coveredmethods="6"/>
        <line num="1" count="7" type="stmt"/>
        <line num="2" count="7" type="stmt"/>
        <line num="3" count="7" type="stmt"/>
        <line num="4" count="7" type="stmt"/>
        <line num="5" count="7" type="stmt"/>
        <line num="8" count="7" type="stmt"/>
        <line num="24" count="105" type="stmt"/>
        <line num="25" count="9" type="cond" truecount="2" falsecount="0"/>
        <line num="28" count="105" type="stmt"/>
        <line num="30" count="105" type="stmt"/>
        <line num="32" count="105" type="stmt"/>
        <line num="34" count="105" type="stmt"/>
        <line num="47" count="105" type="stmt"/>
        <line num="48" count="9" type="stmt"/>
        <line num="49" count="9" type="stmt"/>
        <line num="52" count="105" type="stmt"/>
        <line num="53" count="96" type="cond" truecount="1" falsecount="0"/>
        <line num="54" count="7" type="stmt"/>
        <line num="57" count="89" type="stmt"/>
        <line num="63" count="105" type="stmt"/>
        <line num="88" count="84" type="stmt"/>
        <line num="96" count="7" type="stmt"/>
        <line num="98" count="7" type="stmt"/>
      </file>
      <file name="list.tsx" path="D:\Projects\2020\react-phalladium\packages\lib\components\list\list.tsx">
        <metrics statements="78" coveredstatements="58" conditionals="60" coveredconditionals="40" methods="28" coveredmethods="20"/>
        <line num="1" count="7" type="stmt"/>
        <line num="2" count="7" type="stmt"/>
        <line num="3" count="7" type="stmt"/>
        <line num="11" count="7" type="stmt"/>
        <line num="12" count="7" type="stmt"/>
        <line num="13" count="7" type="stmt"/>
        <line num="14" count="7" type="stmt"/>
        <line num="16" count="7" type="stmt"/>
        <line num="17" count="7" type="stmt"/>
        <line num="19" count="7" type="stmt"/>
        <line num="21" count="7" type="stmt"/>
        <line num="27" count="61" type="stmt"/>
        <line num="28" count="194" type="cond" truecount="2" falsecount="0"/>
        <line num="29" count="206" type="cond" truecount="2" falsecount="0"/>
        <line num="30" count="206" type="stmt"/>
        <line num="40" count="7" type="stmt"/>
        <line num="62" count="56" type="stmt"/>
        <line num="66" count="56" type="stmt"/>
        <line num="67" count="56" type="stmt"/>
        <line num="68" count="56" type="stmt"/>
        <line num="69" count="56" type="stmt"/>
        <line num="71" count="56" type="stmt"/>
        <line num="73" count="31" type="stmt"/>
        <line num="80" count="56" type="stmt"/>
        <line num="81" count="40" type="stmt"/>
        <line num="83" count="130" type="stmt"/>
        <line num="88" count="40" type="stmt"/>
        <line num="91" count="56" type="stmt"/>
        <line num="92" count="0" type="stmt"/>
        <line num="94" count="0" type="cond" truecount="0" falsecount="1"/>
        <line num="95" count="0" type="stmt"/>
        <line num="98" count="0" type="stmt"/>
        <line num="99" count="0" type="stmt"/>
        <line num="101" count="0" type="cond" truecount="0" falsecount="2"/>
        <line num="102" count="0" type="stmt"/>
        <line num="103" count="0" type="stmt"/>
        <line num="107" count="0" type="cond" truecount="0" falsecount="4"/>
        <line num="109" count="0" type="stmt"/>
        <line num="110" count="0" type="stmt"/>
        <line num="115" count="0" type="cond" truecount="0" falsecount="2"/>
        <line num="119" count="0" type="stmt"/>
        <line num="124" count="0" type="stmt"/>
        <line num="127" count="56" type="stmt"/>
        <line num="128" count="9" type="cond" truecount="2" falsecount="0"/>
        <line num="129" count="5" type="stmt"/>
        <line num="130" count="21" type="stmt"/>
        <line num="134" count="21" type="stmt"/>
        <line num="135" count="5" type="stmt"/>
        <line num="138" count="4" type="stmt"/>
        <line num="139" count="13" type="stmt"/>
        <line num="143" count="13" type="stmt"/>
        <line num="144" count="4" type="stmt"/>
        <line num="148" count="9" type="stmt"/>
        <line num="151" count="56" type="stmt"/>
        <line num="152" count="40" type="cond" truecount="3" falsecount="0"/>
        <line num="153" count="9" type="stmt"/>
        <line num="157" count="56" type="stmt"/>
        <line num="158" count="36" type="cond" truecount="1" falsecount="0"/>
        <line num="159" count="5" type="stmt"/>
        <line num="163" count="56" type="stmt"/>
        <line num="165" count="56" type="stmt"/>
        <line num="166" count="0" type="cond" truecount="0" falsecount="1"/>
        <line num="167" count="0" type="stmt"/>
        <line num="168" count="0" type="stmt"/>
        <line num="169" count="0" type="stmt"/>
        <line num="171" count="0" type="stmt"/>
        <line num="175" count="56" type="stmt"/>
        <line num="177" count="56" type="stmt"/>
        <line num="178" count="62" type="cond" truecount="1" falsecount="0"/>
        <line num="179" count="31" type="stmt"/>
        <line num="181" count="31" type="cond" truecount="0" falsecount="1"/>
        <line num="182" count="0" type="stmt"/>
        <line num="187" count="56" type="stmt"/>
        <line num="224" count="188" type="stmt"/>
        <line num="227" count="188" type="cond" truecount="1" falsecount="2"/>
        <line num="229" count="188" type="cond" truecount="1" falsecount="1"/>
        <line num="258" count="7" type="stmt"/>
        <line num="260" count="7" type="stmt"/>
      </file>
    </package>
    <package name="components.menu">
      <metrics statements="62" coveredstatements="59" conditionals="22" coveredconditionals="19" methods="18" coveredmethods="14"/>
      <file name="menu-item.tsx" path="D:\Projects\2020\react-phalladium\packages\lib\components\menu\menu-item.tsx">
        <metrics statements="10" coveredstatements="10" conditionals="5" coveredconditionals="5" methods="2" coveredmethods="2"/>
        <line num="1" count="2" type="stmt"/>
        <line num="2" count="2" type="stmt"/>
        <line num="3" count="2" type="stmt"/>
        <line num="12" count="2" type="stmt"/>
        <line num="18" count="11" type="stmt"/>
        <line num="25" count="3" type="stmt"/>
        <line num="26" count="3" type="stmt"/>
        <line num="27" count="3" type="cond" truecount="3" falsecount="0"/>
        <line num="28" count="2" type="stmt"/>
        <line num="38" count="2" type="stmt"/>
      </file>
      <file name="menu.tsx" path="D:\Projects\2020\react-phalladium\packages\lib\components\menu\menu.tsx">
        <metrics statements="52" coveredstatements="49" conditionals="17" coveredconditionals="14" methods="16" coveredmethods="12"/>
        <line num="1" count="2" type="stmt"/>
        <line num="2" count="2" type="stmt"/>
        <line num="3" count="2" type="stmt"/>
        <line num="10" count="2" type="stmt"/>
        <line num="11" count="2" type="stmt"/>
        <line num="12" count="2" type="stmt"/>
        <line num="14" count="2" type="stmt"/>
        <line num="15" count="2" type="stmt"/>
        <line num="17" count="2" type="stmt"/>
        <line num="24" count="2" type="stmt"/>
        <line num="28" count="4" type="stmt"/>
        <line num="30" count="4" type="stmt"/>
        <line num="33" count="11" type="stmt"/>
        <line num="44" count="2" type="stmt"/>
        <line num="49" count="2" type="stmt"/>
        <line num="60" count="13" type="stmt"/>
        <line num="61" count="35" type="stmt"/>
        <line num="66" count="13" type="stmt"/>
        <line num="67" count="13" type="stmt"/>
        <line num="68" count="13" type="stmt"/>
        <line num="70" count="13" type="stmt"/>
        <line num="73" count="13" type="stmt"/>
        <line num="74" count="5" type="stmt"/>
        <line num="75" count="5" type="cond" truecount="1" falsecount="0"/>
        <line num="76" count="1" type="stmt"/>
        <line num="78" count="5" type="stmt"/>
        <line num="82" count="13" type="cond" truecount="1" falsecount="0"/>
        <line num="83" count="9" type="stmt"/>
        <line num="84" count="0" type="stmt"/>
        <line num="88" count="13" type="stmt"/>
        <line num="90" count="13" type="stmt"/>
        <line num="91" count="13" type="cond" truecount="0" falsecount="1"/>
        <line num="92" count="0" type="stmt"/>
        <line num="95" count="13" type="cond" truecount="3" falsecount="0"/>
        <line num="96" count="4" type="stmt"/>
        <line num="97" count="4" type="cond" truecount="1" falsecount="1"/>
        <line num="101" count="13" type="stmt"/>
        <line num="102" count="2" type="cond" truecount="1" falsecount="0"/>
        <line num="103" count="2" type="stmt"/>
        <line num="105" count="2" type="stmt"/>
        <line num="106" count="2" type="stmt"/>
        <line num="109" count="13" type="stmt"/>
        <line num="110" count="12" type="cond" truecount="1" falsecount="0"/>
        <line num="111" count="6" type="stmt"/>
        <line num="115" count="13" type="stmt"/>
        <line num="116" count="0" type="stmt"/>
        <line num="119" count="13" type="stmt"/>
        <line num="121" count="13" type="stmt"/>
        <line num="127" count="13" type="stmt"/>
        <line num="129" count="6" type="cond" truecount="2" falsecount="0"/>
        <line num="137" count="13" type="stmt"/>
        <line num="163" count="2" type="stmt"/>
      </file>
    </package>
    <package name="components.menu-button">
      <metrics statements="20" coveredstatements="20" conditionals="7" coveredconditionals="4" methods="6" coveredmethods="6"/>
      <file name="menu-button.tsx" path="D:\Projects\2020\react-phalladium\packages\lib\components\menu-button\menu-button.tsx">
        <metrics statements="20" coveredstatements="20" conditionals="7" coveredconditionals="4" methods="6" coveredmethods="6"/>
        <line num="1" count="1" type="stmt"/>
        <line num="2" count="1" type="stmt"/>
        <line num="3" count="1" type="stmt"/>
        <line num="4" count="1" type="stmt"/>
        <line num="5" count="1" type="stmt"/>
        <line num="6" count="1" type="stmt"/>
        <line num="9" count="1" type="stmt"/>
        <line num="11" count="1" type="stmt"/>
        <line num="20" count="2" type="stmt"/>
        <line num="21" count="4" type="stmt"/>
        <line num="24" count="2" type="stmt"/>
        <line num="25" count="1" type="stmt"/>
        <line num="28" count="2" type="stmt"/>
        <line num="30" count="2" type="stmt"/>
        <line num="37" count="2" type="stmt"/>
        <line num="38" count="2" type="cond" truecount="1" falsecount="1"/>
        <line num="41" count="2" type="stmt"/>
        <line num="42" count="2" type="stmt"/>
        <line num="48" count="2" type="stmt"/>
        <line num="65" count="1" type="stmt"/>
      </file>
    </package>
    <package name="components.notification">
      <metrics statements="31" coveredstatements="28" conditionals="28" coveredconditionals="14" methods="7" coveredmethods="5"/>
      <file name="notification.tsx" path="D:\Projects\2020\react-phalladium\packages\lib\components\notification\notification.tsx">
        <metrics statements="31" coveredstatements="28" conditionals="28" coveredconditionals="14" methods="7" coveredmethods="5"/>
        <line num="1" count="1" type="stmt"/>
        <line num="2" count="1" type="stmt"/>
        <line num="3" count="1" type="stmt"/>
        <line num="4" count="1" type="stmt"/>
        <line num="5" count="1" type="stmt"/>
[...]
        <line num="47" count="4" type="stmt"/>
        <line num="48" count="0" type="cond" truecount="0" falsecount="2"/>
        <line num="53" count="4" type="stmt"/>
        <line num="55" count="2" type="stmt"/>
        <line num="67" count="4" type="stmt"/>
        <line num="69" count="2" type="stmt"/>
        <line num="78" count="4" type="stmt"/>
        <line num="79" count="4" type="cond" truecount="2" falsecount="0"/>
        <line num="80" count="2" type="stmt"/>
        <line num="86" count="2" type="stmt"/>
        <line num="93" count="4" type="stmt"/>
        <line num="94" count="4" type="cond" truecount="1" falsecount="0"/>
        <line num="95" count="2" type="stmt"/>
        <line num="99" count="4" type="stmt"/>
        <line num="100" count="4" type="cond" truecount="1" falsecount="0"/>
        <line num="101" count="2" type="stmt"/>
        <line num="105" count="4" type="stmt"/>
        <line num="107" count="2" type="stmt"/>
        <line num="114" count="4" type="stmt"/>
        <line num="139" count="1" type="stmt"/>
      </file>
    </package>
    <package name="components.transfer">
      <metrics statements="62" coveredstatements="47" conditionals="12" coveredconditionals="8" methods="31" coveredmethods="18"/>
      <file name="transfer-control-column.tsx" path="D:\Projects\2020\react-phalladium\packages\lib\components\transfer\transfer-control-column.tsx">
        <metrics statements="9" coveredstatements="7" conditionals="0" coveredconditionals="0" methods="3" coveredmethods="1"/>
        <line num="1" count="1" type="stmt"/>
        <line num="2" count="1" type="stmt"/>
        <line num="3" count="1" type="stmt"/>
        <line num="11" count="1" type="stmt"/>
        <line num="16" count="8" type="stmt"/>
        <line num="21" count="0" type="stmt"/>
        <line num="29" count="0" type="stmt"/>
        <line num="39" count="1" type="stmt"/>
        <line num="41" count="1" type="stmt"/>
      </file>
      <file name="transfer-list.tsx" path="D:\Projects\2020\react-phalladium\packages\lib\components\transfer\transfer-list.tsx">
        <metrics statements="8" coveredstatements="8" conditionals="0" coveredconditionals="0" methods="3" coveredmethods="3"/>
        <line num="1" count="1" type="stmt"/>
        <line num="2" count="1" type="stmt"/>
        <line num="5" count="1" type="stmt"/>
        <line num="14" count="12" type="stmt"/>
        <line num="17" count="48" type="stmt"/>
        <line num="18" count="48" type="stmt"/>
        <line num="36" count="1" type="stmt"/>
        <line num="38" count="1" type="stmt"/>
      </file>
      <file name="transfer.tsx" path="D:\Projects\2020\react-phalladium\packages\lib\components\transfer\transfer.tsx">
        <metrics statements="45" coveredstatements="32" conditionals="12" coveredconditionals="8" methods="25" coveredmethods="14"/>
        <line num="1" count="1" type="stmt"/>
        <line num="2" count="1" type="stmt"/>
        <line num="3" count="1" type="stmt"/>
        <line num="5" count="1" type="stmt"/>
        <line num="6" count="1" type="stmt"/>
        <line num="8" count="1" type="stmt"/>
        <line num="10" count="1" type="stmt"/>
        <line num="11" count="64" type="stmt"/>
        <line num="18" count="1" type="stmt"/>
        <line num="26" count="8" type="stmt"/>
        <line num="29" count="8" type="stmt"/>
        <line num="33" count="8" type="stmt"/>
        <line num="37" count="8" type="stmt"/>
        <line num="39" count="8" type="stmt"/>
        <line num="43" count="8" type="stmt"/>
        <line num="45" count="0" type="cond" truecount="0" falsecount="2"/>
        <line num="46" count="0" type="stmt"/>
        <line num="47" count="0" type="stmt"/>
        <line num="48" count="0" type="stmt"/>
        <line num="49" count="0" type="stmt"/>
        <line num="51" count="0" type="stmt"/>
        <line num="52" count="0" type="stmt"/>
        <line num="54" count="0" type="stmt"/>
        <line num="55" count="0" type="stmt"/>
        <line num="56" count="0" type="stmt"/>
        <line num="57" count="0" type="stmt"/>
        <line num="59" count="0" type="stmt"/>
        <line num="60" count="0" type="stmt"/>
        <line num="66" count="8" type="stmt"/>
        <line num="67" count="2" type="stmt"/>
        <line num="68" count="3" type="stmt"/>
        <line num="69" count="2" type="stmt"/>
        <line num="70" count="8" type="stmt"/>
        <line num="77" count="8" type="stmt"/>
        <line num="78" count="2" type="stmt"/>
        <line num="79" count="3" type="stmt"/>
        <line num="80" count="2" type="stmt"/>
        <line num="81" count="8" type="stmt"/>
        <line num="88" count="8" type="stmt"/>
        <line num="89" count="4" type="cond" truecount="3" falsecount="0"/>
        <line num="90" count="4" type="stmt"/>
        <line num="91" count="16" type="stmt"/>
        <line num="92" count="16" type="stmt"/>
        <line num="97" count="8" type="stmt"/>
        <line num="131" count="1" type="stmt"/>
      </file>
    </package>
    <package name="components.tree">
      <metrics statements="83" coveredstatements="71" conditionals="53" coveredconditionals="33" methods="29" coveredmethods="24"/>
      <file name="tree-item.tsx" path="D:\Projects\2020\react-phalladium\packages\lib\components\tree\tree-item.tsx">
        <metrics statements="60" coveredstatements="48" conditionals="46" coveredconditionals="27" methods="21" coveredmethods="16"/>
        <line num="1" count="1" type="stmt"/>
        <line num="2" count="1" type="stmt"/>
        <line num="11" count="1" type="stmt"/>
        <line num="12" count="1" type="stmt"/>
        <line num="13" count="1" type="stmt"/>
        <line num="16" count="1" type="stmt"/>
        <line num="17" count="1" type="stmt"/>
        <line num="20" count="1" type="stmt"/>
        <line num="35" count="9" type="stmt"/>
        <line num="36" count="9" type="stmt"/>
        <line num="40" count="9" type="stmt"/>
        <line num="42" count="9" type="stmt"/>
        <line num="44" count="9" type="stmt"/>
        <line num="46" count="8" type="stmt"/>
        <line num="54" count="9" type="stmt"/>
        <line num="56" count="8" type="stmt"/>
        <line num="64" count="9" type="stmt"/>
        <line num="65" count="8" type="cond" truecount="3" falsecount="0"/>
        <line num="69" count="9" type="stmt"/>
        <line num="71" count="8" type="stmt"/>
        <line num="78" count="9" type="stmt"/>
        <line num="79" count="7" type="cond" truecount="1" falsecount="0"/>
        <line num="80" count="7" type="stmt"/>
        <line num="84" count="9" type="stmt"/>
        <line num="85" count="7" type="cond" truecount="1" falsecount="2"/>
        <line num="86" count="0" type="stmt"/>
        <line num="90" count="9" type="stmt"/>
        <line num="92" count="7" type="stmt"/>
        <line num="99" count="9" type="stmt"/>
        <line num="100" count="8" type="cond" truecount="3" falsecount="0"/>
        <line num="101" count="7" type="stmt"/>
        <line num="104" count="1" type="cond" truecount="1" falsecount="2"/>
        <line num="105" count="0" type="stmt"/>
        <line num="109" count="9" type="stmt"/>
        <line num="111" count="0" type="cond" truecount="0" falsecount="1"/>
        <line num="112" count="0" type="stmt"/>
        <line num="115" count="0" type="cond" truecount="0" falsecount="2"/>
        <line num="116" count="0" type="stmt"/>
        <line num="118" count="0" type="stmt"/>
        <line num="124" count="9" type="stmt"/>
        <line num="125" count="0" type="stmt"/>
        <line num="128" count="9" type="stmt"/>
        <line num="129" count="8" type="cond" truecount="1" falsecount="0"/>
        <line num="130" count="7" type="stmt"/>
        <line num="132" count="1" type="cond" truecount="1" falsecount="1"/>
        <line num="134" count="1" type="cond" truecount="1" falsecount="1"/>
        <line num="135" count="1" type="stmt"/>
        <line num="137" count="0" type="stmt"/>
        <line num="138" count="0" type="stmt"/>
        <line num="143" count="9" type="stmt"/>
        <line num="144" count="1" type="stmt"/>
        <line num="147" count="9" type="stmt"/>
        <line num="148" count="0" type="stmt"/>
        <line num="151" count="9" type="stmt"/>
        <line num="152" count="0" type="stmt"/>
        <line num="155" count="9" type="stmt"/>
        <line num="159" count="1" type="cond" truecount="2" falsecount="0"/>
        <line num="203" count="2" type="cond" truecount="3" falsecount="0"/>
        <line num="208" count="1" type="stmt"/>
        <line num="210" count="1" type="stmt"/>
      </file>
      <file name="tree.tsx" path="D:\Projects\2020\react-phalladium\packages\lib\components\tree\tree.tsx">
        <metrics statements="23" coveredstatements="23" conditionals="7" coveredconditionals="6" methods="8" coveredmethods="8"/>
        <line num="1" count="1" type="stmt"/>
        <line num="2" count="1" type="stmt"/>
        <line num="3" count="1" type="stmt"/>
        <line num="10" count="1" type="stmt"/>
        <line num="12" count="1" type="stmt"/>
        <line num="14" count="1" type="stmt"/>
        <line num="26" count="4" type="stmt"/>
        <line num="27" count="9" type="stmt"/>
        <line num="33" count="4" type="stmt"/>
        <line num="34" count="4" type="stmt"/>
        <line num="36" count="4" type="stmt"/>
        <line num="38" count="1" type="stmt"/>
        <line num="39" count="2" type="stmt"/>
        <line num="48" count="4" type="stmt"/>
        <line num="50" count="3" type="stmt"/>
        <line num="58" count="4" type="stmt"/>
        <line num="59" count="6" type="cond" truecount="1" falsecount="0"/>
        <line num="60" count="3" type="stmt"/>
        <line num="61" count="3" type="stmt"/>
        <line num="65" count="4" type="stmt"/>
        <line num="73" count="9" type="stmt"/>
        <line num="94" count="1" type="stmt"/>
        <line num="96" count="1" type="stmt"/>
      </file>
    </package>
    <package name="icons">
      <metrics statements="90" coveredstatements="78" conditionals="0" coveredconditionals="0" methods="41" coveredmethods="17"/>
      <file name="align-center.tsx" path="D:\Projects\2020\react-phalladium\packages\lib\icons\align-center.tsx">
        <metrics statements="3" coveredstatements="2" conditionals="0" coveredconditionals="0" methods="1" coveredmethods="0"/>
        <line num="1" count="27" type="stmt"/>
        <line num="4" count="0" type="stmt"/>
        <line num="17" count="27" type="stmt"/>
      </file>
      <file name="arrow-right.tsx" path="D:\Projects\2020\react-phalladium\packages\lib\icons\arrow-right.tsx">
        <metrics statements="3" coveredstatements="2" conditionals="0" coveredconditionals="0" methods="1" coveredmethods="0"/>
        <line num="1" count="27" type="stmt"/>
        <line num="4" count="0" type="stmt"/>
        <line num="18" count="27" type="stmt"/>
      </file>
      <file name="avatar.tsx" path="D:\Projects\2020\react-phalladium\packages\lib\icons\avatar.tsx">
        <metrics statements="3" coveredstatements="2" conditionals="0" coveredconditionals="0" methods="1" coveredmethods="0"/>
        <line num="1" count="27" type="stmt"/>
        <line num="4" count="0" type="stmt"/>
        <line num="19" count="27" type="stmt"/>
      </file>
      <file name="check-circle.tsx" path="D:\Projects\2020\react-phalladium\packages\lib\icons\check-circle.tsx">
        <metrics statements="3" coveredstatements="2" conditionals="0" coveredconditionals="0" methods="1" coveredmethods="0"/>
        <line num="1" count="27" type="stmt"/>
        <line num="4" count="0" type="stmt"/>
        <line num="20" count="27" type="stmt"/>
      </file>
      <file name="check.tsx" path="D:\Projects\2020\react-phalladium\packages\lib\icons\check.tsx">
        <metrics statements="3" coveredstatements="3" conditionals="0" coveredconditionals="0" methods="1" coveredmethods="1"/>
        <line num="1" count="27" type="stmt"/>
        <line num="4" count="105" type="stmt"/>
        <line num="20" count="27" type="stmt"/>
      </file>
      <file name="chev-down.tsx" path="D:\Projects\2020\react-phalladium\packages\lib\icons\chev-down.tsx">
        <metrics statements="3" coveredstatements="3" conditionals="0" coveredconditionals="0" methods="1" coveredmethods="1"/>
        <line num="1" count="27" type="stmt"/>
        <line num="4" count="13" type="stmt"/>
        <line num="20" count="27" type="stmt"/>
      </file>
      <file name="chev-right.tsx" path="D:\Projects\2020\react-phalladium\packages\lib\icons\chev-right.tsx">
        <metrics statements="3" coveredstatements="3" conditionals="0" coveredconditionals="0" methods="1" coveredmethods="1"/>
        <line num="1" count="27" type="stmt"/>
        <line num="4" count="66" type="stmt"/>
        <line num="19" count="27" type="stmt"/>
      </file>
      <file name="circle.tsx" path="D:\Projects\2020\react-phalladium\packages\lib\icons\circle.tsx">
        <metrics statements="3" coveredstatements="2" conditionals="0" coveredconditionals="0" methods="1" coveredmethods="0"/>
        <line num="1" count="27" type="stmt"/>
        <line num="4" count="0" type="stmt"/>
        <line num="20" count="27" type="stmt"/>
      </file>
      <file name="close.tsx" path="D:\Projects\2020\react-phalladium\packages\lib\icons\close.tsx">
        <metrics statements="3" coveredstatements="3" conditionals="0" coveredconditionals="0" methods="1" coveredmethods="1"/>
        <line num="1" count="27" type="stmt"/>
        <line num="4" count="100" type="stmt"/>
        <line num="18" count="27" type="stmt"/>
      </file>
      <file name="code.tsx" path="D:\Projects\2020\react-phalladium\packages\lib\icons\code.tsx">
        <metrics statements="4" coveredstatements="3" conditionals="0" coveredconditionals="0" methods="1" coveredmethods="0"/>
        <line num="1" count="27" type="stmt"/>
        <line num="3" count="27" type="stmt"/>
        <line num="4" count="0" type="stmt"/>
        <line num="16" count="27" type="stmt"/>
      </file>
      <file name="copy.tsx" path="D:\Projects\2020\react-phalladium\packages\lib\icons\copy.tsx">
        <metrics statements="4" coveredstatements="3" conditionals="0" coveredconditionals="0" methods="1" coveredmethods="0"/>
        <line num="1" count="27" type="stmt"/>
        <line num="3" count="27" type="stmt"/>
        <line num="4" count="0" type="stmt"/>
        <line num="18" count="27" type="stmt"/>
      </file>
      <file name="error.tsx" path="D:\Projects\2020\react-phalladium\packages\lib\icons\error.tsx">
        <metrics statements="4" coveredstatements="4" conditionals="0" coveredconditionals="0" methods="1" coveredmethods="1"/>
        <line num="1" count="27" type="stmt"/>
        <line num="3" count="27" type="stmt"/>
        <line num="4" count="1" type="stmt"/>
        <line num="16" count="27" type="stmt"/>
      </file>
      <file name="index.ts" path="D:\Projects\2020\react-phalladium\packages\lib\icons\index.ts">
        <metrics statements="20" coveredstatements="20" conditionals="0" coveredconditionals="0" methods="20" coveredmethods="8"/>
        <line num="1" count="27" type="stmt"/>
        <line num="2" count="27" type="stmt"/>
        <line num="3" count="27" type="stmt"/>
        <line num="4" count="132" type="stmt"/>
        <line num="5" count="27" type="stmt"/>
        <line num="6" count="41" type="stmt"/>
        <line num="7" count="93" type="stmt"/>
        <line num="8" count="27" type="stmt"/>
        <line num="9" count="133" type="stmt"/>
        <line num="10" count="27" type="stmt"/>
        <line num="11" count="27" type="stmt"/>
        <line num="12" count="28" type="stmt"/>
        <line num="13" count="31" type="stmt"/>
        <line num="14" count="27" type="stmt"/>
        <line num="15" count="27" type="stmt"/>
        <line num="16" count="27" type="stmt"/>
        <line num="17" count="27" type="stmt"/>
        <line num="18" count="27" type="stmt"/>
        <line num="19" count="29" type="stmt"/>
        <line num="20" count="28" type="stmt"/>
      </file>
      <file name="info.tsx" path="D:\Projects\2020\react-phalladium\packages\lib\icons\info.tsx">
        <metrics statements="4" coveredstatements="4" conditionals="0" coveredconditionals="0" methods="1" coveredmethods="1"/>
        <line num="1" count="27" type="stmt"/>
        <line num="3" count="27" type="stmt"/>
        <line num="4" count="4" type="stmt"/>
        <line num="17" count="27" type="stmt"/>
      </file>
      <file name="minus.tsx" path="D:\Projects\2020\react-phalladium\packages\lib\icons\minus.tsx">
        <metrics statements="3" coveredstatements="2" conditionals="0" coveredconditionals="0" methods="1" coveredmethods="0"/>
        <line num="1" count="27" type="stmt"/>
        <line num="4" count="0" type="stmt"/>
        <line num="19" count="27" type="stmt"/>
      </file>
      <file name="more-horizontal.tsx" path="D:\Projects\2020\react-phalladium\packages\lib\icons\more-horizontal.tsx">
        <metrics statements="4" coveredstatements="3" conditionals="0" coveredconditionals="0" methods="1" coveredmethods="0"/>
        <line num="1" count="27" type="stmt"/>
        <line num="3" count="27" type="stmt"/>
        <line num="4" count="0" type="stmt"/>
        <line num="18" count="27" type="stmt"/>
      </file>
      <file name="more-vertical.tsx" path="D:\Projects\2020\react-phalladium\packages\lib\icons\more-vertical.tsx">
        <metrics statements="4" coveredstatements="3" conditionals="0" coveredconditionals="0" methods="1" coveredmethods="0"/>
        <line num="1" count="27" type="stmt"/>
        <line num="3" count="27" type="stmt"/>
        <line num="4" count="0" type="stmt"/>
        <line num="18" count="27" type="stmt"/>
      </file>
      <file name="plus.tsx" path="D:\Projects\2020\react-phalladium\packages\lib\icons\plus.tsx">
        <metrics statements="3" coveredstatements="2" conditionals="0" coveredconditionals="0" methods="1" coveredmethods="0"/>
        <line num="1" count="27" type="stmt"/>
        <line num="4" count="0" type="stmt"/>
        <line num="19" count="27" type="stmt"/>
      </file>
      <file name="search.tsx" path="D:\Projects\2020\react-phalladium\packages\lib\icons\search.tsx">
        <metrics statements="3" coveredstatements="2" conditionals="0" coveredconditionals="0" methods="1" coveredmethods="0"/>
        <line num="1" count="27" type="stmt"/>
        <line num="4" count="0" type="stmt"/>
        <line num="20" count="27" type="stmt"/>
      </file>
      <file name="star.tsx" path="D:\Projects\2020\react-phalladium\packages\lib\icons\star.tsx">
        <metrics statements="3" coveredstatements="3" conditionals="0" coveredconditionals="0" methods="1" coveredmethods="1"/>
        <line num="1" count="1" type="stmt"/>
        <line num="4" count="31" type="stmt"/>
        <line num="18" count="1" type="stmt"/>
      </file>
      <file name="triangle.tsx" path="D:\Projects\2020\react-phalladium\packages\lib\icons\triangle.tsx">
        <metrics statements="3" coveredstatements="3" conditionals="0" coveredconditionals="0" methods="1" coveredmethods="1"/>
        <line num="1" count="27" type="stmt"/>
        <line num="4" count="2" type="stmt"/>
        <line num="18" count="27" type="stmt"/>
      </file>
      <file name="warning.tsx" path="D:\Projects\2020\react-phalladium\packages\lib\icons\warning.tsx">
        <metrics statements="4" coveredstatements="4" conditionals="0" coveredconditionals="0" methods="1" coveredmethods="1"/>
        <line num="1" count="27" type="stmt"/>
        <line num="3" count="27" type="stmt"/>
        <line num="4" count="1" type="stmt"/>
        <line num="16" count="27" type="stmt"/>
      </file>
    </package>
  </project>
</coverage>
