<?xml version="1.0" encoding="UTF-8"?>
<coverage generated="1643089679260" clover="3.2.0">
  <project timestamp="1643089679260" name="All files">
    <metrics statements="39" coveredstatements="38" conditionals="26" coveredconditionals="12" methods="13" coveredmethods="13" elements="78" coveredelements="63" complexity="0" loc="39" ncloc="39" packages="1" files="1" classes="1"/>
    <file name="progress.tsx" path="D:\Projects\2020\react-phalladium\packages\lib\components\progress\progress.tsx">
      <metrics statements="39" coveredstatements="38" conditionals="26" coveredconditionals="12" methods="13" coveredmethods="13"/>
      <line num="1" count="1" type="stmt"/>
      <line num="2" count="1" type="stmt"/>
      <line num="3" count="1" type="stmt"/>
      <line num="5" count="1" type="stmt"/>
      <line num="7" count="1" type="stmt"/>
      <line num="18" count="6" type="stmt"/>
      <line num="19" count="6" type="stmt"/>
      <line num="21" count="6" type="stmt"/>
      <line num="22" count="3" type="stmt"/>
      <line num="26" count="6" type="stmt"/>
      <line num="27" count="3" type="stmt"/>
      <line num="28" count="3" type="cond" truecount="1" falsecount="1"/>
      <line num="31" count="6" type="stmt"/>
      <line num="33" count="3" type="cond" truecount="1" falsecount="3"/>
      <line num="40" count="6" type="stmt"/>
      <line num="41" count="6" type="stmt"/>
      <line num="42" count="6" type="cond" truecount="0" falsecount="1"/>
      <line num="43" count="0" type="stmt"/>
      <line num="45" count="6" type="stmt"/>
      <line num="48" count="6" type="stmt"/>
      <line num="50" count="3" type="stmt"/>
      <line num="56" count="6" type="stmt"/>
      <line num="57" count="3" type="stmt"/>
      <line num="61" count="6" type="stmt"/>
      <line num="63" count="3" type="stmt"/>
      <line num="77" count="6" type="stmt"/>
      <line num="79" count="3" type="stmt"/>
      <line num="87" count="6" type="stmt"/>
      <line num="89" count="3" type="stmt"/>
      <line num="95" count="6" type="stmt"/>
      <line num="97" count="3" type="stmt"/>
      <line num="104" count="6" type="stmt"/>
      <line num="106" count="3" type="stmt"/>
      <line num="113" count="6" type="stmt"/>
      <line num="114" count="6" type="stmt"/>
      <line num="115" count="6" type="stmt"/>
      <line num="118" count="6" type="stmt"/>
      <line num="140" count="1" type="stmt"/>
      <line num="142" count="1" type="stmt"/>
    </file>
  </project>
</coverage>
