{"D:\\Projects\\2020\\react-phalladium\\packages\\lib\\components\\accordion\\accordion-header.tsx": {"path":"D:\\Projects\\2020\\react-phalladium\\packages\\lib\\components\\accordion\\accordion-header.tsx","statementMap":{"0":{"start":{"line":1,"column":0},"end":{"line":1,"column":36}},"1":{"start":{"line":2,"column":0},"end":{"line":2,"column":47}},"2":{"start":{"line":3,"column":0},"end":{"line":3,"column":68}},"3":{"start":{"line":4,"column":0},"end":{"line":4,"column":54}},"4":{"start":{"line":7,"column":71},"end":{"line":95,"column":1}},"5":{"start":{"line":21,"column":31},"end":{"line":28,"column":null}},"6":{"start":{"line":23,"column":6},"end":{"line":27,"column":8}},"7":{"start":{"line":31,"column":14},"end":{"line":31,"column":26}},"8":{"start":{"line":33,"column":21},"end":{"line":35,"column":null}},"9":{"start":{"line":34,"column":11},"end":{"line":34,"column":65}},"10":{"start":{"line":38,"column":27},"end":{"line":46,"column":8}},"11":{"start":{"line":39,"column":4},"end":{"line":45,"column":13}},"12":{"start":{"line":48,"column":21},"end":{"line":52,"column":19}},"13":{"start":{"line":49,"column":4},"end":{"line":51,"column":7}},"14":{"start":{"line":54,"column":20},"end":{"line":62,"column":24}},"15":{"start":{"line":55,"column":30},"end":{"line":55,"column":32}},"16":{"start":{"line":57,"column":4},"end":{"line":61,"column":7}},"17":{"start":{"line":64,"column":15},"end":{"line":76,"column":35}},"18":{"start":{"line":65,"column":4},"end":{"line":67,"column":null}},"19":{"start":{"line":66,"column":6},"end":{"line":66,"column":18}},"20":{"start":{"line":69,"column":4},"end":{"line":75,"column":null}},"21":{"start":{"line":70,"column":6},"end":{"line":70,"column":24}},"22":{"start":{"line":71,"column":11},"end":{"line":75,"column":null}},"23":{"start":{"line":72,"column":6},"end":{"line":72,"column":34}},"24":{"start":{"line":73,"column":11},"end":{"line":75,"column":null}},"25":{"start":{"line":74,"column":6},"end":{"line":74,"column":49}},"26":{"start":{"line":78,"column":2},"end":{"line":80,"column":null}},"27":{"start":{"line":79,"column":4},"end":{"line":79,"column":28}},"28":{"start":{"line":82,"column":2},"end":{"line":94,"column":4}},"29":{"start":{"line":97,"column":9},"end":{"line":97,"column":24}}},"fnMap":{"0":{"name":"(anonymous_7)","decl":{"start":{"line":7,"column":71},"end":{"line":7,"column":72}},"loc":{"start":{"line":20,"column":5},"end":{"line":95,"column":1}}},"1":{"name":"(anonymous_8)","decl":{"start":{"line":22,"column":4},"end":{"line":22,"column":7}},"loc":{"start":{"line":23,"column":6},"end":{"line":27,"column":8}}},"2":{"name":"(anonymous_9)","decl":{"start":{"line":34,"column":4},"end":{"line":34,"column":7}},"loc":{"start":{"line":34,"column":11},"end":{"line":34,"column":65}}},"3":{"name":"(anonymous_10)","decl":{"start":{"line":38,"column":35},"end":{"line":38,"column":38}},"loc":{"start":{"line":38,"column":40},"end":{"line":46,"column":3}}},"4":{"name":"(anonymous_11)","decl":{"start":{"line":48,"column":29},"end":{"line":48,"column":32}},"loc":{"start":{"line":48,"column":34},"end":{"line":52,"column":3}}},"5":{"name":"(anonymous_12)","decl":{"start":{"line":54,"column":28},"end":{"line":54,"column":31}},"loc":{"start":{"line":54,"column":33},"end":{"line":62,"column":3}}},"6":{"name":"(anonymous_13)","decl":{"start":{"line":64,"column":23},"end":{"line":64,"column":26}},"loc":{"start":{"line":64,"column":28},"end":{"line":76,"column":3}}}},"branchMap":{"0":{"loc":{"start":{"line":34,"column":11},"end":{"line":34,"column":65}},"type":"cond-expr","locations":[{"start":{"line":34,"column":43},"end":{"line":34,"column":58}},{"start":{"line":34,"column":61},"end":{"line":34,"column":65}}]},"1":{"loc":{"start":{"line":34,"column":11},"end":{"line":34,"column":40}},"type":"binary-expr","locations":[{"start":{"line":34,"column":11},"end":{"line":34,"column":20}},{"start":{"line":34,"column":24},"end":{"line":34,"column":40}}]},"2":{"loc":{"start":{"line":39,"column":11},"end":{"line":45,"column":12}},"type":"cond-expr","locations":[{"start":{"line":40,"column":8},"end":{"line":44,"column":null}},{"start":{"line":45,"column":8},"end":{"line":45,"column":12}}]},"3":{"loc":{"start":{"line":65,"column":4},"end":{"line":67,"column":null}},"type":"if","locations":[{"start":{"line":65,"column":4},"end":{"line":67,"column":null}}]},"4":{"loc":{"start":{"line":69,"column":4},"end":{"line":75,"column":null}},"type":"if","locations":[{"start":{"line":69,"column":4},"end":{"line":75,"column":null}},{"start":{"line":71,"column":11},"end":{"line":75,"column":null}}]},"5":{"loc":{"start":{"line":71,"column":11},"end":{"line":75,"column":null}},"type":"if","locations":[{"start":{"line":71,"column":11},"end":{"line":75,"column":null}},{"start":{"line":73,"column":11},"end":{"line":75,"column":null}}]},"6":{"loc":{"start":{"line":73,"column":11},"end":{"line":75,"column":null}},"type":"if","locations":[{"start":{"line":73,"column":11},"end":{"line":75,"column":null}}]},"7":{"loc":{"start":{"line":74,"column":13},"end":{"line":74,"column":48}},"type":"cond-expr","locations":[{"start":{"line":74,"column":20},"end":{"line":74,"column":33}},{"start":{"line":74,"column":36},"end":{"line":74,"column":48}}]},"8":{"loc":{"start":{"line":78,"column":2},"end":{"line":80,"column":null}},"type":"if","locations":[{"start":{"line":78,"column":2},"end":{"line":80,"column":null}}]},"9":{"loc":{"start":{"line":91,"column":7},"end":{"line":91,"column":64}},"type":"binary-expr","locations":[{"start":{"line":91,"column":7},"end":{"line":91,"column":19}},{"start":{"line":91,"column":23},"end":{"line":91,"column":64}}]}},"s":{"0":2,"1":2,"2":2,"3":2,"4":2,"5":21,"6":16,"7":21,"8":21,"9":16,"10":21,"11":16,"12":21,"13":16,"14":21,"15":18,"16":18,"17":21,"18":18,"19":0,"20":18,"21":0,"22":18,"23":18,"24":0,"25":0,"26":21,"27":0,"28":21,"29":2},"f":{"0":21,"1":16,"2":16,"3":16,"4":16,"5":18,"6":18},"b":{"0":[0,16],"1":[16,0],"2":[16,0],"3":[0],"4":[0,18],"5":[18,0],"6":[0],"7":[0,0],"8":[0],"9":[21,21]}}
,"D:\\Projects\\2020\\react-phalladium\\packages\\lib\\components\\accordion\\accordion.tsx": {"path":"D:\\Projects\\2020\\react-phalladium\\packages\\lib\\components\\accordion\\accordion.tsx","statementMap":{"0":{"start":{"line":1,"column":0},"end":{"line":1,"column":29}},"1":{"start":{"line":2,"column":0},"end":{"line":2,"column":32}},"2":{"start":{"line":3,"column":0},"end":{"line":3,"column":null}},"3":{"start":{"line":11,"column":0},"end":{"line":11,"column":66}},"4":{"start":{"line":12,"column":0},"end":{"line":12,"column":53}},"5":{"start":{"line":14,"column":0},"end":{"line":14,"column":26}},"6":{"start":{"line":16,"column":59},"end":{"line":146,"column":null}},"7":{"start":{"line":36,"column":24},"end":{"line":36,"column":61}},"8":{"start":{"line":37,"column":28},"end":{"line":37,"column":64}},"9":{"start":{"line":39,"column":16},"end":{"line":39,"column":28}},"10":{"start":{"line":41,"column":28},"end":{"line":41,"column":46}},"11":{"start":{"line":42,"column":40},"end":{"line":42,"column":51}},"12":{"start":{"line":44,"column":28},"end":{"line":50,"column":10}},"13":{"start":{"line":45,"column":6},"end":{"line":45,"column":36}},"14":{"start":{"line":47,"column":6},"end":{"line":49,"column":9}},"15":{"start":{"line":48,"column":8},"end":{"line":48,"column":21}},"16":{"start":{"line":52,"column":27},"end":{"line":52,"column":40}},"17":{"start":{"line":53,"column":26},"end":{"line":53,"column":42}},"18":{"start":{"line":55,"column":31},"end":{"line":61,"column":null}},"19":{"start":{"line":57,"column":8},"end":{"line":60,"column":10}},"20":{"start":{"line":64,"column":18},"end":{"line":76,"column":null}},"21":{"start":{"line":66,"column":9},"end":{"line":75,"column":null}},"22":{"start":{"line":79,"column":27},"end":{"line":85,"column":null}},"23":{"start":{"line":81,"column":8},"end":{"line":84,"column":10}},"24":{"start":{"line":88,"column":22},"end":{"line":94,"column":10}},"25":{"start":{"line":89,"column":6},"end":{"line":93,"column":null}},"26":{"start":{"line":90,"column":8},"end":{"line":90,"column":27}},"27":{"start":{"line":91,"column":24},"end":{"line":91,"column":57}},"28":{"start":{"line":92,"column":8},"end":{"line":92,"column":30}},"29":{"start":{"line":96,"column":4},"end":{"line":106,"column":15}},"30":{"start":{"line":97,"column":6},"end":{"line":99,"column":null}},"31":{"start":{"line":98,"column":8},"end":{"line":98,"column":15}},"32":{"start":{"line":101,"column":6},"end":{"line":105,"column":null}},"33":{"start":{"line":102,"column":8},"end":{"line":102,"column":54}},"34":{"start":{"line":104,"column":8},"end":{"line":104,"column":56}},"35":{"start":{"line":108,"column":4},"end":{"line":114,"column":19}},"36":{"start":{"line":109,"column":6},"end":{"line":109,"column":37}},"37":{"start":{"line":111,"column":6},"end":{"line":113,"column":null}},"38":{"start":{"line":112,"column":8},"end":{"line":112,"column":26}},"39":{"start":{"line":116,"column":4},"end":{"line":145,"column":6}},"40":{"start":{"line":151,"column":9},"end":{"line":151,"column":18}},"41":{"start":{"line":149,"column":0},"end":{"line":149,"column":36}}},"fnMap":{"0":{"name":"(anonymous_7)","decl":{"start":{"line":17,"column":2},"end":{"line":17,"column":3}},"loc":{"start":{"line":35,"column":23},"end":{"line":146,"column":3}}},"1":{"name":"(anonymous_8)","decl":{"start":{"line":44,"column":40},"end":{"line":44,"column":43}},"loc":{"start":{"line":44,"column":45},"end":{"line":50,"column":5}}},"2":{"name":"(anonymous_9)","decl":{"start":{"line":47,"column":14},"end":{"line":47,"column":15}},"loc":{"start":{"line":47,"column":23},"end":{"line":49,"column":7}}},"3":{"name":"(anonymous_10)","decl":{"start":{"line":56,"column":6},"end":{"line":56,"column":9}},"loc":{"start":{"line":57,"column":8},"end":{"line":60,"column":10}}},"4":{"name":"(anonymous_11)","decl":{"start":{"line":65,"column":6},"end":{"line":65,"column":9}},"loc":{"start":{"line":66,"column":9},"end":{"line":75,"column":null}}},"5":{"name":"(anonymous_12)","decl":{"start":{"line":80,"column":6},"end":{"line":80,"column":9}},"loc":{"start":{"line":81,"column":8},"end":{"line":84,"column":10}}},"6":{"name":"(anonymous_13)","decl":{"start":{"line":88,"column":34},"end":{"line":88,"column":35}},"loc":{"start":{"line":88,"column":43},"end":{"line":94,"column":5}}},"7":{"name":"(anonymous_14)","decl":{"start":{"line":96,"column":14},"end":{"line":96,"column":17}},"loc":{"start":{"line":96,"column":19},"end":{"line":106,"column":5}}},"8":{"name":"(anonymous_15)","decl":{"start":{"line":108,"column":14},"end":{"line":108,"column":17}},"loc":{"start":{"line":108,"column":19},"end":{"line":114,"column":5}}}},"branchMap":{"0":{"loc":{"start":{"line":18,"column":4},"end":{"line":18,"column":21}},"type":"default-arg","locations":[{"start":{"line":18,"column":17},"end":{"line":18,"column":21}}]},"1":{"loc":{"start":{"line":19,"column":4},"end":{"line":19,"column":26}},"type":"default-arg","locations":[{"start":{"line":19,"column":21},"end":{"line":19,"column":26}}]},"2":{"loc":{"start":{"line":20,"column":4},"end":{"line":20,"column":18}},"type":"default-arg","locations":[{"start":{"line":20,"column":13},"end":{"line":20,"column":18}}]},"3":{"loc":{"start":{"line":22,"column":4},"end":{"line":22,"column":27}},"type":"default-arg","locations":[{"start":{"line":22,"column":22},"end":{"line":22,"column":27}}]},"4":{"loc":{"start":{"line":23,"column":4},"end":{"line":23,"column":23}},"type":"default-arg","locations":[{"start":{"line":23,"column":18},"end":{"line":23,"column":23}}]},"5":{"loc":{"start":{"line":24,"column":4},"end":{"line":24,"column":24}},"type":"default-arg","locations":[{"start":{"line":24,"column":15},"end":{"line":24,"column":24}}]},"6":{"loc":{"start":{"line":25,"column":4},"end":{"line":25,"column":19}},"type":"default-arg","locations":[{"start":{"line":25,"column":15},"end":{"line":25,"column":19}}]},"7":{"loc":{"start":{"line":26,"column":4},"end":{"line":26,"column":21}},"type":"default-arg","locations":[{"start":{"line":26,"column":16},"end":{"line":26,"column":21}}]},"8":{"loc":{"start":{"line":29,"column":4},"end":{"line":29,"column":23}},"type":"default-arg","locations":[{"start":{"line":29,"column":18},"end":{"line":29,"column":23}}]},"9":{"loc":{"start":{"line":33,"column":4},"end":{"line":33,"column":23}},"type":"default-arg","locations":[{"start":{"line":33,"column":17},"end":{"line":33,"column":23}}]},"10":{"loc":{"start":{"line":34,"column":4},"end":{"line":34,"column":49}},"type":"default-arg","locations":[{"start":{"line":34,"column":17},"end":{"line":34,"column":49}}]},"11":{"loc":{"start":{"line":36,"column":31},"end":{"line":36,"column":60}},"type":"binary-expr","locations":[{"start":{"line":36,"column":31},"end":{"line":36,"column":33}},{"start":{"line":36,"column":37},"end":{"line":36,"column":60}}]},"12":{"loc":{"start":{"line":59,"column":31},"end":{"line":59,"column":61}},"type":"binary-expr","locations":[{"start":{"line":59,"column":31},"end":{"line":59,"column":35}},{"start":{"line":59,"column":39},"end":{"line":59,"column":61}}]},"13":{"loc":{"start":{"line":68,"column":26},"end":{"line":72,"column":19}},"type":"cond-expr","locations":[{"start":{"line":69,"column":14},"end":{"line":71,"column":26}},{"start":{"line":72,"column":14},"end":{"line":72,"column":19}}]},"14":{"loc":{"start":{"line":69,"column":14},"end":{"line":71,"column":26}},"type":"cond-expr","locations":[{"start":{"line":70,"column":16},"end":{"line":70,"column":33}},{"start":{"line":71,"column":16},"end":{"line":71,"column":26}}]},"15":{"loc":{"start":{"line":89,"column":6},"end":{"line":93,"column":null}},"type":"if","locations":[{"start":{"line":89,"column":6},"end":{"line":93,"column":null}}]},"16":{"loc":{"start":{"line":97,"column":6},"end":{"line":99,"column":null}},"type":"if","locations":[{"start":{"line":97,"column":6},"end":{"line":99,"column":null}}]},"17":{"loc":{"start":{"line":97,"column":10},"end":{"line":97,"column":58}},"type":"binary-expr","locations":[{"start":{"line":97,"column":10},"end":{"line":97,"column":31}},{"start":{"line":97,"column":35},"end":{"line":97,"column":58}}]},"18":{"loc":{"start":{"line":101,"column":6},"end":{"line":105,"column":null}},"type":"if","locations":[{"start":{"line":101,"column":6},"end":{"line":105,"column":null}},{"start":{"line":103,"column":13},"end":{"line":105,"column":null}}]},"19":{"loc":{"start":{"line":102,"column":8},"end":{"line":102,"column":53}},"type":"binary-expr","locations":[{"start":{"line":102,"column":8},"end":{"line":102,"column":18}},{"start":{"line":102,"column":22},"end":{"line":102,"column":53}}]},"20":{"loc":{"start":{"line":104,"column":8},"end":{"line":104,"column":55}},"type":"binary-expr","locations":[{"start":{"line":104,"column":8},"end":{"line":104,"column":19}},{"start":{"line":104,"column":23},"end":{"line":104,"column":55}}]},"21":{"loc":{"start":{"line":111,"column":6},"end":{"line":113,"column":null}},"type":"if","locations":[{"start":{"line":111,"column":6},"end":{"line":113,"column":null}}]}},"s":{"0":2,"1":2,"2":2,"3":2,"4":2,"5":2,"6":2,"7":21,"8":21,"9":21,"10":21,"11":21,"12":21,"13":2,"14":2,"15":2,"16":21,"17":21,"18":21,"19":18,"20":21,"21":18,"22":21,"23":18,"24":21,"25":32,"26":16,"27":16,"28":16,"29":21,"30":18,"31":16,"32":2,"33":2,"34":0,"35":21,"36":16,"37":16,"38":12,"39":21,"40":2,"41":2},"f":{"0":21,"1":2,"2":2,"3":18,"4":18,"5":18,"6":32,"7":18,"8":16},"b":{"0":[21],"1":[6],"2":[6],"3":[6],"4":[6],"5":[6],"6":[6],"7":[6],"8":[6],"9":[6],"10":[21],"11":[21,6],"12":[18,14],"13":[14,4],"14":[0,14],"15":[16],"16":[16],"17":[18,18],"18":[2,0],"19":[2,1],"20":[0,0],"21":[12]}}
,"D:\\Projects\\2020\\react-phalladium\\packages\\lib\\components\\accordion-group\\accordion-group.tsx": {"path":"D:\\Projects\\2020\\react-phalladium\\packages\\lib\\components\\accordion-group\\accordion-group.tsx","statementMap":{"0":{"start":{"line":1,"column":0},"end":{"line":1,"column":36}},"1":{"start":{"line":2,"column":0},"end":{"line":2,"column":32}},"2":{"start":{"line":3,"column":0},"end":{"line":3,"column":69}},"3":{"start":{"line":4,"column":0},"end":{"line":4,"column":51}},"4":{"start":{"line":9,"column":0},"end":{"line":9,"column":32}},"5":{"start":{"line":11,"column":23},"end":{"line":97,"column":1}},"6":{"start":{"line":25,"column":28},"end":{"line":31,"column":null}},"7":{"start":{"line":27,"column":28},"end":{"line":30,"column":10}},"8":{"start":{"line":34,"column":23},"end":{"line":41,"column":8}},"9":{"start":{"line":35,"column":4},"end":{"line":40,"column":6}},"10":{"start":{"line":36,"column":6},"end":{"line":39,"column":9}},"11":{"start":{"line":36,"column":26},"end":{"line":39,"column":8}},"12":{"start":{"line":43,"column":25},"end":{"line":50,"column":8}},"13":{"start":{"line":44,"column":4},"end":{"line":49,"column":6}},"14":{"start":{"line":45,"column":6},"end":{"line":48,"column":9}},"15":{"start":{"line":45,"column":26},"end":{"line":48,"column":8}},"16":{"start":{"line":52,"column":21},"end":{"line":56,"column":8}},"17":{"start":{"line":53,"column":4},"end":{"line":55,"column":7}},"18":{"start":{"line":58,"column":2},"end":{"line":69,"column":22}},"19":{"start":{"line":59,"column":4},"end":{"line":68,"column":null}},"20":{"start":{"line":60,"column":6},"end":{"line":65,"column":8}},"21":{"start":{"line":61,"column":8},"end":{"line":64,"column":11}},"22":{"start":{"line":61,"column":26},"end":{"line":64,"column":10}},"23":{"start":{"line":67,"column":6},"end":{"line":67,"column":19}},"24":{"start":{"line":71,"column":2},"end":{"line":96,"column":4}},"25":{"start":{"line":74,"column":8},"end":{"line":92,"column":null}},"26":{"start":{"line":101,"column":9},"end":{"line":101,"column":23}},"27":{"start":{"line":99,"column":0},"end":{"line":99,"column":46}}},"fnMap":{"0":{"name":"(anonymous_7)","decl":{"start":{"line":11,"column":23},"end":{"line":11,"column":24}},"loc":{"start":{"line":24,"column":26},"end":{"line":97,"column":1}}},"1":{"name":"(anonymous_8)","decl":{"start":{"line":27,"column":21},"end":{"line":27,"column":24}},"loc":{"start":{"line":27,"column":28},"end":{"line":30,"column":10}}},"2":{"name":"(anonymous_9)","decl":{"start":{"line":34,"column":35},"end":{"line":34,"column":36}},"loc":{"start":{"line":34,"column":50},"end":{"line":41,"column":3}}},"3":{"name":"(anonymous_10)","decl":{"start":{"line":35,"column":13},"end":{"line":35,"column":14}},"loc":{"start":{"line":36,"column":6},"end":{"line":39,"column":9}}},"4":{"name":"(anonymous_11)","decl":{"start":{"line":36,"column":15},"end":{"line":36,"column":16}},"loc":{"start":{"line":36,"column":26},"end":{"line":39,"column":8}}},"5":{"name":"(anonymous_12)","decl":{"start":{"line":43,"column":37},"end":{"line":43,"column":38}},"loc":{"start":{"line":43,"column":52},"end":{"line":50,"column":3}}},"6":{"name":"(anonymous_13)","decl":{"start":{"line":44,"column":13},"end":{"line":44,"column":14}},"loc":{"start":{"line":45,"column":6},"end":{"line":48,"column":9}}},"7":{"name":"(anonymous_14)","decl":{"start":{"line":45,"column":15},"end":{"line":45,"column":16}},"loc":{"start":{"line":45,"column":26},"end":{"line":48,"column":8}}},"8":{"name":"(anonymous_15)","decl":{"start":{"line":52,"column":29},"end":{"line":52,"column":32}},"loc":{"start":{"line":52,"column":34},"end":{"line":56,"column":3}}},"9":{"name":"(anonymous_16)","decl":{"start":{"line":58,"column":18},"end":{"line":58,"column":21}},"loc":{"start":{"line":58,"column":23},"end":{"line":69,"column":3}}},"10":{"name":"(anonymous_17)","decl":{"start":{"line":60,"column":15},"end":{"line":60,"column":18}},"loc":{"start":{"line":61,"column":8},"end":{"line":64,"column":11}}},"11":{"name":"(anonymous_18)","decl":{"start":{"line":61,"column":19},"end":{"line":61,"column":22}},"loc":{"start":{"line":61,"column":26},"end":{"line":64,"column":10}}},"12":{"name":"(anonymous_19)","decl":{"start":{"line":73,"column":17},"end":{"line":73,"column":18}},"loc":{"start":{"line":74,"column":8},"end":{"line":92,"column":null}}}},"branchMap":{"0":{"loc":{"start":{"line":12,"column":2},"end":{"line":12,"column":24}},"type":"default-arg","locations":[{"start":{"line":12,"column":19},"end":{"line":12,"column":24}}]},"1":{"loc":{"start":{"line":13,"column":2},"end":{"line":13,"column":19}},"type":"default-arg","locations":[{"start":{"line":13,"column":14},"end":{"line":13,"column":19}}]},"2":{"loc":{"start":{"line":14,"column":2},"end":{"line":14,"column":16}},"type":"default-arg","locations":[{"start":{"line":14,"column":11},"end":{"line":14,"column":16}}]},"3":{"loc":{"start":{"line":16,"column":2},"end":{"line":16,"column":18}},"type":"default-arg","locations":[{"start":{"line":16,"column":13},"end":{"line":16,"column":18}}]},"4":{"loc":{"start":{"line":18,"column":2},"end":{"line":18,"column":22}},"type":"default-arg","locations":[{"start":{"line":18,"column":13},"end":{"line":18,"column":22}}]},"5":{"loc":{"start":{"line":19,"column":2},"end":{"line":19,"column":21}},"type":"default-arg","locations":[{"start":{"line":19,"column":15},"end":{"line":19,"column":21}}]},"6":{"loc":{"start":{"line":20,"column":2},"end":{"line":20,"column":13}},"type":"default-arg","locations":[{"start":{"line":20,"column":11},"end":{"line":20,"column":13}}]},"7":{"loc":{"start":{"line":21,"column":2},"end":{"line":21,"column":21}},"type":"default-arg","locations":[{"start":{"line":21,"column":16},"end":{"line":21,"column":21}}]},"8":{"loc":{"start":{"line":22,"column":2},"end":{"line":22,"column":25}},"type":"default-arg","locations":[{"start":{"line":22,"column":20},"end":{"line":22,"column":25}}]},"9":{"loc":{"start":{"line":23,"column":2},"end":{"line":23,"column":19}},"type":"default-arg","locations":[{"start":{"line":23,"column":14},"end":{"line":23,"column":19}}]},"10":{"loc":{"start":{"line":26,"column":4},"end":{"line":31,"column":10}},"type":"cond-expr","locations":[{"start":{"line":27,"column":8},"end":{"line":30,"column":11}},{"start":{"line":31,"column":8},"end":{"line":31,"column":10}}]},"11":{"loc":{"start":{"line":38,"column":18},"end":{"line":38,"column":78}},"type":"cond-expr","locations":[{"start":{"line":38,"column":30},"end":{"line":38,"column":44}},{"start":{"line":38,"column":47},"end":{"line":38,"column":78}}]},"12":{"loc":{"start":{"line":38,"column":47},"end":{"line":38,"column":78}},"type":"binary-expr","locations":[{"start":{"line":38,"column":47},"end":{"line":38,"column":61}},{"start":{"line":38,"column":65},"end":{"line":38,"column":78}}]},"13":{"loc":{"start":{"line":47,"column":18},"end":{"line":47,"column":76}},"type":"cond-expr","locations":[{"start":{"line":47,"column":30},"end":{"line":47,"column":35}},{"start":{"line":47,"column":38},"end":{"line":47,"column":76}}]},"14":{"loc":{"start":{"line":47,"column":38},"end":{"line":47,"column":76}},"type":"cond-expr","locations":[{"start":{"line":47,"column":55},"end":{"line":47,"column":60}},{"start":{"line":47,"column":63},"end":{"line":47,"column":76}}]},"15":{"loc":{"start":{"line":59,"column":4},"end":{"line":68,"column":null}},"type":"if","locations":[{"start":{"line":59,"column":4},"end":{"line":68,"column":null}},{"start":{"line":66,"column":11},"end":{"line":68,"column":null}}]},"16":{"loc":{"start":{"line":91,"column":13},"end":{"line":91,"column":40}},"type":"binary-expr","locations":[{"start":{"line":91,"column":13},"end":{"line":91,"column":21}},{"start":{"line":91,"column":25},"end":{"line":91,"column":40}}]}},"s":{"0":1,"1":1,"2":1,"3":1,"4":1,"5":1,"6":5,"7":15,"8":5,"9":0,"10":0,"11":0,"12":5,"13":0,"14":0,"15":0,"16":5,"17":2,"18":5,"19":2,"20":2,"21":2,"22":6,"23":0,"24":5,"25":15,"26":1,"27":1},"f":{"0":5,"1":15,"2":0,"3":0,"4":0,"5":0,"6":0,"7":0,"8":2,"9":2,"10":2,"11":6,"12":15},"b":{"0":[5],"1":[0],"2":[0],"3":[0],"4":[5],"5":[5],"6":[0],"7":[0],"8":[0],"9":[5],"10":[5,0],"11":[0,0],"12":[0,0],"13":[0,0],"14":[0,0],"15":[2,0],"16":[15,15]}}
,"D:\\Projects\\2020\\react-phalladium\\packages\\lib\\components\\alert\\alert.tsx": {"path":"D:\\Projects\\2020\\react-phalladium\\packages\\lib\\components\\alert\\alert.tsx","statementMap":{"0":{"start":{"line":1,"column":0},"end":{"line":1,"column":36}},"1":{"start":{"line":2,"column":0},"end":{"line":2,"column":67}},"2":{"start":{"line":3,"column":0},"end":{"line":3,"column":null}},"3":{"start":{"line":11,"column":0},"end":{"line":11,"column":22}},"4":{"start":{"line":13,"column":51},"end":{"line":81,"column":1}},"5":{"start":{"line":22,"column":28},"end":{"line":22,"column":49}},"6":{"start":{"line":24,"column":16},"end":{"line":29,"column":null}},"7":{"start":{"line":26,"column":7},"end":{"line":28,"column":null}},"8":{"start":{"line":32,"column":23},"end":{"line":39,"column":null}},"9":{"start":{"line":34,"column":6},"end":{"line":38,"column":8}},"10":{"start":{"line":42,"column":22},"end":{"line":45,"column":8}},"11":{"start":{"line":43,"column":4},"end":{"line":43,"column":19}},"12":{"start":{"line":44,"column":4},"end":{"line":44,"column":29}},"13":{"start":{"line":47,"column":15},"end":{"line":60,"column":8}},"14":{"start":{"line":48,"column":4},"end":{"line":59,"column":null}},"15":{"start":{"line":50,"column":8},"end":{"line":50,"column":29}},"16":{"start":{"line":52,"column":8},"end":{"line":52,"column":29}},"17":{"start":{"line":54,"column":8},"end":{"line":54,"column":31}},"18":{"start":{"line":56,"column":8},"end":{"line":56,"column":28}},"19":{"start":{"line":58,"column":8},"end":{"line":58,"column":28}},"20":{"start":{"line":62,"column":2},"end":{"line":80,"column":4}},"21":{"start":{"line":83,"column":9},"end":{"line":83,"column":14}}},"fnMap":{"0":{"name":"(anonymous_7)","decl":{"start":{"line":13,"column":51},"end":{"line":13,"column":52}},"loc":{"start":{"line":21,"column":5},"end":{"line":81,"column":1}}},"1":{"name":"(anonymous_8)","decl":{"start":{"line":25,"column":4},"end":{"line":25,"column":7}},"loc":{"start":{"line":26,"column":7},"end":{"line":28,"column":null}}},"2":{"name":"(anonymous_9)","decl":{"start":{"line":33,"column":4},"end":{"line":33,"column":7}},"loc":{"start":{"line":34,"column":6},"end":{"line":38,"column":8}}},"3":{"name":"(anonymous_10)","decl":{"start":{"line":42,"column":34},"end":{"line":42,"column":37}},"loc":{"start":{"line":42,"column":39},"end":{"line":45,"column":3}}},"4":{"name":"(anonymous_11)","decl":{"start":{"line":47,"column":23},"end":{"line":47,"column":26}},"loc":{"start":{"line":47,"column":28},"end":{"line":60,"column":3}}}},"branchMap":{"0":{"loc":{"start":{"line":15,"column":2},"end":{"line":15,"column":14}},"type":"default-arg","locations":[{"start":{"line":15,"column":11},"end":{"line":15,"column":14}}]},"1":{"loc":{"start":{"line":16,"column":2},"end":{"line":16,"column":16}},"type":"default-arg","locations":[{"start":{"line":16,"column":10},"end":{"line":16,"column":16}}]},"2":{"loc":{"start":{"line":17,"column":2},"end":{"line":17,"column":19}},"type":"default-arg","locations":[{"start":{"line":17,"column":15},"end":{"line":17,"column":19}}]},"3":{"loc":{"start":{"line":20,"column":2},"end":{"line":20,"column":13}},"type":"default-arg","locations":[{"start":{"line":20,"column":8},"end":{"line":20,"column":13}}]},"4":{"loc":{"start":{"line":44,"column":4},"end":{"line":44,"column":28}},"type":"binary-expr","locations":[{"start":{"line":44,"column":4},"end":{"line":44,"column":13}},{"start":{"line":44,"column":17},"end":{"line":44,"column":28}}]},"5":{"loc":{"start":{"line":48,"column":4},"end":{"line":59,"column":null}},"type":"switch","locations":[{"start":{"line":49,"column":6},"end":{"line":50,"column":29}},{"start":{"line":51,"column":6},"end":{"line":52,"column":29}},{"start":{"line":53,"column":6},"end":{"line":54,"column":31}},{"start":{"line":55,"column":6},"end":{"line":56,"column":28}},{"start":{"line":57,"column":6},"end":{"line":58,"column":28}}]},"6":{"loc":{"start":{"line":69,"column":42},"end":{"line":69,"column":61}},"type":"binary-expr","locations":[{"start":{"line":69,"column":42},"end":{"line":69,"column":50}},{"start":{"line":69,"column":54},"end":{"line":69,"column":61}}]},"7":{"loc":{"start":{"line":70,"column":7},"end":{"line":77,"column":null}},"type":"binary-expr","locations":[{"start":{"line":70,"column":7},"end":{"line":70,"column":17}},{"start":{"line":71,"column":8},"end":{"line":76,"column":null}}]}},"s":{"0":1,"1":1,"2":1,"3":1,"4":1,"5":8,"6":8,"7":7,"8":8,"9":8,"10":8,"11":1,"12":1,"13":8,"14":7,"15":1,"16":1,"17":1,"18":4,"19":0,"20":8,"21":1},"f":{"0":8,"1":7,"2":8,"3":1,"4":7},"b":{"0":[8],"1":[1],"2":[8],"3":[8],"4":[1,1],"5":[1,1,1,4,0],"6":[8,7],"7":[8,8]}}
,"D:\\Projects\\2020\\react-phalladium\\packages\\lib\\components\\auto-complete\\auto-complete.tsx": {"path":"D:\\Projects\\2020\\react-phalladium\\packages\\lib\\components\\auto-complete\\auto-complete.tsx","statementMap":{"0":{"start":{"line":1,"column":0},"end":{"line":1,"column":32}},"1":{"start":{"line":2,"column":0},"end":{"line":2,"column":null}},"2":{"start":{"line":9,"column":0},"end":{"line":9,"column":66}},"3":{"start":{"line":11,"column":0},"end":{"line":11,"column":48}},"4":{"start":{"line":12,"column":0},"end":{"line":12,"column":52}},"5":{"start":{"line":14,"column":0},"end":{"line":14,"column":39}},"6":{"start":{"line":15,"column":0},"end":{"line":15,"column":36}},"7":{"start":{"line":18,"column":0},"end":{"line":18,"column":30}},"8":{"start":{"line":19,"column":0},"end":{"line":19,"column":29}},"9":{"start":{"line":28,"column":74},"end":{"line":55,"column":1}},"10":{"start":{"line":34,"column":16},"end":{"line":41,"column":null}},"11":{"start":{"line":36,"column":6},"end":{"line":40,"column":12}},"12":{"start":{"line":43,"column":2},"end":{"line":54,"column":4}},"13":{"start":{"line":57,"column":31},"end":{"line":59,"column":null}},"14":{"start":{"line":62,"column":65},"end":{"line":171,"column":1}},"15":{"start":{"line":72,"column":26},"end":{"line":78,"column":null}},"16":{"start":{"line":74,"column":41},"end":{"line":77,"column":10}},"17":{"start":{"line":81,"column":13},"end":{"line":81,"column":50}},"18":{"start":{"line":82,"column":18},"end":{"line":82,"column":46}},"19":{"start":{"line":83,"column":19},"end":{"line":83,"column":56}},"20":{"start":{"line":85,"column":28},"end":{"line":85,"column":66}},"21":{"start":{"line":86,"column":34},"end":{"line":86,"column":64}},"22":{"start":{"line":88,"column":22},"end":{"line":90,"column":null}},"23":{"start":{"line":89,"column":10},"end":{"line":89,"column":54}},"24":{"start":{"line":93,"column":21},"end":{"line":98,"column":null}},"25":{"start":{"line":95,"column":6},"end":{"line":97,"column":73}},"26":{"start":{"line":97,"column":45},"end":{"line":97,"column":72}},"27":{"start":{"line":101,"column":20},"end":{"line":106,"column":null}},"28":{"start":{"line":103,"column":6},"end":{"line":105,"column":12}},"29":{"start":{"line":104,"column":51},"end":{"line":104,"column":78}},"30":{"start":{"line":109,"column":23},"end":{"line":112,"column":8}},"31":{"start":{"line":110,"column":4},"end":{"line":110,"column":20}},"32":{"start":{"line":111,"column":4},"end":{"line":111,"column":23}},"33":{"start":{"line":114,"column":26},"end":{"line":121,"column":8}},"34":{"start":{"line":115,"column":4},"end":{"line":120,"column":null}},"35":{"start":{"line":116,"column":6},"end":{"line":116,"column":33}},"36":{"start":{"line":117,"column":6},"end":{"line":117,"column":24}},"37":{"start":{"line":118,"column":6},"end":{"line":118,"column":38}},"38":{"start":{"line":119,"column":6},"end":{"line":119,"column":32}},"39":{"start":{"line":123,"column":24},"end":{"line":123,"column":40}},"40":{"start":{"line":125,"column":2},"end":{"line":129,"column":14}},"41":{"start":{"line":126,"column":4},"end":{"line":128,"column":null}},"42":{"start":{"line":127,"column":6},"end":{"line":127,"column":24}},"43":{"start":{"line":131,"column":2},"end":{"line":135,"column":14}},"44":{"start":{"line":132,"column":4},"end":{"line":134,"column":null}},"45":{"start":{"line":133,"column":6},"end":{"line":133,"column":22}},"46":{"start":{"line":137,"column":2},"end":{"line":170,"column":4}},"47":{"start":{"line":173,"column":9},"end":{"line":173,"column":21}}},"fnMap":{"0":{"name":"(anonymous_6)","decl":{"start":{"line":28,"column":74},"end":{"line":28,"column":75}},"loc":{"start":{"line":33,"column":5},"end":{"line":55,"column":1}}},"1":{"name":"(anonymous_7)","decl":{"start":{"line":35,"column":4},"end":{"line":35,"column":7}},"loc":{"start":{"line":36,"column":6},"end":{"line":40,"column":12}}},"2":{"name":"(anonymous_8)","decl":{"start":{"line":62,"column":65},"end":{"line":62,"column":66}},"loc":{"start":{"line":71,"column":5},"end":{"line":171,"column":1}}},"3":{"name":"(anonymous_9)","decl":{"start":{"line":74,"column":24},"end":{"line":74,"column":25}},"loc":{"start":{"line":74,"column":41},"end":{"line":77,"column":10}}},"4":{"name":"(anonymous_10)","decl":{"start":{"line":89,"column":4},"end":{"line":89,"column":7}},"loc":{"start":{"line":89,"column":10},"end":{"line":89,"column":54}}},"5":{"name":"(anonymous_11)","decl":{"start":{"line":94,"column":4},"end":{"line":94,"column":7}},"loc":{"start":{"line":95,"column":6},"end":{"line":97,"column":73}}},"6":{"name":"(anonymous_12)","decl":{"start":{"line":97,"column":35},"end":{"line":97,"column":36}},"loc":{"start":{"line":97,"column":45},"end":{"line":97,"column":72}}},"7":{"name":"(anonymous_13)","decl":{"start":{"line":102,"column":4},"end":{"line":102,"column":7}},"loc":{"start":{"line":103,"column":6},"end":{"line":105,"column":12}}},"8":{"name":"(anonymous_14)","decl":{"start":{"line":104,"column":41},"end":{"line":104,"column":42}},"loc":{"start":{"line":104,"column":51},"end":{"line":104,"column":78}}},"9":{"name":"(anonymous_15)","decl":{"start":{"line":109,"column":35},"end":{"line":109,"column":36}},"loc":{"start":{"line":109,"column":53},"end":{"line":112,"column":3}}},"10":{"name":"(anonymous_16)","decl":{"start":{"line":114,"column":38},"end":{"line":114,"column":39}},"loc":{"start":{"line":114,"column":61},"end":{"line":121,"column":3}}},"11":{"name":"(anonymous_17)","decl":{"start":{"line":125,"column":12},"end":{"line":125,"column":15}},"loc":{"start":{"line":125,"column":17},"end":{"line":129,"column":3}}},"12":{"name":"(anonymous_18)","decl":{"start":{"line":131,"column":12},"end":{"line":131,"column":15}},"loc":{"start":{"line":131,"column":17},"end":{"line":135,"column":3}}}},"branchMap":{"0":{"loc":{"start":{"line":36,"column":6},"end":{"line":40,"column":12}},"type":"cond-expr","locations":[{"start":{"line":37,"column":11},"end":{"line":39,"column":null}},{"start":{"line":40,"column":10},"end":{"line":40,"column":12}}]},"1":{"loc":{"start":{"line":66,"column":2},"end":{"line":66,"column":18}},"type":"default-arg","locations":[{"start":{"line":66,"column":16},"end":{"line":66,"column":18}}]},"2":{"loc":{"start":{"line":70,"column":2},"end":{"line":70,"column":19}},"type":"default-arg","locations":[{"start":{"line":70,"column":14},"end":{"line":70,"column":19}}]},"3":{"loc":{"start":{"line":73,"column":4},"end":{"line":78,"column":10}},"type":"cond-expr","locations":[{"start":{"line":74,"column":8},"end":{"line":77,"column":11}},{"start":{"line":78,"column":8},"end":{"line":78,"column":10}}]},"4":{"loc":{"start":{"line":89,"column":10},"end":{"line":89,"column":54}},"type":"binary-expr","locations":[{"start":{"line":89,"column":10},"end":{"line":89,"column":15}},{"start":{"line":89,"column":19},"end":{"line":89,"column":54}}]},"5":{"loc":{"start":{"line":95,"column":6},"end":{"line":97,"column":73}},"type":"binary-expr","locations":[{"start":{"line":95,"column":6},"end":{"line":95,"column":15}},{"start":{"line":96,"column":6},"end":{"line":96,"column":17}},{"start":{"line":97,"column":6},"end":{"line":97,"column":73}}]},"6":{"loc":{"start":{"line":103,"column":6},"end":{"line":105,"column":12}},"type":"cond-expr","locations":[{"start":{"line":104,"column":10},"end":{"line":104,"column":79}},{"start":{"line":105,"column":10},"end":{"line":105,"column":12}}]},"7":{"loc":{"start":{"line":115,"column":4},"end":{"line":120,"column":null}},"type":"if","locations":[{"start":{"line":115,"column":4},"end":{"line":120,"column":null}}]},"8":{"loc":{"start":{"line":115,"column":8},"end":{"line":115,"column":54}},"type":"binary-expr","locations":[{"start":{"line":115,"column":8},"end":{"line":115,"column":31}},{"start":{"line":115,"column":35},"end":{"line":115,"column":54}}]},"9":{"loc":{"start":{"line":126,"column":4},"end":{"line":128,"column":null}},"type":"if","locations":[{"start":{"line":126,"column":4},"end":{"line":128,"column":null}}]},"10":{"loc":{"start":{"line":126,"column":8},"end":{"line":126,"column":39}},"type":"binary-expr","locations":[{"start":{"line":126,"column":8},"end":{"line":126,"column":30}},{"start":{"line":126,"column":34},"end":{"line":126,"column":39}}]},"11":{"loc":{"start":{"line":132,"column":4},"end":{"line":134,"column":null}},"type":"if","locations":[{"start":{"line":132,"column":4},"end":{"line":134,"column":null}}]},"12":{"loc":{"start":{"line":132,"column":8},"end":{"line":132,"column":54}},"type":"binary-expr","locations":[{"start":{"line":132,"column":8},"end":{"line":132,"column":30}},{"start":{"line":132,"column":34},"end":{"line":132,"column":54}}]},"13":{"loc":{"start":{"line":158,"column":7},"end":{"line":167,"column":null}},"type":"binary-expr","locations":[{"start":{"line":158,"column":7},"end":{"line":158,"column":17}},{"start":{"line":159,"column":8},"end":{"line":166,"column":null}}]}},"s":{"0":3,"1":3,"2":3,"3":3,"4":3,"5":3,"6":3,"7":3,"8":3,"9":3,"10":3,"11":3,"12":3,"13":3,"14":3,"15":31,"16":60,"17":31,"18":31,"19":31,"20":31,"21":31,"22":31,"23":21,"24":31,"25":21,"26":18,"27":31,"28":21,"29":35,"30":31,"31":8,"32":8,"33":31,"34":1,"35":1,"36":1,"37":1,"38":1,"39":31,"40":31,"41":21,"42":9,"43":31,"44":14,"45":9,"46":31,"47":3},"f":{"0":3,"1":3,"2":31,"3":60,"4":21,"5":21,"6":18,"7":21,"8":35,"9":8,"10":1,"11":21,"12":14},"b":{"0":[0,3],"1":[1],"2":[12],"3":[31,0],"4":[21,9],"5":[21,20,8],"6":[9,12],"7":[1],"8":[1,1],"9":[9],"10":[21,21],"11":[9],"12":[14,14],"13":[31,3]}}
,"D:\\Projects\\2020\\react-phalladium\\packages\\lib\\components\\breadcrumb\\breadcrumb-item.tsx": {"path":"D:\\Projects\\2020\\react-phalladium\\packages\\lib\\components\\breadcrumb\\breadcrumb-item.tsx","statementMap":{"0":{"start":{"line":1,"column":0},"end":{"line":1,"column":36}},"1":{"start":{"line":2,"column":0},"end":{"line":2,"column":66}},"2":{"start":{"line":3,"column":0},"end":{"line":3,"column":63}},"3":{"start":{"line":4,"column":0},"end":{"line":4,"column":54}},"4":{"start":{"line":5,"column":0},"end":{"line":5,"column":50}},"5":{"start":{"line":8,"column":63},"end":{"line":57,"column":null}},"6":{"start":{"line":17,"column":16},"end":{"line":17,"column":45}},"7":{"start":{"line":18,"column":4},"end":{"line":18,"column":18}},"8":{"start":{"line":20,"column":4},"end":{"line":24,"column":7}},"9":{"start":{"line":21,"column":6},"end":{"line":23,"column":null}},"10":{"start":{"line":22,"column":8},"end":{"line":22,"column":48}},"11":{"start":{"line":26,"column":27},"end":{"line":30,"column":10}},"12":{"start":{"line":27,"column":6},"end":{"line":29,"column":9}},"13":{"start":{"line":32,"column":27},"end":{"line":36,"column":10}},"14":{"start":{"line":33,"column":6},"end":{"line":35,"column":9}},"15":{"start":{"line":38,"column":4},"end":{"line":56,"column":6}},"16":{"start":{"line":62,"column":9},"end":{"line":62,"column":23}},"17":{"start":{"line":60,"column":0},"end":{"line":60,"column":46}}},"fnMap":{"0":{"name":"(anonymous_7)","decl":{"start":{"line":9,"column":2},"end":{"line":9,"column":3}},"loc":{"start":{"line":16,"column":28},"end":{"line":57,"column":3}}},"1":{"name":"(anonymous_8)","decl":{"start":{"line":20,"column":16},"end":{"line":20,"column":19}},"loc":{"start":{"line":20,"column":21},"end":{"line":24,"column":5}}},"2":{"name":"(anonymous_9)","decl":{"start":{"line":26,"column":35},"end":{"line":26,"column":38}},"loc":{"start":{"line":26,"column":40},"end":{"line":30,"column":5}}},"3":{"name":"(anonymous_10)","decl":{"start":{"line":32,"column":35},"end":{"line":32,"column":38}},"loc":{"start":{"line":32,"column":40},"end":{"line":36,"column":5}}}},"branchMap":{"0":{"loc":{"start":{"line":14,"column":4},"end":{"line":14,"column":20}},"type":"default-arg","locations":[{"start":{"line":14,"column":11},"end":{"line":14,"column":20}}]},"1":{"loc":{"start":{"line":15,"column":4},"end":{"line":15,"column":15}},"type":"default-arg","locations":[{"start":{"line":15,"column":11},"end":{"line":15,"column":15}}]},"2":{"loc":{"start":{"line":21,"column":6},"end":{"line":23,"column":null}},"type":"if","locations":[{"start":{"line":21,"column":6},"end":{"line":23,"column":null}}]},"3":{"loc":{"start":{"line":48,"column":9},"end":{"line":53,"column":null}},"type":"binary-expr","locations":[{"start":{"line":48,"column":9},"end":{"line":48,"column":20}},{"start":{"line":49,"column":10},"end":{"line":52,"column":null}}]},"4":{"loc":{"start":{"line":50,"column":13},"end":{"line":50,"column":55}},"type":"binary-expr","locations":[{"start":{"line":50,"column":13},"end":{"line":50,"column":31}},{"start":{"line":50,"column":35},"end":{"line":50,"column":55}}]},"5":{"loc":{"start":{"line":51,"column":13},"end":{"line":51,"column":51}},"type":"binary-expr","locations":[{"start":{"line":51,"column":13},"end":{"line":51,"column":29}},{"start":{"line":51,"column":33},"end":{"line":51,"column":51}}]},"6":{"loc":{"start":{"line":52,"column":13},"end":{"line":52,"column":36}},"type":"binary-expr","locations":[{"start":{"line":52,"column":13},"end":{"line":52,"column":29}},{"start":{"line":52,"column":33},"end":{"line":52,"column":36}}]}},"s":{"0":1,"1":1,"2":1,"3":1,"4":1,"5":1,"6":9,"7":9,"8":9,"9":0,"10":0,"11":9,"12":9,"13":9,"14":9,"15":9,"16":1,"17":1},"f":{"0":9,"1":0,"2":9,"3":9},"b":{"0":[0],"1":[0],"2":[0],"3":[9,6],"4":[6,6],"5":[6,0],"6":[6,0]}}
,"D:\\Projects\\2020\\react-phalladium\\packages\\lib\\components\\breadcrumb\\breadcrumb.tsx": {"path":"D:\\Projects\\2020\\react-phalladium\\packages\\lib\\components\\breadcrumb\\breadcrumb.tsx","statementMap":{"0":{"start":{"line":1,"column":0},"end":{"line":1,"column":32}},"1":{"start":{"line":2,"column":0},"end":{"line":2,"column":38}},"2":{"start":{"line":3,"column":0},"end":{"line":3,"column":51}},"3":{"start":{"line":5,"column":0},"end":{"line":5,"column":27}},"4":{"start":{"line":7,"column":61},"end":{"line":39,"column":1}},"5":{"start":{"line":13,"column":16},"end":{"line":18,"column":null}},"6":{"start":{"line":15,"column":28},"end":{"line":17,"column":10}},"7":{"start":{"line":20,"column":2},"end":{"line":38,"column":4}},"8":{"start":{"line":27,"column":8},"end":{"line":34,"column":null}},"9":{"start":{"line":41,"column":9},"end":{"line":41,"column":19}}},"fnMap":{"0":{"name":"(anonymous_6)","decl":{"start":{"line":7,"column":61},"end":{"line":7,"column":62}},"loc":{"start":{"line":12,"column":5},"end":{"line":39,"column":1}}},"1":{"name":"(anonymous_7)","decl":{"start":{"line":15,"column":21},"end":{"line":15,"column":24}},"loc":{"start":{"line":15,"column":28},"end":{"line":17,"column":10}}},"2":{"name":"(anonymous_8)","decl":{"start":{"line":26,"column":25},"end":{"line":26,"column":26}},"loc":{"start":{"line":27,"column":8},"end":{"line":34,"column":null}}}},"branchMap":{"0":{"loc":{"start":{"line":10,"column":2},"end":{"line":10,"column":18}},"type":"default-arg","locations":[{"start":{"line":10,"column":9},"end":{"line":10,"column":18}}]},"1":{"loc":{"start":{"line":11,"column":2},"end":{"line":11,"column":13}},"type":"default-arg","locations":[{"start":{"line":11,"column":9},"end":{"line":11,"column":13}}]},"2":{"loc":{"start":{"line":14,"column":4},"end":{"line":18,"column":10}},"type":"cond-expr","locations":[{"start":{"line":15,"column":8},"end":{"line":17,"column":11}},{"start":{"line":18,"column":8},"end":{"line":18,"column":10}}]},"3":{"loc":{"start":{"line":28,"column":17},"end":{"line":28,"column":59}},"type":"binary-expr","locations":[{"start":{"line":28,"column":17},"end":{"line":28,"column":40}},{"start":{"line":28,"column":44},"end":{"line":28,"column":59}}]}},"s":{"0":1,"1":1,"2":1,"3":1,"4":1,"5":3,"6":9,"7":3,"8":9,"9":1},"f":{"0":3,"1":9,"2":9},"b":{"0":[3],"1":[3],"2":[3,0],"3":[9,9]}}
,"D:\\Projects\\2020\\react-phalladium\\packages\\lib\\components\\button\\button.tsx": {"path":"D:\\Projects\\2020\\react-phalladium\\packages\\lib\\components\\button\\button.tsx","statementMap":{"0":{"start":{"line":1,"column":0},"end":{"line":1,"column":36}},"1":{"start":{"line":2,"column":0},"end":{"line":2,"column":47}},"2":{"start":{"line":3,"column":0},"end":{"line":3,"column":54}},"3":{"start":{"line":4,"column":0},"end":{"line":4,"column":65}},"4":{"start":{"line":6,"column":0},"end":{"line":6,"column":23}},"5":{"start":{"line":8,"column":53},"end":{"line":72,"column":1}},"6":{"start":{"line":20,"column":22},"end":{"line":30,"column":null}},"7":{"start":{"line":22,"column":6},"end":{"line":28,"column":null}},"8":{"start":{"line":35,"column":14},"end":{"line":35,"column":26}},"9":{"start":{"line":37,"column":2},"end":{"line":39,"column":null}},"10":{"start":{"line":38,"column":4},"end":{"line":38,"column":27}},"11":{"start":{"line":41,"column":25},"end":{"line":45,"column":null}},"12":{"start":{"line":42,"column":11},"end":{"line":44,"column":6}},"13":{"start":{"line":49,"column":22},"end":{"line":49,"column":52}},"14":{"start":{"line":49,"column":28},"end":{"line":49,"column":52}},"15":{"start":{"line":51,"column":2},"end":{"line":71,"column":4}},"16":{"start":{"line":74,"column":9},"end":{"line":74,"column":15}}},"fnMap":{"0":{"name":"(anonymous_7)","decl":{"start":{"line":8,"column":53},"end":{"line":8,"column":54}},"loc":{"start":{"line":18,"column":5},"end":{"line":72,"column":1}}},"1":{"name":"(anonymous_8)","decl":{"start":{"line":21,"column":4},"end":{"line":21,"column":7}},"loc":{"start":{"line":22,"column":6},"end":{"line":28,"column":null}}},"2":{"name":"(anonymous_9)","decl":{"start":{"line":42,"column":4},"end":{"line":42,"column":7}},"loc":{"start":{"line":42,"column":11},"end":{"line":44,"column":6}}},"3":{"name":"(anonymous_10)","decl":{"start":{"line":49,"column":22},"end":{"line":49,"column":25}},"loc":{"start":{"line":49,"column":28},"end":{"line":49,"column":52}}}},"branchMap":{"0":{"loc":{"start":{"line":9,"column":2},"end":{"line":9,"column":15}},"type":"default-arg","locations":[{"start":{"line":9,"column":11},"end":{"line":9,"column":15}}]},"1":{"loc":{"start":{"line":11,"column":2},"end":{"line":11,"column":18}},"type":"default-arg","locations":[{"start":{"line":11,"column":13},"end":{"line":11,"column":18}}]},"2":{"loc":{"start":{"line":12,"column":2},"end":{"line":12,"column":18}},"type":"default-arg","locations":[{"start":{"line":12,"column":14},"end":{"line":12,"column":18}}]},"3":{"loc":{"start":{"line":13,"column":2},"end":{"line":13,"column":18}},"type":"default-arg","locations":[{"start":{"line":13,"column":9},"end":{"line":13,"column":18}}]},"4":{"loc":{"start":{"line":14,"column":2},"end":{"line":14,"column":12}},"type":"default-arg","locations":[{"start":{"line":14,"column":10},"end":{"line":14,"column":12}}]},"5":{"loc":{"start":{"line":16,"column":2},"end":{"line":16,"column":13}},"type":"default-arg","locations":[{"start":{"line":16,"column":9},"end":{"line":16,"column":13}}]},"6":{"loc":{"start":{"line":17,"column":2},"end":{"line":17,"column":12}},"type":"default-arg","locations":[{"start":{"line":17,"column":10},"end":{"line":17,"column":12}}]},"7":{"loc":{"start":{"line":37,"column":2},"end":{"line":39,"column":null}},"type":"if","locations":[{"start":{"line":37,"column":2},"end":{"line":39,"column":null}}]},"8":{"loc":{"start":{"line":43,"column":16},"end":{"line":43,"column":34}},"type":"cond-expr","locations":[{"start":{"line":43,"column":28},"end":{"line":43,"column":29}},{"start":{"line":43,"column":32},"end":{"line":43,"column":34}}]},"9":{"loc":{"start":{"line":49,"column":28},"end":{"line":49,"column":52}},"type":"binary-expr","locations":[{"start":{"line":49,"column":28},"end":{"line":49,"column":37}},{"start":{"line":49,"column":41},"end":{"line":49,"column":52}}]},"10":{"loc":{"start":{"line":61,"column":7},"end":{"line":64,"column":null}},"type":"binary-expr","locations":[{"start":{"line":61,"column":7},"end":{"line":61,"column":26}},{"start":{"line":61,"column":30},"end":{"line":61,"column":39}},{"start":{"line":62,"column":8},"end":{"line":63,"column":null}}]},"11":{"loc":{"start":{"line":66,"column":7},"end":{"line":66,"column":76}},"type":"binary-expr","locations":[{"start":{"line":66,"column":7},"end":{"line":66,"column":15}},{"start":{"line":66,"column":19},"end":{"line":66,"column":76}}]},"12":{"loc":{"start":{"line":67,"column":7},"end":{"line":68,"column":null}},"type":"binary-expr","locations":[{"start":{"line":67,"column":7},"end":{"line":67,"column":12}},{"start":{"line":67,"column":16},"end":{"line":67,"column":31}},{"start":{"line":68,"column":8},"end":{"line":68,"column":53}}]}},"s":{"0":9,"1":9,"2":9,"3":9,"4":9,"5":9,"6":71,"7":52,"8":71,"9":71,"10":63,"11":71,"12":50,"13":71,"14":4,"15":71,"16":9},"f":{"0":71,"1":52,"2":50,"3":4},"b":{"0":[69],"1":[54],"2":[62],"3":[15],"4":[35],"5":[26],"6":[63],"7":[63],"8":[42,8],"9":[4,3],"10":[71,0,0],"11":[71,61],"12":[71,36,19]}}
,"D:\\Projects\\2020\\react-phalladium\\packages\\lib\\components\\card\\card.tsx": {"path":"D:\\Projects\\2020\\react-phalladium\\packages\\lib\\components\\card\\card.tsx","statementMap":{"0":{"start":{"line":1,"column":0},"end":{"line":1,"column":36}},"1":{"start":{"line":2,"column":0},"end":{"line":2,"column":47}},"2":{"start":{"line":4,"column":0},"end":{"line":4,"column":21}},"3":{"start":{"line":6,"column":49},"end":{"line":53,"column":1}},"4":{"start":{"line":16,"column":14},"end":{"line":16,"column":42}},"5":{"start":{"line":18,"column":16},"end":{"line":25,"column":17}},"6":{"start":{"line":19,"column":4},"end":{"line":24,"column":6}},"7":{"start":{"line":27,"column":27},"end":{"line":32,"column":14}},"8":{"start":{"line":28,"column":4},"end":{"line":31,"column":7}},"9":{"start":{"line":34,"column":26},"end":{"line":38,"column":8}},"10":{"start":{"line":35,"column":4},"end":{"line":37,"column":7}},"11":{"start":{"line":40,"column":26},"end":{"line":44,"column":8}},"12":{"start":{"line":41,"column":4},"end":{"line":43,"column":7}},"13":{"start":{"line":46,"column":2},"end":{"line":52,"column":4}},"14":{"start":{"line":55,"column":9},"end":{"line":55,"column":13}}},"fnMap":{"0":{"name":"(anonymous_7)","decl":{"start":{"line":6,"column":49},"end":{"line":6,"column":50}},"loc":{"start":{"line":15,"column":5},"end":{"line":53,"column":1}}},"1":{"name":"(anonymous_8)","decl":{"start":{"line":18,"column":24},"end":{"line":18,"column":27}},"loc":{"start":{"line":18,"column":29},"end":{"line":25,"column":3}}},"2":{"name":"(anonymous_9)","decl":{"start":{"line":27,"column":35},"end":{"line":27,"column":38}},"loc":{"start":{"line":27,"column":40},"end":{"line":32,"column":3}}},"3":{"name":"(anonymous_10)","decl":{"start":{"line":34,"column":34},"end":{"line":34,"column":37}},"loc":{"start":{"line":34,"column":39},"end":{"line":38,"column":3}}},"4":{"name":"(anonymous_11)","decl":{"start":{"line":40,"column":34},"end":{"line":40,"column":37}},"loc":{"start":{"line":40,"column":39},"end":{"line":44,"column":3}}}},"branchMap":{"0":{"loc":{"start":{"line":7,"column":2},"end":{"line":7,"column":22}},"type":"default-arg","locations":[{"start":{"line":7,"column":16},"end":{"line":7,"column":22}}]},"1":{"loc":{"start":{"line":8,"column":2},"end":{"line":8,"column":22}},"type":"default-arg","locations":[{"start":{"line":8,"column":16},"end":{"line":8,"column":22}}]},"2":{"loc":{"start":{"line":9,"column":2},"end":{"line":9,"column":16}},"type":"default-arg","locations":[{"start":{"line":9,"column":11},"end":{"line":9,"column":16}}]},"3":{"loc":{"start":{"line":13,"column":2},"end":{"line":13,"column":17}},"type":"default-arg","locations":[{"start":{"line":13,"column":14},"end":{"line":13,"column":17}}]},"4":{"loc":{"start":{"line":14,"column":2},"end":{"line":14,"column":15}},"type":"default-arg","locations":[{"start":{"line":14,"column":11},"end":{"line":14,"column":15}}]},"5":{"loc":{"start":{"line":20,"column":27},"end":{"line":20,"column":47}},"type":"cond-expr","locations":[{"start":{"line":20,"column":36},"end":{"line":20,"column":42}},{"start":{"line":20,"column":45},"end":{"line":20,"column":47}}]},"6":{"loc":{"start":{"line":21,"column":8},"end":{"line":21,"column":null}},"type":"cond-expr","locations":[{"start":{"line":21,"column":17},"end":{"line":21,"column":23}},{"start":{"line":21,"column":26},"end":{"line":21,"column":null}}]},"7":{"loc":{"start":{"line":48,"column":7},"end":{"line":48,"column":70}},"type":"binary-expr","locations":[{"start":{"line":48,"column":7},"end":{"line":48,"column":13}},{"start":{"line":48,"column":17},"end":{"line":48,"column":70}}]},"8":{"loc":{"start":{"line":50,"column":7},"end":{"line":50,"column":70}},"type":"binary-expr","locations":[{"start":{"line":50,"column":7},"end":{"line":50,"column":13}},{"start":{"line":50,"column":17},"end":{"line":50,"column":70}}]}},"s":{"0":1,"1":1,"2":1,"3":1,"4":2,"5":2,"6":2,"7":2,"8":2,"9":2,"10":2,"11":2,"12":2,"13":2,"14":1},"f":{"0":2,"1":2,"2":2,"3":2,"4":2},"b":{"0":[2],"1":[2],"2":[2],"3":[2],"4":[2],"5":[1,1],"6":[1,1],"7":[2,1],"8":[2,1]}}
,"D:\\Projects\\2020\\react-phalladium\\packages\\lib\\components\\carousel\\carousel-button.tsx": {"path":"D:\\Projects\\2020\\react-phalladium\\packages\\lib\\components\\carousel\\carousel-button.tsx","statementMap":{"0":{"start":{"line":1,"column":0},"end":{"line":1,"column":36}},"1":{"start":{"line":2,"column":0},"end":{"line":2,"column":26}},"2":{"start":{"line":3,"column":0},"end":{"line":3,"column":47}},"3":{"start":{"line":4,"column":0},"end":{"line":4,"column":42}},"4":{"start":{"line":6,"column":0},"end":{"line":6,"column":25}},"5":{"start":{"line":8,"column":69},"end":{"line":34,"column":1}},"6":{"start":{"line":16,"column":2},"end":{"line":33,"column":4}},"7":{"start":{"line":38,"column":9},"end":{"line":38,"column":23}},"8":{"start":{"line":36,"column":0},"end":{"line":36,"column":46}}},"fnMap":{"0":{"name":"(anonymous_1)","decl":{"start":{"line":8,"column":69},"end":{"line":8,"column":70}},"loc":{"start":{"line":15,"column":26},"end":{"line":34,"column":1}}}},"branchMap":{},"s":{"0":3,"1":3,"2":3,"3":3,"4":3,"5":3,"6":17,"7":3,"8":3},"f":{"0":17},"b":{}}
,"D:\\Projects\\2020\\react-phalladium\\packages\\lib\\components\\carousel\\carousel-items.tsx": {"path":"D:\\Projects\\2020\\react-phalladium\\packages\\lib\\components\\carousel\\carousel-items.tsx","statementMap":{"0":{"start":{"line":1,"column":0},"end":{"line":1,"column":65}},"1":{"start":{"line":3,"column":0},"end":{"line":3,"column":25}},"2":{"start":{"line":5,"column":67},"end":{"line":47,"column":1}},"3":{"start":{"line":14,"column":24},"end":{"line":22,"column":33}},"4":{"start":{"line":15,"column":4},"end":{"line":21,"column":23}},"5":{"start":{"line":24,"column":2},"end":{"line":46,"column":4}},"6":{"start":{"line":27,"column":8},"end":{"line":42,"column":null}},"7":{"start":{"line":51,"column":9},"end":{"line":51,"column":22}},"8":{"start":{"line":49,"column":0},"end":{"line":49,"column":44}}},"fnMap":{"0":{"name":"(anonymous_6)","decl":{"start":{"line":5,"column":67},"end":{"line":5,"column":68}},"loc":{"start":{"line":13,"column":25},"end":{"line":47,"column":1}}},"1":{"name":"(anonymous_7)","decl":{"start":{"line":14,"column":32},"end":{"line":14,"column":35}},"loc":{"start":{"line":14,"column":37},"end":{"line":22,"column":3}}},"2":{"name":"(anonymous_8)","decl":{"start":{"line":26,"column":25},"end":{"line":26,"column":26}},"loc":{"start":{"line":27,"column":8},"end":{"line":42,"column":null}}}},"branchMap":{"0":{"loc":{"start":{"line":6,"column":2},"end":{"line":6,"column":16}},"type":"default-arg","locations":[{"start":{"line":6,"column":15},"end":{"line":6,"column":16}}]},"1":{"loc":{"start":{"line":17,"column":8},"end":{"line":19,"column":51}},"type":"cond-expr","locations":[{"start":{"line":18,"column":12},"end":{"line":18,"column":50}},{"start":{"line":19,"column":12},"end":{"line":19,"column":51}}]},"2":{"loc":{"start":{"line":34,"column":18},"end":{"line":34,"column":60}},"type":"cond-expr","locations":[{"start":{"line":34,"column":47},"end":{"line":34,"column":56}},{"start":{"line":34,"column":59},"end":{"line":34,"column":60}}]},"3":{"loc":{"start":{"line":35,"column":17},"end":{"line":35,"column":58}},"type":"cond-expr","locations":[{"start":{"line":35,"column":46},"end":{"line":35,"column":47}},{"start":{"line":35,"column":50},"end":{"line":35,"column":58}}]},"4":{"loc":{"start":{"line":36,"column":24},"end":{"line":36,"column":63}},"type":"cond-expr","locations":[{"start":{"line":36,"column":43},"end":{"line":36,"column":51}},{"start":{"line":36,"column":54},"end":{"line":36,"column":63}}]}},"s":{"0":2,"1":2,"2":2,"3":5,"4":5,"5":5,"6":10,"7":2,"8":2},"f":{"0":5,"1":5,"2":10},"b":{"0":[0],"1":[4,1],"2":[8,2],"3":[8,2],"4":[6,4]}}
,"D:\\Projects\\2020\\react-phalladium\\packages\\lib\\components\\carousel\\carousel-track.tsx": {"path":"D:\\Projects\\2020\\react-phalladium\\packages\\lib\\components\\carousel\\carousel-track.tsx","statementMap":{"0":{"start":{"line":1,"column":0},"end":{"line":1,"column":36}},"1":{"start":{"line":2,"column":0},"end":{"line":2,"column":39}},"2":{"start":{"line":3,"column":0},"end":{"line":3,"column":51}},"3":{"start":{"line":5,"column":0},"end":{"line":5,"column":31}},"4":{"start":{"line":7,"column":67},"end":{"line":64,"column":1}},"5":{"start":{"line":18,"column":29},"end":{"line":20,"column":null}},"6":{"start":{"line":19,"column":10},"end":{"line":19,"column":77}},"7":{"start":{"line":23,"column":33},"end":{"line":28,"column":null}},"8":{"start":{"line":25,"column":6},"end":{"line":27,"column":8}},"9":{"start":{"line":31,"column":2},"end":{"line":63,"column":4}},"10":{"start":{"line":43,"column":10},"end":{"line":50,"column":null}},"11":{"start":{"line":50,"column":27},"end":{"line":50,"column":49}},"12":{"start":{"line":66,"column":9},"end":{"line":66,"column":22}}},"fnMap":{"0":{"name":"(anonymous_7)","decl":{"start":{"line":7,"column":67},"end":{"line":7,"column":68}},"loc":{"start":{"line":17,"column":25},"end":{"line":64,"column":1}}},"1":{"name":"(anonymous_8)","decl":{"start":{"line":19,"column":4},"end":{"line":19,"column":7}},"loc":{"start":{"line":19,"column":10},"end":{"line":19,"column":77}}},"2":{"name":"(anonymous_9)","decl":{"start":{"line":24,"column":4},"end":{"line":24,"column":7}},"loc":{"start":{"line":25,"column":6},"end":{"line":27,"column":8}}},"3":{"name":"(anonymous_10)","decl":{"start":{"line":42,"column":36},"end":{"line":42,"column":37}},"loc":{"start":{"line":43,"column":10},"end":{"line":50,"column":null}}},"4":{"name":"(anonymous_11)","decl":{"start":{"line":50,"column":21},"end":{"line":50,"column":24}},"loc":{"start":{"line":50,"column":27},"end":{"line":50,"column":49}}}},"branchMap":{"0":{"loc":{"start":{"line":48,"column":14},"end":{"line":48,"column":76}},"type":"cond-expr","locations":[{"start":{"line":48,"column":38},"end":{"line":48,"column":71}},{"start":{"line":48,"column":74},"end":{"line":48,"column":76}}]}},"s":{"0":2,"1":2,"2":2,"3":2,"4":2,"5":7,"6":7,"7":7,"8":7,"9":7,"10":18,"11":1,"12":2},"f":{"0":7,"1":7,"2":7,"3":18,"4":1},"b":{"0":[7,11]}}
,"D:\\Projects\\2020\\react-phalladium\\packages\\lib\\components\\carousel\\carousel.tsx": {"path":"D:\\Projects\\2020\\react-phalladium\\packages\\lib\\components\\carousel\\carousel.tsx","statementMap":{"0":{"start":{"line":1,"column":0},"end":{"line":1,"column":36}},"1":{"start":{"line":2,"column":0},"end":{"line":2,"column":32}},"2":{"start":{"line":3,"column":0},"end":{"line":3,"column":null}},"3":{"start":{"line":12,"column":0},"end":{"line":12,"column":54}},"4":{"start":{"line":13,"column":0},"end":{"line":13,"column":43}},"5":{"start":{"line":14,"column":0},"end":{"line":14,"column":50}},"6":{"start":{"line":15,"column":0},"end":{"line":15,"column":49}},"7":{"start":{"line":17,"column":0},"end":{"line":17,"column":49}},"8":{"start":{"line":18,"column":0},"end":{"line":18,"column":25}},"9":{"start":{"line":20,"column":57},"end":{"line":225,"column":1}},"10":{"start":{"line":29,"column":22},"end":{"line":29,"column":57}},"11":{"start":{"line":30,"column":44},"end":{"line":38,"column":null}},"12":{"start":{"line":32,"column":28},"end":{"line":37,"column":10}},"13":{"start":{"line":41,"column":21},"end":{"line":41,"column":74}},"14":{"start":{"line":42,"column":22},"end":{"line":42,"column":38}},"15":{"start":{"line":44,"column":38},"end":{"line":44,"column":49}},"16":{"start":{"line":45,"column":38},"end":{"line":45,"column":49}},"17":{"start":{"line":46,"column":40},"end":{"line":46,"column":51}},"18":{"start":{"line":47,"column":42},"end":{"line":47,"column":62}},"19":{"start":{"line":49,"column":32},"end":{"line":49,"column":60}},"20":{"start":{"line":50,"column":33},"end":{"line":50,"column":62}},"21":{"start":{"line":52,"column":25},"end":{"line":52,"column":60}},"22":{"start":{"line":54,"column":21},"end":{"line":56,"column":18}},"23":{"start":{"line":55,"column":4},"end":{"line":55,"column":77}},"24":{"start":{"line":55,"column":67},"end":{"line":55,"column":75}},"25":{"start":{"line":58,"column":25},"end":{"line":60,"column":18}},"26":{"start":{"line":59,"column":4},"end":{"line":59,"column":38}},"27":{"start":{"line":59,"column":28},"end":{"line":59,"column":36}},"28":{"start":{"line":62,"column":29},"end":{"line":64,"column":null}},"29":{"start":{"line":63,"column":19},"end":{"line":63,"column":43}},"30":{"start":{"line":67,"column":20},"end":{"line":81,"column":8}},"31":{"start":{"line":68,"column":4},"end":{"line":80,"column":null}},"32":{"start":{"line":69,"column":44},"end":{"line":69,"column":48}},"33":{"start":{"line":70,"column":6},"end":{"line":70,"column":33}},"34":{"start":{"line":71,"column":6},"end":{"line":71,"column":35}},"35":{"start":{"line":73,"column":6},"end":{"line":77,"column":9}},"36":{"start":{"line":74,"column":46},"end":{"line":74,"column":65}},"37":{"start":{"line":75,"column":8},"end":{"line":75,"column":35}},"38":{"start":{"line":76,"column":8},"end":{"line":76,"column":37}},"39":{"start":{"line":79,"column":6},"end":{"line":79,"column":43}},"40":{"start":{"line":83,"column":2},"end":{"line":100,"column":50}},"41":{"start":{"line":84,"column":4},"end":{"line":99,"column":null}},"42":{"start":{"line":85,"column":19},"end":{"line":85,"column":62}},"43":{"start":{"line":86,"column":6},"end":{"line":98,"column":8}},"44":{"start":{"line":87,"column":36},"end":{"line":97,"column":10}},"45":{"start":{"line":102,"column":25},"end":{"line":104,"column":null}},"46":{"start":{"line":103,"column":10},"end":{"line":103,"column":47}},"47":{"start":{"line":107,"column":2},"end":{"line":126,"column":39}},"48":{"start":{"line":108,"column":4},"end":{"line":125,"column":null}},"49":{"start":{"line":113,"column":6},"end":{"line":113,"column":27}},"50":{"start":{"line":114,"column":6},"end":{"line":124,"column":19}},"51":{"start":{"line":115,"column":8},"end":{"line":123,"column":11}},"52":{"start":{"line":116,"column":10},"end":{"line":120,"column":null}},"53":{"start":{"line":117,"column":12},"end":{"line":117,"column":47}},"54":{"start":{"line":118,"column":12},"end":{"line":118,"column":34}},"55":{"start":{"line":119,"column":12},"end":{"line":119,"column":24}},"56":{"start":{"line":122,"column":10},"end":{"line":122,"column":26}},"57":{"start":{"line":128,"column":29},"end":{"line":128,"column":74}},"58":{"start":{"line":128,"column":43},"end":{"line":128,"column":59}},"59":{"start":{"line":130,"column":29},"end":{"line":139,"column":null}},"60":{"start":{"line":132,"column":6},"end":{"line":138,"column":8}},"61":{"start":{"line":142,"column":33},"end":{"line":148,"column":null}},"62":{"start":{"line":144,"column":6},"end":{"line":147,"column":8}},"63":{"start":{"line":151,"column":31},"end":{"line":157,"column":null}},"64":{"start":{"line":153,"column":7},"end":{"line":156,"column":null}},"65":{"start":{"line":160,"column":23},"end":{"line":163,"column":null}},"66":{"start":{"line":162,"column":6},"end":{"line":162,"column":77}},"67":{"start":{"line":166,"column":2},"end":{"line":182,"column":null}},"68":{"start":{"line":167,"column":28},"end":{"line":167,"column":56}},"69":{"start":{"line":169,"column":4},"end":{"line":181,"column":22}},"70":{"start":{"line":170,"column":6},"end":{"line":180,"column":null}},"71":{"start":{"line":174,"column":8},"end":{"line":174,"column":25}},"72":{"start":{"line":175,"column":13},"end":{"line":180,"column":null}},"73":{"start":{"line":179,"column":8},"end":{"line":179,"column":21}},"74":{"start":{"line":184,"column":2},"end":{"line":188,"column":9}},"75":{"start":{"line":185,"column":4},"end":{"line":187,"column":6}},"76":{"start":{"line":186,"column":6},"end":{"line":186,"column":43}},"77":{"start":{"line":190,"column":2},"end":{"line":224,"column":4}},"78":{"start":{"line":227,"column":9},"end":{"line":227,"column":17}}},"fnMap":{"0":{"name":"(anonymous_7)","decl":{"start":{"line":20,"column":57},"end":{"line":20,"column":58}},"loc":{"start":{"line":28,"column":5},"end":{"line":225,"column":1}}},"1":{"name":"(anonymous_8)","decl":{"start":{"line":32,"column":21},"end":{"line":32,"column":24}},"loc":{"start":{"line":32,"column":28},"end":{"line":37,"column":10}}},"2":{"name":"(anonymous_9)","decl":{"start":{"line":54,"column":33},"end":{"line":54,"column":36}},"loc":{"start":{"line":54,"column":38},"end":{"line":56,"column":3}}},"3":{"name":"(anonymous_10)","decl":{"start":{"line":55,"column":57},"end":{"line":55,"column":58}},"loc":{"start":{"line":55,"column":67},"end":{"line":55,"column":75}}},"4":{"name":"(anonymous_11)","decl":{"start":{"line":58,"column":37},"end":{"line":58,"column":40}},"loc":{"start":{"line":58,"column":42},"end":{"line":60,"column":3}}},"5":{"name":"(anonymous_12)","decl":{"start":{"line":59,"column":18},"end":{"line":59,"column":19}},"loc":{"start":{"line":59,"column":28},"end":{"line":59,"column":36}}},"6":{"name":"(anonymous_13)","decl":{"start":{"line":63,"column":4},"end":{"line":63,"column":5}},"loc":{"start":{"line":63,"column":19},"end":{"line":63,"column":43}}},"7":{"name":"(anonymous_14)","decl":{"start":{"line":67,"column":32},"end":{"line":67,"column":33}},"loc":{"start":{"line":67,"column":41},"end":{"line":81,"column":3}}},"8":{"name":"(anonymous_15)","decl":{"start":{"line":73,"column":50},"end":{"line":73,"column":53}},"loc":{"start":{"line":73,"column":55},"end":{"line":77,"column":7}}},"9":{"name":"(anonymous_16)","decl":{"start":{"line":83,"column":18},"end":{"line":83,"column":21}},"loc":{"start":{"line":83,"column":23},"end":{"line":100,"column":3}}},"10":{"name":"(anonymous_17)","decl":{"start":{"line":87,"column":21},"end":{"line":87,"column":22}},"loc":{"start":{"line":87,"column":36},"end":{"line":97,"column":10}}},"11":{"name":"(anonymous_18)","decl":{"start":{"line":103,"column":4},"end":{"line":103,"column":7}},"loc":{"start":{"line":103,"column":10},"end":{"line":103,"column":47}}},"12":{"name":"(anonymous_19)","decl":{"start":{"line":107,"column":18},"end":{"line":107,"column":21}},"loc":{"start":{"line":107,"column":23},"end":{"line":126,"column":3}}},"13":{"name":"(anonymous_20)","decl":{"start":{"line":114,"column":47},"end":{"line":114,"column":50}},"loc":{"start":{"line":114,"column":52},"end":{"line":124,"column":7}}},"14":{"name":"(anonymous_21)","decl":{"start":{"line":115,"column":22},"end":{"line":115,"column":23}},"loc":{"start":{"line":115,"column":31},"end":{"line":123,"column":9}}},"15":{"name":"(anonymous_22)","decl":{"start":{"line":128,"column":37},"end":{"line":128,"column":40}},"loc":{"start":{"line":128,"column":43},"end":{"line":128,"column":59}}},"16":{"name":"(anonymous_23)","decl":{"start":{"line":131,"column":4},"end":{"line":131,"column":7}},"loc":{"start":{"line":132,"column":6},"end":{"line":138,"column":8}}},"17":{"name":"(anonymous_24)","decl":{"start":{"line":143,"column":4},"end":{"line":143,"column":7}},"loc":{"start":{"line":144,"column":6},"end":{"line":147,"column":8}}},"18":{"name":"(anonymous_25)","decl":{"start":{"line":152,"column":4},"end":{"line":152,"column":7}},"loc":{"start":{"line":153,"column":7},"end":{"line":156,"column":null}}},"19":{"name":"(anonymous_26)","decl":{"start":{"line":161,"column":4},"end":{"line":161,"column":7}},"loc":{"start":{"line":162,"column":6},"end":{"line":162,"column":77}}},"20":{"name":"(anonymous_27)","decl":{"start":{"line":169,"column":14},"end":{"line":169,"column":17}},"loc":{"start":{"line":169,"column":19},"end":{"line":181,"column":5}}},"21":{"name":"(anonymous_28)","decl":{"start":{"line":184,"column":12},"end":{"line":184,"column":15}},"loc":{"start":{"line":184,"column":17},"end":{"line":188,"column":3}}},"22":{"name":"(anonymous_29)","decl":{"start":{"line":185,"column":11},"end":{"line":185,"column":14}},"loc":{"start":{"line":185,"column":16},"end":{"line":187,"column":5}}}},"branchMap":{"0":{"loc":{"start":{"line":21,"column":2},"end":{"line":21,"column":14}},"type":"default-arg","locations":[{"start":{"line":21,"column":13},"end":{"line":21,"column":14}}]},"1":{"loc":{"start":{"line":23,"column":2},"end":{"line":23,"column":26}},"type":"default-arg","locations":[{"start":{"line":23,"column":14},"end":{"line":23,"column":26}}]},"2":{"loc":{"start":{"line":24,"column":2},"end":{"line":24,"column":14}},"type":"default-arg","locations":[{"start":{"line":24,"column":11},"end":{"line":24,"column":14}}]},"3":{"loc":{"start":{"line":25,"column":2},"end":{"line":25,"column":53}},"type":"default-arg","locations":[{"start":{"line":25,"column":15},"end":{"line":25,"column":53}}]},"4":{"loc":{"start":{"line":26,"column":2},"end":{"line":26,"column":21}},"type":"default-arg","locations":[{"start":{"line":26,"column":16},"end":{"line":26,"column":21}}]},"5":{"loc":{"start":{"line":27,"column":2},"end":{"line":27,"column":19}},"type":"default-arg","locations":[{"start":{"line":27,"column":14},"end":{"line":27,"column":19}}]},"6":{"loc":{"start":{"line":31,"column":4},"end":{"line":38,"column":10}},"type":"cond-expr","locations":[{"start":{"line":32,"column":8},"end":{"line":37,"column":11}},{"start":{"line":38,"column":8},"end":{"line":38,"column":10}}]},"7":{"loc":{"start":{"line":41,"column":28},"end":{"line":41,"column":73}},"type":"cond-expr","locations":[{"start":{"line":41,"column":54},"end":{"line":41,"column":69}},{"start":{"line":41,"column":72},"end":{"line":41,"column":73}}]},"8":{"loc":{"start":{"line":55,"column":4},"end":{"line":55,"column":76}},"type":"binary-expr","locations":[{"start":{"line":55,"column":4},"end":{"line":55,"column":39}},{"start":{"line":55,"column":43},"end":{"line":55,"column":76}}]},"9":{"loc":{"start":{"line":68,"column":4},"end":{"line":80,"column":null}},"type":"if","locations":[{"start":{"line":68,"column":4},"end":{"line":80,"column":null}}]},"10":{"loc":{"start":{"line":84,"column":4},"end":{"line":99,"column":null}},"type":"if","locations":[{"start":{"line":84,"column":4},"end":{"line":99,"column":null}}]},"11":{"loc":{"start":{"line":84,"column":8},"end":{"line":84,"column":60}},"type":"binary-expr","locations":[{"start":{"line":84,"column":8},"end":{"line":84,"column":18}},{"start":{"line":84,"column":22},"end":{"line":84,"column":33}},{"start":{"line":84,"column":37},"end":{"line":84,"column":60}}]},"12":{"loc":{"start":{"line":85,"column":19},"end":{"line":85,"column":62}},"type":"cond-expr","locations":[{"start":{"line":85,"column":48},"end":{"line":85,"column":54}},{"start":{"line":85,"column":57},"end":{"line":85,"column":62}}]},"13":{"loc":{"start":{"line":91,"column":12},"end":{"line":93,"column":null}},"type":"cond-expr","locations":[{"start":{"line":92,"column":16},"end":{"line":92,"column":34}},{"start":{"line":93,"column":16},"end":{"line":93,"column":null}}]},"14":{"loc":{"start":{"line":108,"column":4},"end":{"line":125,"column":null}},"type":"if","locations":[{"start":{"line":108,"column":4},"end":{"line":125,"column":null}}]},"15":{"loc":{"start":{"line":109,"column":6},"end":{"line":111,"column":43}},"type":"binary-expr","locations":[{"start":{"line":109,"column":6},"end":{"line":109,"column":26}},{"start":{"line":110,"column":6},"end":{"line":110,"column":14}},{"start":{"line":111,"column":6},"end":{"line":111,"column":43}}]},"16":{"loc":{"start":{"line":116,"column":10},"end":{"line":120,"column":null}},"type":"if","locations":[{"start":{"line":116,"column":10},"end":{"line":120,"column":null}}]},"17":{"loc":{"start":{"line":166,"column":2},"end":{"line":182,"column":null}},"type":"if","locations":[{"start":{"line":166,"column":2},"end":{"line":182,"column":null}}]},"18":{"loc":{"start":{"line":170,"column":6},"end":{"line":180,"column":null}},"type":"if","locations":[{"start":{"line":170,"column":6},"end":{"line":180,"column":null}},{"start":{"line":175,"column":13},"end":{"line":180,"column":null}}]},"19":{"loc":{"start":{"line":171,"column":8},"end":{"line":172,"column":54}},"type":"binary-expr","locations":[{"start":{"line":171,"column":9},"end":{"line":171,"column":24}},{"start":{"line":171,"column":28},"end":{"line":171,"column":54}},{"start":{"line":172,"column":9},"end":{"line":172,"column":25}},{"start":{"line":172,"column":29},"end":{"line":172,"column":53}}]},"20":{"loc":{"start":{"line":175,"column":13},"end":{"line":180,"column":null}},"type":"if","locations":[{"start":{"line":175,"column":13},"end":{"line":180,"column":null}}]},"21":{"loc":{"start":{"line":176,"column":8},"end":{"line":177,"column":51}},"type":"binary-expr","locations":[{"start":{"line":176,"column":9},"end":{"line":176,"column":23}},{"start":{"line":176,"column":27},"end":{"line":176,"column":53}},{"start":{"line":177,"column":9},"end":{"line":177,"column":22}},{"start":{"line":177,"column":26},"end":{"line":177,"column":50}}]},"22":{"loc":{"start":{"line":209,"column":9},"end":{"line":220,"column":null}},"type":"binary-expr","locations":[{"start":{"line":209,"column":9},"end":{"line":209,"column":23}},{"start":{"line":210,"column":10},"end":{"line":219,"column":null}}]}},"s":{"0":1,"1":1,"2":1,"3":1,"4":1,"5":1,"6":1,"7":1,"8":1,"9":1,"10":3,"11":3,"12":6,"13":3,"14":3,"15":3,"16":3,"17":3,"18":3,"19":3,"20":3,"21":3,"22":3,"23":0,"24":0,"25":3,"26":0,"27":0,"28":3,"29":0,"30":3,"31":6,"32":3,"33":3,"34":3,"35":3,"36":0,"37":0,"38":0,"39":3,"40":3,"41":3,"42":0,"43":0,"44":0,"45":3,"46":3,"47":3,"48":3,"49":0,"50":0,"51":0,"52":0,"53":0,"54":0,"55":0,"56":0,"57":3,"58":3,"59":3,"60":3,"61":3,"62":3,"63":3,"64":3,"65":3,"66":3,"67":3,"68":0,"69":0,"70":0,"71":0,"72":0,"73":0,"74":3,"75":3,"76":3,"77":3,"78":1},"f":{"0":3,"1":6,"2":0,"3":0,"4":0,"5":0,"6":0,"7":6,"8":0,"9":3,"10":0,"11":3,"12":3,"13":0,"14":0,"15":3,"16":3,"17":3,"18":3,"19":3,"20":0,"21":3,"22":3},"b":{"0":[3],"1":[0],"2":[3],"3":[3],"4":[3],"5":[3],"6":[3,0],"7":[3,0],"8":[0,0],"9":[3],"10":[0],"11":[3,0,0],"12":[0,0],"13":[0,0],"14":[0],"15":[3,3,0],"16":[0],"17":[0],"18":[0,0],"19":[0,0,0,0],"20":[0],"21":[0,0,0,0],"22":[3,3]}}
,"D:\\Projects\\2020\\react-phalladium\\packages\\lib\\components\\checkbox\\checkbox.tsx": {"path":"D:\\Projects\\2020\\react-phalladium\\packages\\lib\\components\\checkbox\\checkbox.tsx","statementMap":{"0":{"start":{"line":1,"column":0},"end":{"line":1,"column":36}},"1":{"start":{"line":2,"column":0},"end":{"line":2,"column":32}},"2":{"start":{"line":3,"column":0},"end":{"line":3,"column":null}},"3":{"start":{"line":10,"column":0},"end":{"line":10,"column":40}},"4":{"start":{"line":11,"column":0},"end":{"line":11,"column":66}},"5":{"start":{"line":12,"column":0},"end":{"line":12,"column":54}},"6":{"start":{"line":14,"column":0},"end":{"line":14,"column":25}},"7":{"start":{"line":16,"column":57},"end":{"line":150,"column":null}},"8":{"start":{"line":34,"column":34},"end":{"line":34,"column":53}},"9":{"start":{"line":35,"column":16},"end":{"line":35,"column":28}},"10":{"start":{"line":36,"column":23},"end":{"line":40,"column":18}},"11":{"start":{"line":42,"column":24},"end":{"line":49,"column":10}},"12":{"start":{"line":43,"column":6},"end":{"line":48,"column":null}},"13":{"start":{"line":44,"column":8},"end":{"line":47,"column":11}},"14":{"start":{"line":45,"column":10},"end":{"line":45,"column":65}},"15":{"start":{"line":46,"column":10},"end":{"line":46,"column":23}},"16":{"start":{"line":51,"column":4},"end":{"line":53,"column":null}},"17":{"start":{"line":52,"column":6},"end":{"line":52,"column":33}},"18":{"start":{"line":55,"column":22},"end":{"line":62,"column":null}},"19":{"start":{"line":57,"column":8},"end":{"line":61,"column":10}},"20":{"start":{"line":65,"column":23},"end":{"line":71,"column":null}},"21":{"start":{"line":67,"column":8},"end":{"line":70,"column":10}},"22":{"start":{"line":74,"column":26},"end":{"line":81,"column":null}},"23":{"start":{"line":76,"column":8},"end":{"line":80,"column":10}},"24":{"start":{"line":84,"column":25},"end":{"line":95,"column":null}},"25":{"start":{"line":86,"column":8},"end":{"line":94,"column":10}},"26":{"start":{"line":98,"column":4},"end":{"line":102,"column":30}},"27":{"start":{"line":99,"column":6},"end":{"line":101,"column":null}},"28":{"start":{"line":100,"column":8},"end":{"line":100,"column":30}},"29":{"start":{"line":104,"column":4},"end":{"line":108,"column":18}},"30":{"start":{"line":105,"column":6},"end":{"line":107,"column":null}},"31":{"start":{"line":110,"column":23},"end":{"line":115,"column":null}},"32":{"start":{"line":111,"column":13},"end":{"line":114,"column":8}},"33":{"start":{"line":118,"column":25},"end":{"line":120,"column":null}},"34":{"start":{"line":119,"column":13},"end":{"line":119,"column":56}},"35":{"start":{"line":122,"column":22},"end":{"line":122,"column":72}},"36":{"start":{"line":122,"column":37},"end":{"line":122,"column":66}},"37":{"start":{"line":124,"column":26},"end":{"line":124,"column":42}},"38":{"start":{"line":126,"column":4},"end":{"line":146,"column":6}},"39":{"start":{"line":149,"column":4},"end":{"line":149,"column":80}},"40":{"start":{"line":155,"column":9},"end":{"line":155,"column":17}},"41":{"start":{"line":153,"column":0},"end":{"line":153,"column":34}}},"fnMap":{"0":{"name":"(anonymous_7)","decl":{"start":{"line":17,"column":2},"end":{"line":17,"column":3}},"loc":{"start":{"line":33,"column":22},"end":{"line":147,"column":3}}},"1":{"name":"(anonymous_8)","decl":{"start":{"line":42,"column":36},"end":{"line":42,"column":39}},"loc":{"start":{"line":42,"column":41},"end":{"line":49,"column":5}}},"2":{"name":"(anonymous_9)","decl":{"start":{"line":44,"column":19},"end":{"line":44,"column":20}},"loc":{"start":{"line":44,"column":28},"end":{"line":47,"column":9}}},"3":{"name":"(anonymous_10)","decl":{"start":{"line":56,"column":6},"end":{"line":56,"column":9}},"loc":{"start":{"line":57,"column":8},"end":{"line":61,"column":10}}},"4":{"name":"(anonymous_11)","decl":{"start":{"line":66,"column":6},"end":{"line":66,"column":9}},"loc":{"start":{"line":67,"column":8},"end":{"line":70,"column":10}}},"5":{"name":"(anonymous_12)","decl":{"start":{"line":75,"column":6},"end":{"line":75,"column":9}},"loc":{"start":{"line":76,"column":8},"end":{"line":80,"column":10}}},"6":{"name":"(anonymous_13)","decl":{"start":{"line":85,"column":6},"end":{"line":85,"column":9}},"loc":{"start":{"line":86,"column":8},"end":{"line":94,"column":10}}},"7":{"name":"(anonymous_14)","decl":{"start":{"line":98,"column":14},"end":{"line":98,"column":17}},"loc":{"start":{"line":98,"column":19},"end":{"line":102,"column":5}}},"8":{"name":"(anonymous_15)","decl":{"start":{"line":104,"column":14},"end":{"line":104,"column":17}},"loc":{"start":{"line":104,"column":19},"end":{"line":108,"column":5}}},"9":{"name":"(anonymous_16)","decl":{"start":{"line":111,"column":6},"end":{"line":111,"column":9}},"loc":{"start":{"line":111,"column":13},"end":{"line":114,"column":8}}},"10":{"name":"(anonymous_17)","decl":{"start":{"line":119,"column
[...]
,"D:\\Projects\\2020\\react-phalladium\\packages\\lib\\icons\\arrow-right.tsx": {"path":"D:\\Projects\\2020\\react-phalladium\\packages\\lib\\icons\\arrow-right.tsx","statementMap":{"0":{"start":{"line":1,"column":0},"end":{"line":1,"column":31}},"1":{"start":{"line":4,"column":2},"end":{"line":15,"column":4}},"2":{"start":{"line":18,"column":0},"end":{"line":18,"column":28}}},"fnMap":{"0":{"name":"SvgComponent","decl":{"start":{"line":3,"column":9},"end":{"line":3,"column":21}},"loc":{"start":{"line":3,"column":21},"end":{"line":16,"column":1}}}},"branchMap":{},"s":{"0":27,"1":0,"2":27},"f":{"0":0},"b":{}}
,"D:\\Projects\\2020\\react-phalladium\\packages\\lib\\icons\\avatar.tsx": {"path":"D:\\Projects\\2020\\react-phalladium\\packages\\lib\\icons\\avatar.tsx","statementMap":{"0":{"start":{"line":1,"column":0},"end":{"line":1,"column":31}},"1":{"start":{"line":4,"column":2},"end":{"line":16,"column":4}},"2":{"start":{"line":19,"column":0},"end":{"line":19,"column":28}}},"fnMap":{"0":{"name":"SvgComponent","decl":{"start":{"line":3,"column":9},"end":{"line":3,"column":21}},"loc":{"start":{"line":3,"column":21},"end":{"line":17,"column":1}}}},"branchMap":{},"s":{"0":27,"1":0,"2":27},"f":{"0":0},"b":{}}
,"D:\\Projects\\2020\\react-phalladium\\packages\\lib\\icons\\check-circle.tsx": {"path":"D:\\Projects\\2020\\react-phalladium\\packages\\lib\\icons\\check-circle.tsx","statementMap":{"0":{"start":{"line":1,"column":0},"end":{"line":1,"column":31}},"1":{"start":{"line":4,"column":2},"end":{"line":17,"column":4}},"2":{"start":{"line":20,"column":0},"end":{"line":20,"column":28}}},"fnMap":{"0":{"name":"SvgComponent","decl":{"start":{"line":3,"column":9},"end":{"line":3,"column":21}},"loc":{"start":{"line":3,"column":21},"end":{"line":18,"column":1}}}},"branchMap":{},"s":{"0":27,"1":0,"2":27},"f":{"0":0},"b":{}}
,"D:\\Projects\\2020\\react-phalladium\\packages\\lib\\icons\\check.tsx": {"path":"D:\\Projects\\2020\\react-phalladium\\packages\\lib\\icons\\check.tsx","statementMap":{"0":{"start":{"line":1,"column":0},"end":{"line":1,"column":31}},"1":{"start":{"line":4,"column":2},"end":{"line":17,"column":4}},"2":{"start":{"line":20,"column":0},"end":{"line":20,"column":28}}},"fnMap":{"0":{"name":"SvgComponent","decl":{"start":{"line":3,"column":9},"end":{"line":3,"column":21}},"loc":{"start":{"line":3,"column":21},"end":{"line":18,"column":1}}}},"branchMap":{},"s":{"0":27,"1":105,"2":27},"f":{"0":105},"b":{}}
,"D:\\Projects\\2020\\react-phalladium\\packages\\lib\\icons\\chev-down.tsx": {"path":"D:\\Projects\\2020\\react-phalladium\\packages\\lib\\icons\\chev-down.tsx","statementMap":{"0":{"start":{"line":1,"column":0},"end":{"line":1,"column":31}},"1":{"start":{"line":4,"column":2},"end":{"line":17,"column":4}},"2":{"start":{"line":20,"column":0},"end":{"line":20,"column":28}}},"fnMap":{"0":{"name":"SvgComponent","decl":{"start":{"line":3,"column":9},"end":{"line":3,"column":21}},"loc":{"start":{"line":3,"column":21},"end":{"line":18,"column":1}}}},"branchMap":{},"s":{"0":27,"1":13,"2":27},"f":{"0":13},"b":{}}
,"D:\\Projects\\2020\\react-phalladium\\packages\\lib\\icons\\chev-right.tsx": {"path":"D:\\Projects\\2020\\react-phalladium\\packages\\lib\\icons\\chev-right.tsx","statementMap":{"0":{"start":{"line":1,"column":0},"end":{"line":1,"column":31}},"1":{"start":{"line":4,"column":2},"end":{"line":16,"column":4}},"2":{"start":{"line":19,"column":0},"end":{"line":19,"column":28}}},"fnMap":{"0":{"name":"SvgComponent","decl":{"start":{"line":3,"column":9},"end":{"line":3,"column":21}},"loc":{"start":{"line":3,"column":21},"end":{"line":17,"column":1}}}},"branchMap":{},"s":{"0":27,"1":66,"2":27},"f":{"0":66},"b":{}}
,"D:\\Projects\\2020\\react-phalladium\\packages\\lib\\icons\\circle.tsx": {"path":"D:\\Projects\\2020\\react-phalladium\\packages\\lib\\icons\\circle.tsx","statementMap":{"0":{"start":{"line":1,"column":0},"end":{"line":1,"column":31}},"1":{"start":{"line":4,"column":2},"end":{"line":17,"column":4}},"2":{"start":{"line":20,"column":0},"end":{"line":20,"column":28}}},"fnMap":{"0":{"name":"SvgComponent","decl":{"start":{"line":3,"column":9},"end":{"line":3,"column":21}},"loc":{"start":{"line":3,"column":21},"end":{"line":18,"column":1}}}},"branchMap":{},"s":{"0":27,"1":0,"2":27},"f":{"0":0},"b":{}}
,"D:\\Projects\\2020\\react-phalladium\\packages\\lib\\icons\\close.tsx": {"path":"D:\\Projects\\2020\\react-phalladium\\packages\\lib\\icons\\close.tsx","statementMap":{"0":{"start":{"line":1,"column":0},"end":{"line":1,"column":31}},"1":{"start":{"line":4,"column":2},"end":{"line":15,"column":4}},"2":{"start":{"line":18,"column":0},"end":{"line":18,"column":28}}},"fnMap":{"0":{"name":"SvgComponent","decl":{"start":{"line":3,"column":9},"end":{"line":3,"column":21}},"loc":{"start":{"line":3,"column":21},"end":{"line":16,"column":1}}}},"branchMap":{},"s":{"0":27,"1":100,"2":27},"f":{"0":100},"b":{}}
,"D:\\Projects\\2020\\react-phalladium\\packages\\lib\\icons\\code.tsx": {"path":"D:\\Projects\\2020\\react-phalladium\\packages\\lib\\icons\\code.tsx","statementMap":{"0":{"start":{"line":1,"column":0},"end":{"line":1,"column":31}},"1":{"start":{"line":3,"column":21},"end":{"line":13,"column":null}},"2":{"start":{"line":4,"column":2},"end":{"line":12,"column":null}},"3":{"start":{"line":16,"column":0},"end":{"line":16,"column":28}}},"fnMap":{"0":{"name":"(anonymous_6)","decl":{"start":{"line":3,"column":21},"end":{"line":3,"column":24}},"loc":{"start":{"line":4,"column":2},"end":{"line":12,"column":null}}}},"branchMap":{},"s":{"0":27,"1":27,"2":0,"3":27},"f":{"0":0},"b":{}}
,"D:\\Projects\\2020\\react-phalladium\\packages\\lib\\icons\\copy.tsx": {"path":"D:\\Projects\\2020\\react-phalladium\\packages\\lib\\icons\\copy.tsx","statementMap":{"0":{"start":{"line":1,"column":0},"end":{"line":1,"column":31}},"1":{"start":{"line":3,"column":21},"end":{"line":15,"column":null}},"2":{"start":{"line":4,"column":2},"end":{"line":14,"column":null}},"3":{"start":{"line":18,"column":0},"end":{"line":18,"column":28}}},"fnMap":{"0":{"name":"(anonymous_6)","decl":{"start":{"line":3,"column":21},"end":{"line":3,"column":24}},"loc":{"start":{"line":4,"column":2},"end":{"line":14,"column":null}}}},"branchMap":{},"s":{"0":27,"1":27,"2":0,"3":27},"f":{"0":0},"b":{}}
,"D:\\Projects\\2020\\react-phalladium\\packages\\lib\\icons\\error.tsx": {"path":"D:\\Projects\\2020\\react-phalladium\\packages\\lib\\icons\\error.tsx","statementMap":{"0":{"start":{"line":1,"column":0},"end":{"line":1,"column":31}},"1":{"start":{"line":3,"column":21},"end":{"line":13,"column":null}},"2":{"start":{"line":4,"column":2},"end":{"line":12,"column":null}},"3":{"start":{"line":16,"column":0},"end":{"line":16,"column":28}}},"fnMap":{"0":{"name":"(anonymous_6)","decl":{"start":{"line":3,"column":21},"end":{"line":3,"column":24}},"loc":{"start":{"line":4,"column":2},"end":{"line":12,"column":null}}}},"branchMap":{},"s":{"0":27,"1":27,"2":1,"3":27},"f":{"0":1},"b":{}}
,"D:\\Projects\\2020\\react-phalladium\\packages\\lib\\icons\\index.ts": {"path":"D:\\Projects\\2020\\react-phalladium\\packages\\lib\\icons\\index.ts","statementMap":{"0":{"start":{"line":1,"column":0},"end":{"line":1,"column":9}},"1":{"start":{"line":1,"column":9},"end":{"line":1,"column":31}},"2":{"start":{"line":2,"column":0},"end":{"line":2,"column":9}},"3":{"start":{"line":2,"column":9},"end":{"line":2,"column":34}},"4":{"start":{"line":3,"column":0},"end":{"line":3,"column":9}},"5":{"start":{"line":3,"column":9},"end":{"line":3,"column":30}},"6":{"start":{"line":4,"column":0},"end":{"line":4,"column":9}},"7":{"start":{"line":4,"column":9},"end":{"line":4,"column":29}},"8":{"start":{"line":5,"column":0},"end":{"line":5,"column":9}},"9":{"start":{"line":5,"column":9},"end":{"line":5,"column":35}},"10":{"start":{"line":6,"column":0},"end":{"line":6,"column":9}},"11":{"start":{"line":6,"column":9},"end":{"line":6,"column":35}},"12":{"start":{"line":7,"column":0},"end":{"line":7,"column":9}},"13":{"start":{"line":7,"column":9},"end":{"line":7,"column":36}},"14":{"start":{"line":8,"column":0},"end":{"line":8,"column":9}},"15":{"start":{"line":8,"column":9},"end":{"line":8,"column":30}},"16":{"start":{"line":9,"column":0},"end":{"line":9,"column":9}},"17":{"start":{"line":9,"column":9},"end":{"line":9,"column":29}},"18":{"start":{"line":10,"column":0},"end":{"line":10,"column":9}},"19":{"start":{"line":10,"column":9},"end":{"line":10,"column":28}},"20":{"start":{"line":11,"column":0},"end":{"line":11,"column":9}},"21":{"start":{"line":11,"column":9},"end":{"line":11,"column":28}},"22":{"start":{"line":12,"column":0},"end":{"line":12,"column":9}},"23":{"start":{"line":12,"column":9},"end":{"line":12,"column":29}},"24":{"start":{"line":13,"column":0},"end":{"line":13,"column":9}},"25":{"start":{"line":13,"column":9},"end":{"line":13,"column":28}},"26":{"start":{"line":14,"column":0},"end":{"line":14,"column":9}},"27":{"start":{"line":14,"column":9},"end":{"line":14,"column":29}},"28":{"start":{"line":15,"column":0},"end":{"line":15,"column":9}},"29":{"start":{"line":15,"column":9},"end":{"line":15,"column":38}},"30":{"start":{"line":16,"column":0},"end":{"line":16,"column":9}},"31":{"start":{"line":16,"column":9},"end":{"line":16,"column":36}},"32":{"start":{"line":17,"column":0},"end":{"line":17,"column":9}},"33":{"start":{"line":17,"column":9},"end":{"line":17,"column":28}},"34":{"start":{"line":18,"column":0},"end":{"line":18,"column":9}},"35":{"start":{"line":18,"column":9},"end":{"line":18,"column":30}},"36":{"start":{"line":19,"column":0},"end":{"line":19,"column":9}},"37":{"start":{"line":19,"column":9},"end":{"line":19,"column":32}},"38":{"start":{"line":20,"column":0},"end":{"line":20,"column":9}},"39":{"start":{"line":20,"column":9},"end":{"line":20,"column":31}}},"fnMap":{"0":{"name":"(anonymous_1)","decl":{"start":{"line":1,"column":9},"end":{"line":1,"column":16}},"loc":{"start":{"line":1,"column":9},"end":{"line":1,"column":31}}},"1":{"name":"(anonymous_2)","decl":{"start":{"line":2,"column":9},"end":{"line":2,"column":16}},"loc":{"start":{"line":2,"column":9},"end":{"line":2,"column":34}}},"2":{"name":"(anonymous_3)","decl":{"start":{"line":3,"column":9},"end":{"line":3,"column":16}},"loc":{"start":{"line":3,"column":9},"end":{"line":3,"column":30}}},"3":{"name":"(anonymous_4)","decl":{"start":{"line":4,"column":9},"end":{"line":4,"column":16}},"loc":{"start":{"line":4,"column":9},"end":{"line":4,"column":29}}},"4":{"name":"(anonymous_5)","decl":{"start":{"line":5,"column":9},"end":{"line":5,"column":16}},"loc":{"start":{"line":5,"column":9},"end":{"line":5,"column":35}}},"5":{"name":"(anonymous_6)","decl":{"start":{"line":6,"column":9},"end":{"line":6,"column":16}},"loc":{"start":{"line":6,"column":9},"end":{"line":6,"column":35}}},"6":{"name":"(anonymous_7)","decl":{"start":{"line":7,"column":9},"end":{"line":7,"column":16}},"loc":{"start":{"line":7,"column":9},"end":{"line":7,"column":36}}},"7":{"name":"(anonymous_8)","decl":{"start":{"line":8,"column":9},"end":{"line":8,"column":16}},"loc":{"start":{"line":8,"column":9},"end":{"line":8,"column":30}}},"8":{"name":"(anonymous_9)","decl":{"start":{"line":9,"column":9},"end":{"line":9,"column":16}},"loc":{"start":{"line":9,"column":9},"end":{"line":9,"column":29}}},"9":{"name":"(anonymous_10)","decl":{"start":{"line":10,"column":9},"end":{"line":10,"column":16}},"loc":{"start":{"line":10,"column":9},"end":{"line":10,"column":28}}},"10":{"name":"(anonymous_11)","decl":{"start":{"line":11,"column":9},"end":{"line":11,"column":16}},"loc":{"start":{"line":11,"column":9},"end":{"line":11,"column":28}}},"11":{"name":"(anonymous_12)","decl":{"start":{"line":12,"column":9},"end":{"line":12,"column":16}},"loc":{"start":{"line":12,"column":9},"end":{"line":12,"column":29}}},"12":{"name":"(anonymous_13)","decl":{"start":{"line":13,"column":9},"end":{"line":13,"column":16}},"loc":{"start":{"line":13,"column":9},"end":{"line":13,"column":28}}},"13":{"name":"(anonymous_14)","decl":{"start":{"line":14,"column":9},"end":{"line":14,"column":16}},"loc":{"start":{"line":14,"column":9},"end":{"line":14,"column":29}}},"14":{"name":"(anonymous_15)","decl":{"start":{"line":15,"column":9},"end":{"line":15,"column":16}},"loc":{"start":{"line":15,"column":9},"end":{"line":15,"column":38}}},"15":{"name":"(anonymous_16)","decl":{"start":{"line":16,"column":9},"end":{"line":16,"column":16}},"loc":{"start":{"line":16,"column":9},"end":{"line":16,"column":36}}},"16":{"name":"(anonymous_17)","decl":{"start":{"line":17,"column":9},"end":{"line":17,"column":16}},"loc":{"start":{"line":17,"column":9},"end":{"line":17,"column":28}}},"17":{"name":"(anonymous_18)","decl":{"start":{"line":18,"column":9},"end":{"line":18,"column":16}},"loc":{"start":{"line":18,"column":9},"end":{"line":18,"column":30}}},"18":{"name":"(anonymous_19)","decl":{"start":{"line":19,"column":9},"end":{"line":19,"column":16}},"loc":{"start":{"line":19,"column":9},"end":{"line":19,"column":32}}},"19":{"name":"(anonymous_20)","decl":{"start":{"line":20,"column":9},"end":{"line":20,"column":16}},"loc":{"start":{"line":20,"column":9},"end":{"line":20,"column":31}}}},"branchMap":{},"s":{"0":27,"1":27,"2":27,"3":27,"4":27,"5":27,"6":27,"7":132,"8":27,"9":27,"10":27,"11":41,"12":27,"13":93,"14":27,"15":27,"16":27,"17":133,"18":27,"19":27,"20":27,"21":27,"22":27,"23":28,"24":27,"25":31,"26":27,"27":27,"28":27,"29":27,"30":27,"31":27,"32":27,"33":27,"34":27,"35":27,"36":27,"37":29,"38":27,"39":28},"f":{"0":0,"1":0,"2":0,"3":105,"4":0,"5":14,"6":66,"7":0,"8":106,"9":0,"10":0,"11":1,"12":4,"13":0,"14":0,"15":0,"16":0,"17":0,"18":2,"19":1},"b":{}}
,"D:\\Projects\\2020\\react-phalladium\\packages\\lib\\icons\\info.tsx": {"path":"D:\\Projects\\2020\\react-phalladium\\packages\\lib\\icons\\info.tsx","statementMap":{"0":{"start":{"line":1,"column":0},"end":{"line":1,"column":31}},"1":{"start":{"line":3,"column":21},"end":{"line":14,"column":null}},"2":{"start":{"line":4,"column":2},"end":{"line":13,"column":null}},"3":{"start":{"line":17,"column":0},"end":{"line":17,"column":28}}},"fnMap":{"0":{"name":"(anonymous_6)","decl":{"start":{"line":3,"column":21},"end":{"line":3,"column":24}},"loc":{"start":{"line":4,"column":2},"end":{"line":13,"column":null}}}},"branchMap":{},"s":{"0":27,"1":27,"2":4,"3":27},"f":{"0":4},"b":{}}
,"D:\\Projects\\2020\\react-phalladium\\packages\\lib\\icons\\minus.tsx": {"path":"D:\\Projects\\2020\\react-phalladium\\packages\\lib\\icons\\minus.tsx","statementMap":{"0":{"start":{"line":1,"column":0},"end":{"line":1,"column":31}},"1":{"start":{"line":4,"column":2},"end":{"line":16,"column":4}},"2":{"start":{"line":19,"column":0},"end":{"line":19,"column":28}}},"fnMap":{"0":{"name":"SvgComponent","decl":{"start":{"line":3,"column":9},"end":{"line":3,"column":21}},"loc":{"start":{"line":3,"column":21},"end":{"line":17,"column":1}}}},"branchMap":{},"s":{"0":27,"1":0,"2":27},"f":{"0":0},"b":{}}
,"D:\\Projects\\2020\\react-phalladium\\packages\\lib\\icons\\more-horizontal.tsx": {"path":"D:\\Projects\\2020\\react-phalladium\\packages\\lib\\icons\\more-horizontal.tsx","statementMap":{"0":{"start":{"line":1,"column":0},"end":{"line":1,"column":31}},"1":{"start":{"line":3,"column":21},"end":{"line":15,"column":null}},"2":{"start":{"line":4,"column":2},"end":{"line":14,"column":null}},"3":{"start":{"line":18,"column":0},"end":{"line":18,"column":28}}},"fnMap":{"0":{"name":"(anonymous_6)","decl":{"start":{"line":3,"column":21},"end":{"line":3,"column":24}},"loc":{"start":{"line":4,"column":2},"end":{"line":14,"column":null}}}},"branchMap":{},"s":{"0":27,"1":27,"2":0,"3":27},"f":{"0":0},"b":{}}
,"D:\\Projects\\2020\\react-phalladium\\packages\\lib\\icons\\more-vertical.tsx": {"path":"D:\\Projects\\2020\\react-phalladium\\packages\\lib\\icons\\more-vertical.tsx","statementMap":{"0":{"start":{"line":1,"column":0},"end":{"line":1,"column":31}},"1":{"start":{"line":3,"column":21},"end":{"line":15,"column":null}},"2":{"start":{"line":4,"column":2},"end":{"line":14,"column":null}},"3":{"start":{"line":18,"column":0},"end":{"line":18,"column":28}}},"fnMap":{"0":{"name":"(anonymous_6)","decl":{"start":{"line":3,"column":21},"end":{"line":3,"column":24}},"loc":{"start":{"line":4,"column":2},"end":{"line":14,"column":null}}}},"branchMap":{},"s":{"0":27,"1":27,"2":0,"3":27},"f":{"0":0},"b":{}}
,"D:\\Projects\\2020\\react-phalladium\\packages\\lib\\icons\\plus.tsx": {"path":"D:\\Projects\\2020\\react-phalladium\\packages\\lib\\icons\\plus.tsx","statementMap":{"0":{"start":{"line":1,"column":0},"end":{"line":1,"column":31}},"1":{"start":{"line":4,"column":2},"end":{"line":16,"column":4}},"2":{"start":{"line":19,"column":0},"end":{"line":19,"column":28}}},"fnMap":{"0":{"name":"SvgComponent","decl":{"start":{"line":3,"column":9},"end":{"line":3,"column":21}},"loc":{"start":{"line":3,"column":21},"end":{"line":17,"column":1}}}},"branchMap":{},"s":{"0":27,"1":0,"2":27},"f":{"0":0},"b":{}}
,"D:\\Projects\\2020\\react-phalladium\\packages\\lib\\icons\\search.tsx": {"path":"D:\\Projects\\2020\\react-phalladium\\packages\\lib\\icons\\search.tsx","statementMap":{"0":{"start":{"line":1,"column":0},"end":{"line":1,"column":31}},"1":{"start":{"line":4,"column":2},"end":{"line":17,"column":4}},"2":{"start":{"line":20,"column":0},"end":{"line":20,"column":28}}},"fnMap":{"0":{"name":"SvgComponent","decl":{"start":{"line":3,"column":9},"end":{"line":3,"column":21}},"loc":{"start":{"line":3,"column":21},"end":{"line":18,"column":1}}}},"branchMap":{},"s":{"0":27,"1":0,"2":27},"f":{"0":0},"b":{}}
,"D:\\Projects\\2020\\react-phalladium\\packages\\lib\\icons\\star.tsx": {"path":"D:\\Projects\\2020\\react-phalladium\\packages\\lib\\icons\\star.tsx","statementMap":{"0":{"start":{"line":1,"column":0},"end":{"line":1,"column":31}},"1":{"start":{"line":4,"column":2},"end":{"line":15,"column":4}},"2":{"start":{"line":18,"column":0},"end":{"line":18,"column":28}}},"fnMap":{"0":{"name":"SvgComponent","decl":{"start":{"line":3,"column":9},"end":{"line":3,"column":21}},"loc":{"start":{"line":3,"column":21},"end":{"line":16,"column":1}}}},"branchMap":{},"s":{"0":1,"1":31,"2":1},"f":{"0":31},"b":{}}
,"D:\\Projects\\2020\\react-phalladium\\packages\\lib\\icons\\triangle.tsx": {"path":"D:\\Projects\\2020\\react-phalladium\\packages\\lib\\icons\\triangle.tsx","statementMap":{"0":{"start":{"line":1,"column":0},"end":{"line":1,"column":31}},"1":{"start":{"line":4,"column":2},"end":{"line":15,"column":4}},"2":{"start":{"line":18,"column":0},"end":{"line":18,"column":28}}},"fnMap":{"0":{"name":"SvgComponent","decl":{"start":{"line":3,"column":9},"end":{"line":3,"column":21}},"loc":{"start":{"line":3,"column":21},"end":{"line":16,"column":1}}}},"branchMap":{},"s":{"0":27,"1":2,"2":27},"f":{"0":2},"b":{}}
,"D:\\Projects\\2020\\react-phalladium\\packages\\lib\\icons\\warning.tsx": {"path":"D:\\Projects\\2020\\react-phalladium\\packages\\lib\\icons\\warning.tsx","statementMap":{"0":{"start":{"line":1,"column":0},"end":{"line":1,"column":31}},"1":{"start":{"line":3,"column":21},"end":{"line":13,"column":null}},"2":{"start":{"line":4,"column":2},"end":{"line":12,"column":null}},"3":{"start":{"line":16,"column":0},"end":{"line":16,"column":28}}},"fnMap":{"0":{"name":"(anonymous_6)","decl":{"start":{"line":3,"column":21},"end":{"line":3,"column":24}},"loc":{"start":{"line":4,"column":2},"end":{"line":12,"column":null}}}},"branchMap":{},"s":{"0":27,"1":27,"2":1,"3":27},"f":{"0":1},"b":{}}
}
