<?xml version="1.0" encoding="UTF-8"?>
<coverage generated="1636311446843" clover="3.2.0">
  <project timestamp="1636311446843" name="All files">
    <metrics statements="1515" coveredstatements="1192" conditionals="760" coveredconditionals="426" methods="461" coveredmethods="333" elements="2736" coveredelements="1951" complexity="0" loc="1515" ncloc="1515" packages="34" files="62" classes="62"/>
    <package name="components">
      <metrics statements="29" coveredstatements="29" conditionals="0" coveredconditionals="0" methods="29" coveredmethods="2"/>
      <file name="index.ts" path="D:\Projects\2020\react-phalladium\src\components\index.ts">
        <metrics statements="29" coveredstatements="29" conditionals="0" coveredconditionals="0" methods="29" coveredmethods="2"/>
        <line num="1" count="9" type="stmt"/>
        <line num="2" count="9" type="stmt"/>
        <line num="3" count="9" type="stmt"/>
        <line num="4" count="58" type="stmt"/>
        <line num="5" count="9" type="stmt"/>
        <line num="6" count="9" type="stmt"/>
        <line num="7" count="9" type="stmt"/>
        <line num="8" count="9" type="stmt"/>
        <line num="9" count="9" type="stmt"/>
        <line num="10" count="9" type="stmt"/>
        <line num="11" count="9" type="stmt"/>
        <line num="12" count="9" type="stmt"/>
        <line num="13" count="16" type="stmt"/>
        <line num="14" count="9" type="stmt"/>
        <line num="15" count="9" type="stmt"/>
        <line num="16" count="9" type="stmt"/>
        <line num="17" count="9" type="stmt"/>
        <line num="18" count="9" type="stmt"/>
        <line num="19" count="9" type="stmt"/>
        <line num="20" count="9" type="stmt"/>
        <line num="21" count="9" type="stmt"/>
        <line num="22" count="9" type="stmt"/>
        <line num="23" count="9" type="stmt"/>
        <line num="24" count="9" type="stmt"/>
        <line num="25" count="9" type="stmt"/>
        <line num="26" count="9" type="stmt"/>
        <line num="27" count="9" type="stmt"/>
        <line num="28" count="9" type="stmt"/>
        <line num="29" count="9" type="stmt"/>
      </file>
    </package>
    <package name="components.accordion">
      <metrics statements="47" coveredstatements="43" conditionals="29" coveredconditionals="21" methods="10" coveredmethods="10"/>
      <file name="accordion.tsx" path="D:\Projects\2020\react-phalladium\src\components\accordion\accordion.tsx">
        <metrics statements="47" coveredstatements="43" conditionals="29" coveredconditionals="21" methods="10" coveredmethods="10"/>
        <line num="1" count="10" type="stmt"/>
        <line num="2" count="10" type="stmt"/>
        <line num="3" count="10" type="stmt"/>
        <line num="11" count="10" type="stmt"/>
        <line num="12" count="10" type="stmt"/>
        <line num="13" count="10" type="stmt"/>
        <line num="15" count="10" type="stmt"/>
        <line num="17" count="10" type="stmt"/>
        <line num="27" count="4" type="cond" truecount="2" falsecount="0"/>
        <line num="28" count="4" type="stmt"/>
        <line num="29" count="4" type="stmt"/>
        <line num="31" count="4" type="stmt"/>
        <line num="32" count="4" type="stmt"/>
        <line num="34" count="4" type="stmt"/>
        <line num="35" count="1" type="stmt"/>
        <line num="36" count="1" type="stmt"/>
        <line num="39" count="4" type="stmt"/>
        <line num="40" count="4" type="stmt"/>
        <line num="42" count="4" type="stmt"/>
        <line num="44" count="4" type="stmt"/>
        <line num="51" count="4" type="stmt"/>
        <line num="53" count="4" type="stmt"/>
        <line num="64" count="4" type="stmt"/>
        <line num="65" count="4" type="stmt"/>
        <line num="67" count="4" type="stmt"/>
        <line num="72" count="4" type="stmt"/>
        <line num="73" count="6" type="cond" truecount="2" falsecount="0"/>
        <line num="74" count="3" type="stmt"/>
        <line num="75" count="3" type="stmt"/>
        <line num="76" count="3" type="stmt"/>
        <line num="80" count="4" type="stmt"/>
        <line num="82" count="4" type="stmt"/>
        <line num="89" count="4" type="stmt"/>
        <line num="90" count="4" type="cond" truecount="4" falsecount="0"/>
        <line num="91" count="3" type="stmt"/>
        <line num="94" count="1" type="cond" truecount="1" falsecount="1"/>
        <line num="95" count="1" type="cond" truecount="1" falsecount="1"/>
        <line num="97" count="0" type="cond" truecount="0" falsecount="2"/>
        <line num="101" count="4" type="stmt"/>
        <line num="103" count="4" type="stmt"/>
        <line num="104" count="4" type="cond" truecount="3" falsecount="1"/>
        <line num="105" count="4" type="stmt"/>
        <line num="108" count="0" type="stmt"/>
        <line num="110" count="0" type="cond" truecount="0" falsecount="2"/>
        <line num="111" count="0" type="stmt"/>
        <line num="115" count="4" type="stmt"/>
        <line num="136" count="10" type="stmt"/>
      </file>
    </package>
    <package name="components.accordion-group">
      <metrics statements="16" coveredstatements="6" conditionals="15" coveredconditionals="0" methods="9" coveredmethods="0"/>
      <file name="accordion-group.tsx" path="D:\Projects\2020\react-phalladium\src\components\accordion-group\accordion-group.tsx">
        <metrics statements="16" coveredstatements="6" conditionals="15" coveredconditionals="0" methods="9" coveredmethods="0"/>
        <line num="1" count="9" type="stmt"/>
        <line num="2" count="9" type="stmt"/>
        <line num="3" count="9" type="stmt"/>
        <line num="8" count="9" type="stmt"/>
        <line num="10" count="9" type="stmt"/>
        <line num="16" count="0" type="stmt"/>
        <line num="18" count="0" type="stmt"/>
        <line num="25" count="0" type="stmt"/>
        <line num="26" count="0" type="stmt"/>
        <line num="27" count="0" type="stmt"/>
        <line num="34" count="0" type="stmt"/>
        <line num="35" count="0" type="stmt"/>
        <line num="36" count="0" type="stmt"/>
        <line num="43" count="0" type="stmt"/>
        <line num="46" count="0" type="stmt"/>
        <line num="63" count="9" type="stmt"/>
      </file>
    </package>
    <package name="components.breadcrumb">
      <metrics statements="22" coveredstatements="20" conditionals="8" coveredconditionals="5" methods="5" coveredmethods="4"/>
      <file name="breadcrumb-item.tsx" path="D:\Projects\2020\react-phalladium\src\components\breadcrumb\breadcrumb-item.tsx">
        <metrics statements="12" coveredstatements="10" conditionals="4" coveredconditionals="2" methods="2" coveredmethods="1"/>
        <line num="1" count="10" type="stmt"/>
        <line num="2" count="10" type="stmt"/>
        <line num="3" count="10" type="stmt"/>
        <line num="4" count="10" type="stmt"/>
        <line num="13" count="10" type="stmt"/>
        <line num="19" count="9" type="stmt"/>
        <line num="20" count="9" type="stmt"/>
        <line num="22" count="9" type="stmt"/>
        <line num="23" count="0" type="cond" truecount="0" falsecount="2"/>
        <line num="24" count="0" type="stmt"/>
        <line num="28" count="9" type="stmt"/>
        <line num="47" count="10" type="stmt"/>
      </file>
      <file name="breadcrumb.tsx" path="D:\Projects\2020\react-phalladium\src\components\breadcrumb\breadcrumb.tsx">
        <metrics statements="10" coveredstatements="10" conditionals="4" coveredconditionals="3" methods="3" coveredmethods="3"/>
        <line num="1" count="10" type="stmt"/>
        <line num="2" count="10" type="stmt"/>
        <line num="3" count="10" type="stmt"/>
        <line num="5" count="10" type="stmt"/>
        <line num="7" count="10" type="stmt"/>
        <line num="11" count="3" type="stmt"/>
        <line num="13" count="9" type="stmt"/>
        <line num="18" count="3" type="stmt"/>
        <line num="25" count="9" type="stmt"/>
        <line num="37" count="10" type="stmt"/>
      </file>
    </package>
    <package name="components.button">
      <metrics statements="15" coveredstatements="15" conditionals="11" coveredconditionals="11" methods="3" coveredmethods="3"/>
      <file name="button.tsx" path="D:\Projects\2020\react-phalladium\src\components\button\button.tsx">
        <metrics statements="15" coveredstatements="15" conditionals="11" coveredconditionals="11" methods="3" coveredmethods="3"/>
        <line num="1" count="11" type="stmt"/>
        <line num="2" count="11" type="stmt"/>
        <line num="3" count="11" type="stmt"/>
        <line num="4" count="11" type="stmt"/>
        <line num="6" count="11" type="stmt"/>
        <line num="8" count="11" type="stmt"/>
        <line num="17" count="67" type="stmt"/>
        <line num="19" count="51" type="stmt"/>
        <line num="28" count="67" type="stmt"/>
        <line num="30" count="67" type="stmt"/>
        <line num="32" count="67" type="stmt"/>
        <line num="33" count="4" type="cond" truecount="2" falsecount="0"/>
        <line num="34" count="3" type="cond" truecount="2" falsecount="0"/>
        <line num="38" count="67" type="stmt"/>
        <line num="53" count="11" type="stmt"/>
      </file>
    </package>
    <package name="components.carousel">
      <metrics statements="85" coveredstatements="71" conditionals="37" coveredconditionals="23" methods="28" coveredmethods="20"/>
      <file name="carousel-button.tsx" path="D:\Projects\2020\react-phalladium\src\components\carousel\carousel-button.tsx">
        <metrics statements="9" coveredstatements="9" conditionals="0" coveredconditionals="0" methods="1" coveredmethods="1"/>
        <line num="1" count="9" type="stmt"/>
        <line num="2" count="9" type="stmt"/>
        <line num="3" count="9" type="stmt"/>
        <line num="4" count="9" type="stmt"/>
        <line num="6" count="9" type="stmt"/>
        <line num="8" count="9" type="stmt"/>
        <line num="10" count="19" type="stmt"/>
        <line num="31" count="9" type="stmt"/>
        <line num="33" count="9" type="stmt"/>
      </file>
      <file name="carousel-items.tsx" path="D:\Projects\2020\react-phalladium\src\components\carousel\carousel-items.tsx">
        <metrics statements="9" coveredstatements="9" conditionals="7" coveredconditionals="6" methods="3" coveredmethods="3"/>
        <line num="1" count="10" type="stmt"/>
        <line num="3" count="10" type="stmt"/>
        <line num="5" count="10" type="stmt"/>
        <line num="14" count="6" type="stmt"/>
        <line num="15" count="6" type="stmt"/>
        <line num="24" count="6" type="stmt"/>
        <line num="27" count="12" type="stmt"/>
        <line num="46" count="10" type="stmt"/>
        <line num="48" count="10" type="stmt"/>
      </file>
      <file name="carousel-track.tsx" path="D:\Projects\2020\react-phalladium\src\components\carousel\carousel-track.tsx">
        <metrics statements="13" coveredstatements="13" conditionals="2" coveredconditionals="2" methods="5" coveredmethods="5"/>
        <line num="1" count="9" type="stmt"/>
        <line num="2" count="9" type="stmt"/>
        <line num="3" count="9" type="stmt"/>
        <line num="5" count="9" type="stmt"/>
        <line num="7" count="9" type="stmt"/>
        <line num="17" count="8" type="stmt"/>
        <line num="18" count="8" type="stmt"/>
        <line num="22" count="8" type="stmt"/>
        <line num="24" count="8" type="stmt"/>
        <line num="30" count="8" type="stmt"/>
        <line num="40" count="20" type="stmt"/>
        <line num="47" count="1" type="stmt"/>
        <line num="61" count="9" type="stmt"/>
      </file>
      <file name="carousel.tsx" path="D:\Projects\2020\react-phalladium\src\components\carousel\carousel.tsx">
        <metrics statements="54" coveredstatements="40" conditionals="28" coveredconditionals="15" methods="19" coveredmethods="11"/>
        <line num="1" count="9" type="stmt"/>
        <line num="2" count="9" type="stmt"/>
        <line num="3" count="9" type="stmt"/>
        <line num="11" count="9" type="stmt"/>
        <line num="13" count="9" type="stmt"/>
        <line num="14" count="9" type="stmt"/>
        <line num="16" count="9" type="stmt"/>
        <line num="23" count="4" type="stmt"/>
        <line num="25" count="8" type="stmt"/>
        <line num="34" count="4" type="cond" truecount="1" falsecount="1"/>
        <line num="35" count="4" type="stmt"/>
        <line num="37" count="4" type="stmt"/>
        <line num="38" count="4" type="stmt"/>
        <line num="39" count="4" type="stmt"/>
        <line num="40" count="4" type="stmt"/>
        <line num="42" count="4" type="stmt"/>
        <line num="43" count="0" type="stmt"/>
        <line num="46" count="4" type="stmt"/>
        <line num="47" count="0" type="stmt"/>
        <line num="51" count="4" type="stmt"/>
        <line num="52" count="0" type="stmt"/>
        <line num="56" count="4" type="stmt"/>
        <line num="57" count="8" type="cond" truecount="2" falsecount="0"/>
        <line num="58" count="4" type="stmt"/>
        <line num="59" count="4" type="stmt"/>
        <line num="60" count="4" type="stmt"/>
        <line num="64" count="4" type="stmt"/>
        <line num="65" count="4" type="cond" truecount="2" falsecount="3"/>
        <line num="66" count="0" type="cond" truecount="0" falsecount="2"/>
        <line num="67" count="0" type="stmt"/>
        <line num="68" count="0" type="stmt"/>
        <line num="83" count="4" type="stmt"/>
        <line num="84" count="4" type="stmt"/>
        <line num="88" count="4" type="stmt"/>
        <line num="89" count="4" type="cond" truecount="1" falsecount="1"/>
        <line num="94" count="0" type="stmt"/>
        <line num="95" count="0" type="stmt"/>
        <line num="96" count="0" type="stmt"/>
        <line num="97" count="0" type="cond" truecount="0" falsecount="2"/>
        <line num="98" count="0" type="stmt"/>
        <line num="99" count="0" type="stmt"/>
        <line num="100" count="0" type="stmt"/>
        <line num="103" count="0" type="stmt"/>
        <line num="109" count="4" type="stmt"/>
        <line num="111" count="4" type="stmt"/>
        <line num="112" count="4" type="stmt"/>
        <line num="121" count="4" type="stmt"/>
        <line num="122" count="4" type="stmt"/>
        <line num="128" count="4" type="stmt"/>
        <line num="129" count="4" type="stmt"/>
        <line num="135" count="4" type="stmt"/>
        <line num="137" count="4" type="stmt"/>
        <line num="141" count="4" type="stmt"/>
        <line num="177" count="9" type="stmt"/>
      </file>
    </package>
    <package name="components.checkbox">
      <metrics statements="36" coveredstatements="33" conditionals="13" coveredconditionals="12" methods="11" coveredmethods="9"/>
      <file name="checkbox.tsx" path="D:\Projects\2020\react-phalladium\src\components\checkbox\checkbox.tsx">
        <metrics statements="36" coveredstatements="33" conditionals="13" coveredconditionals="12" methods="11" coveredmethods="9"/>
        <line num="1" count="11" type="stmt"/>
        <line num="2" count="11" type="stmt"/>
        <line num="3" count="11" type="stmt"/>
        <line num="10" count="11" type="stmt"/>
        <line num="11" count="11" type="stmt"/>
        <line num="12" count="11" type="stmt"/>
        <line num="13" count="11" type="stmt"/>
        <line num="15" count="11" type="stmt"/>
        <line num="17" count="11" type="stmt"/>
        <line num="25" count="123" type="stmt"/>
        <line num="26" count="123" type="stmt"/>
        <line num="27" count="123" type="stmt"/>
        <line num="29" count="123" type="stmt"/>
        <line num="31" count="123" type="stmt"/>
        <line num="32" count="6" type="stmt"/>
        <line num="35" count="123" type="stmt"/>
        <line num="36" count="0" type="stmt"/>
        <line num="37" count="0" type="stmt"/>
        <line num="41" count="123" type="stmt"/>
        <line num="43" count="53" type="stmt"/>
        <line num="50" count="123" type="stmt"/>
        <line num="52" count="53" type="stmt"/>
        <line num="58" count="123" type="stmt"/>
        <line num="60" count="47" type="stmt"/>
        <line num="67" count="123" type="stmt"/>
        <line num="68" count="47" type="stmt"/>
        <line num="72" count="123" type="stmt"/>
        <line num="73" count="52" type="cond" truecount="4" falsecount="1"/>
        <line num="74" count="0" type="stmt"/>
        <line num="78" count="123" type="stmt"/>
        <line num="79" count="53" type="cond" truecount="2" falsecount="0"/>
        <line num="80" count="6" type="cond" truecount="2" falsecount="0"/>
        <line num="84" count="123" type="stmt"/>
        <line num="86" count="123" type="stmt"/>
        <line num="109" count="11" type="stmt"/>
        <line num="111" count="11" type="stmt"/>
      </file>
    </package>
    <package name="components.common">
      <metrics statements="73" coveredstatements="67" conditionals="34" coveredconditionals="28" methods="16" coveredmethods="14"/>
      <file name="overlay.tsx" path="D:\Projects\2020\react-phalladium\src\components\common\overlay.tsx">
        <metrics statements="41" coveredstatements="38" conditionals="27" coveredconditionals="23" methods="10" coveredmethods="8"/>
        <line num="1" count="10" type="stmt"/>
        <line num="2" count="10" type="stmt"/>
        <line num="9" count="10" type="stmt"/>
        <line num="10" count="10" type="stmt"/>
        <line num="12" count="10" type="stmt"/>
        <line num="14" count="10" type="stmt"/>
        <line num="23" count="19" type="stmt"/>
        <line num="24" count="14" type="stmt"/>
        <line num="29" count="19" type="stmt"/>
        <line num="30" count="19" type="stmt"/>
        <line num="32" count="19" type="stmt"/>
        <line num="34" count="19" type="cond" truecount="2" falsecount="0"/>
        <line num="35" count="6" type="stmt"/>
        <line num="36" count="0" type="stmt"/>
        <line num="37" count="0" type="stmt"/>
        <line num="40" count="6" type="stmt"/>
        <line num="43" count="19" type="stmt"/>
        <line num="44" count="14" type="cond" truecount="4" falsecount="0"/>
        <line num="45" count="4" type="stmt"/>
        <line num="46" count="4" type="stmt"/>
        <line num="55" count="19" type="stmt"/>
        <line num="56" count="5" type="cond" truecount="2" falsecount="0"/>
        <line num="57" count="2" type="cond" truecount="1" falsecount="1"/>
        <line num="58" count="2" type="cond" truecount="2" falsecount="0"/>
        <line num="61" count="3" type="stmt"/>
        <line num="63" count="5" type="cond" truecount="2" falsecount="0"/>
        <line num="64" count="1" type="cond" truecount="2" falsecount="0"/>
        <line num="69" count="19" type="stmt"/>
        <line num="70" count="0" type="stmt"/>
        <line num="74" count="19" type="stmt"/>
        <line num="75" count="14" type="stmt"/>
        <line num="76" count="14" type="stmt"/>
        <line num="78" count="14" type="stmt"/>
        <line num="79" count="14" type="stmt"/>
        <line num="80" count="14" type="stmt"/>
        <line num="81" count="14" type="stmt"/>
        <line num="85" count="19" type="stmt"/>
        <line num="86" count="28" type="cond" truecount="2" falsecount="0"/>
        <line num="87" count="14" type="stmt"/>
        <line num="91" count="19" type="stmt"/>
        <line num="116" count="10" type="stmt"/>
      </file>
      <file name="withOverlay.tsx" path="D:\Projects\2020\react-phalladium\src\components\common\withOverlay.tsx">
        <metrics statements="32" coveredstatements="29" conditionals="7" coveredconditionals="5" methods="6" coveredmethods="6"/>
        <line num="1" count="10" type="stmt"/>
        <line num="2" count="10" type="stmt"/>
        <line num="3" count="10" type="stmt"/>
        <line num="5" count="10" type="stmt"/>
        <line num="18" count="10" type="stmt"/>
        <line num="25" count="37" type="stmt"/>
        <line num="26" count="39" type="stmt"/>
        <line num="27" count="39" type="stmt"/>
        <line num="34" count="39" type="stmt"/>
        <line num="35" count="39" type="stmt"/>
        <line num="36" count="39" type="stmt"/>
        <line num="37" count="39" type="stmt"/>
        <line num="38" count="39" type="stmt"/>
        <line num="40" count="39" type="stmt"/>
        <line num="41" count="14" type="cond" truecount="1" falsecount="1"/>
        <line num="42" count="0" type="stmt"/>
        <line num="43" count="0" type="stmt"/>
        <line num="44" count="0" type="stmt"/>
        <line num="46" count="14" type="stmt"/>
        <line num="47" count="14" type="stmt"/>
        <line num="48" count="14" type="stmt"/>
        <line num="49" count="14" type="stmt"/>
        <line num="50" count="14" type="stmt"/>
        <line num="52" count="14" type="stmt"/>
        <line num="53" count="14" type="stmt"/>
        <line num="58" count="39" type="stmt"/>
        <line num="59" count="6" type="stmt"/>
        <line num="61" count="6" type="stmt"/>
        <line num="62" count="6" type="stmt"/>
        <line num="63" count="6" type="cond" truecount="2" falsecount="0"/>
        <line num="67" count="39" type="cond" truecount="2" falsecount="0"/>
        <line num="85" count="10" type="stmt"/>
      </file>
    </package>
    <package name="components.common.effects">
      <metrics statements="202" coveredstatements="107" conditionals="127" coveredconditionals="43" methods="34" coveredmethods="24"/>
      <file name="useCloseOnEsc.ts" path="D:\Projects\2020\react-phalladium\src\components\common\effects\useCloseOnEsc.ts">
        <metrics statements="17" coveredstatements="15" conditionals="10" coveredconditionals="7" methods="5" coveredmethods="5"/>
        <line num="1" count="11" type="stmt"/>
        <line num="8" count="11" type="stmt"/>
        <line num="9" count="50" type="stmt"/>
        <line num="11" count="50" type="cond" truecount="1" falsecount="1"/>
        <line num="12" count="0" type="stmt"/>
        <line num="15" count="50" type="stmt"/>
        <line num="16" count="27" type="stmt"/>
        <line num="19" count="50" type="stmt"/>
        <line num="20" count="20" type="stmt"/>
        <line num="21" count="2" type="cond" truecount="3" falsecount="1"/>
        <line num="22" count="2" type="stmt"/>
        <line num="26" count="20" type="cond" truecount="1" falsecount="1"/>
        <line num="27" count="0" type="stmt"/>
        <line num="31" count="20" type="stmt"/>
        <line num="34" count="20" type="stmt"/>
        <line num="35" count="20" type="cond" truecount="2" falsecount="0"/>
        <line num="41" count="11" type="stmt"/>
      </file>
      <file name="useDrag.ts" path="D:\Projects\2020\react-phalladium\src\components\common\effects\useDrag.ts">
        <metrics statements="70" coveredstatements="4" conditionals="43" coveredconditionals="0" methods="6" coveredmethods="0"/>
        <line num="1" count="9" type="stmt"/>
        <line num="27" count="9" type="stmt"/>
        <line num="29" count="9" type="stmt"/>
        <line num="34" count="0" type="stmt"/>
        <line num="35" count="0" type="stmt"/>
        <line num="37" count="0" type="stmt"/>
        <line num="38" count="0" type="stmt"/>
        <line num="40" count="0" type="stmt"/>
        <line num="42" count="0" type="stmt"/>
        <line num="44" count="0" type="cond" truecount="0" falsecount="2"/>
        <line num="45" count="0" type="stmt"/>
        <line num="51" count="0" type="stmt"/>
        <line num="52" count="0" type="stmt"/>
        <line num="54" count="0" type="cond" truecount="0" falsecount="5"/>
        <line num="56" count="0" type="stmt"/>
        <line num="58" count="0" type="stmt"/>
        <line num="60" count="0" type="stmt"/>
        <line num="62" count="0" type="stmt"/>
        <line num="63" count="0" type="stmt"/>
        <line num="65" count="0" type="cond" truecount="0" falsecount="2"/>
        <line num="66" count="0" type="stmt"/>
        <line num="67" count="0" type="stmt"/>
        <line num="68" count="0" type="cond" truecount="0" falsecount="2"/>
        <line num="69" count="0" type="stmt"/>
        <line num="70" count="0" type="stmt"/>
        <line num="73" count="0" type="cond" truecount="0" falsecount="2"/>
        <line num="74" count="0" type="cond" truecount="0" falsecount="2"/>
        <line num="76" count="0" type="cond" truecount="0" falsecount="2"/>
        <line num="77" count="0" type="stmt"/>
        <line num="78" count="0" type="cond" truecount="0" falsecount="2"/>
        <line num="83" count="0" type="stmt"/>
        <line num="86" count="0" type="stmt"/>
        <line num="87" count="0" type="stmt"/>
        <line num="89" count="0" type="cond" truecount="0" falsecount="2"/>
        <line num="90" count="0" type="cond" truecount="0" falsecount="2"/>
        <line num="92" count="0" type="cond" truecount="0" falsecount="2"/>
        <line num="96" count="0" type="stmt"/>
        <line num="98" count="0" type="stmt"/>
        <line num="99" count="0" type="stmt"/>
        <line num="105" count="0" type="stmt"/>
        <line num="106" count="0" type="stmt"/>
        <line num="109" count="0" type="stmt"/>
        <line num="110" count="0" type="cond" truecount="0" falsecount="4"/>
        <line num="111" count="0" type="stmt"/>
        <line num="114" count="0" type="stmt"/>
        <line num="116" count="0" type="cond" truecount="0" falsecount="2"/>
        <line num="117" count="0" type="stmt"/>
        <line num="119" count="0" type="stmt"/>
        <line num="122" count="0" type="cond" truecount="0" falsecount="2"/>
        <line num="123" count="0" type="stmt"/>
        <line num="125" count="0" type="stmt"/>
        <line num="128" count="0" type="cond" truecount="0" falsecount="4"/>
        <line num="129" count="0" type="stmt"/>
        <line num="130" count="0" type="stmt"/>
        <line num="131" count="0" type="stmt"/>
        <line num="134" count="0" type="stmt"/>
        <line num="135" count="0" type="stmt"/>
        <line num="137" count="0" type="stmt"/>
        <line num="138" count="0" type="stmt"/>
        <line num="140" count="0" type="stmt"/>
        <line num="141" count="0" type="stmt"/>
        <line num="143" count="0" type="stmt"/>
        <line num="144" count="0" type="stmt"/>
        <line num="145" count="0" type="stmt"/>
        <line num="147" count="0" type="stmt"/>
        <line num="148" count="0" type="stmt"/>
        <line num="150" count="0" type="stmt"/>
        <line num="151" count="0" type="stmt"/>
        <line num="155" count="0" type="stmt"/>
        <line num="158" count="9" type="stmt"/>
      </file>
      <file name="useFirstRender.ts" path="D:\Projects\2020\react-phalladium\src\components\common\effects\useFirstRender.ts">
        <metrics statements="7" coveredstatements="7" conditionals="2" coveredconditionals="1" methods="2" coveredmethods="2"/>
        <line num="1" count="19" type="stmt"/>
        <line num="4" count="263" type="stmt"/>
        <line num="6" count="263" type="stmt"/>
        <line num="7" count="129" type="cond" truecount="1" falsecount="1"/>
        <line num="8" count="129" type="stmt"/>
        <line num="12" count="263" type="stmt"/>
        <line num="15" count="19" type="stmt"/>
      </file>
      <file name="useFocus.ts" path="D:\Projects\2020\react-phalladium\src\components\common\effects\useFocus.ts">
        <metrics statements="48" coveredstatements="38" conditionals="17" coveredconditionals="12" methods="12" coveredmethods="9"/>
        <line num="1" count="23" type="stmt"/>
        <line num="12" count="367" type="stmt"/>
        <line num="14" count="367" type="stmt"/>
        <line num="15" count="18" type="stmt"/>
        <line num="16" count="18" type="stmt"/>
        <line num="17" count="18" type="stmt"/>
        <line num="19" count="18" type="stmt"/>
        <line num="20" count="36" type="cond" truecount="2" falsecount="0"/>
        <line num="21" count="32" type="stmt"/>
        <line num="25" count="18" type="stmt"/>
        <line num="26" count="18" type="cond" truecount="1" falsecount="1"/>
        <line num="27" count="0" type="stmt"/>
        <line num="31" count="18" type="stmt"/>
        <line num="32" count="5" type="stmt"/>
        <line num="33" count="5" type="stmt"/>
        <line num="37" count="367" type="stmt"/>
        <line num="38" count="0" type="stmt"/>
        <line num="39" count="0" type="stmt"/>
        <line num="40" count="0" type="stmt"/>
        <line num="42" count="0" type="stmt"/>
        <line num="43" count="0" type="stmt"/>
        <line num="44" count="0" type="stmt"/>
        <line num="48" count="367" type="stmt"/>
        <line num="49" count="4" type="cond" truecount="5" falsecount="0"/>
        <line num="50" count="2" type="stmt"/>
        <line num="51" count="2" type="stmt"/>
        <line num="53" count="2" type="cond" truecount="1" falsecount="1"/>
        <line num="54" count="0" type="stmt"/>
        <line num="59" count="367" type="stmt"/>
        <line num="61" count="29" type="cond" truecount="2" falsecount="0"/>
        <line num="62" count="16" type="stmt"/>
        <line num="68" count="367" type="stmt"/>
        <line num="70" count="0" type="cond" truecount="0" falsecount="2"/>
        <line num="71" count="0" type="stmt"/>
        <line num="77" count="367" type="stmt"/>
        <line num="78" count="212" type="stmt"/>
        <line num="80" count="212" type="stmt"/>
        <line num="82" count="212" type="cond" truecount="1" falsecount="1"/>
        <line num="83" count="212" type="stmt"/>
        <line num="84" count="212" type="stmt"/>
        <line num="85" count="212" type="stmt"/>
        <line num="86" count="212" type="stmt"/>
        <line num="88" count="212" type="stmt"/>
        <line num="89" count="212" type="stmt"/>
        <line num="90" count="212" type="stmt"/>
        <line num="91" count="212" type="stmt"/>
        <line num="92" count="212" type="stmt"/>
        <line num="98" count="23" type="stmt"/>
      </file>
      <file name="useKey.ts" path="D:\Projects\2020\react-phalladium\src\components\common\effects\useKey.ts">
        <metrics statements="16" coveredstatements="14" conditionals="11" coveredconditionals="8" methods="5" coveredmethods="5"/>
        <line num="1" count="16" type="stmt"/>
        <line num="3" count="16" type="stmt"/>
        <line num="4" count="226" type="stmt"/>
        <line num="5" count="1" type="cond" truecount="4" falsecount="1"/>
        <line num="6" count="0" type="stmt"/>
        <line num="8" count="0" type="cond" truecount="0" falsecount="2"/>
        <line num="12" count="226" type="stmt"/>
        <line num="14" count="226" type="stmt"/>
        <line num="15" count="162" type="cond" truecount="2" falsecount="0"/>
        <line num="16" count="156" type="stmt"/>
        <line num="17" count="156" type="stmt"/>
        <line num="21" count="226" type="stmt"/>
        <line num="22" count="117" type="stmt"/>
        <line num="23" count="117" type="cond" truecount="2" falsecount="0"/>
        <line num="24" count="111" type="stmt"/>
        <line num="30" count="16" type="stmt"/>
      </file>
      <file name="usePosition.ts" path="D:\Projects\2020\react-phalladium\src\components\common\effects\usePosition.ts">
        <metrics statements="44" coveredstatements="29" conditionals="44" coveredconditionals="15" methods="4" coveredmethods="3"/>
        <line num="1" count="12" type="stmt"/>
        <line num="29" count="12" type="stmt"/>
        <line num="35" count="40" type="stmt"/>
        <line num="36" count="40" type="stmt"/>
        <line num="38" count="40" type="stmt"/>
        <line num="39" count="15" type="cond" truecount="2" falsecount="2"/>
        <line num="40" count="0" type="stmt"/>
        <line num="43" count="15" type="stmt"/>
        <line num="44" count="15" type="stmt"/>
        <line num="46" count="15" type="stmt"/>
        <line num="48" count="15" type="stmt"/>
        <line num="50" count="15" type="cond" truecount="2" falsecount="0"/>
        <line num="51" count="15" type="cond" truecount="2" falsecount="0"/>
        <line num="53" count="15" type="cond" truecount="2" falsecount="0"/>
        <line num="54" count="15" type="stmt"/>
        <line num="56" count="15" type="stmt"/>
        <line num="60" count="15" type="stmt"/>
        <line num="64" count="15" type="stmt"/>
        <line num="65" count="15" type="stmt"/>
        <line num="67" count="15" type="cond" truecount="4" falsecount="9"/>
        <line num="70" count="2" type="cond" truecount="1" falsecount="1"/>
        <line num="71" count="2" type="stmt"/>
        <line num="75" count="2" type="stmt"/>
        <line num="79" count="0" type="cond" truecount="0" falsecount="2"/>
        <line num="84" count="0" type="cond" truecount="0" falsecount="2"/>
        <line num="85" count="0" type="stmt"/>
        <line num="89" count="0" type="stmt"/>
        <line num="93" count="13" type="cond" truecount="1" falsecount="1"/>
        <line num="98" count="13" type="cond" truecount="1" falsecount="1"/>
        <line num="99" count="13" type="stmt"/>
        <line num="103" count="13" type="stmt"/>
        <line num="107" count="0" type="cond" truecount="0" falsecount="2"/>
        <line num="108" count="0" type="stmt"/>
        <line num="112" count="0" type="stmt"/>
        <line num="116" count="0" type="cond" truecount="0" falsecount="2"/>
        <line num="117" count="0" type="stmt"/>
        <line num="121" count="0" type="stmt"/>
        <line num="125" count="0" type="cond" truecount="0" falsecount="2"/>
        <line num="126" count="0" type="stmt"/>
        <line num="130" count="0" type="stmt"/>
        <line num="133" count="0" type="stmt"/>
        <line num="136" count="15" type="stmt"/>
        <line num="139" count="40" type="stmt"/>
        <line num="142" count="12" type="stmt"/>
      </file>
    </package>
    <package name="components.dialog">
      <metrics statements="19" coveredstatements="19" conditionals="6" coveredconditionals="4" methods="3" coveredmethods="3"/>
      <file name="dialog.tsx" path="D:\Projects\2020\react-phalladium\src\components\dialog\dialog.tsx">
        <metrics statements="19" coveredstatements="19" conditionals="6" coveredconditionals="4" methods="3" coveredmethods="3"/>
        <line num="1" count="10" type="stmt"/>
        <line num="2" count="10" type="stmt"/>
        <line num="3" count="10" type="stmt"/>
        <line num="4" count="10" type="stmt"/>
        <line num="5" count="10" type="stmt"/>
        <line num="6" count="10" type="stmt"/>
        <line num="7" count="10" type="stmt"/>
        <line num="9" count="10" type="stmt"/>
        <line num="11" count="10" type="stmt"/>
        <line num="21" count="4" type="stmt"/>
        <line num="22" count="4" type="stmt"/>
        <line num="24" count="4" type="stmt"/>
        <line num="30" count="4" type="stmt"/>
        <line num="32" count="4" type="stmt"/>
        <line num="33" count="3" type="stmt"/>
        <line num="40" count="4" type="stmt"/>
        <line num="42" count="4" type="stmt"/>
        <line num="73" count="10" type="stmt"/>
        <line num="77" count="10" type="stmt"/>
      </file>
    </package>
    <package name="components.drawer">
      <metrics statements="32" coveredstatements="32" conditionals="18" coveredconditionals="14" methods="7" coveredmethods="6"/>
      <file name="drawer.tsx" path="D:\Projects\2020\react-phalladium\src\components\drawer\drawer.tsx">
        <metrics statements="32" coveredstatements="32" conditionals="18" coveredconditionals="14" methods="7" coveredmethods="6"/>
        <line num="1" count="9" type="stmt"/>
        <line num="2" count="9" type="stmt"/>
        <line num="10" count="9" type="stmt"/>
        <line num="11" count="9" type="stmt"/>
        <line num="12" count="9" type="stmt"/>
        <line num="13" count="9" type="stmt"/>
        <line num="14" count="9" type="stmt"/>
        <line num="15" count="9" type="stmt"/>
        <line num="17" count="9" type="stmt"/>
        <line num="19" count="9" type="stmt"/>
        <line num="28" count="11" type="stmt"/>
        <line num="29" count="11" type="stmt"/>
        <line num="31" count="11" type="stmt"/>
        <line num="32" count="5" type="stmt"/>
        <line num="34" count="5" type="cond" truecount="4" falsecount="0"/>
        <line num="35" count="2" type="cond" truecount="1" falsecount="3"/>
        <line num="38" count="5" type="stmt"/>
        <line num="45" count="11" type="stmt"/>
        <line num="47" count="11" type="stmt"/>
        <line num="54" count="11" type="stmt"/>
        <line num="55" count="5" type="stmt"/>
        <line num="58" count="11" type="stmt"/>
        <line num="60" count="11" type="stmt"/>
        <line num="62" count="11" type="cond" truecount="1" falsecount="1"/>
        <line num="63" count="11" type="stmt"/>
        <line num="66" count="11" type="stmt"/>
        <line num="67" count="10" type="cond" truecount="2" falsecount="0"/>
        <line num="68" count="5" type="stmt"/>
        <line num="70" count="5" type="stmt"/>
        <line num="74" count="11" type="stmt"/>
        <line num="93" count="9" type="stmt"/>
        <line num="97" count="9" type="stmt"/>
      </file>
    </package>
    <package name="components.dropdown">
      <metrics statements="77" coveredstatements="72" conditionals="42" coveredconditionals="36" methods="26" coveredmethods="22"/>
      <file name="dropdown-menu.tsx" path="D:\Projects\2020\react-phalladium\src\components\dropdown\dropdown-menu.tsx">
        <metrics statements="15" coveredstatements="15" conditionals="10" coveredconditionals="10" methods="4" coveredmethods="4"/>
        <line num="1" count="9" type="stmt"/>
        <line num="2" count="9" type="stmt"/>
        <line num="3" count="9" type="stmt"/>
        <line num="4" count="9" type="stmt"/>
        <line num="7" count="9" type="stmt"/>
        <line num="18" count="7" type="stmt"/>
        <line num="19" count="5" type="stmt"/>
        <line num="24" count="7" type="stmt"/>
        <line num="26" count="6" type="stmt"/>
        <line num="36" count="7" type="stmt"/>
        <line num="37" count="6" type="cond" truecount="2" falsecount="0"/>
        <line num="38" count="1" type="cond" truecount="2" falsecount="0"/>
        <line num="42" count="7" type="stmt"/>
        <line num="56" count="9" type="stmt"/>
        <line num="58" count="9" type="stmt"/>
      </file>
      <file name="dropdown.tsx" path="D:\Projects\2020\react-phalladium\src\components\dropdown\dropdown.tsx">
        <metrics statements="62" coveredstatements="57" conditionals="32" coveredconditionals="26" methods="22" coveredmethods="18"/>
        <line num="1" count="9" type="stmt"/>
        <line num="2" count="9" type="stmt"/>
        <line num="3" count="9" type="stmt"/>
        <line num="4" count="9" type="stmt"/>
        <line num="5" count="9" type="stmt"/>
        <line num="6" count="9" type="stmt"/>
        <line num="7" count="9" type="stmt"/>
        <line num="8" count="9" type="stmt"/>
        <line num="10" count="9" type="stmt"/>
        <line num="12" count="9" type="stmt"/>
        <line num="16" count="9" type="stmt"/>
        <line num="27" count="13" type="stmt"/>
        <line num="28" count="65" type="stmt"/>
        <line num="36" count="13" type="stmt"/>
        <line num="39" count="65" type="stmt"/>
        <line num="40" count="4" type="stmt"/>
        <line num="46" count="13" type="stmt"/>
        <line num="49" count="13" type="stmt"/>
        <line num="52" count="13" type="stmt"/>
        <line num="53" count="13" type="stmt"/>
        <line num="56" count="13" type="stmt"/>
        <line num="59" count="1" type="cond" truecount="1" falsecount="1"/>
        <line num="60" count="0" type="stmt"/>
        <line num="61" count="0" type="stmt"/>
        <line num="63" count="0" type="stmt"/>
        <line num="64" count="0" type="stmt"/>
        <line num="65" count="0" type="stmt"/>
        <line num="71" count="1" type="stmt"/>
        <line num="72" count="1" type="stmt"/>
        <line num="73" count="1" type="stmt"/>
        <line num="74" count="1" type="stmt"/>
        <line num="75" count="5" type="stmt"/>
        <line num="80" count="1" type="stmt"/>
        <line num="83" count="1" type="cond" truecount="1" falsecount="1"/>
        <line num="84" count="1" type="stmt"/>
        <line num="89" count="13" type="stmt"/>
        <line num="90" count="4" type="stmt"/>
        <line num="95" count="13" type="stmt"/>
        <line num="96" count="1" type="stmt"/>
        <line num="97" count="1" type="stmt"/>
        <line num="101" count="13" type="stmt"/>
        <line num="104" count="13" type="stmt"/>
        <line num="105" count="11" type="cond" truecount="2" falsecount="0"/>
        <line num="106" count="6" type="stmt"/>
        <line num="107" count="6" type="stmt"/>
        <line num="112" count="5" type="stmt"/>
        <line num="116" count="13" type="stmt"/>
        <line num="119" count="13" type="stmt"/>
        <line num="120" count="6" type="cond" truecount="5" falsecount="0"/>
        <line num="121" count="1" type="stmt"/>
        <line num="123" count="2" type="stmt"/>
        <line num="124" count="2" type="stmt"/>
        <line num="128" count="5" type="cond" truecount="2" falsecount="0"/>
        <line num="133" count="13" type="stmt"/>
        <line num="135" count="5" type="stmt"/>
        <line num="141" count="13" type="stmt"/>
        <line num="143" count="5" type="stmt"/>
        <line num="150" count="13" type="stmt"/>
        <line num="152" count="13" type="stmt"/>
        <line num="159" count="13" type="stmt"/>
        <line num="209" count="9" type="stmt"/>
        <line num="211" count="9" type="stmt"/>
      </file>
    </package>
    <package name="components.image-comparer">
      <metrics statements="23" coveredstatements="6" conditionals="10" coveredconditionals="0" methods="4" coveredmethods="0"/>
      <file name="image-comparer.tsx" path="D:\Projects\2020\react-phalladium\src\components\image-comparer\image-comparer.tsx">
        <metrics statements="23" coveredstatements="6" conditionals="10" coveredconditionals="0" methods="4" coveredmethods="0"/>
        <line num="1" count="9" type="stmt"/>
        <line num="2" count="9" type="stmt"/>
        <line num="10" count="9" type="stmt"/>
        <line num="11" count="9" type="stmt"/>
        <line num="17" count="9" type="stmt"/>
        <line num="20" count="0" type="stmt"/>
        <line num="21" count="0" type="stmt"/>
        <line num="22" count="0" type="stmt"/>
        <line num="24" count="0" type="stmt"/>
        <line num="28" count="0" type="stmt"/>
        <line num="30" count="0" type="stmt"/>
        <line num="31" count="0" type="cond" truecount="0" falsecount="2"/>
        <line num="32" count="0" type="stmt"/>
        <line num="35" count="0" type="stmt"/>
        <line num="37" count="0" type="cond" truecount="0" falsecount="4"/>
        <line num="39" count="0" type="stmt"/>
        <line num="46" count="0" type="stmt"/>
        <line num="47" count="0" type="cond" truecount="0" falsecount="2"/>
        <line num="48" count="0" type="stmt"/>
        <line num="52" count="0" type="stmt"/>
        <line num="53" count="0" type="stmt"/>
        <line num="57" count="0" type="stmt"/>
        <line num="70" count="9" type="stmt"/>
      </file>
    </package>
    <package name="components.input">
      <metrics statements="34" coveredstatements="33" conditionals="20" coveredconditionals="16" methods="8" coveredmethods="7"/>
      <file name="input.tsx" path="D:\Projects\2020\react-phalladium\src\components\input\input.tsx">
        <metrics statements="34" coveredstatements="33" conditionals="20" coveredconditionals="16" methods="8" coveredmethods="7"/>
        <line num="1" count="12" type="stmt"/>
        <line num="2" count="12" type="stmt"/>
        <line num="9" count="12" type="stmt"/>
        <line num="10" count="12" type="stmt"/>
        <line num="11" count="12" type="stmt"/>
        <line num="12" count="12" type="stmt"/>
        <line num="14" count="12" type="stmt"/>
        <line num="16" count="12" type="stmt"/>
        <line num="29" count="32" type="stmt"/>
        <line num="30" count="32" type="stmt"/>
        <line num="31" count="32" type="stmt"/>
        <line num="33" count="32" type="cond" truecount="2" falsecount="0"/>
        <line num="37" count="32" type="stmt"/>
        <line num="38" count="1" type="stmt"/>
        <line num="39" count="1" type="stmt"/>
        <line num="41" count="1" type="cond" truecount="1" falsecount="1"/>
        <line num="42" count="1" type="stmt"/>
        <line num="45" count="1" type="cond" truecount="1" falsecount="1"/>
        <line num="46" count="1" type="stmt"/>
        <line num="50" count="32" type="stmt"/>
        <line num="52" count="5" type="stmt"/>
        <line num="53" count="5" type="stmt"/>
        <line num="54" count="5" type="cond" truecount="2" falsecount="0"/>
        <line num="59" count="32" type="stmt"/>
        <line num="61" count="32" type="stmt"/>
        <line num="62" count="28" type="cond" truecount="2" falsecount="0"/>
        <line num="66" count="32" type="stmt"/>
        <line num="68" count="32" type="stmt"/>
        <line num="70" count="21" type="stmt"/>
        <line num="78" count="32" type="stmt"/>
        <line num="85" count="0" type="cond" truecount="0" falsecount="2"/>
        <line num="102" count="31" type="stmt"/>
        <line num="105" count="12" type="stmt"/>
        <line num="107" count="12" type="stmt"/>
      </file>
    </package>
    <package name="components.link">
      <metrics statements="5" coveredstatements="5" conditionals="0" coveredconditionals="0" methods="1" coveredmethods="1"/>
      <file name="link.tsx" path="D:\Projects\2020\react-phalladium\src\components\link\link.tsx">
        <metrics statements="5" coveredstatements="5" conditionals="0" coveredconditionals="0" methods="1" coveredmethods="1"/>
        <line num="1" count="10" type="stmt"/>
        <line num="2" count="10" type="stmt"/>
        <line num="8" count="10" type="stmt"/>
        <line num="13" count="9" type="stmt"/>
        <line num="20" count="10" type="stmt"/>
      </file>
    </package>
    <package name="components.list">
      <metrics statements="70" coveredstatements="70" conditionals="34" coveredconditionals="33" methods="26" coveredmethods="26"/>
      <file name="list-item-option.tsx" path="D:\Projects\2020\react-phalladium\src\components\list\list-item-option.tsx">
        <metrics statements="11" coveredstatements="11" conditionals="0" coveredconditionals="0" methods="2" coveredmethods="2"/>
        <line num="1" count="10" type="stmt"/>
        <line num="2" count="10" type="stmt"/>
        <line num="3" count="10" type="stmt"/>
        <line num="4" count="10" type="stmt"/>
        <line num="13" count="10" type="stmt"/>
        <line num="15" count="42" type="stmt"/>
        <line num="17" count="42" type="stmt"/>
        <line num="19" count="42" type="stmt"/>
        <line num="37" count="23" type="stmt"/>
        <line num="40" count="10" type="stmt"/>
        <line num="42" count="10" type="stmt"/>
      </file>
      <file name="list-item.tsx" path="D:\Projects\2020\react-phalladium\src\components\list\list-item.tsx">
        <metrics statements="14" coveredstatements="14" conditionals="6" coveredconditionals="6" methods="3" coveredmethods="3"/>
        <line num="1" count="10" type="stmt"/>
        <line num="2" count="10" type="stmt"/>
        <line num="3" count="10" type="stmt"/>
        <line num="4" count="10" type="stmt"/>
        <line num="5" count="10" type="stmt"/>
        <line num="6" count="10" type="stmt"/>
        <line num="9" count="10" type="stmt"/>
        <line num="20" count="176" type="stmt"/>
        <line num="21" count="7" type="cond" truecount="2" falsecount="0"/>
        <line num="24" count="176" type="stmt"/>
        <line num="26" count="90" type="stmt"/>
        <line num="36" count="176" type="stmt"/>
        <line num="67" count="10" type="stmt"/>
        <line num="69" count="10" type="stmt"/>
      </file>
      <file name="list.tsx" path="D:\Projects\2020\react-phalladium\src\components\list\list.tsx">
        <metrics statements="45" coveredstatements="45" conditionals="28" coveredconditionals="27" methods="21" coveredmethods="21"/>
        <line num="1" count="10" type="stmt"/>
        <line num="2" count="10" type="stmt"/>
        <line num="3" count="10" type="stmt"/>
        <line num="11" count="10" type="stmt"/>
        <line num="12" count="10" type="stmt"/>
        <line num="13" count="10" type="stmt"/>
        <line num="15" count="10" type="stmt"/>
        <line num="16" count="10" type="stmt"/>
        <line num="18" count="10" type="stmt"/>
        <line num="25" count="10" type="stmt"/>
        <line num="37" count="40" type="stmt"/>
        <line num="38" count="181" type="stmt"/>
        <line num="46" count="40" type="stmt"/>
        <line num="48" count="40" type="stmt"/>
        <line num="50" count="40" type="stmt"/>
        <line num="51" count="17" type="stmt"/>
        <line num="55" count="40" type="stmt"/>
        <line num="56" count="2" type="stmt"/>
        <line num="57" count="12" type="stmt"/>
        <line num="64" count="40" type="stmt"/>
        <line num="65" count="7" type="cond" truecount="2" falsecount="0"/>
        <line num="66" count="5" type="stmt"/>
        <line num="67" count="22" type="stmt"/>
        <line num="71" count="22" type="stmt"/>
        <line num="72" count="5" type="stmt"/>
        <line num="75" count="2" type="stmt"/>
        <line num="76" count="11" type="stmt"/>
        <line num="80" count="11" type="stmt"/>
        <line num="81" count="2" type="stmt"/>
        <line num="86" count="40" type="stmt"/>
        <line num="87" count="78" type="stmt"/>
        <line num="91" count="40" type="stmt"/>
        <line num="93" count="17" type="stmt"/>
        <line num="99" count="40" type="stmt"/>
        <line num="100" count="24" type="cond" truecount="4" falsecount="0"/>
        <line num="101" count="7" type="stmt"/>
        <line num="105" count="40" type="stmt"/>
        <line num="106" count="21" type="cond" truecount="2" falsecount="0"/>
        <line num="107" count="4" type="stmt"/>
        <line num="108" count="16" type="stmt"/>
        <line num="118" count="40" type="stmt"/>
        <line num="120" count="40" type="stmt"/>
        <line num="135" count="181" type="stmt"/>
        <line num="137" count="176" type="stmt"/>
        <line num="157" count="10" type="stmt"/>
      </file>
    </package>
    <package name="components.menu">
      <metrics statements="66" coveredstatements="65" conditionals="27" coveredconditionals="24" methods="16" coveredmethods="14"/>
      <file name="menu-item.tsx" path="D:\Projects\2020\react-phalladium\src\components\menu\menu-item.tsx">
        <metrics statements="10" coveredstatements="10" conditionals="6" coveredconditionals="6" methods="2" coveredmethods="2"/>
        <line num="1" count="11" type="stmt"/>
        <line num="2" count="11" type="stmt"/>
        <line num="3" count="11" type="stmt"/>
        <line num="12" count="11" type="stmt"/>
        <line num="18" count="81" type="stmt"/>
        <line num="25" count="3" type="stmt"/>
        <line num="26" count="3" type="stmt"/>
        <line num="27" count="3" type="cond" truecount="4" falsecount="0"/>
        <line num="28" count="2" type="stmt"/>
        <line num="38" count="11" type="stmt"/>
      </file>
      <file name="menu.tsx" path="D:\Projects\2020\react-phalladium\src\components\menu\menu.tsx">
        <metrics statements="56" coveredstatements="55" conditionals="21" coveredconditionals="18" methods="14" coveredmethods="12"/>
        <line num="1" count="11" type="stmt"/>
        <line num="2" count="11" type="stmt"/>
        <line num="3" count="11" type="stmt"/>
        <line num="10" count="11" type="stmt"/>
        <line num="11" count="11" type="stmt"/>
        <line num="12" count="11" type="stmt"/>
        <line num="13" count="11" type="stmt"/>
        <line num="14" count="11" type="stmt"/>
        <line num="15" count="11" type="stmt"/>
        <line num="17" count="11" type="stmt"/>
        <line num="19" count="11" type="stmt"/>
        <line num="29" count="36" type="stmt"/>
        <line num="30" count="92" type="stmt"/>
        <line num="35" count="36" type="stmt"/>
        <line num="36" count="36" type="stmt"/>
        <line num="37" count="36" type="stmt"/>
        <line num="39" count="36" type="stmt"/>
        <line num="41" count="36" type="stmt"/>
        <line num="47" count="36" type="stmt"/>
        <line num="48" count="3" type="stmt"/>
        <line num="49" count="3" type="cond" truecount="2" falsecount="0"/>
        <line num="50" count="1" type="stmt"/>
        <line num="52" count="3" type="stmt"/>
        <line num="56" count="36" type="stmt"/>
        <line num="58" count="36" type="stmt"/>
        <line num="59" count="36" type="stmt"/>
        <line num="60" count="36" type="stmt"/>
        <line num="62" count="36" type="stmt"/>
        <line num="64" count="16" type="stmt"/>
        <line num="71" count="36" type="stmt"/>
        <line num="72" count="16" type="cond" truecount="1" falsecount="1"/>
        <line num="73" count="0" type="stmt"/>
        <line num="76" count="16" type="cond" truecount="4" falsecount="0"/>
        <line num="77" count="2" type="stmt"/>
        <line num="78" count="2" type="cond" truecount="2" falsecount="0"/>
        <line num="82" count="36" type="stmt"/>
        <line num="83" count="2" type="cond" truecount="1" falsecount="1"/>
        <line num="84" count="2" type="stmt"/>
        <line num="86" count="2" type="stmt"/>
        <line num="87" count="2" type="stmt"/>
        <line num="90" count="36" type="stmt"/>
        <line num="91" count="26" type="cond" truecount="2" falsecount="0"/>
        <line num="92" count="13" type="stmt"/>
        <line num="96" count="36" type="stmt"/>
        <line num="97" count="5" type="stmt"/>
        <line num="98" count="5" type="cond" truecount="1" falsecount="1"/>
        <line num="99" count="5" type="stmt"/>
        <line num="101" count="5" type="cond" truecount="2" falsecount="0"/>
        <line num="102" count="2" type="stmt"/>
        <line num="107" count="36" type="stmt"/>
        <line num="108" count="13" type="stmt"/>
        <line num="110" count="13" type="stmt"/>
        <line num="111" count="13" type="stmt"/>
        <line num="115" count="36" type="stmt"/>
        <line num="126" count="92" type="stmt"/>
        <line num="139" count="11" type="stmt"/>
      </file>
    </package>
    <package name="components.menubar">
      <metrics statements="40" coveredstatements="34" conditionals="16" coveredconditionals="8" methods="14" coveredmethods="13"/>
      <file name="menubar.tsx" path="D:\Projects\2020\react-phalladium\src\components\menubar\menubar.tsx">
        <metrics statements="40" coveredstatements="34" conditionals="16" coveredconditionals="8" methods="14" coveredmethods="13"/>
        <line num="1" count="10" type="stmt"/>
        <line num="2" count="10" type="stmt"/>
        <line num="3" count="10" type="stmt"/>
        <line num="11" count="10" type="stmt"/>
        <line num="13" count="10" type="stmt"/>
        <line num="15" count="10" type="stmt"/>
        <line num="21" count="4" type="stmt"/>
        <line num="22" count="12" type="stmt"/>
        <line num="30" count="4" type="stmt"/>
        <line num="32" count="4" type="stmt"/>
        <line num="33" count="2" type="stmt"/>
        <line num="36" count="4" type="stmt"/>
        <line num="37" count="1" type="cond" truecount="1" falsecount="1"/>
        <line num="38" count="1" type="stmt"/>
        <line num="42" count="4" type="stmt"/>
        <line num="43" count="1" type="stmt"/>
        <line num="48" count="1" type="stmt"/>
        <line num="50" count="1" type="cond" truecount="1" falsecount="1"/>
        <line num="51" count="0" type="stmt"/>
        <line num="55" count="4" type="stmt"/>
        <line num="56" count="3" type="stmt"/>
        <line num="58" count="3" type="stmt"/>
        <line num="59" count="3" type="stmt"/>
        <line num="63" count="4" type="stmt"/>
        <line num="64" count="1" type="cond" truecount="2" falsecount="0"/>
        <line num="65" count="1" type="stmt"/>
        <line num="68" count="4" type="stmt"/>
        <line num="69" count="3" type="stmt"/>
        <line num="74" count="4" type="stmt"/>
        <line num="76" count="3" type="stmt"/>
        <line num="83" count="4" type="stmt"/>
        <line num="85" count="0" type="stmt"/>
        <line num="86" count="0" type="stmt"/>
        <line num="87" count="0" type="stmt"/>
        <line num="89" count="0" type="cond" truecount="0" falsecount="5"/>
        <line num="90" count="0" type="stmt"/>
        <line num="96" count="4" type="stmt"/>
        <line num="99" count="12" type="stmt"/>
        <line num="106" count="1" type="stmt"/>
        <line num="124" count="10" type="stmt"/>
      </file>
    </package>
    <package name="components.notification">
      <metrics statements="20" coveredstatements="19" conditionals="8" coveredconditionals="5" methods="5" coveredmethods="4"/>
      <file name="notification.tsx" path="D:\Projects\2020\react-phalladium\src\components\notification\notification.tsx">
        <metrics statements="20" coveredstatements="19" conditionals="8" coveredconditionals="5" methods="5" coveredmethods="4"/>
        <line num="1" count="9" type="stmt"/>
        <line num="2" count="9" type="stmt"/>
        <line num="3" count="9" type="stmt"/>
        <line num="4" count="9" type="stmt"/>
        <line num="5" count="9" type="stmt"/>
        <line num="6" count="9" type="stmt"/>
        <line num="8" count="9" type="stmt"/>
        <line num="10" count="9" type="stmt"/>
        <line num="20" count="3" type="stmt"/>
        <line num="28" count="3" type="stmt"/>
        <line num="30" count="3" type="stmt"/>
        <line num="31" count="1" type="cond" truecount="2" falsecount="0"/>
        <line num="34" count="3" type="stmt"/>
        <line num="36" count="2" type="stmt"/>
        <line num="43" count="3" type="stmt"/>
        <line num="44" count="2" type="cond" truecount="1" falsecount="1"/>
        <line num="45" count="0" type="cond" truecount="0" falsecount="2"/>
        <line num="49" count="3" type="stmt"/>
        <line num="70" count="9" type="stmt"/>
        <line num="74" count="9" type="stmt"/>
      </file>
    </package>
    <package name="components.progress">
      <metrics statements="29" coveredstatements="28" conditionals="25" coveredconditionals="10" methods="10" coveredmethods="10"/>
      <file name="progress.tsx" path="D:\Projects\2020\react-phalladium\src\components\progress\progress.tsx">
        <metrics statements="29" coveredstatements="28" conditionals="25" coveredconditionals="10" methods="10" coveredmethods="10"/>
        <line num="1" count="10" type="stmt"/>
        <line num="2" count="10" type="stmt"/>
        <line num="4" count="10" type="stmt"/>
        <line num="6" count="10" type="stmt"/>
        <line num="15" count="1" type="stmt"/>
        <line num="17" count="1" type="stmt"/>
        <line num="18" count="1" type="stmt"/>
        <line num="22" count="1" type="stmt"/>
        <line num="23" count="1" type="stmt"/>
        <line num="24" count="1" type="cond" truecount="1" falsecount="1"/>
        <line num="27" count="1" type="stmt"/>
        <line num="29" count="1" type="cond" truecount="1" falsecount="3"/>
        <line num="36" count="1" type="stmt"/>
        <line num="37" count="1" type="stmt"/>
        <line num="38" count="1" type="cond" truecount="1" falsecount="1"/>
        <line num="39" count="0" type="stmt"/>
        <line num="41" count="1" type="stmt"/>
        <line num="44" count="1" type="stmt"/>
        <line num="46" count="1" type="stmt"/>
        <line num="52" count="1" type="stmt"/>
        <line num="53" count="1" type="stmt"/>
        <line num="57" count="1" type="stmt"/>
        <line num="59" count="1" type="stmt"/>
        <line num="68" count="1" type="stmt"/>
        <line num="70" count="1" type="stmt"/>
        <line num="78" count="1" type="stmt"/>
        <line num="80" count="1" type="stmt"/>
        <line num="84" count="1" type="stmt"/>
        <line num="106" count="10" type="stmt"/>
      </file>
    </package>
    <package name="components.radio">
      <metrics statements="30" coveredstatements="29" conditionals="18" coveredconditionals="15" methods="8" coveredmethods="8"/>
      <file name="radio.tsx" path="D:\Projects\2020\react-phalladium\src\components\radio\radio.tsx">
        <metrics statements="30" coveredstatements="29" conditionals="18" coveredconditionals="15" methods="8" coveredmethods="8"/>
        <line num="1" count="11" type="stmt"/>
        <line num="2" count="11" type="stmt"/>
        <line num="3" count="11" type="stmt"/>
        <line num="10" count="11" type="stmt"/>
        <line num="11" count="11" type="stmt"/>
        <line num="13" count="11" type="stmt"/>
        <line num="15" count="11" type="stmt"/>
        <line num="25" count="10" type="cond" truecount="2" falsecount="0"/>
        <line num="27" count="10" type="stmt"/>
        <line num="29" count="10" type="stmt"/>
        <line num="31" count="10" type="stmt"/>
        <line num="33" count="10" type="stmt"/>
        <line num="35" count="10" type="cond" truecount="2" falsecount="0"/>
        <line num="37" count="10" type="stmt"/>
        <line num="38" count="2" type="cond" truecount="1" falsecount="1"/>
        <line num="39" count="2" type="stmt"/>
        <line num="40" count="2" type="cond" truecount="2" falsecount="0"/>
        <line num="49" count="10" type="stmt"/>
        <line num="51" count="10" type="stmt"/>
        <line num="53" count="8" type="stmt"/>
        <line num="65" count="10" type="stmt"/>
        <line num="66" count="8" type="stmt"/>
        <line num="72" count="10" type="stmt"/>
        <line num="73" count="6" type="stmt"/>
        <line num="76" count="10" type="stmt"/>
        <line num="77" count="7" type="cond" truecount="1" falsecount="1"/>
        <line num="78" count="0" type="stmt"/>
        <line num="80" count="7" type="stmt"/>
        <line num="83" count="10" type="stmt"/>
        <line num="109" count="11" type="stmt"/>
      </file>
    </package>
    <package name="components.radio-group">
      <metrics statements="24" coveredstatements="24" conditionals="11" coveredconditionals="8" methods="8" coveredmethods="8"/>
      <file name="radio-group.tsx" path="D:\Projects\2020\react-phalladium\src\components\radio-group\radio-group.tsx">
        <metrics statements="24" coveredstatements="24" conditionals="11" coveredconditionals="8" methods="8" coveredmethods="8"/>
        <line num="1" count="10" type="stmt"/>
        <line num="2" count="10" type="stmt"/>
        <line num="3" count="10" type="stmt"/>
        <line num="4" count="10" type="stmt"/>
        <line num="5" count="10" type="stmt"/>
        <line num="7" count="10" type="stmt"/>
        <line num="9" count="10" type="stmt"/>
        <line num="15" count="3" type="stmt"/>
        <line num="17" count="6" type="stmt"/>
        <line num="24" count="3" type="stmt"/>
        <line num="26" count="3" type="stmt"/>
        <line num="28" count="1" type="cond" truecount="1" falsecount="1"/>
        <line num="29" count="1" type="stmt"/>
        <line num="30" count="2" type="stmt"/>
        <line num="35" count="1" type="stmt"/>
        <line num="41" count="3" type="stmt"/>
        <line num="42" count="3" type="cond" truecount="2" falsecount="0"/>
        <line num="43" count="1" type="stmt"/>
        <line num="45" count="1" type="cond" truecount="3" falsecount="1"/>
        <line num="46" count="1" type="stmt"/>
        <line num="51" count="3" type="stmt"/>
        <line num="53" count="3" type="stmt"/>
        <line num="56" count="6" type="stmt"/>
        <line num="78" count="10" type="stmt"/>
      </file>
    </package>
    <package name="components.rate">
      <metrics statements="45" coveredstatements="42" conditionals="17" coveredconditionals="15" methods="16" coveredmethods="13"/>
      <file name="rate-item.tsx" path="D:\Projects\2020\react-phalladium\src\components\rate\rate-item.tsx">
        <metrics statements="10" coveredstatements="10" conditionals="4" coveredconditionals="3" methods="4" coveredmethods="4"/>
        <line num="1" count="1" type="stmt"/>
        <line num="2" count="1" type="stmt"/>
        <line num="3" count="1" type="stmt"/>
        <line num="6" count="1" type="stmt"/>
        <line num="17" count="30" type="stmt"/>
        <line num="25" count="1" type="stmt"/>
        <line num="26" count="1" type="stmt"/>
        <line num="36" count="15" type="stmt"/>
        <line num="43" count="1" type="stmt"/>
        <line num="45" count="1" type="stmt"/>
      </file>
      <file name="rate.tsx" path="D:\Projects\2020\react-phalladium\src\components\rate\rate.tsx">
        <metrics statements="35" coveredstatements="32" conditionals="13" coveredconditionals="12" methods="12" coveredmethods="9"/>
        <line num="1" count="1" type="stmt"/>
        <line num="2" count="1" type="stmt"/>
        <line num="3" count="1" type="stmt"/>
        <line num="4" count="1" type="stmt"/>
        <line num="5" count="1" type="stmt"/>
        <line num="6" count="1" type="stmt"/>
        <line num="8" count="1" type="stmt"/>
        <line num="10" count="1" type="stmt"/>
        <line num="17" count="8" type="stmt"/>
        <line num="18" count="42" type="stmt"/>
        <line num="25" count="8" type="stmt"/>
        <line num="27" count="8" type="stmt"/>
        <line num="30" count="8" type="stmt"/>
        <line num="32" count="8" type="stmt"/>
        <line num="33" count="1" type="stmt"/>
        <line num="34" count="1" type="stmt"/>
        <line num="35" count="1" type="cond" truecount="2" falsecount="0"/>
        <line num="38" count="8" type="stmt"/>
        <line num="39" count="1" type="stmt"/>
        <line num="40" count="1" type="stmt"/>
        <line num="43" count="8" type="stmt"/>
        <line num="44" count="0" type="stmt"/>
        <line num="45" count="0" type="stmt"/>
        <line num="48" count="8" type="stmt"/>
        <line num="49" count="6" type="cond" truecount="2" falsecount="0"/>
        <line num="50" count="1" type="stmt"/>
        <line num="51" count="0" type="stmt"/>
        <line num="56" count="8" type="stmt"/>
        <line num="57" count="6" type="cond" truecount="2" falsecount="0"/>
        <line num="58" count="1" type="stmt"/>
        <line num="59" count="5" type="stmt"/>
        <line num="67" count="8" type="stmt"/>
        <line num="69" count="8" type="stmt"/>
        <line num="76" count="42" type="stmt"/>
        <line num="94" count="1" type="stmt"/>
      </file>
    </package>
    <package name="components.scroll-pane">
      <metrics statements="58" coveredstatements="4" conditionals="33" coveredconditionals="0" methods="11" coveredmethods="0"/>
      <file name="scroll-pane.tsx" path="D:\Projects\2020\react-phalladium\src\components\scroll-pane\scroll-pane.tsx">
        <metrics statements="58" coveredstatements="4" conditionals="33" coveredconditionals="0" methods="11" coveredmethods="0"/>
        <line num="1" count="9" type="stmt"/>
        <line num="9" count="9" type="stmt"/>
        <line num="11" count="9" type="stmt"/>
        <line num="17" count="0" type="stmt"/>
        <line num="19" count="0" type="stmt"/>
        <line num="22" count="0" type="stmt"/>
        <line num="24" count="0" type="stmt"/>
        <line num="25" count="0" type="stmt"/>
        <line num="27" count="0" type="stmt"/>
        <line num="29" count="0" type="stmt"/>
        <line num="33" count="0" type="stmt"/>
        <line num="34" count="0" type="cond" truecount="0" falsecount="2"/>
        <line num="35" count="0" type="stmt"/>
        <line num="36" count="0" type="stmt"/>
        <line num="38" count="0" type="cond" truecount="0" falsecount="2"/>
        <line num="39" count="0" type="stmt"/>
        <line num="41" count="0" type="cond" truecount="0" falsecount="2"/>
        <line num="42" count="0" type="stmt"/>
        <line num="48" count="0" type="stmt"/>
        <line num="49" count="0" type="stmt"/>
        <line num="50" count="0" type="stmt"/>
        <line num="51" count="0" type="stmt"/>
        <line num="53" count="0" type="cond" truecount="0" falsecount="5"/>
        <line num="54" count="0" type="stmt"/>
        <line num="57" count="0" type="cond" truecount="0" falsecount="4"/>
        <line num="58" count="0" type="stmt"/>
        <line num="59" count="0" type="cond" truecount="0" falsecount="2"/>
        <line num="66" count="0" type="stmt"/>
        <line num="69" count="0" type="stmt"/>
        <line num="70" count="0" type="stmt"/>
        <line num="76" count="0" type="stmt"/>
        <line num="77" count="0" type="stmt"/>
        <line num="83" count="0" type="stmt"/>
        <line num="85" count="0" type="stmt"/>
        <line num="86" count="0" type="stmt"/>
        <line num="88" count="0" type="cond" truecount="0" falsecount="5"/>
        <line num="89" count="0" type="stmt"/>
        <line num="91" count="0" type="stmt"/>
        <line num="93" count="0" type="stmt"/>
        <line num="94" count="0" type="stmt"/>
        <line num="96" count="0" type="stmt"/>
        <line num="98" count="0" type="stmt"/>
        <line num="99" count="0" type="stmt"/>
        <line num="101" count="0" type="stmt"/>
        <line num="107" count="0" type="stmt"/>
        <line num="108" count="0" type="cond" truecount="0" falsecount="2"/>
        <line num="109" count="0" type="stmt"/>
        <line num="113" count="0" type="stmt"/>
        <line num="114" count="0" type="cond" truecount="0" falsecount="2"/>
        <line num="115" count="0" type="stmt"/>
        <line num="119" count="0" type="stmt"/>
        <line num="120" count="0" type="stmt"/>
        <line num="124" count="0" type="stmt"/>
        <line num="125" count="0" type="stmt"/>
        <line num="129" count="0" type="stmt"/>
        <line num="136" count="0" type="stmt"/>
        <line num="139" count="0" type="stmt"/>
        <line num="155" count="9" type="stmt"/>
      </file>
    </package>
    <package name="components.skeleton">
      <metrics statements="25" coveredstatements="25" conditionals="8" coveredconditionals="7" methods="12" coveredmethods="12"/>
      <file name="skeleton.tsx" path="D:\Projects\2020\react-phalladium\src\components\skeleton\skeleton.tsx">
        <metrics statements="25" coveredstatements="25" conditionals="8" coveredconditionals="7" methods="12" coveredmethods="12"/>
        <line num="1" count="10" type="stmt"/>
        <line num="2" count="10" type="stmt"/>
        <line num="3" count="10" type="stmt"/>
        <line num="15" count="10" type="stmt"/>
        <line num="19" count="10" type="stmt"/>
        <line num="20" count="20" type="stmt"/>
        <line num="22" count="20" type="stmt"/>
        <line num="28" count="20" type="stmt"/>
        <line num="30" count="20" type="stmt"/>
        <line num="36" count="20" type="stmt"/>
        <line num="45" count="10" type="stmt"/>
        <line num="51" count="6" type="stmt"/>
        <line num="52" count="8" type="stmt"/>
        <line num="54" count="40" type="stmt"/>
        <line num="62" count="6" type="stmt"/>
        <line num="63" count="6" type="cond" truecount="2" falsecount="0"/>
        <line num="64" count="3" type="stmt"/>
        <line num="65" count="3" type="stmt"/>
        <line num="67" count="3" type="stmt"/>
        <line num="68" count="4" type="stmt"/>
        <line num="70" count="20" type="stmt"/>
        <line num="83" count="6" type="stmt"/>
        <line num="86" count="8" type="stmt"/>
        <line num="89" count="40" type="cond" truecount="2" falsecount="0"/>
        <line num="105" count="10" type="stmt"/>
      </file>
    </package>
    <package name="components.slider">
      <metrics statements="39" coveredstatements="9" conditionals="25" coveredconditionals="0" methods="10" coveredmethods="0"/>
      <file name="slider.tsx" path="D:\Projects\2020\react-phalladium\src\components\slider\slider.tsx">
        <metrics statements="39" coveredstatements="9" conditionals="25" coveredconditionals="0" methods="10" coveredmethods="0"/>
        <line num="1" count="9" type="stmt"/>
        <line num="2" count="9" type="stmt"/>
        <line num="9" count="9" type="stmt"/>
        <line num="10" count="9" type="stmt"/>
        <line num="11" count="9" type="stmt"/>
        <line num="12" count="9" type="stmt"/>
        <line num="14" count="9" type="stmt"/>
        <line num="16" count="9" type="stmt"/>
        <line num="24" count="0" type="stmt"/>
        <line num="25" count="0" type="stmt"/>
        <line num="26" count="0" type="stmt"/>
        <line num="27" count="0" type="stmt"/>
        <line num="29" count="0" type="cond" truecount="0" falsecount="2"/>
        <line num="33" count="0" type="stmt"/>
        <line num="39" count="0" type="stmt"/>
        <line num="40" count="0" type="cond" truecount="0" falsecount="2"/>
        <line num="41" count="0" type="stmt"/>
        <line num="45" count="0" type="stmt"/>
        <line num="46" count="0" type="cond" truecount="0" falsecount="2"/>
        <line num="47" count="0" type="stmt"/>
        <line num="51" count="0" type="stmt"/>
        <line num="52" count="0" type="cond" truecount="0" falsecount="2"/>
        <line num="53" count="0" type="stmt"/>
        <line num="54" count="0" type="stmt"/>
        <line num="58" count="0" type="stmt"/>
        <line num="59" count="0" type="cond" truecount="0" falsecount="2"/>
        <line num="60" count="0" type="stmt"/>
        <line num="64" count="0" type="stmt"/>
        <line num="65" count="0" type="cond" truecount="0" falsecount="4"/>
        <line num="66" count="0" type="stmt"/>
        <line num="72" count="0" type="stmt"/>
        <line num="74" count="0" type="stmt"/>
        <line num="76" count="0" type="stmt"/>
        <line num="82" count="0" type="cond" truecount="0" falsecount="2"/>
        <line num="84" count="0" type="stmt"/>
        <line num="86" count="0" type="stmt"/>
        <line num="87" count="0" type="cond" truecount="0" falsecount="2"/>
        <line num="90" count="0" type="stmt"/>
        <line num="127" count="9" type="stmt"/>
      </file>
    </package>
    <package name="components.splitter">
      <metrics statements="51" coveredstatements="7" conditionals="51" coveredconditionals="0" methods="9" coveredmethods="0"/>
      <file name="splitter.tsx" path="D:\Projects\2020\react-phalladium\src\components\splitter\splitter.tsx">
        <metrics statements="51" coveredstatements="7" conditionals="51" coveredconditionals="0" methods="9" coveredmethods="0"/>
        <line num="1" count="9" type="stmt"/>
        <line num="2" count="9" type="stmt"/>
        <line num="9" count="9" type="stmt"/>
        <line num="11" count="9" type="stmt"/>
        <line num="13" count="9" type="stmt"/>
        <line num="15" count="9" type="stmt"/>
        <line num="23" count="0" type="stmt"/>
        <line num="24" count="0" type="stmt"/>
        <line num="26" count="0" type="stmt"/>
        <line num="34" count="0" type="stmt"/>
        <line num="36" count="0" type="stmt"/>
        <line num="37" count="0" type="cond" truecount="0" falsecount="2"/>
        <line num="38" count="0" type="stmt"/>
        <line num="40" count="0" type="cond" truecount="0" falsecount="2"/>
        <line num="41" count="0" type="stmt"/>
        <line num="43" count="0" type="stmt"/>
        <line num="48" count="0" type="stmt"/>
        <line num="50" count="0" type="stmt"/>
        <line num="56" count="0" type="stmt"/>
        <line num="57" count="0" type="cond" truecount="0" falsecount="4"/>
        <line num="58" count="0" type="stmt"/>
        <line num="59" count="0" type="stmt"/>
        <line num="60" count="0" type="stmt"/>
        <line num="62" count="0" type="stmt"/>
        <line num="70" count="0" type="stmt"/>
        <line num="71" count="0" type="cond" truecount="0" falsecount="4"/>
        <line num="72" count="0" type="stmt"/>
        <line num="74" count="0" type="cond" truecount="0" falsecount="2"/>
        <line num="75" count="0" type="stmt"/>
        <line num="76" count="0" type="stmt"/>
        <line num="78" count="0" type="stmt"/>
        <line num="84" count="0" type="stmt"/>
        <line num="92" count="0" type="stmt"/>
        <line num="93" count="0" type="stmt"/>
        <line num="97" count="0" type="stmt"/>
        <line num="98" count="0" type="cond" truecount="0" falsecount="2"/>
        <line num="99" count="0" type="stmt"/>
        <line num="100" count="0" type="stmt"/>
        <line num="101" count="0" type="stmt"/>
        <line num="103" count="0" type="cond" truecount="0" falsecount="2"/>
        <line num="104" count="0" type="cond" truecount="0" falsecount="2"/>
        <line num="105" count="0" type="cond" truecount="0" falsecount="2"/>
        <line num="106" count="0" type="cond" truecount="0" falsecount="2"/>
        <line num="109" count="0" type="stmt"/>
        <line num="113" count="0" type="stmt"/>
        <line num="114" count="0" type="cond" truecount="0" falsecount="2"/>
        <line num="115" count="0" type="cond" truecount="0" falsecount="2"/>
        <line num="116" count="0" type="stmt"/>
        <line num="118" count="0" type="stmt"/>
        <line num="123" count="0" type="stmt"/>
        <line num="136" count="9" type="stmt"/>
      </file>
    </package>
    <package name="components.switch">
      <metrics statements="30" coveredstatements="29" conditionals="17" coveredconditionals="10" methods="9" coveredmethods="8"/>
      <file name="switch.tsx" path="D:\Projects\2020\react-phalladium\src\components\switch\switch.tsx">
        <metrics statements="30" coveredstatements="29" conditionals="17" coveredconditionals="10" methods="9" coveredmethods="8"/>
        <line num="1" count="10" type="stmt"/>
        <line num="2" count="10" type="stmt"/>
        <line num="9" count="10" type="stmt"/>
        <line num="11" count="10" type="stmt"/>
        <line num="13" count="10" type="stmt"/>
        <line num="21" count="4" type="stmt"/>
        <line num="22" count="4" type="stmt"/>
        <line num="25" count="4" type="stmt"/>
        <line num="27" count="4" type="stmt"/>
        <line num="30" count="4" type="stmt"/>
        <line num="31" count="2" type="cond" truecount="1" falsecount="1"/>
        <line num="32" count="2" type="stmt"/>
        <line num="34" count="2" type="cond" truecount="1" falsecount="1"/>
        <line num="35" count="2" type="stmt"/>
        <line num="41" count="4" type="stmt"/>
        <line num="43" count="4" type="stmt"/>
        <line num="51" count="4" type="stmt"/>
        <line num="53" count="2" type="stmt"/>
        <line num="60" count="4" type="stmt"/>
        <line num="62" count="4" type="stmt"/>
        <line num="71" count="4" type="stmt"/>
        <line num="73" count="4" type="stmt"/>
        <line num="80" count="4" type="stmt"/>
        <line num="82" count="2" type="stmt"/>
        <line num="90" count="4" type="stmt"/>
        <line num="91" count="2" type="cond" truecount="1" falsecount="1"/>
        <line num="92" count="2" type="stmt"/>
        <line num="96" count="4" type="stmt"/>
        <line num="100" count="0" type="cond" truecount="0" falsecount="2"/>
        <line num="115" count="10" type="stmt"/>
      </file>
    </package>
    <package name="components.tabs">
      <metrics statements="28" coveredstatements="28" conditionals="5" coveredconditionals="4" methods="11" coveredmethods="10"/>
      <file name="tab-head.tsx" path="D:\Projects\2020\react-phalladium\src\components\tabs\tab-head.tsx">
        <metrics statements="12" coveredstatements="12" conditionals="0" coveredconditionals="0" methods="3" coveredmethods="2"/>
        <line num="1" count="10" type="stmt"/>
        <line num="2" count="10" type="stmt"/>
        <line num="3" count="10" type="stmt"/>
        <line num="4" count="10" type="stmt"/>
        <line num="6" count="10" type="stmt"/>
        <line num="8" count="10" type="stmt"/>
        <line num="14" count="12" type="stmt"/>
        <line num="16" count="12" type="stmt"/>
        <line num="17" count="12" type="stmt"/>
        <line num="19" count="12" type="stmt"/>
        <line num="23" count="1" type="stmt"/>
        <line num="38" count="10" type="stmt"/>
      </file>
      <file name="tabs.tsx" path="D:\Projects\2020\react-phalladium\src\components\tabs\tabs.tsx">
        <metrics statements="16" coveredstatements="16" conditionals="5" coveredconditionals="4" methods="8" coveredmethods="8"/>
        <line num="1" count="10" type="stmt"/>
        <line num="2" count="10" type="stmt"/>
        <line num="3" count="10" type="stmt"/>
        <line num="5" count="10" type="stmt"/>
        <line num="7" count="10" type="stmt"/>
        <line num="12" count="4" type="stmt"/>
        <line num="14" count="12" type="stmt"/>
        <line num="22" count="4" type="stmt"/>
        <line num="24" count="3" type="stmt"/>
        <line num="30" count="4" type="stmt"/>
        <line num="31" count="1" type="stmt"/>
        <line num="32" count="3" type="stmt"/>
        <line num="39" count="4" type="stmt"/>
        <line num="43" count="12" type="stmt"/>
        <line num="55" count="12" type="cond" truecount="2" falsecount="0"/>
        <line num="66" count="10" type="stmt"/>
      </file>
    </package>
    <package name="components.tags">
      <metrics statements="58" coveredstatements="58" conditionals="30" coveredconditionals="29" methods="24" coveredmethods="24"/>
      <file name="tag-item.tsx" path="D:\Projects\2020\react-phalladium\src\components\tags\tag-item.tsx">
        <metrics statements="23" coveredstatements="23" conditionals="10" coveredconditionals="10" methods="7" coveredmethods="7"/>
        <line num="1" count="10" type="stmt"/>
        <line num="2" count="10" type="stmt"/>
        <line num="9" count="10" type="stmt"/>
        <line num="10" count="10" type="stmt"/>
        <line num="12" count="10" type="stmt"/>
        <line num="14" count="10" type="stmt"/>
        <line num="23" count="10" type="stmt"/>
        <line num="35" count="35" type="stmt"/>
        <line num="37" count="35" type="stmt"/>
        <line num="40" count="35" type="stmt"/>
        <line num="41" count="1" type="cond" truecount="2" falsecount="0"/>
        <line num="44" count="35" type="stmt"/>
        <line num="46" count="35" type="cond" truecount="2" falsecount="0"/>
        <line num="47" count="35" type="stmt"/>
        <line num="49" count="35" type="stmt"/>
        <line num="60" count="35" type="stmt"/>
        <line num="62" count="34" type="stmt"/>
        <line num="68" count="35" type="stmt"/>
        <line num="70" count="34" type="stmt"/>
        <line num="76" count="35" type="stmt"/>
        <line num="96" count="19" type="stmt"/>
        <line num="103" count="10" type="stmt"/>
        <line num="105" count="10" type="stmt"/>
      </file>
      <file name="tags.tsx" path="D:\Projects\2020\react-phalladium\src\components\tags\tags.tsx">
        <metrics statements="35" coveredstatements="35" conditionals="20" coveredconditionals="19" methods="17" coveredmethods="17"/>
        <line num="1" count="10" type="stmt"/>
        <line num="2" count="10" type="stmt"/>
        <line num="3" count="10" type="stmt"/>
        <line num="4" count="10" type="stmt"/>
        <line num="5" count="10" type="stmt"/>
        <line num="6" count="10" type="stmt"/>
        <line num="7" count="10" type="stmt"/>
        <line num="9" count="10" type="stmt"/>
        <line num="11" count="10" type="stmt"/>
        <line num="23" count="19" type="stmt"/>
        <line num="25" count="52" type="stmt"/>
        <line num="35" count="19" type="stmt"/>
        <line num="37" count="19" type="stmt"/>
        <line num="38" count="11" type="cond" truecount="2" falsecount="0"/>
        <line num="44" count="19" type="stmt"/>
        <line num="45" count="2" type="stmt"/>
        <line num="49" count="19" type="stmt"/>
        <line num="51" count="2" type="cond" truecount="4" falsecount="1"/>
        <line num="52" count="2" type="stmt"/>
        <line num="53" count="2" type="stmt"/>
        <line num="59" count="19" type="stmt"/>
        <line num="60" count="1" type="stmt"/>
        <line num="61" count="1" type="stmt"/>
        <line num="62" count="3" type="cond" truecount="2" falsecount="0"/>
        <line num="65" count="1" type="stmt"/>
        <line num="66" count="3" type="stmt"/>
        <line num="71" count="19" type="stmt"/>
        <line num="72" count="9" type="cond" truecount="2" falsecount="0"/>
        <line num="73" count="7" type="stmt"/>
        <line num="77" count="19" type="stmt"/>
        <line num="78" count="6" type="stmt"/>
        <line num="79" count="16" type="stmt"/>
        <line num="88" count="19" type="stmt"/>
        <line num="92" count="53" type="stmt"/>
        <line num="120" count="10" type="stmt"/>
      </file>
    </package>
    <package name="components.tooltip">
      <metrics statements="31" coveredstatements="29" conditionals="18" coveredconditionals="11" methods="8" coveredmethods="6"/>
      <file name="tooltip.tsx" path="D:\Projects\2020\react-phalladium\src\components\tooltip\tooltip.tsx">
        <metrics statements="31" coveredstatements="29" conditionals="18" coveredconditionals="11" methods="8" coveredmethods="6"/>
        <line num="1" count="10" type="stmt"/>
        <line num="2" count="10" type="stmt"/>
        <line num="9" count="10" type="stmt"/>
        <line num="10" count="10" type="stmt"/>
        <line num="12" count="10" type="stmt"/>
        <line num="14" count="10" type="stmt"/>
        <line num="23" count="4" type="stmt"/>
        <line num="24" count="4" type="stmt"/>
        <line num="27" count="4" type="stmt"/>
        <line num="30" count="4" type="stmt"/>
        <line num="33" count="4" type="stmt"/>
        <line num="39" count="4" type="stmt"/>
        <line num="40" count="0" type="cond" truecount="0" falsecount="2"/>
        <line num="43" count="4" type="stmt"/>
        <line num="44" count="0" type="cond" truecount="0" falsecount="2"/>
        <line num="49" count="4" type="stmt"/>
        <line num="51" count="2" type="stmt"/>
        <line num="63" count="4" type="stmt"/>
        <line num="65" count="2" type="stmt"/>
        <line num="74" count="4" type="stmt"/>
        <line num="75" count="4" type="cond" truecount="2" falsecount="0"/>
        <line num="76" count="2" type="stmt"/>
        <line num="81" count="2" type="stmt"/>
        <line num="87" count="4" type="stmt"/>
        <line num="88" count="4" type="cond" truecount="2" falsecount="0"/>
        <line num="89" count="2" type="stmt"/>
        <line num="93" count="4" type="stmt"/>
        <line num="94" count="4" type="cond" truecount="2" falsecount="0"/>
        <line num="95" count="2" type="cond" truecount="1" falsecount="1"/>
        <line num="99" count="4" type="stmt"/>
        <line num="119" count="10" type="stmt"/>
      </file>
    </package>
    <package name="components.transfer">
      <metrics statements="59" coveredstatements="44" conditionals="8" coveredconditionals="3" methods="31" coveredmethods="18"/>
      <file name="transfer-control-column.tsx" path="D:\Projects\2020\react-phalladium\src\components\transfer\transfer-control-column.tsx">
        <metrics statements="9" coveredstatements="7" conditionals="0" coveredconditionals="0" methods="3" coveredmethods="1"/>
        <line num="1" count="9" type="stmt"/>
        <line num="2" count="9" type="stmt"/>
        <line num="3" count="9" type="stmt"/>
        <line num="11" count="9" type="stmt"/>
        <line num="16" count="8" type="stmt"/>
        <line num="21" count="0" type="stmt"/>
        <line num="29" count="0" type="stmt"/>
        <line num="39" count="9" type="stmt"/>
        <line num="41" count="9" type="stmt"/>
      </file>
      <file name="transfer-list.tsx" path="D:\Projects\2020\react-phalladium\src\components\transfer\transfer-list.tsx">
        <metrics statements="7" coveredstatements="7" conditionals="0" coveredconditionals="0" methods="3" coveredmethods="3"/>
        <line num="1" count="9" type="stmt"/>
        <line num="2" count="9" type="stmt"/>
        <line num="11" count="9" type="stmt"/>
        <line num="16" count="16" type="stmt"/>
        <line num="19" count="64" type="stmt"/>
        <line num="20" count="64" type="stmt"/>
        <line num="34" count="9" type="stmt"/>
      </file>
      <file name="transfer.tsx" path="D:\Projects\2020\react-phalladium\src\components\transfer\transfer.tsx">
        <metrics statements="43" coveredstatements="30" conditionals="8" coveredconditionals="3" methods="25" coveredmethods="14"/>
        <line num="1" count="9" type="stmt"/>
        <line num="2" count="9" type="stmt"/>
        <line num="4" count="9" type="stmt"/>
        <line num="5" count="9" type="stmt"/>
        <line num="7" count="9" type="stmt"/>
        <line num="9" count="9" type="stmt"/>
        <line num="10" count="64" type="stmt"/>
        <line num="17" count="9" type="stmt"/>
        <line num="22" count="8" type="stmt"/>
        <line num="25" count="8" type="stmt"/>
        <line num="29" count="8" type="stmt"/>
        <line num="33" count="8" type="stmt"/>
        <line num="37" count="8" type="stmt"/>
        <line num="39" count="0" type="cond" truecount="0" falsecount="2"/>
        <line num="40" count="0" type="stmt"/>
        <line num="41" count="0" type="stmt"/>
        <line num="42" count="0" type="stmt"/>
        <line num="43" count="0" type="stmt"/>
        <line num="45" count="0" type="stmt"/>
        <line num="46" count="0" type="stmt"/>
        <line num="48" count="0" type="stmt"/>
        <line num="49" count="0" type="stmt"/>
        <line num="50" count="0" type="stmt"/>
        <line num="51" count="0" type="stmt"/>
        <line num="53" count="0" type="stmt"/>
        <line num="54" count="0" type="stmt"/>
        <line num="60" count="8" type="stmt"/>
        <line num="61" count="2" type="stmt"/>
        <line num="62" count="3" type="stmt"/>
        <line num="63" count="2" type="stmt"/>
        <line num="64" count="8" type="stmt"/>
        <line num="71" count="8" type="stmt"/>
        <line num="72" count="2" type="stmt"/>
        <line num="73" count="3" type="stmt"/>
        <line num="74" count="2" type="stmt"/>
        <line num="75" count="8" type="stmt"/>
        <line num="82" count="8" type="stmt"/>
        <line num="83" count="4" type="cond" truecount="1" falsecount="1"/>
        <line num="84" count="4" type="stmt"/>
        <line num="85" count="16" type="stmt"/>
        <line num="86" count="16" type="stmt"/>
        <line num="91" count="8" type="stmt"/>
        <line num="120" count="9" type="stmt"/>
      </file>
    </package>
    <package name="components.tree">
      <metrics statements="66" coveredstatements="61" conditionals="39" coveredconditionals="31" methods="24" coveredmethods="23"/>
      <file name="tree-item.tsx" path="D:\Projects\2020\react-phalladium\src\components\tree\tree-item.tsx">
        <metrics statements="49" coveredstatements="44" conditionals="35" coveredconditionals="27" methods="17" coveredmethods="16"/>
        <line num="1" count="9" type="stmt"/>
        <line num="2" count="9" type="stmt"/>
        <line num="11" count="9" type="stmt"/>
        <line num="12" count="9" type="stmt"/>
        <line num="13" count="9" type="stmt"/>
        <line num="16" count="9" type="stmt"/>
        <line num="17" count="1" type="stmt"/>
        <line num="20" count="9" type="stmt"/>
        <line num="31" count="12" type="stmt"/>
        <line num="32" count="12" type="stmt"/>
        <line num="36" count="12" type="stmt"/>
        <line num="38" count="12" type="stmt"/>
        <line num="40" count="12" type="stmt"/>
        <line num="47" count="12" type="stmt"/>
        <line num="49" count="12" type="stmt"/>
        <line num="56" count="12" type="stmt"/>
        <line num="57" count="12" type="cond" truecount="3" falsecount="0"/>
        <line num="61" count="12" type="stmt"/>
        <line num="63" count="11" type="stmt"/>
        <line num="70" count="12" type="stmt"/>
        <line num="71" count="11" type="cond" truecount="1" falsecount="1"/>
        <line num="72" count="11" type="stmt"/>
        <line num="76" count="12" type="stmt"/>
        <line num="77" count="11" type="cond" truecount="1" falsecount="1"/>
        <line num="78" count="0" type="stmt"/>
        <line num="82" count="12" type="stmt"/>
        <line num="84" count="11" type="stmt"/>
        <line num="90" count="12" type="stmt"/>
        <line num="91" count="12" type="cond" truecount="4" falsecount="0"/>
        <line num="92" count="11" type="stmt"/>
        <line num="95" count="1" type="cond" truecount="3" falsecount="1"/>
        <line num="96" count="0" type="stmt"/>
        <line num="100" count="12" type="stmt"/>
        <line num="102" count="1" type="cond" truecount="1" falsecount="1"/>
        <line num="103" count="0" type="stmt"/>
        <line num="106" count="1" type="cond" truecount="1" falsecount="1"/>
        <line num="107" count="1" type="stmt"/>
        <line num="109" count="0" type="stmt"/>
        <line num="115" count="12" type="stmt"/>
        <line num="116" count="0" type="stmt"/>
        <line num="119" count="12" type="stmt"/>
        <line num="120" count="12" type="cond" truecount="2" falsecount="0"/>
        <line num="121" count="11" type="stmt"/>
        <line num="123" count="1" type="cond" truecount="2" falsecount="0"/>
        <line num="126" count="12" type="stmt"/>
        <line num="128" count="1" type="cond" truecount="2" falsecount="0"/>
        <line num="159" count="2" type="cond" truecount="2" falsecount="0"/>
        <line num="162" count="9" type="stmt"/>
        <line num="164" count="9" type="stmt"/>
      </file>
      <file name="tree.tsx" path="D:\Projects\2020\react-phalladium\src\components\tree\tree.tsx">
        <metrics statements="17" coveredstatements="17" conditionals="4" coveredconditionals="4" methods="7" coveredmethods="7"/>
        <line num="1" count="9" type="stmt"/>
        <line num="2" count="9" type="stmt"/>
        <line num="3" count="9" type="stmt"/>
        <line num="4" count="9" type="stmt"/>
        <line num="6" count="9" type="stmt"/>
        <line num="8" count="9" type="stmt"/>
        <line num="18" count="13" type="stmt"/>
        <line num="19" count="13" type="stmt"/>
        <line num="25" count="13" type="stmt"/>
        <line num="27" count="1" type="stmt"/>
        <line num="28" count="2" type="stmt"/>
        <line num="37" count="13" type="stmt"/>
        <line num="39" count="11" type="stmt"/>
        <line num="46" count="13" type="stmt"/>
        <line num="53" count="13" type="stmt"/>
        <line num="70" count="9" type="stmt"/>
        <line num="72" count="9" type="stmt"/>
      </file>
    </package>
    <package name="icons">
      <metrics statements="31" coveredstatements="29" conditionals="0" coveredconditionals="0" methods="15" coveredmethods="11"/>
      <file name="check-circle.tsx" path="D:\Projects\2020\react-phalladium\src\icons\check-circle.tsx">
        <metrics statements="3" coveredstatements="2" conditionals="0" coveredconditionals="0" methods="1" coveredmethods="0"/>
        <line num="1" count="16" type="stmt"/>
        <line num="4" count="0" type="stmt"/>
        <line num="20" count="16" type="stmt"/>
      </file>
      <file name="check.tsx" path="D:\Projects\2020\react-phalladium\src\icons\check.tsx">
        <metrics statements="3" coveredstatements="3" conditionals="0" coveredconditionals="0" methods="1" coveredmethods="1"/>
        <line num="1" count="16" type="stmt"/>
        <line num="4" count="169" type="stmt"/>
        <line num="20" count="16" type="stmt"/>
      </file>
      <file name="chev-down.tsx" path="D:\Projects\2020\react-phalladium\src\icons\chev-down.tsx">
        <metrics statements="3" coveredstatements="3" conditionals="0" coveredconditionals="0" methods="1" coveredmethods="1"/>
        <line num="1" count="16" type="stmt"/>
        <line num="4" count="13" type="stmt"/>
        <line num="20" count="16" type="stmt"/>
      </file>
      <file name="chev-right.tsx" path="D:\Projects\2020\react-phalladium\src\icons\chev-right.tsx">
        <metrics statements="3" coveredstatements="3" conditionals="0" coveredconditionals="0" methods="1" coveredmethods="1"/>
        <line num="1" count="16" type="stmt"/>
        <line num="4" count="57" type="stmt"/>
        <line num="21" count="16" type="stmt"/>
      </file>
      <file name="circle.tsx" path="D:\Projects\2020\react-phalladium\src\icons\circle.tsx">
        <metrics statements="3" coveredstatements="2" conditionals="0" coveredconditionals="0" methods="1" coveredmethods="0"/>
        <line num="1" count="16" type="stmt"/>
        <line num="4" count="0" type="stmt"/>
        <line num="20" count="16" type="stmt"/>
      </file>
      <file name="close.tsx" path="D:\Projects\2020\react-phalladium\src\icons\close.tsx">
        <metrics statements="3" coveredstatements="3" conditionals="0" coveredconditionals="0" methods="1" coveredmethods="1"/>
        <line num="1" count="16" type="stmt"/>
        <line num="4" count="79" type="stmt"/>
        <line num="18" count="16" type="stmt"/>
      </file>
      <file name="index.ts" path="D:\Projects\2020\react-phalladium\src\icons\index.ts">
        <metrics statements="7" coveredstatements="7" conditionals="0" coveredconditionals="0" methods="7" coveredmethods="5"/>
        <line num="1" count="16" type="stmt"/>
        <line num="2" count="29" type="stmt"/>
        <line num="3" count="73" type="stmt"/>
        <line num="4" count="16" type="stmt"/>
        <line num="5" count="95" type="stmt"/>
        <line num="6" count="185" type="stmt"/>
        <line num="7" count="48" type="stmt"/>
      </file>
      <file name="search.tsx" path="D:\Projects\2020\react-phalladium\src\icons\search.tsx">
        <metrics statements="3" coveredstatements="3" conditionals="0" coveredconditionals="0" methods="1" coveredmethods="1"/>
        <line num="1" count="16" type="stmt"/>
        <line num="4" count="12" type="stmt"/>
        <line num="20" count="16" type="stmt"/>
      </file>
      <file name="star.tsx" path="D:\Projects\2020\react-phalladium\src\icons\star.tsx">
        <metrics statements="3" coveredstatements="3" conditionals="0" coveredconditionals="0" methods="1" coveredmethods="1"/>
        <line num="1" count="1" type="stmt"/>
        <line num="4" count="25" type="stmt"/>
        <line num="18" count="1" type="stmt"/>
      </file>
    </package>
  </project>
</coverage>
