{"D:\\Projects\\2020\\react-phalladium\\src\\components\\index.ts": {"path":"D:\\Projects\\2020\\react-phalladium\\src\\components\\index.ts","statementMap":{"0":{"start":{"line":1,"column":0},"end":{"line":1,"column":9}},"1":{"start":{"line":1,"column":9},"end":{"line":1,"column":53}},"2":{"start":{"line":2,"column":0},"end":{"line":2,"column":9}},"3":{"start":{"line":2,"column":9},"end":{"line":2,"column":41}},"4":{"start":{"line":3,"column":0},"end":{"line":3,"column":9}},"5":{"start":{"line":3,"column":9},"end":{"line":3,"column":47}},"6":{"start":{"line":4,"column":0},"end":{"line":4,"column":9}},"7":{"start":{"line":4,"column":9},"end":{"line":4,"column":47}},"8":{"start":{"line":5,"column":0},"end":{"line":5,"column":9}},"9":{"start":{"line":5,"column":9},"end":{"line":5,"column":41}},"10":{"start":{"line":6,"column":0},"end":{"line":6,"column":9}},"11":{"start":{"line":6,"column":9},"end":{"line":6,"column":41}},"12":{"start":{"line":7,"column":0},"end":{"line":7,"column":9}},"13":{"start":{"line":7,"column":9},"end":{"line":7,"column":47}},"14":{"start":{"line":8,"column":0},"end":{"line":8,"column":9}},"15":{"start":{"line":8,"column":9},"end":{"line":8,"column":64}},"16":{"start":{"line":9,"column":0},"end":{"line":9,"column":9}},"17":{"start":{"line":9,"column":9},"end":{"line":9,"column":38}},"18":{"start":{"line":10,"column":0},"end":{"line":10,"column":9}},"19":{"start":{"line":10,"column":9},"end":{"line":10,"column":35}},"20":{"start":{"line":11,"column":0},"end":{"line":11,"column":9}},"21":{"start":{"line":11,"column":9},"end":{"line":11,"column":35}},"22":{"start":{"line":12,"column":0},"end":{"line":12,"column":9}},"23":{"start":{"line":12,"column":9},"end":{"line":12,"column":35}},"24":{"start":{"line":13,"column":0},"end":{"line":13,"column":9}},"25":{"start":{"line":13,"column":9},"end":{"line":13,"column":44}},"26":{"start":{"line":14,"column":0},"end":{"line":14,"column":9}},"27":{"start":{"line":14,"column":9},"end":{"line":14,"column":59}},"28":{"start":{"line":15,"column":0},"end":{"line":15,"column":9}},"29":{"start":{"line":15,"column":9},"end":{"line":15,"column":47}},"30":{"start":{"line":16,"column":0},"end":{"line":16,"column":9}},"31":{"start":{"line":16,"column":9},"end":{"line":16,"column":55}},"32":{"start":{"line":17,"column":0},"end":{"line":17,"column":9}},"33":{"start":{"line":17,"column":9},"end":{"line":17,"column":38}},"34":{"start":{"line":18,"column":0},"end":{"line":18,"column":9}},"35":{"start":{"line":18,"column":9},"end":{"line":18,"column":47}},"36":{"start":{"line":19,"column":0},"end":{"line":19,"column":9}},"37":{"start":{"line":19,"column":9},"end":{"line":19,"column":41}},"38":{"start":{"line":20,"column":0},"end":{"line":20,"column":9}},"39":{"start":{"line":20,"column":9},"end":{"line":20,"column":47}},"40":{"start":{"line":21,"column":0},"end":{"line":21,"column":9}},"41":{"start":{"line":21,"column":9},"end":{"line":21,"column":41}},"42":{"start":{"line":22,"column":0},"end":{"line":22,"column":9}},"43":{"start":{"line":22,"column":9},"end":{"line":22,"column":35}},"44":{"start":{"line":23,"column":0},"end":{"line":23,"column":9}},"45":{"start":{"line":23,"column":9},"end":{"line":23,"column":44}},"46":{"start":{"line":24,"column":0},"end":{"line":24,"column":9}},"47":{"start":{"line":24,"column":9},"end":{"line":24,"column":47}},"48":{"start":{"line":25,"column":0},"end":{"line":25,"column":9}},"49":{"start":{"line":25,"column":9},"end":{"line":25,"column":35}}},"fnMap":{"0":{"name":"(anonymous_0)","decl":{"start":{"line":1,"column":9},"end":{"line":1,"column":19}},"loc":{"start":{"line":1,"column":9},"end":{"line":1,"column":53}}},"1":{"name":"(anonymous_1)","decl":{"start":{"line":2,"column":9},"end":{"line":2,"column":15}},"loc":{"start":{"line":2,"column":9},"end":{"line":2,"column":41}}},"2":{"name":"(anonymous_2)","decl":{"start":{"line":3,"column":9},"end":{"line":3,"column":17}},"loc":{"start":{"line":3,"column":9},"end":{"line":3,"column":47}}},"3":{"name":"(anonymous_3)","decl":{"start":{"line":4,"column":9},"end":{"line":4,"column":17}},"loc":{"start":{"line":4,"column":9},"end":{"line":4,"column":47}}},"4":{"name":"(anonymous_4)","decl":{"start":{"line":5,"column":9},"end":{"line":5,"column":15}},"loc":{"start":{"line":5,"column":9},"end":{"line":5,"column":41}}},"5":{"name":"(anonymous_5)","decl":{"start":{"line":6,"column":9},"end":{"line":6,"column":15}},"loc":{"start":{"line":6,"column":9},"end":{"line":6,"column":41}}},"6":{"name":"(anonymous_6)","decl":{"start":{"line":7,"column":9},"end":{"line":7,"column":17}},"loc":{"start":{"line":7,"column":9},"end":{"line":7,"column":47}}},"7":{"name":"(anonymous_7)","decl":{"start":{"line":8,"column":9},"end":{"line":8,"column":22}},"loc":{"start":{"line":8,"column":9},"end":{"line":8,"column":64}}},"8":{"name":"(anonymous_8)","decl":{"start":{"line":9,"column":9},"end":{"line":9,"column":14}},"loc":{"start":{"line":9,"column":9},"end":{"line":9,"column":38}}},"9":{"name":"(anonymous_9)","decl":{"start":{"line":10,"column":9},"end":{"line":10,"column":13}},"loc":{"start":{"line":10,"column":9},"end":{"line":10,"column":35}}},"10":{"name":"(anonymous_10)","decl":{"start":{"line":11,"column":9},"end":{"line":11,"column":13}},"loc":{"start":{"line":11,"column":9},"end":{"line":11,"column":35}}},"11":{"name":"(anonymous_11)","decl":{"start":{"line":12,"column":9},"end":{"line":12,"column":13}},"loc":{"start":{"line":12,"column":9},"end":{"line":12,"column":35}}},"12":{"name":"(anonymous_12)","decl":{"start":{"line":13,"column":9},"end":{"line":13,"column":16}},"loc":{"start":{"line":13,"column":9},"end":{"line":13,"column":44}}},"13":{"name":"(anonymous_13)","decl":{"start":{"line":14,"column":9},"end":{"line":14,"column":21}},"loc":{"start":{"line":14,"column":9},"end":{"line":14,"column":59}}},"14":{"name":"(anonymous_14)","decl":{"start":{"line":15,"column":9},"end":{"line":15,"column":17}},"loc":{"start":{"line":15,"column":9},"end":{"line":15,"column":47}}},"15":{"name":"(anonymous_15)","decl":{"start":{"line":16,"column":9},"end":{"line":16,"column":19}},"loc":{"start":{"line":16,"column":9},"end":{"line":16,"column":55}}},"16":{"name":"(anonymous_16)","decl":{"start":{"line":17,"column":9},"end":{"line":17,"column":14}},"loc":{"start":{"line":17,"column":9},"end":{"line":17,"column":38}}},"17":{"name":"(anonymous_17)","decl":{"start":{"line":18,"column":9},"end":{"line":18,"column":17}},"loc":{"start":{"line":18,"column":9},"end":{"line":18,"column":47}}},"18":{"name":"(anonymous_18)","decl":{"start":{"line":19,"column":9},"end":{"line":19,"column":15}},"loc":{"start":{"line":19,"column":9},"end":{"line":19,"column":41}}},"19":{"name":"(anonymous_19)","decl":{"start":{"line":20,"column":9},"end":{"line":20,"column":17}},"loc":{"start":{"line":20,"column":9},"end":{"line":20,"column":47}}},"20":{"name":"(anonymous_20)","decl":{"start":{"line":21,"column":9},"end":{"line":21,"column":15}},"loc":{"start":{"line":21,"column":9},"end":{"line":21,"column":41}}},"21":{"name":"(anonymous_21)","decl":{"start":{"line":22,"column":9},"end":{"line":22,"column":13}},"loc":{"start":{"line":22,"column":9},"end":{"line":22,"column":35}}},"22":{"name":"(anonymous_22)","decl":{"start":{"line":23,"column":9},"end":{"line":23,"column":16}},"loc":{"start":{"line":23,"column":9},"end":{"line":23,"column":44}}},"23":{"name":"(anonymous_23)","decl":{"start":{"line":24,"column":9},"end":{"line":24,"column":17}},"loc":{"start":{"line":24,"column":9},"end":{"line":24,"column":47}}},"24":{"name":"(anonymous_24)","decl":{"start":{"line":25,"column":9},"end":{"line":25,"column":13}},"loc":{"start":{"line":25,"column":9},"end":{"line":25,"column":35}}}},"branchMap":{},"s":{"0":8,"1":8,"2":8,"3":61,"4":8,"5":8,"6":8,"7":8,"8":8,"9":8,"10":8,"11":8,"12":8,"13":8,"14":8,"15":8,"16":8,"17":8,"18":8,"19":8,"20":8,"21":14,"22":8,"23":8,"24":8,"25":8,"26":8,"27":8,"28":8,"29":8,"30":8,"31":8,"32":8,"33":8,"34":8,"35":8,"36":8,"37":8,"38":8,"39":8,"40":8,"41":8,"42":8,"43":8,"44":8,"45":8,"46":8,"47":8,"48":8,"49":8},"f":{"0":0,"1":53,"2":0,"3":0,"4":0,"5":0,"6":0,"7":0,"8":0,"9":0,"10":6,"11":0,"12":0,"13":0,"14":0,"15":0,"16":0,"17":0,"18":0,"19":0,"20":0,"21":0,"22":0,"23":0,"24":0},"b":{}}
,"D:\\Projects\\2020\\react-phalladium\\src\\components\\breadcrumb\\breadcrumb-item.tsx": {"path":"D:\\Projects\\2020\\react-phalladium\\src\\components\\breadcrumb\\breadcrumb-item.tsx","statementMap":{"0":{"start":{"line":1,"column":0},"end":{"line":1,"column":68}},"1":{"start":{"line":2,"column":0},"end":{"line":2,"column":47}},"2":{"start":{"line":3,"column":0},"end":{"line":3,"column":54}},"3":{"start":{"line":4,"column":0},"end":{"line":4,"column":50}},"4":{"start":{"line":13,"column":63},"end":{"line":45,"column":1}},"5":{"start":{"line":19,"column":14},"end":{"line":19,"column":43}},"6":{"start":{"line":20,"column":2},"end":{"line":20,"column":40}},"7":{"start":{"line":22,"column":2},"end":{"line":26,"column":5}},"8":{"start":{"line":23,"column":4},"end":{"line":25,"column":null}},"9":{"start":{"line":24,"column":6},"end":{"line":24,"column":46}},"10":{"start":{"line":28,"column":2},"end":{"line":44,"column":4}},"11":{"start":{"line":47,"column":9},"end":{"line":47,"column":23}}},"fnMap":{"0":{"name":"(anonymous_6)","decl":{"start":{"line":13,"column":63},"end":{"line":13,"column":64}},"loc":{"start":{"line":18,"column":5},"end":{"line":45,"column":1}}},"1":{"name":"(anonymous_7)","decl":{"start":{"line":22,"column":14},"end":{"line":22,"column":17}},"loc":{"start":{"line":22,"column":19},"end":{"line":26,"column":3}}}},"branchMap":{"0":{"loc":{"start":{"line":23,"column":4},"end":{"line":25,"column":null}},"type":"if","locations":[{"start":{"line":23,"column":4},"end":{"line":25,"column":null}},{"start":{"line":23,"column":4},"end":{"line":25,"column":null}}]},"1":{"loc":{"start":{"line":38,"column":7},"end":{"line":41,"column":null}},"type":"binary-expr","locations":[{"start":{"line":38,"column":7},"end":{"line":38,"column":18}},{"start":{"line":39,"column":8},"end":{"line":40,"column":null}}]}},"s":{"0":9,"1":9,"2":9,"3":9,"4":9,"5":9,"6":9,"7":9,"8":0,"9":0,"10":9,"11":9},"f":{"0":9,"1":0},"b":{"0":[0,0],"1":[9,6]}}
,"D:\\Projects\\2020\\react-phalladium\\src\\components\\breadcrumb\\breadcrumb.tsx": {"path":"D:\\Projects\\2020\\react-phalladium\\src\\components\\breadcrumb\\breadcrumb.tsx","statementMap":{"0":{"start":{"line":1,"column":0},"end":{"line":1,"column":32}},"1":{"start":{"line":2,"column":0},"end":{"line":2,"column":38}},"2":{"start":{"line":3,"column":0},"end":{"line":3,"column":51}},"3":{"start":{"line":5,"column":0},"end":{"line":5,"column":27}},"4":{"start":{"line":7,"column":61},"end":{"line":35,"column":1}},"5":{"start":{"line":11,"column":16},"end":{"line":16,"column":null}},"6":{"start":{"line":13,"column":28},"end":{"line":15,"column":10}},"7":{"start":{"line":18,"column":2},"end":{"line":34,"column":4}},"8":{"start":{"line":25,"column":8},"end":{"line":30,"column":null}},"9":{"start":{"line":37,"column":9},"end":{"line":37,"column":19}}},"fnMap":{"0":{"name":"(anonymous_6)","decl":{"start":{"line":7,"column":61},"end":{"line":7,"column":62}},"loc":{"start":{"line":10,"column":5},"end":{"line":35,"column":1}}},"1":{"name":"(anonymous_7)","decl":{"start":{"line":13,"column":21},"end":{"line":13,"column":24}},"loc":{"start":{"line":13,"column":28},"end":{"line":15,"column":10}}},"2":{"name":"(anonymous_8)","decl":{"start":{"line":24,"column":25},"end":{"line":24,"column":26}},"loc":{"start":{"line":25,"column":8},"end":{"line":30,"column":null}}}},"branchMap":{"0":{"loc":{"start":{"line":12,"column":4},"end":{"line":16,"column":10}},"type":"cond-expr","locations":[{"start":{"line":13,"column":8},"end":{"line":15,"column":11}},{"start":{"line":16,"column":8},"end":{"line":16,"column":10}}]},"1":{"loc":{"start":{"line":26,"column":17},"end":{"line":26,"column":59}},"type":"binary-expr","locations":[{"start":{"line":26,"column":17},"end":{"line":26,"column":40}},{"start":{"line":26,"column":44},"end":{"line":26,"column":59}}]}},"s":{"0":9,"1":9,"2":9,"3":9,"4":9,"5":3,"6":9,"7":3,"8":9,"9":9},"f":{"0":3,"1":9,"2":9},"b":{"0":[3,0],"1":[9,9]}}
,"D:\\Projects\\2020\\react-phalladium\\src\\components\\button\\button.tsx": {"path":"D:\\Projects\\2020\\react-phalladium\\src\\components\\button\\button.tsx","statementMap":{"0":{"start":{"line":1,"column":0},"end":{"line":1,"column":36}},"1":{"start":{"line":2,"column":0},"end":{"line":2,"column":60}},"2":{"start":{"line":3,"column":0},"end":{"line":3,"column":33}},"3":{"start":{"line":4,"column":0},"end":{"line":4,"column":54}},"4":{"start":{"line":6,"column":0},"end":{"line":6,"column":23}},"5":{"start":{"line":8,"column":53},"end":{"line":51,"column":1}},"6":{"start":{"line":17,"column":22},"end":{"line":25,"column":null}},"7":{"start":{"line":19,"column":6},"end":{"line":23,"column":null}},"8":{"start":{"line":28,"column":14},"end":{"line":28,"column":26}},"9":{"start":{"line":30,"column":2},"end":{"line":30,"column":40}},"10":{"start":{"line":32,"column":22},"end":{"line":36,"column":16}},"11":{"start":{"line":33,"column":4},"end":{"line":35,"column":null}},"12":{"start":{"line":34,"column":6},"end":{"line":34,"column":27}},"13":{"start":{"line":38,"column":2},"end":{"line":50,"column":4}},"14":{"start":{"line":53,"column":9},"end":{"line":53,"column":15}}},"fnMap":{"0":{"name":"(anonymous_7)","decl":{"start":{"line":8,"column":53},"end":{"line":8,"column":54}},"loc":{"start":{"line":16,"column":5},"end":{"line":51,"column":1}}},"1":{"name":"(anonymous_8)","decl":{"start":{"line":18,"column":4},"end":{"line":18,"column":7}},"loc":{"start":{"line":19,"column":6},"end":{"line":23,"column":null}}},"2":{"name":"(anonymous_9)","decl":{"start":{"line":32,"column":34},"end":{"line":32,"column":37}},"loc":{"start":{"line":32,"column":39},"end":{"line":36,"column":3}}}},"branchMap":{"0":{"loc":{"start":{"line":13,"column":2},"end":{"line":13,"column":18}},"type":"default-arg","locations":[{"start":{"line":13,"column":9},"end":{"line":13,"column":18}}]},"1":{"loc":{"start":{"line":14,"column":2},"end":{"line":14,"column":13}},"type":"default-arg","locations":[{"start":{"line":14,"column":9},"end":{"line":14,"column":13}}]},"2":{"loc":{"start":{"line":15,"column":2},"end":{"line":15,"column":12}},"type":"default-arg","locations":[{"start":{"line":15,"column":10},"end":{"line":15,"column":12}}]},"3":{"loc":{"start":{"line":33,"column":4},"end":{"line":35,"column":null}},"type":"if","locations":[{"start":{"line":33,"column":4},"end":{"line":35,"column":null}},{"start":{"line":33,"column":4},"end":{"line":35,"column":null}}]},"4":{"loc":{"start":{"line":34,"column":6},"end":{"line":34,"column":26}},"type":"binary-expr","locations":[{"start":{"line":34,"column":6},"end":{"line":34,"column":13}},{"start":{"line":34,"column":17},"end":{"line":34,"column":26}}]},"5":{"loc":{"start":{"line":47,"column":7},"end":{"line":47,"column":76}},"type":"binary-expr","locations":[{"start":{"line":47,"column":7},"end":{"line":47,"column":15}},{"start":{"line":47,"column":19},"end":{"line":47,"column":76}}]},"6":{"loc":{"start":{"line":48,"column":7},"end":{"line":48,"column":61}},"type":"binary-expr","locations":[{"start":{"line":48,"column":7},"end":{"line":48,"column":12}},{"start":{"line":48,"column":16},"end":{"line":48,"column":61}}]}},"s":{"0":10,"1":10,"2":10,"3":10,"4":10,"5":10,"6":70,"7":56,"8":70,"9":70,"10":70,"11":3,"12":3,"13":70,"14":10},"f":{"0":70,"1":56,"2":3},"b":{"0":[9],"1":[31],"2":[60],"3":[3,0],"4":[3,3],"5":[70,65],"6":[70,12]}}
,"D:\\Projects\\2020\\react-phalladium\\src\\components\\carousel\\carousel-button.tsx": {"path":"D:\\Projects\\2020\\react-phalladium\\src\\components\\carousel\\carousel-button.tsx","statementMap":{"0":{"start":{"line":1,"column":0},"end":{"line":1,"column":36}},"1":{"start":{"line":2,"column":0},"end":{"line":2,"column":26}},"2":{"start":{"line":3,"column":0},"end":{"line":3,"column":28}},"3":{"start":{"line":4,"column":0},"end":{"line":4,"column":47}},"4":{"start":{"line":6,"column":0},"end":{"line":6,"column":25}},"5":{"start":{"line":8,"column":69},"end":{"line":28,"column":null}},"6":{"start":{"line":10,"column":4},"end":{"line":27,"column":6}},"7":{"start":{"line":33,"column":9},"end":{"line":33,"column":23}},"8":{"start":{"line":31,"column":0},"end":{"line":31,"column":46}}},"fnMap":{"0":{"name":"(anonymous_1)","decl":{"start":{"line":9,"column":2},"end":{"line":9,"column":3}},"loc":{"start":{"line":9,"column":66},"end":{"line":28,"column":3}}}},"branchMap":{},"s":{"0":8,"1":8,"2":8,"3":8,"4":8,"5":8,"6":19,"7":8,"8":8},"f":{"0":19},"b":{}}
,"D:\\Projects\\2020\\react-phalladium\\src\\components\\carousel\\carousel-items.tsx": {"path":"D:\\Projects\\2020\\react-phalladium\\src\\components\\carousel\\carousel-items.tsx","statementMap":{"0":{"start":{"line":1,"column":0},"end":{"line":1,"column":65}},"1":{"start":{"line":3,"column":0},"end":{"line":3,"column":25}},"2":{"start":{"line":5,"column":67},"end":{"line":44,"column":1}},"3":{"start":{"line":14,"column":24},"end":{"line":22,"column":33}},"4":{"start":{"line":15,"column":4},"end":{"line":21,"column":23}},"5":{"start":{"line":24,"column":2},"end":{"line":43,"column":4}},"6":{"start":{"line":27,"column":8},"end":{"line":39,"column":null}},"7":{"start":{"line":48,"column":9},"end":{"line":48,"column":22}},"8":{"start":{"line":46,"column":0},"end":{"line":46,"column":44}}},"fnMap":{"0":{"name":"(anonymous_6)","decl":{"start":{"line":5,"column":67},"end":{"line":5,"column":68}},"loc":{"start":{"line":13,"column":25},"end":{"line":44,"column":1}}},"1":{"name":"(anonymous_7)","decl":{"start":{"line":14,"column":32},"end":{"line":14,"column":35}},"loc":{"start":{"line":14,"column":37},"end":{"line":22,"column":3}}},"2":{"name":"(anonymous_8)","decl":{"start":{"line":26,"column":25},"end":{"line":26,"column":26}},"loc":{"start":{"line":27,"column":8},"end":{"line":39,"column":null}}}},"branchMap":{"0":{"loc":{"start":{"line":6,"column":2},"end":{"line":6,"column":16}},"type":"default-arg","locations":[{"start":{"line":6,"column":15},"end":{"line":6,"column":16}}]},"1":{"loc":{"start":{"line":18,"column":8},"end":{"line":20,"column":51}},"type":"cond-expr","locations":[{"start":{"line":19,"column":12},"end":{"line":19,"column":50}},{"start":{"line":20,"column":12},"end":{"line":20,"column":51}}]},"2":{"loc":{"start":{"line":33,"column":17},"end":{"line":33,"column":58}},"type":"cond-expr","locations":[{"start":{"line":33,"column":46},"end":{"line":33,"column":47}},{"start":{"line":33,"column":50},"end":{"line":33,"column":58}}]},"3":{"loc":{"start":{"line":34,"column":18},"end":{"line":34,"column":60}},"type":"cond-expr","locations":[{"start":{"line":34,"column":47},"end":{"line":34,"column":56}},{"start":{"line":34,"column":59},"end":{"line":34,"column":60}}]}},"s":{"0":9,"1":9,"2":9,"3":6,"4":6,"5":6,"6":12,"7":9,"8":9},"f":{"0":6,"1":6,"2":12},"b":{"0":[0],"1":[5,1],"2":[10,2],"3":[10,2]}}
,"D:\\Projects\\2020\\react-phalladium\\src\\components\\carousel\\carousel-track.tsx": {"path":"D:\\Projects\\2020\\react-phalladium\\src\\components\\carousel\\carousel-track.tsx","statementMap":{"0":{"start":{"line":1,"column":0},"end":{"line":1,"column":36}},"1":{"start":{"line":2,"column":0},"end":{"line":2,"column":39}},"2":{"start":{"line":3,"column":0},"end":{"line":3,"column":51}},"3":{"start":{"line":5,"column":0},"end":{"line":5,"column":31}},"4":{"start":{"line":7,"column":67},"end":{"line":59,"column":1}},"5":{"start":{"line":17,"column":29},"end":{"line":19,"column":null}},"6":{"start":{"line":18,"column":10},"end":{"line":18,"column":77}},"7":{"start":{"line":22,"column":33},"end":{"line":27,"column":null}},"8":{"start":{"line":24,"column":6},"end":{"line":26,"column":8}},"9":{"start":{"line":30,"column":2},"end":{"line":58,"column":4}},"10":{"start":{"line":40,"column":10},"end":{"line":47,"column":null}},"11":{"start":{"line":47,"column":27},"end":{"line":47,"column":49}},"12":{"start":{"line":61,"column":9},"end":{"line":61,"column":22}}},"fnMap":{"0":{"name":"(anonymous_7)","decl":{"start":{"line":7,"column":67},"end":{"line":7,"column":68}},"loc":{"start":{"line":16,"column":25},"end":{"line":59,"column":1}}},"1":{"name":"(anonymous_8)","decl":{"start":{"line":18,"column":4},"end":{"line":18,"column":7}},"loc":{"start":{"line":18,"column":10},"end":{"line":18,"column":77}}},"2":{"name":"(anonymous_9)","decl":{"start":{"line":23,"column":4},"end":{"line":23,"column":7}},"loc":{"start":{"line":24,"column":6},"end":{"line":26,"column":8}}},"3":{"name":"(anonymous_10)","decl":{"start":{"line":39,"column":36},"end":{"line":39,"column":37}},"loc":{"start":{"line":40,"column":10},"end":{"line":47,"column":null}}},"4":{"name":"(anonymous_11)","decl":{"start":{"line":47,"column":21},"end":{"line":47,"column":24}},"loc":{"start":{"line":47,"column":27},"end":{"line":47,"column":49}}}},"branchMap":{"0":{"loc":{"start":{"line":45,"column":14},"end":{"line":45,"column":76}},"type":"cond-expr","locations":[{"start":{"line":45,"column":38},"end":{"line":45,"column":71}},{"start":{"line":45,"column":74},"end":{"line":45,"column":76}}]}},"s":{"0":8,"1":8,"2":8,"3":8,"4":8,"5":8,"6":8,"7":8,"8":8,"9":8,"10":20,"11":1,"12":8},"f":{"0":8,"1":8,"2":8,"3":20,"4":1},"b":{"0":[8,12]}}
,"D:\\Projects\\2020\\react-phalladium\\src\\components\\carousel\\carousel.tsx": {"path":"D:\\Projects\\2020\\react-phalladium\\src\\components\\carousel\\carousel.tsx","statementMap":{"0":{"start":{"line":1,"column":0},"end":{"line":1,"column":36}},"1":{"start":{"line":2,"column":0},"end":{"line":2,"column":32}},"2":{"start":{"line":3,"column":0},"end":{"line":3,"column":null}},"3":{"start":{"line":11,"column":0},"end":{"line":11,"column":49}},"4":{"start":{"line":13,"column":0},"end":{"line":13,"column":49}},"5":{"start":{"line":14,"column":0},"end":{"line":14,"column":25}},"6":{"start":{"line":16,"column":57},"end":{"line":170,"column":1}},"7":{"start":{"line":22,"column":44},"end":{"line":30,"column":null}},"8":{"start":{"line":24,"column":28},"end":{"line":29,"column":10}},"9":{"start":{"line":33,"column":21},"end":{"line":33,"column":74}},"10":{"start":{"line":34,"column":22},"end":{"line":34,"column":38}},"11":{"start":{"line":36,"column":38},"end":{"line":36,"column":49}},"12":{"start":{"line":37,"column":38},"end":{"line":37,"column":49}},"13":{"start":{"line":38,"column":40},"end":{"line":38,"column":51}},"14":{"start":{"line":39,"column":42},"end":{"line":39,"column":62}},"15":{"start":{"line":41,"column":21},"end":{"line":43,"column":8}},"16":{"start":{"line":42,"column":4},"end":{"line":42,"column":38}},"17":{"start":{"line":42,"column":28},"end":{"line":42,"column":36}},"18":{"start":{"line":45,"column":25},"end":{"line":47,"column":null}},"19":{"start":{"line":46,"column":10},"end":{"line":46,"column":43}},"20":{"start":{"line":46,"column":34},"end":{"line":46,"column":42}},"21":{"start":{"line":50,"column":29},"end":{"line":52,"column":null}},"22":{"start":{"line":51,"column":19},"end":{"line":51,"column":43}},"23":{"start":{"line":55,"column":20},"end":{"line":61,"column":8}},"24":{"start":{"line":56,"column":4},"end":{"line":60,"column":null}},"25":{"start":{"line":57,"column":44},"end":{"line":57,"column":48}},"26":{"start":{"line":58,"column":6},"end":{"line":58,"column":33}},"27":{"start":{"line":59,"column":6},"end":{"line":59,"column":35}},"28":{"start":{"line":63,"column":2},"end":{"line":80,"column":32}},"29":{"start":{"line":64,"column":4},"end":{"line":79,"column":null}},"30":{"start":{"line":65,"column":19},"end":{"line":65,"column":62}},"31":{"start":{"line":66,"column":6},"end":{"line":78,"column":8}},"32":{"start":{"line":67,"column":36},"end":{"line":77,"column":10}},"33":{"start":{"line":82,"column":25},"end":{"line":84,"column":null}},"34":{"start":{"line":83,"column":10},"end":{"line":83,"column":47}},"35":{"start":{"line":87,"column":2},"end":{"line":106,"column":39}},"36":{"start":{"line":88,"column":4},"end":{"line":105,"column":null}},"37":{"start":{"line":93,"column":6},"end":{"line":93,"column":27}},"38":{"start":{"line":94,"column":6},"end":{"line":104,"column":19}},"39":{"start":{"line":95,"column":8},"end":{"line":103,"column":11}},"40":{"start":{"line":96,"column":10},"end":{"line":100,"column":null}},"41":{"start":{"line":97,"column":12},"end":{"line":97,"column":47}},"42":{"start":{"line":98,"column":12},"end":{"line":98,"column":34}},"43":{"start":{"line":99,"column":12},"end":{"line":99,"column":24}},"44":{"start":{"line":102,"column":10},"end":{"line":102,"column":26}},"45":{"start":{"line":108,"column":29},"end":{"line":108,"column":74}},"46":{"start":{"line":108,"column":43},"end":{"line":108,"column":59}},"47":{"start":{"line":110,"column":29},"end":{"line":115,"column":8}},"48":{"start":{"line":111,"column":4},"end":{"line":114,"column":7}},"49":{"start":{"line":117,"column":33},"end":{"line":122,"column":8}},"50":{"start":{"line":118,"column":4},"end":{"line":121,"column":7}},"51":{"start":{"line":124,"column":31},"end":{"line":128,"column":8}},"52":{"start":{"line":125,"column":4},"end":{"line":127,"column":23}},"53":{"start":{"line":130,"column":23},"end":{"line":133,"column":null}},"54":{"start":{"line":132,"column":6},"end":{"line":132,"column":77}},"55":{"start":{"line":136,"column":2},"end":{"line":169,"column":4}},"56":{"start":{"line":172,"column":9},"end":{"line":172,"column":17}}},"fnMap":{"0":{"name":"(anonymous_7)","decl":{"start":{"line":16,"column":57},"end":{"line":16,"column":58}},"loc":{"start":{"line":21,"column":5},"end":{"line":170,"column":1}}},"1":{"name":"(anonymous_8)","decl":{"start":{"line":24,"column":21},"end":{"line":24,"column":24}},"loc":{"start":{"line":24,"column":28},"end":{"line":29,"column":10}}},"2":{"name":"(anonymous_9)","decl":{"start":{"line":41,"column":33},"end":{"line":41,"column":36}},"loc":{"start":{"line":41,"column":38},"end":{"line":43,"column":3}}},"3":{"name":"(anonymous_10)","decl":{"start":{"line":42,"column":18},"end":{"line":42,"column":19}},"loc":{"start":{"line":42,"column":28},"end":{"line":42,"column":36}}},"4":{"name":"(anonymous_11)","decl":{"start":{"line":46,"column":4},"end":{"line":46,"column":7}},"loc":{"start":{"line":46,"column":10},"end":{"line":46,"column":43}}},"5":{"name":"(anonymous_12)","decl":{"start":{"line":46,"column":24},"end":{"line":46,"column":25}},"loc":{"start":{"line":46,"column":34},"end":{"line":46,"column":42}}},"6":{"name":"(anonymous_13)","decl":{"start":{"line":51,"column":4},"end":{"line":51,"column":5}},"loc":{"start":{"line":51,"column":19},"end":{"line":51,"column":43}}},"7":{"name":"(anonymous_14)","decl":{"start":{"line":55,"column":32},"end":{"line":55,"column":33}},"loc":{"start":{"line":55,"column":41},"end":{"line":61,"column":3}}},"8":{"name":"(anonymous_15)","decl":{"start":{"line":63,"column":12},"end":{"line":63,"column":15}},"loc":{"start":{"line":63,"column":17},"end":{"line":80,"column":3}}},"9":{"name":"(anonymous_16)","decl":{"start":{"line":67,"column":21},"end":{"line":67,"column":22}},"loc":{"start":{"line":67,"column":36},"end":{"line":77,"column":10}}},"10":{"name":"(anonymous_17)","decl":{"start":{"line":83,"column":4},"end":{"line":83,"column":7}},"loc":{"start":{"line":83,"column":10},"end":{"line":83,"column":47}}},"11":{"name":"(anonymous_18)","decl":{"start":{"line":87,"column":12},"end":{"line":87,"column":15}},"loc":{"start":{"line":87,"column":17},"end":{"line":106,"column":3}}},"12":{"name":"(anonymous_19)","decl":{"start":{"line":94,"column":40},"end":{"line":94,"column":43}},"loc":{"start":{"line":94,"column":45},"end":{"line":104,"column":7}}},"13":{"name":"(anonymous_20)","decl":{"start":{"line":95,"column":22},"end":{"line":95,"column":23}},"loc":{"start":{"line":95,"column":31},"end":{"line":103,"column":9}}},"14":{"name":"(anonymous_21)","decl":{"start":{"line":108,"column":37},"end":{"line":108,"column":40}},"loc":{"start":{"line":108,"column":43},"end":{"line":108,"column":59}}},"15":{"name":"(anonymous_22)","decl":{"start":{"line":110,"column":37},"end":{"line":110,"column":40}},"loc":{"start":{"line":110,"column":42},"end":{"line":115,"column":3}}},"16":{"name":"(anonymous_23)","decl":{"start":{"line":117,"column":41},"end":{"line":117,"column":44}},"loc":{"start":{"line":117,"column":46},"end":{"line":122,"column":3}}},"17":{"name":"(anonymous_24)","decl":{"start":{"line":124,"column":39},"end":{"line":124,"column":42}},"loc":{"start":{"line":124,"column":44},"end":{"line":128,"column":3}}},"18":{"name":"(anonymous_25)","decl":{"start":{"line":131,"column":4},"end":{"line":131,"column":7}},"loc":{"start":{"line":132,"column":6},"end":{"line":132,"column":77}}}},"branchMap":{"0":{"loc":{"start":{"line":18,"column":2},"end":{"line":18,"column":26}},"type":"default-arg","locations":[{"start":{"line":18,"column":14},"end":{"line":18,"column":26}}]},"1":{"loc":{"start":{"line":19,"column":2},"end":{"line":19,"column":14}},"type":"default-arg","locations":[{"start":{"line":19,"column":11},"end":{"line":19,"column":14}}]},"2":{"loc":{"start":{"line":20,"column":2},"end":{"line":20,"column":14}},"type":"default-arg","locations":[{"start":{"line":20,"column":13},"end":{"line":20,"column":14}}]},"3":{"loc":{"start":{"line":23,"column":4},"end":{"line":30,"column":10}},"type":"cond-expr","locations":[{"start":{"line":24,"column":8},"end":{"line":29,"column":11}},{"start":{"line":30,"column":8},"end":{"line":30,"column":10}}]},"4":{"loc":{"start":{"line":33,"column":28},"end":{"line":33,"column":73}},"type":"cond-expr","locations":[{"start":{"line":33,"column":54},"end":{"line":33,"column":69}},{"start":{"line":33,"column":72},"end":{"line":33,"column":73}}]},"5":{"loc":{"start":{"line":56,"column":4},"end":{"line":60,"column":null}},"type":"if","locations":[{"start":{"line":56,"column":4},"end":{"line":60,"column":null}},{"start":{"line":56,"column":4},"end":{"line":60,"column":null}}]},"6":{"loc":{"start":{"line":64,"column":4},"end":{"line":79,"column":null}},"type":"if","locations":[{"start":{"line":64,"column":4},"end":{"line":79,"column":null}},{"start":{"line":64,"column":4},"end":{"line":79,"column":null}}]},"7":{"loc":{"start":{"line":64,"column":8},"end":{"line":64,"column":60}},"type":"binary-expr","locations":[{"start":{"line":64,"column":8},"end":{"line":64,"column":18}},{"start":{"line":64,"column":22},"end":{"line":64,"column":33}},{"start":{"line":64,"column":37},"end":{"line":64,"column":60}}]},"8":{"loc":{"start":{"line":65,"column":19},"end":{"line":65,"column":62}},"type":"cond-expr","locations":[{"start":{"line":65,"column":48},"end":{"line":65,"column":54}},{"start":{"line":65,"column":57},"end":{"line":65,"column":62}}]},"9":{"loc":{"start":{"line":73,"column":12},"end":{"line":75,"column":null}},"type":"cond-expr","locations":[{"start":{"line":74,"column":16},"end":{"line":74,"column":34}},{"start":{"line":75,"column":16},"end":{"line":75,"column":null}}]},"10":{"loc":{"start":{"line":88,"column":4},"end":{"line":105,"column":null}},"type":"if","locations":[{"start":{"line":88,"column":4},"end":{"line":105,"column":null}},{"start":{"line":88,"column":4},"end":{"line":105,"column":null}}]},"11":{"loc":{"start":{"line":89,"column":6},"end":{"line":91,"column":43}},"type":"binary-expr","locations":[{"start":{"line":89,"column":6},"end":{"line":89,"column":26}},{"start":{"line":90,"column":6},"end":{"line":90,"column":14}},{"start":{"line":91,"column":6},"end":{"line":91,"column":43}}]},"12":{"loc":{"start":{"line":96,"column":10},"end":{"line":100,"column":null}},"type":"if","locations":[{"start":{"line":96,"column":10},"end":{"line":100,"column":null}},{"start":{"line":96,"column":10},"end":{"line":100,"column":null}}]},"13":{"loc":{"start":{"line":155,"column":9},"end":{"line":165,"column":null}},"type":"binary-expr","locations":[{"start":{"line":155,"column":9},"end":{"line":155,"column":23}},{"start":{"line":156,"column":10},"end":{"line":164,"column":null}}]}},"s":{"0":8,"1":8,"2":8,"3":8,"4":8,"5":8,"6":8,"7":4,"8":8,"9":4,"10":4,"11":4,"12":4,"13":4,"14":4,"15":4,"16":0,"17":0,"18":4,"19":0,"20":0,"21":4,"22":0,"23":4,"24":8,"25":4,"26":4,"27":4,"28":4,"29":4,"30":0,"31":0,"32":0,"33":4,"34":4,"35":4,"36":4,"37":0,"38":0,"39":0,"40":0,"41":0,"42":0,"43":0,"44":0,"45":4,"46":4,"47":4,"48":4,"49":4,"50":4,"51":4,"52":4,"53":4,"54":4,"55":4,"56":8},"f":{"0":4,"1":8,"2":0,"3":0,"4":0,"5":0,"6":0,"7":8,"8":4,"9":0,"10":4,"11":4,"12":0,"13":0,"14":4,"15":4,"16":4,"17":4,"18":4},"b":{"0":[1],"1":[4],"2":[4],"3":[4,0],"4":[4,0],"5":[4,4],"6":[0,4],"7":[4,0,0],"8":[0,0],"9":[0,0],"10":[0,4],"11":[4,4,0],"12":[0,0],"13":[4,4]}}
,"D:\\Projects\\2020\\react-phalladium\\src\\components\\checkbox\\checkbox.tsx": {"path":"D:\\Projects\\2020\\react-phalladium\\src\\components\\checkbox\\checkbox.tsx","statementMap":{"0":{"start":{"line":1,"column":0},"end":{"line":1,"column":36}},"1":{"start":{"line":2,"column":0},"end":{"line":2,"column":32}},"2":{"start":{"line":3,"column":0},"end":{"line":3,"column":null}},"3":{"start":{"line":10,"column":0},"end":{"line":10,"column":40}},"4":{"start":{"line":11,"column":0},"end":{"line":11,"column":66}},"5":{"start":{"line":12,"column":0},"end":{"line":12,"column":54}},"6":{"start":{"line":13,"column":0},"end":{"line":13,"column":64}},"7":{"start":{"line":15,"column":0},"end":{"line":15,"column":25}},"8":{"start":{"line":17,"column":57},"end":{"line":94,"column":1}},"9":{"start":{"line":25,"column":32},"end":{"line":25,"column":51}},"10":{"start":{"line":26,"column":14},"end":{"line":26,"column":26}},"11":{"start":{"line":27,"column":13},"end":{"line":27,"column":40}},"12":{"start":{"line":29,"column":2},"end":{"line":29,"column":40}},"13":{"start":{"line":31,"column":22},"end":{"line":31,"column":72}},"14":{"start":{"line":31,"column":40},"end":{"line":31,"column":67}},"15":{"start":{"line":31,"column":61},"end":{"line":31,"column":66}},"16":{"start":{"line":33,"column":2},"end":{"line":33,"column":50}},"17":{"start":{"line":35,"column":20},"end":{"line":41,"column":null}},"18":{"start":{"line":37,"column":6},"end":{"line":40,"column":8}},"19":{"start":{"line":44,"column":21},"end":{"line":49,"column":null}},"20":{"start":{"line":46,"column":6},"end":{"line":48,"column":8}},"21":{"start":{"line":52,"column":23},"end":{"line":58,"column":null}},"22":{"start":{"line":54,"column":6},"end":{"line":57,"column":8}},"23":{"start":{"line":61,"column":2},"end":{"line":65,"column":18}},"24":{"start":{"line":62,"column":4},"end":{"line":64,"column":null}},"25":{"start":{"line":63,"column":6},"end":{"line":63,"column":28}},"26":{"start":{"line":67,"column":2},"end":{"line":71,"column":16}},"27":{"start":{"line":68,"column":4},"end":{"line":70,"column":null}},"28":{"start":{"line":69,"column":6},"end":{"line":69,"column":36}},"29":{"start":{"line":73,"column":24},"end":{"line":73,"column":40}},"30":{"start":{"line":75,"column":2},"end":{"line":93,"column":4}},"31":{"start":{"line":98,"column":9},"end":{"line":98,"column":17}},"32":{"start":{"line":96,"column":0},"end":{"line":96,"column":34}}},"fnMap":{"0":{"name":"(anonymous_7)","decl":{"start":{"line":17,"column":57},"end":{"line":17,"column":58}},"loc":{"start":{"line":24,"column":20},"end":{"line":94,"column":1}}},"1":{"name":"(anonymous_8)","decl":{"start":{"line":31,"column":34},"end":{"line":31,"column":37}},"loc":{"start":{"line":31,"column":40},"end":{"line":31,"column":67}}},"2":{"name":"(anonymous_9)","decl":{"start":{"line":31,"column":51},"end":{"line":31,"column":52}},"loc":{"start":{"line":31,"column":61},"end":{"line":31,"column":66}}},"3":{"name":"(anonymous_10)","decl":{"start":{"line":36,"column":4},"end":{"line":36,"column":7}},"loc":{"start":{"line":37,"column":6},"end":{"line":40,"column":8}}},"4":{"name":"(anonymous_11)","decl":{"start":{"line":45,"column":4},"end":{"line":45,"column":7}},"loc":{"start":{"line":46,"column":6},"end":{"line":48,"column":8}}},"5":{"name":"(anonymous_12)","decl":{"start":{"line":53,"column":4},"end":{"line":53,"column":7}},"loc":{"start":{"line":54,"column":6},"end":{"line":57,"column":8}}},"6":{"name":"(anonymous_13)","decl":{"start":{"line":61,"column":12},"end":{"line":61,"column":15}},"loc":{"start":{"line":61,"column":17},"end":{"line":65,"column":3}}},"7":{"name":"(anonymous_14)","decl":{"start":{"line":67,"column":12},"end":{"line":67,"column":15}},"loc":{"start":{"line":67,"column":17},"end":{"line":71,"column":3}}}},"branchMap":{"0":{"loc":{"start":{"line":20,"column":2},"end":{"line":20,"column":19}},"type":"default-arg","locations":[{"start":{"line":20,"column":14},"end":{"line":20,"column":19}}]},"1":{"loc":{"start":{"line":22,"column":2},"end":{"line":22,"column":13}},"type":"default-arg","locations":[{"start":{"line":22,"column":9},"end":{"line":22,"column":13}}]},"2":{"loc":{"start":{"line":62,"column":4},"end":{"line":64,"column":null}},"type":"if","locations":[{"start":{"line":62,"column":4},"end":{"line":64,"column":null}},{"start":{"line":62,"column":4},"end":{"line":64,"column":null}}]},"3":{"loc":{"start":{"line":62,"column":8},"end":{"line":62,"column":55}},"type":"binary-expr","locations":[{"start":{"line":62,"column":8},"end":{"line":62,"column":30}},{"start":{"line":62,"column":34},"end":{"line":62,"column":55}}]},"4":{"loc":{"start":{"line":68,"column":4},"end":{"line":70,"column":null}},"type":"if","locations":[{"start":{"line":68,"column":4},"end":{"line":70,"column":null}},{"start":{"line":68,"column":4},"end":{"line":70,"column":null}}]},"5":{"loc":{"start":{"line":69,"column":6},"end":{"line":69,"column":35}},"type":"binary-expr","locations":[{"start":{"line":69,"column":6},"end":{"line":69,"column":14}},{"start":{"line":69,"column":18},"end":{"line":69,"column":35}}]},"6":{"loc":{"start":{"line":82,"column":16},"end":{"line":82,"column":33}},"type":"cond-expr","locations":[{"start":{"line":82,"column":27},"end":{"line":82,"column":29}},{"start":{"line":82,"column":32},"end":{"line":82,"column":33}}]}},"s":{"0":10,"1":10,"2":10,"3":10,"4":10,"5":10,"6":10,"7":10,"8":10,"9":101,"10":101,"11":101,"12":101,"13":101,"14":8,"15":8,"16":101,"17":101,"18":86,"19":101,"20":86,"21":101,"22":70,"23":101,"24":85,"25":8,"26":101,"27":86,"28":16,"29":101,"30":101,"31":10,"32":10},"f":{"0":101,"1":8,"2":8,"3":86,"4":86,"5":70,"6":85,"7":86},"b":{"0":[11],"1":[101],"2":[8,77],"3":[85,15],"4":[16,70],"5":[16,16],"6":[2,99]}}
,"D:\\Projects\\2020\\react-phalladium\\src\\components\\common\\overlay.tsx": {"path":"D:\\Projects\\2020\\react-phalladium\\src\\components\\common\\overlay.tsx","statementMap":{"0":{"start":{"line":1,"column":0},"end":{"line":1,"column":36}},"1":{"start":{"line":2,"column":0},"end":{"line":2,"column":54}},"2":{"start":{"line":3,"column":0},"end":{"line":3,"column":40}},"3":{"start":{"line":6,"column":55},"end":{"line":67,"column":1}},"4":{"start":{"line":16,"column":23},"end":{"line":23,"column":null}},"5":{"start":{"line":18,"column":6},"end":{"line":22,"column":8}},"6":{"start":{"line":25,"column":30},"end":{"line":30,"column":8}},"7":{"start":{"line":26,"column":4},"end":{"line":29,"column":7}},"8":{"start":{"line":32,"column":25},"end":{"line":41,"column":37}},"9":{"start":{"line":33,"column":4},"end":{"line":40,"column":null}},"10":{"start":{"line":34,"column":28},"end":{"line":34,"column":78}},"11":{"start":{"line":35,"column":6},"end":{"line":39,"column":25}},"12":{"start":{"line":43,"column":22},"end":{"line":49,"column":3}},"13":{"start":{"line":44,"column":20},"end":{"line":44,"column":68}},"14":{"start":{"line":46,"column":4},"end":{"line":48,"column":null}},"15":{"start":{"line":46,"column":30},"end":{"line":46,"column":58}},"16":{"start":{"line":47,"column":6},"end":{"line":47,"column":27}},"17":{"start":{"line":51,"column":2},"end":{"line":66,"column":4}},"18":{"start":{"line":69,"column":9},"end":{"line":69,"column":16}}},"fnMap":{"0":{"name":"(anonymous_7)","decl":{"start":{"line":6,"column":55},"end":{"line":6,"column":56}},"loc":{"start":{"line":15,"column":5},"end":{"line":67,"column":1}}},"1":{"name":"(anonymous_8)","decl":{"start":{"line":17,"column":4},"end":{"line":17,"column":7}},"loc":{"start":{"line":18,"column":6},"end":{"line":22,"column":8}}},"2":{"name":"(anonymous_9)","decl":{"start":{"line":25,"column":38},"end":{"line":25,"column":41}},"loc":{"start":{"line":25,"column":43},"end":{"line":30,"column":3}}},"3":{"name":"(anonymous_10)","decl":{"start":{"line":32,"column":33},"end":{"line":32,"column":36}},"loc":{"start":{"line":32,"column":38},"end":{"line":41,"column":3}}},"4":{"name":"(anonymous_11)","decl":{"start":{"line":43,"column":22},"end":{"line":43,"column":23}},"loc":{"start":{"line":43,"column":47},"end":{"line":49,"column":3}}},"5":{"name":"(anonymous_12)","decl":{"start":{"line":46,"column":21},"end":{"line":46,"column":22}},"loc":{"start":{"line":46,"column":30},"end":{"line":46,"column":58}}}},"branchMap":{"0":{"loc":{"start":{"line":10,"column":2},"end":{"line":10,"column":25}},"type":"default-arg","locations":[{"start":{"line":10,"column":20},"end":{"line":10,"column":25}}]},"1":{"loc":{"start":{"line":11,"column":2},"end":{"line":11,"column":26}},"type":"default-arg","locations":[{"start":{"line":11,"column":21},"end":{"line":11,"column":26}}]},"2":{"loc":{"start":{"line":20,"column":8},"end":{"line":20,"column":71}},"type":"cond-expr","locations":[{"start":{"line":20,"column":17},"end":{"line":20,"column":42}},{"start":{"line":20,"column":45},"end":{"line":20,"column":71}}]},"3":{"loc":{"start":{"line":21,"column":8},"end":{"line":21,"column":46}},"type":"cond-expr","locations":[{"start":{"line":21,"column":27},"end":{"line":21,"column":41}},{"start":{"line":21,"column":44},"end":{"line":21,"column":46}}]},"4":{"loc":{"start":{"line":28,"column":6},"end":{"line":28,"column":47}},"type":"cond-expr","locations":[{"start":{"line":28,"column":24},"end":{"line":28,"column":42}},{"start":{"line":28,"column":45},"end":{"line":28,"column":47}}]},"5":{"loc":{"start":{"line":33,"column":4},"end":{"line":40,"column":null}},"type":"if","locations":[{"start":{"line":33,"column":4},"end":{"line":40,"column":null}},{"start":{"line":33,"column":4},"end":{"line":40,"column":null}}]},"6":{"loc":{"start":{"line":33,"column":8},"end":{"line":33,"column":48}},"type":"binary-expr","locations":[{"start":{"line":33,"column":8},"end":{"line":33,"column":35}},{"start":{"line":33,"column":39},"end":{"line":33,"column":48}}]},"7":{"loc":{"start":{"line":36,"column":9},"end":{"line":36,"column":47}},"type":"cond-expr","locations":[{"start":{"line":36,"column":31},"end":{"line":36,"column":39}},{"start":{"line":36,"column":42},"end":{"line":36,"column":47}}]},"8":{"loc":{"start":{"line":46,"column":4},"end":{"line":48,"column":null}},"type":"if","locations":[{"start":{"line":46,"column":4},"end":{"line":48,"column":null}},{"start":{"line":46,"column":4},"end":{"line":48,"column":null}}]},"9":{"loc":{"start":{"line":47,"column":6},"end":{"line":47,"column":26}},"type":"binary-expr","locations":[{"start":{"line":47,"column":6},"end":{"line":47,"column":13}},{"start":{"line":47,"column":17},"end":{"line":47,"column":26}}]},"10":{"loc":{"start":{"line":58,"column":9},"end":{"line":58,"column":76}},"type":"cond-expr","locations":[{"start":{"line":58,"column":21},"end":{"line":58,"column":65}},{"start":{"line":58,"column":68},"end":{"line":58,"column":76}}]},"11":{"loc":{"start":{"line":60,"column":7},"end":{"line":63,"column":null}},"type":"binary-expr","locations":[{"start":{"line":60,"column":7},"end":{"line":60,"column":22}},{"start":{"line":61,"column":8},"end":{"line":62,"column":null}}]}},"s":{"0":9,"1":9,"2":9,"3":9,"4":18,"5":13,"6":18,"7":13,"8":18,"9":13,"10":3,"11":3,"12":18,"13":3,"14":3,"15":3,"16":1,"17":18,"18":9},"f":{"0":18,"1":13,"2":13,"3":13,"4":3,"5":3},"b":{"0":[18],"1":[0],"2":[13,0],"3":[0,13],"4":[5,8],"5":[3,10],"6":[13,3],"7":[0,3],"8":[1,2],"9":[1,1],"10":[5,13],"11":[18,0]}}
,"D:\\Projects\\2020\\react-phalladium\\src\\components\\common\\withOverlay.tsx": {"path":"D:\\Projects\\2020\\react-phalladium\\src\\components\\common\\withOverlay.tsx","statementMap":{"0":{"start":{"line":1,"column":0},"end":{"line":1,"column":72}},"1":{"start":{"line":2,"column":0},"end":{"line":2,"column":33}},"2":{"start":{"line":3,"column":0},"end":{"line":3,"column":36}},"3":{"start":{"line":5,"column":0},"end":{"line":5,"column":24}},"4":{"start":{"line":18,"column":33},"end":{"line":84,"column":1}},"5":{"start":{"line":22,"column":2},"end":{"line":83,"column":4}},"6":{"start":{"line":23,"column":24},"end":{"line":23,"column":41}},"7":{"start":{"line":24,"column":23},"end":{"line":24,"column":58}},"8":{"start":{"line":31,"column":8},"end":{"line":31,"column":13}},"9":{"start":{"line":32,"column":66},"end":{"line":32,"column":74}},"10":{"start":{"line":34,"column":60},"end":{"line":34,"column":75}},"11":{"start":{"line":35,"column":30},"end":{"line":35,"column":45}},"12":{"start":{"line":36,"column":38},"end":{"line":36,"column":53}},"13":{"start":{"line":37,"column":28},"end":{"line":37,"column":60}},"14":{"start":{"line":39,"column":4},"end":{"line":55,"column":11}},"15":{"start":{"line":40,"column":6},"end":{"line":54,"column":null}},"16":{"start":{"line":41,"column":8},"end":{"line":41,"column":60}},"17":{"start":{"line":42,"column":8},"end":{"line":42,"column":60}},"18":{"start":{"line":43,"column":8},"end":{"line":43,"column":38}},"19":{"start":{"line":45,"column":8},"end":{"line":45,"column":59}},"20":{"start":{"line":46,"column":8},"end":{"line":46,"column":79}},"21":{"start":{"line":47,"column":8},"end":{"line":47,"column":54}},"22":{"start":{"line":48,"column":8},"end":{"line":48,"column":53}},"23":{"start":{"line":49,"column":8},"end":{"line":49,"column":38}},"24":{"start":{"line":51,"column":8},"end":{"line":53,"column":10}},"25":{"start":{"line":52,"column":10},"end":{"line":52,"column":71}},"26":{"start":{"line":57,"column":24},"end":{"line":65,"column":10}},"27":{"start":{"line":58,"column":6},"end":{"line":58,"column":25}},"28":{"start":{"line":60,"column":6},"end":{"line":64,"column":14}},"29":{"start":{"line":61,"column":8},"end":{"line":61,"column":39}},"30":{"start":{"line":62,"column":8},"end":{"line":62,"column":23}},"31":{"start":{"line":63,"column":8},"end":{"line":63,"column":29}},"32":{"start":{"line":67,"column":4},"end":{"line":82,"column":13}},"33":{"start":{"line":86,"column":9},"end":{"line":86,"column":20}}},"fnMap":{"0":{"name":"(anonymous_7)","decl":{"start":{"line":18,"column":33},"end":{"line":18,"column":null}},"loc":{"start":{"line":20,"column":74},"end":{"line":84,"column":1}}},"1":{"name":"(anonymous_8)","decl":{"start":{"line":22,"column":9},"end":{"line":22,"column":10}},"loc":{"start":{"line":22,"column":22},"end":{"line":83,"column":3}}},"2":{"name":"(anonymous_9)","decl":{"start":{"line":39,"column":14},"end":{"line":39,"column":17}},"loc":{"start":{"line":39,"column":19},"end":{"line":55,"column":5}}},"3":{"name":"(anonymous_10)","decl":{"start":{"line":51,"column":15},"end":{"line":51,"column":18}},"loc":{"start":{"line":51,"column":20},"end":{"line":53,"column":9}}},"4":{"name":"(anonymous_11)","decl":{"start":{"line":57,"column":36},"end":{"line":57,"column":39}},"loc":{"start":{"line":57,"column":41},"end":{"line":65,"column":5}}},"5":{"name":"(anonymous_12)","decl":{"start":{"line":60,"column":17},"end":{"line":60,"column":20}},"loc":{"start":{"line":60,"column":22},"end":{"line":64,"column":7}}}},"branchMap":{"0":{"loc":{"start":{"line":20,"column":2},"end":{"line":20,"column":74}},"type":"default-arg","locations":[{"start":{"line":20,"column":23},"end":{"line":20,"column":74}}]},"1":{"loc":{"start":{"line":32,"column":12},"end":{"line":32,"column":36}},"type":"default-arg","locations":[{"start":{"line":32,"column":31},"end":{"line":32,"column":36}}]},"2":{"loc":{"start":{"line":32,"column":38},"end":{"line":32,"column":61}},"type":"default-arg","locations":[{"start":{"line":32,"column":56},"end":{"line":32,"column":61}}]},"3":{"loc":{"start":{"line":40,"column":6},"end":{"line":54,"column":null}},"type":"if","locations":[{"start":{"line":40,"column":6},"end":{"line":54,"column":null}},{"start":{"line":40,"column":6},"end":{"line":54,"column":null}}]},"4":{"loc":{"start":{"line":63,"column":8},"end":{"line":63,"column":28}},"type":"binary-expr","locations":[{"start":{"line":63,"column":8},"end":{"line":63,"column":15}},{"start":{"line":63,"column":19},"end":{"line":63,"column":28}}]},"5":{"loc":{"start":{"line":67,"column":11},"end":{"line":82,"column":12}},"type":"cond-expr","locations":[{"start":{"line":68,"column":8},"end":{"line":80,"column":null}},{"start":{"line":82,"column":8},"end":{"line":82,"column":12}}]}},"s":{"0":9,"1":9,"2":9,"3":9,"4":9,"5":33,"6":39,"7":39,"8":39,"9":39,"10":39,"11":39,"12":39,"13":39,"14":39,"15":13,"16":0,"17":0,"18":0,"19":13,"20":13,"21":13,"22":13,"23":13,"24":13,"25":13,"26":39,"27":4,"28":4,"29":4,"30":4,"31":4,"32":39,"33":9},"f":{"0":33,"1":39,"2":13,"3":13,"4":4,"5":4},"b":{"0":[0],"1":[17],"2":[22],"3":[0,13],"4":[4,1],"5":[18,21]}}
,"D:\\Projects\\2020\\react-phalladium\\src\\components\\common\\effects\\useCloseOnEsc.ts": {"path":"D:\\Projects\\2020\\react-phalladium\\src\\components\\common\\effects\\useCloseOnEsc.ts","statementMap":{"0":{"start":{"line":1,"column":0},"end":{"line":1,"column":53}},"1":{"start":{"line":8,"column":39},"end":{"line":39,"column":1}},"2":{"start":{"line":9,"column":23},"end":{"line":9,"column":60}},"3":{"start":{"line":11,"column":2},"end":{"line":13,"column":null}},"4":{"start":{"line":12,"column":4},"end":{"line":12,"column":11}},"5":{"start":{"line":15,"column":2},"end":{"line":17,"column":16}},"6":{"start":{"line":16,"column":4},"end":{"line":16,"column":35}},"7":{"start":{"line":19,"column":2},"end":{"line":38,"column":16}},"8":{"start":{"line":20,"column":26},"end":{"line":24,"column":5}},"9":{"start":{"line":21,"column":6},"end":{"line":23,"column":null}},"10":{"start":{"line":22,"column":8},"end":{"line":22,"column":36}},"11":{"start":{"line":26,"column":4},"end":{"line":28,"column":null}},"12":{"start":{"line":27,"column":6},"end":{"line":27,"column":13}},"13":{"start":{"line":31,"column":4},"end":{"line":31,"column":61}},"14":{"start":{"line":34,"column":4},"end":{"line":37,"column":6}},"15":{"start":{"line":35,"column":6},"end":{"line":36,"column":68}},"16":{"start":{"line":41,"column":9},"end":{"line":41,"column":25}}},"fnMap":{"0":{"name":"(anonymous_0)","decl":{"start":{"line":8,"column":39},"end":{"line":8,"column":40}},"loc":{"start":{"line":8,"column":60},"end":{"line":39,"column":1}}},"1":{"name":"(anonymous_1)","decl":{"start":{"line":15,"column":12},"end":{"line":15,"column":15}},"loc":{"start":{"line":15,"column":17},"end":{"line":17,"column":3}}},"2":{"name":"(anonymous_2)","decl":{"start":{"line":19,"column":12},"end":{"line":19,"column":15}},"loc":{"start":{"line":19,"column":17},"end":{"line":38,"column":3}}},"3":{"name":"(anonymous_3)","decl":{"start":{"line":20,"column":26},"end":{"line":20,"column":27}},"loc":{"start":{"line":20,"column":51},"end":{"line":24,"column":5}}},"4":{"name":"(anonymous_4)","decl":{"start":{"line":34,"column":11},"end":{"line":34,"column":14}},"loc":{"start":{"line":34,"column":16},"end":{"line":37,"column":5}}}},"branchMap":{"0":{"loc":{"start":{"line":11,"column":2},"end":{"line":13,"column":null}},"type":"if","locations":[{"start":{"line":11,"column":2},"end":{"line":13,"column":null}},{"start":{"line":11,"column":2},"end":{"line":13,"column":null}}]},"1":{"loc":{"start":{"line":21,"column":6},"end":{"line":23,"column":null}},"type":"if","locations":[{"start":{"line":21,"column":6},"end":{"line":23,"column":null}},{"start":{"line":21,"column":6},"end":{"line":23,"column":null}}]},"2":{"loc":{"start":{"line":21,"column":10},"end":{"line":21,"column":56}},"type":"binary-expr","locations":[{"start":{"line":21,"column":10},"end":{"line":21,"column":32}},{"start":{"line":21,"column":36},"end":{"line":21,"column":56}}]},"3":{"loc":{"start":{"line":26,"column":4},"end":{"line":28,"column":null}},"type":"if","locations":[{"start":{"line":26,"column":4},"end":{"line":28,"column":null}},{"start":{"line":26,"column":4},"end":{"line":28,"column":null}}]},"4":{"loc":{"start":{"line":35,"column":6},"end":{"line":36,"column":67}},"type":"binary-expr","locations":[{"start":{"line":35,"column":6},"end":{"line":35,"column":21}},{"start":{"line":36,"column":8},"end":{"line":36,"column":67}}]}},"s":{"0":9,"1":9,"2":18,"3":18,"4":0,"5":18,"6":18,"7":18,"8":10,"9":2,"10":2,"11":10,"12":0,"13":10,"14":10,"15":10,"16":9},"f":{"0":18,"1":18,"2":10,"3":2,"4":10},"b":{"0":[0,18],"1":[2,0],"2":[2,2],"3":[0,10],"4":[10,5]}}
,"D:\\Projects\\2020\\react-phalladium\\src\\components\\common\\effects\\useDrag.ts": {"path":"D:\\Projects\\2020\\react-phalladium\\src\\components\\common\\effects\\useDrag.ts","statementMap":{"0":{"start":{"line":1,"column":0},"end":{"line":1,"column":null}},"1":{"start":{"line":27,"column":21},"end":{"line":27,"column":25}},"2":{"start":{"line":29,"column":30},"end":{"line":156,"column":1}},"3":{"start":{"line":34,"column":22},"end":{"line":34,"column":35}},"4":{"start":{"line":35,"column":32},"end":{"line":35,"column":43}},"5":{"start":{"line":37,"column":20},"end":{"line":37,"column":37}},"6":{"start":{"line":38,"column":20},"end":{"line":38,"column":37}},"7":{"start":{"line":40,"column":26},"end":{"line":48,"column":null}},"8":{"start":{"line":42,"column":6},"end":{"line":42,"column":26}},"9":{"start":{"line":44,"column":6},"end":{"line":46,"column":null}},"10":{"start":{"line":45,"column":8},"end":{"line":45,"column":35}},"11":{"start":{"line":51,"column":21},"end":{"line":103,"column":8}},"12":{"start":{"line":52,"column":4},"end":{"line":52,"column":24}},"13":{"start":{"line":54,"column":4},"end":{"line":102,"column":null}},"14":{"start":{"line":56,"column":8},"end":{"line":56,"column":25}},"15":{"start":{"line":58,"column":8},"end":{"line":58,"column":49}},"16":{"start":{"line":60,"column":8},"end":{"line":60,"column":22}},"17":{"start":{"line":62,"column":20},"end":{"line":62,"column":21}},"18":{"start":{"line":63,"column":20},"end":{"line":63,"column":21}},"19":{"start":{"line":65,"column":6},"end":{"line":71,"column":null}},"20":{"start":{"line":66,"column":8},"end":{"line":66,"column":45}},"21":{"start":{"line":67,"column":8},"end":{"line":67,"column":45}},"22":{"start":{"line":68,"column":13},"end":{"line":71,"column":null}},"23":{"start":{"line":69,"column":8},"end":{"line":69,"column":56}},"24":{"start":{"line":70,"column":8},"end":{"line":70,"column":56}},"25":{"start":{"line":73,"column":6},"end":{"line":101,"column":null}},"26":{"start":{"line":74,"column":21},"end":{"line":74,"column":56}},"27":{"start":{"line":76,"column":8},"end":{"line":88,"column":null}},"28":{"start":{"line":77,"column":10},"end":{"line":77,"column":24}},"29":{"start":{"line":78,"column":15},"end":{"line":88,"column":null}},"30":{"start":{"line":83,"column":10},"end":{"line":83,"column":80}},"31":{"start":{"line":86,"column":26},"end":{"line":86,"column":44}},"32":{"start":{"line":87,"column":10},"end":{"line":87,"column":30}},"33":{"start":{"line":89,"column":13},"end":{"line":101,"column":null}},"34":{"start":{"line":90,"column":20},"end":{"line":90,"column":54}},"35":{"start":{"line":92,"column":8},"end":{"line":100,"column":null}},"36":{"start":{"line":96,"column":10},"end":{"line":96,"column":79}},"37":{"start":{"line":98,"column":26},"end":{"line":98,"column":61}},"38":{"start":{"line":99,"column":10},"end":{"line":99,"column":30}},"39":{"start":{"line":105,"column":24},"end":{"line":107,"column":8}},"40":{"start":{"line":106,"column":4},"end":{"line":106,"column":32}},"41":{"start":{"line":109,"column":2},"end":{"line":153,"column":26}},"42":{"start":{"line":110,"column":4},"end":{"line":112,"column":null}},"43":{"start":{"line":111,"column":6},"end":{"line":111,"column":13}},"44":{"start":{"line":114,"column":42},"end":{"line":114,"column":59}},"45":{"start":{"line":116,"column":4},"end":{"line":120,"column":null}},"46":{"start":{"line":117,"column":6},"end":{"line":117,"column":38}},"47":{"start":{"line":119,"column":6},"end":{"line":119,"column":49}},"48":{"start":{"line":122,"column":4},"end":{"line":126,"column":null}},"49":{"start":{"line":123,"column":6},"end":{"line":123,"column":39}},"50":{"start":{"line":125,"column":6},"end":{"line":125,"column":50}},"51":{"start":{"line":128,"column":4},"end":{"line":132,"column":null}},"52":{"start":{"line":129,"column":22},"end":{"line":129,"column":43}},"53":{"start":{"line":130,"column":6},"end":{"line":130,"column":75}},"54":{"start":{"line":131,"column":6},"end":{"line":131,"column":26}},"55":{"start":{"line":134,"column":4},"end":{"line":134,"column":55}},"56":{"start":{"line":135,"column":4},"end":{"line":135,"column":55}},"57":{"start":{"line":137,"column":4},"end":{"line":137,"column":60}},"58":{"start":{"line":138,"column":4},"end":{"line":138,"column":61}},"59":{"start":{"line":140,"column":4},"end":{"line":140,"column":56}},"60":{"start":{"line":141,"column":4},"end":{"line":141,"column":57}},"61":{"start":{"line":143,"column":4},"end":{"line":152,"column":6}},"62":{"start":{"line":144,"column":6},"end":{"line":144,"column":60}},"63":{"start":{"line":145,"column":6},"end":{"line":145,"column":60}},"64":{"start":{"line":147,"column":6},"end":{"line":147,"column":65}},"65":{"start":{"line":148,"column":6},"end":{"line":148,"column":66}},"66":{"start":{"line":150,"column":6},"end":{"line":150,"column":61}},"67":{"start":{"line":151,"column":6},"end":{"line":151,"column":62}},"68":{"start":{"line":155,"column":2},"end":{"line":155,"column":31}},"69":{"start":{"line":158,"column":9},"end":{"line":158,"column":16}}},"fnMap":{"0":{"name":"(anonymous_0)","decl":{"start":{"line":29,"column":30},"end":{"line":29,"column":null}},"loc":{"start":{"line":33,"column":4},"end":{"line":156,"column":1}}},"1":{"name":"(anonymous_1)","decl":{"start":{"line":41,"column":4},"end":{"line":41,"column":5}},"loc":{"start":{"line":41,"column":36},"end":{"line":47,"column":5}}},"2":{"name":"(anonymous_2)","decl":{"start":{"line":51,"column":33},"end":{"line":51,"column":34}},"loc":{"start":{"line":51,"column":65},"end":{"line":103,"column":3}}},"3":{"name":"(anonymous_3)","decl":{"start":{"line":105,"column":36},"end":{"line":105,"column":39}},"loc":{"start":{"line":105,"column":41},"end":{"line":107,"column":3}}},"4":{"name":"(anonymous_4)","decl":{"start":{"line":109,"column":12},"end":{"line":109,"column":15}},"loc":{"start":{"line":109,"column":17},"end":{"line":153,"column":3}}},"5":{"name":"(anonymous_5)","decl":{"start":{"line":143,"column":11},"end":{"line":143,"column":14}},"loc":{"start":{"line":143,"column":16},"end":{"line":152,"column":5}}}},"branchMap":{"0":{"loc":{"start":{"line":32,"column":27},"end":{"line":32,"column":35}},"type":"default-arg","locations":[{"start":{"line":32,"column":34},"end":{"line":32,"column":35}}]},"1":{"loc":{"start":{"line":32,"column":37},"end":{"line":32,"column":45}},"type":"default-arg","locations":[{"start":{"line":32,"column":44},"end":{"line":32,"column":45}}]},"2":{"loc":{"start":{"line":44,"column":6},"end":{"line":46,"column":null}},"type":"if","locations":[{"start":{"line":44,"column":6},"end":{"line":46,"column":null}},{"start":{"line":44,"column":6},"end":{"line":46,"column":null}}]},"3":{"loc":{"start":{"line":54,"column":4},"end":{"line":102,"column":null}},"type":"if","locations":[{"start":{"line":54,"column":4},"end":{"line":102,"column":null}},{"start":{"line":54,"column":4},"end":{"line":102,"column":null}}]},"4":{"loc":{"start":{"line":54,"column":8},"end":{"line":54,"column":66}},"type":"binary-expr","locations":[{"start":{"line":54,"column":8},"end":{"line":54,"column":27}},{"start":{"line":54,"column":31},"end":{"line":54,"column":45}},{"start":{"line":54,"column":49},"end":{"line":54,"column":66}}]},"5":{"loc":{"start":{"line":65,"column":6},"end":{"line":71,"column":null}},"type":"if","locations":[{"start":{"line":65,"column":6},"end":{"line":71,"column":null}},{"start":{"line":65,"column":6},"end":{"line":71,"column":null}}]},"6":{"loc":{"start":{"line":68,"column":13},"end":{"line":71,"column":null}},"type":"if","locations":[{"start":{"line":68,"column":13},"end":{"line":71,"column":null}},{"start":{"line":68,"column":13},"end":{"line":71,"column":null}}]},"7":{"loc":{"start":{"line":73,"column":6},"end":{"line":101,"column":null}},"type":"if","locations":[{"start":{"line":73,"column":6},"end":{"line":101,"column":null}},{"start":{"line":73,"column":6},"end":{"line":101,"column":null}}]},"8":{"loc":{"start":{"line":74,"column":39},"end":{"line":74,"column":54}},"type":"binary-expr","locations":[{"start":{"line":74,"column":39},"end":{"line":74,"column":49}},{"start":{"line":74,"column":53},"end":{"line":74,"column":54}}]},"9":{"loc":{"start":{"line":76,"column":8},"end":{"line":88,"column":null}},"type":"if","locations":[{"start":{"line":76,"column":8},"end":{"line":88,"column":null}},{"start":{"line":76,"column":8},"end":{"line":88,"column":null}}]},"10":{"loc":{"start":{"line":78,"column":15},"end":{"line":88,"column":null}},"type":"if","locations":[{"start":{"line":78,"column":15},"end":{"line":88,"column":null}},{"start":{"line":78,"column":15},"end":{"line":88,"column":null}}]},"11":{"loc":{"start":{"line":80,"column":10},"end":{"line":81,"column":36}},"type":"binary-expr","locations":[{"start":{"line":80,"column":10},"end":{"line":80,"column":35}},{"start":{"line":81,"column":10},"end":{"line":81,"column":36}}]},"12":{"loc":{"start":{"line":89,"column":13},"end":{"line":101,"column":null}},"type":"if","locations":[{"start":{"line":89,"column":13},"end":{"line":101,"column":null}},{"start":{"line":89,"column":13},"end":{"line":101,"column":null}}]},"13":{"loc":{"start":{"line":90,"column":38},"end":{"line":90,"column":52}},"type":"binary-expr","locations":[{"start":{"line":90,"column":38},"end":{"line":90,"column":47}},{"start":{"line":90,"column":51},"end":{"line":90,"column":52}}]},"14":{"loc":{"start":{"line":92,"column":8},"end":{"line":100,"column":null}},"type":"if","locations":[{"start":{"line":92,"column":8},"end":{"line":100,"column":null}},{"start":{"line":92,"column":8},"end":{"line":100,"column":null}}]},"15":{"loc":{"start":{"line":93,"column":10},"end":{"line":94,"column":36}},"type":"binary-expr","locations":[{"start":{"line":93,"column":10},"end":{"line":93,"column":49}},{"start":{"line":94,"column":10},"end":{"line":94,"column":36}}]},"16":{"loc":{"start":{"line":110,"column":4},"end":{"line":112,"column":null}},"type":"if","locations":[{"start":{"line":110,"column":4},"end":{"line":112,"column":null}},{"start":{"line":110,"column":4},"end":{"line":112,"column":null}}]},"17":{"loc":{"start":{"line":110,"column":8},"end":{"line":110,"column":45}},"type":"binary-expr","locations":[{"start":{"line":110,"column":8},"end":{"line":110,"column":23}},{"start":{"line":110,"column":27},"end":{"line":110,"column":45}}]},"18":{"loc":{"start":{"line":116,"column":4},"end":{"line":120,"column":null}},"type":"if","locations":[{"start":{"line":116,"column":4},"end":{"line":120,"column":null}},{"start":{"line":116,"column":4},"end":{"line":120,"column":null}}]},"19":{"loc":{"start":{"line":122,"column":4},"end":{"line":126,"column":null}},"type":"if","locations":[{"start":{"line":122,"column":4},"end":{"line":126,"column":null}},{"start":{"line":122,"column":4},"end":{"line":126,"column":null}}]},"20":{"loc":{"start":{"line":128,"column":4},"end":{"line":132,"column":null}},"type":"if","locations":[{"start":{"line":128,"column":4},"end":{"line":132,"column":null}},{"start":{"line":128,"column":4},"end":{"line":132,"column":null}}]},"21":{"loc":{"start":{"line":128,"column":8},"end":{"line":128,"column":30}},"type":"binary-expr","locations":[{"start":{"line":128,"column":8},"end":{"line":128,"column":18}},{"start":{"line":128,"column":22},"end":{"line":128,"column":30}}]}},"s":{"0":8,"1":8,"2":8,"3":0,"4":0,"5":0,"6":0,"7":0,"8":0,"9":0,"10":0,"11":0,"12":0,"13":0,"14":0,"15":0,"16":0,"17":0,"18":0,"19":0,"20":0,"21":0,"22":0,"23":0,"24":0,"25":0,"26":0,"27":0,"28":0,"29":0,"30":0,"31":0,"32":0,"33":0,"34":0,"35":0,"36":0,"37":0,"38":0,"39":0,"40":0,"41":0,"42":0,"43":0,"44":0,"45":0,"46":0,"47":0,"48":0,"49":0,"50":0,"51":0,"52":0,"53":0,"54":0,"55":0,"56":0,"57":0,"58":0,"59":0,"60":0,"61":0,"62":0,"63":0,"64":0,"65":0,"66":0,"67":0,"68":0,"69":8},"f":{"0":0,"1":0,"2":0,"3":0,"4":0,"5":0},"b":{"0":[0],"1":[0],"2":[0,0],"3":[0,0],"4":[0,0,0],"5":[0,0],"6":[0,0],"7":[0,0],"8":[0,0],"9":[0,0],"10":[0,0],"11":[0,0],"12":[0,0],"13":[0,0],"14":[0,0],"15":[0,0],"16":[0,0],"17":[0,0],"18":[0,0],"19":[0,0],"20":[0,0],"21":[0,0]}}
,"D:\\Projects\\2020\\react-phalladium\\src\\components\\common\\effects\\useFirstRender.ts": {"path":"D:\\Projects\\2020\\react-phalladium\\src\\components\\common\\effects\\useFirstRender.ts","statementMap":{"0":{"start":{"line":1,"column":0},"end":{"line":1,"column":42}},"1":{"start":{"line":4,"column":24},"end":{"line":4,"column":36}},"2":{"start":{"line":6,"column":2},"end":{"line":10,"column":9}},"3":{"start":{"line":7,"column":4},"end":{"line":9,"column":null}},"4":{"start":{"line":8,"column":6},"end":{"line":8,"column":36}},"5":{"start":{"line":12,"column":2},"end":{"line":12,"column":23}},"6":{"start":{"line":15,"column":9},"end":{"line":15,"column":23}}},"fnMap":{"0":{"name":"useFirstRender","decl":{"start":{"line":3,"column":9},"end":{"line":3,"column":23}},"loc":{"start":{"line":3,"column":23},"end":{"line":13,"column":1}}},"1":{"name":"(anonymous_1)","decl":{"start":{"line":6,"column":12},"end":{"line":6,"column":15}},"loc":{"start":{"line":6,"column":17},"end":{"line":10,"column":3}}}},"branchMap":{"0":{"loc":{"start":{"line":7,"column":4},"end":{"line":9,"column":null}},"type":"if","locations":[{"start":{"line":7,"column":4},"end":{"line":9,"column":null}},{"start":{"line":7,"column":4},"end":{"line":9,"column":null}}]}},"s":{"0":13,"1":118,"2":118,"3":80,"4":80,"5":118,"6":13},"f":{"0":118,"1":80},"b":{"0":[80,0]}}
,"D:\\Projects\\2020\\react-phalladium\\src\\components\\common\\effects\\useFocus.ts": {"path":"D:\\Projects\\2020\\react-phalladium\\src\\components\\common\\effects\\useFocus.ts","statementMap":{"0":{"start":{"line":1,"column":0},"end":{"line":1,"column":36}},"1":{"start":{"line":2,"column":0},"end":{"line":2,"column":45}},"2":{"start":{"line":9,"column":40},"end":{"line":9,"column":73}},"3":{"start":{"line":11,"column":14},"end":{"line":14,"column":15}},"4":{"start":{"line":16,"column":19},"end":{"line":18,"column":3}},"5":{"start":{"line":17,"column":5},"end":{"line":17,"column":53}},"6":{"start":{"line":20,"column":22},"end":{"line":22,"column":3}},"7":{"start":{"line":21,"column":4},"end":{"line":21,"column":73}},"8":{"start":{"line":21,"column":25},"end":{"line":21,"column":71}},"9":{"start":{"line":24,"column":2},"end":{"line":36,"column":16}},"10":{"start":{"line":25,"column":19},"end":{"line":25,"column":34}},"11":{"start":{"line":27,"column":4},"end":{"line":35,"column":null}},"12":{"start":{"line":28,"column":6},"end":{"line":28,"column":49}},"13":{"start":{"line":29,"column":6},"end":{"line":29,"column":51}},"14":{"start":{"line":31,"column":6},"end":{"line":34,"column":8}},"15":{"start":{"line":32,"column":8},"end":{"line":32,"column":54}},"16":{"start":{"line":33,"column":8},"end":{"line":33,"column":56}},"17":{"start":{"line":39,"column":9},"end":{"line":39,"column":17}}},"fnMap":{"0":{"name":"useFocus","decl":{"start":{"line":8,"column":9},"end":{"line":8,"column":17}},"loc":{"start":{"line":8,"column":73},"end":{"line":37,"column":1}}},"1":{"name":"(anonymous_2)","decl":{"start":{"line":16,"column":19},"end":{"line":16,"column":20}},"loc":{"start":{"line":16,"column":38},"end":{"line":18,"column":3}}},"2":{"name":"(anonymous_3)","decl":{"start":{"line":20,"column":22},"end":{"line":20,"column":23}},"loc":{"start":{"line":20,"column":41},"end":{"line":22,"column":3}}},"3":{"name":"(anonymous_4)","decl":{"start":{"line":21,"column":16},"end":{"line":21,"column":17}},"loc":{"start":{"line":21,"column":25},"end":{"line":21,"column":71}}},"4":{"name":"(anonymous_5)","decl":{"start":{"line":24,"column":12},"end":{"line":24,"column":15}},"loc":{"start":{"line":24,"column":17},"end":{"line":36,"column":3}}},"5":{"name":"(anonymous_6)","decl":{"start":{"line":31,"column":13},"end":{"line":31,"column":16}},"loc":{"start":{"line":31,"column":18},"end":{"line":34,"column":7}}}},"branchMap":{"0":{"loc":{"start":{"line":9,"column":40},"end":{"line":9,"column":73}},"type":"binary-expr","locations":[{"start":{"line":9,"column":40},"end":{"line":9,"column":47}},{"start":{"line":9,"column":51},"end":{"line":9,"column":73}}]},"1":{"loc":{"start":{"line":27,"column":4},"end":{"line":35,"column":null}},"type":"if","locations":[{"start":{"line":27,"column":4},"end":{"line":35,"column":null}},{"start":{"line":27,"column":4},"end":{"line":35,"column":null}}]}},"s":{"0":20,"1":20,"2":378,"3":378,"4":378,"5":3,"6":378,"7":0,"8":0,"9":378,"10":256,"11":256,"12":249,"13":249,"14":249,"15":249,"16":249,"17":20},"f":{"0":378,"1":3,"2":0,"3":0,"4":256,"5":249},"b":{"0":[378,31],"1":[249,7]}}
,"D:\\Projects\\2020\\react-phalladium\\src\\components\\common\\effects\\useKey.ts": {"path":"D:\\Projects\\2020\\react-phalladium\\src\\components\\common\\effects\\useKey.ts","statementMap":{"0":{"start":{"line":1,"column":0},"end":{"line":1,"column":66}},"1":{"start":{"line":3,"column":15},"end":{"line":26,"column":1}},"2":{"start":{"line":4,"column":18},"end":{"line":8,"column":3}},"3":{"start":{"line":5,"column":4},"end":{"line":7,"column":null}},"4":{"start":{"line":6,"column":6},"end":{"line":6,"column":17}},"5":{"start":{"line":10,"column":15},"end":{"line":10,"column":47}},"6":{"start":{"line":12,"column":2},"end":{"line":17,"column":20}},"7":{"start":{"line":13,"column":4},"end":{"line":16,"column":null}},"8":{"start":{"line":14,"column":6},"end":{"line":14,"column":33}},"9":{"start":{"line":15,"column":6},"end":{"line":15,"column":53}},"10":{"start":{"line":19,"column":2},"end":{"line":25,"column":9}},"11":{"start":{"line":20,"column":4},"end":{"line":24,"column":6}},"12":{"start":{"line":21,"column":6},"end":{"line":23,"column":null}},"13":{"start":{"line":22,"column":8},"end":{"line":22,"column":59}},"14":{"start":{"line":57,"column":9},"end":{"line":57,"column":15}},"15":{"start":{"line":28,"column":29},"end":{"line":55,"column":1}},"16":{"start":{"line":33,"column":18},"end":{"line":37,"column":8}},"17":{"start":{"line":34,"column":4},"end":{"line":36,"column":null}},"18":{"start":{"line":35,"column":6},"end":{"line":35,"column":17}},"19":{"start":{"line":39,"column":15},"end":{"line":39,"column":47}},"20":{"start":{"line":41,"column":2},"end":{"line":46,"column":32}},"21":{"start":{"line":42,"column":4},"end":{"line":45,"column":null}},"22":{"start":{"line":43,"column":6},"end":{"line":43,"column":33}},"23":{"start":{"line":44,"column":6},"end":{"line":44,"column":53}},"24":{"start":{"line":48,"column":2},"end":{"line":54,"column":9}},"25":{"start":{"line":49,"column":4},"end":{"line":53,"column":6}},"26":{"start":{"line":50,"column":6},"end":{"line":52,"column":null}},"27":{"start":{"line":51,"column":8},"end":{"line":51,"column":59}},"28":{"start":{"line":57,"column":17},"end":{"line":57,"column":37}}},"fnMap":{"0":{"name":"(anonymous_0)","decl":{"start":{"line":3,"column":15},"end":{"line":3,"column":25}},"loc":{"start":{"line":3,"column":68},"end":{"line":26,"column":1}}},"1":{"name":"(anonymous_1)","decl":{"start":{"line":4,"column":18},"end":{"line":4,"column":19}},"loc":{"start":{"line":4,"column":40},"end":{"line":8,"column":3}}},"2":{"name":"(anonymous_2)","decl":{"start":{"line":12,"column":12},"end":{"line":12,"column":15}},"loc":{"start":{"line":12,"column":17},"end":{"line":17,"column":3}}},"3":{"name":"(anonymous_3)","decl":{"start":{"line":19,"column":12},"end":{"line":19,"column":15}},"loc":{"start":{"line":19,"column":17},"end":{"line":25,"column":3}}},"4":{"name":"(anonymous_4)","decl":{"start":{"line":20,"column":11},"end":{"line":20,"column":14}},"loc":{"start":{"line":20,"column":16},"end":{"line":24,"column":5}}},"5":{"name":"(anonymous_5)","decl":{"start":{"line":28,"column":29},"end":{"line":28,"column":null}},"loc":{"start":{"line":31,"column":29},"end":{"line":55,"column":1}}},"6":{"name":"(anonymous_6)","decl":{"start":{"line":33,"column":30},"end":{"line":33,"column":31}},"loc":{"start":{"line":33,"column":52},"end":{"line":37,"column":3}}},"7":{"name":"(anonymous_7)","decl":{"start":{"line":41,"column":12},"end":{"line":41,"column":15}},"loc":{"start":{"line":41,"column":17},"end":{"line":46,"column":3}}},"8":{"name":"(anonymous_8)","decl":{"start":{"line":48,"column":12},"end":{"line":48,"column":15}},"loc":{"start":{"line":48,"column":17},"end":{"line":54,"column":3}}},"9":{"name":"(anonymous_9)","decl":{"start":{"line":49,"column":11},"end":{"line":49,"column":14}},"loc":{"start":{"line":49,"column":16},"end":{"line":53,"column":5}}}},"branchMap":{"0":{"loc":{"start":{"line":5,"column":4},"end":{"line":7,"column":null}},"type":"if","locations":[{"start":{"line":5,"column":4},"end":{"line":7,"column":null}},{"start":{"line":5,"column":4},"end":{"line":7,"column":null}}]},"1":{"loc":{"start":{"line":5,"column":8},"end":{"line":5,"column":65}},"type":"binary-expr","locations":[{"start":{"line":5,"column":8},"end":{"line":5,"column":21}},{"start":{"line":5,"column":25},"end":{"line":5,"column":43}},{"start":{"line":5,"column":47},"end":{"line":5,"column":65}}]},"2":{"loc":{"start":{"line":6,"column":6},"end":{"line":6,"column":16}},"type":"binary-expr","locations":[{"start":{"line":6,"column":6},"end":{"line":6,"column":8}},{"start":{"line":6,"column":12},"end":{"line":6,"column":16}}]},"3":{"loc":{"start":{"line":13,"column":4},"end":{"line":16,"column":null}},"type":"if","locations":[{"start":{"line":13,"column":4},"end":{"line":16,"column":null}},{"start":{"line":13,"column":4},"end":{"line":16,"column":null}}]},"4":{"loc":{"start":{"line":21,"column":6},"end":{"line":23,"column":null}},"type":"if","locations":[{"start":{"line":21,"column":6},"end":{"line":23,"column":null}},{"start":{"line":21,"column":6},"end":{"line":23,"column":null}}]},"5":{"loc":{"start":{"line":31,"column":2},"end":{"line":31,"column":29}},"type":"default-arg","locations":[{"start":{"line":31,"column":24},"end":{"line":31,"column":29}}]},"6":{"loc":{"start":{"line":34,"column":4},"end":{"line":36,"column":null}},"type":"if","locations":[{"start":{"line":34,"column":4},"end":{"line":36,"column":null}},{"start":{"line":34,"column":4},"end":{"line":36,"column":null}}]},"7":{"loc":{"start":{"line":34,"column":8},"end":{"line":34,"column":65}},"type":"binary-expr","locations":[{"start":{"line":34,"column":8},"end":{"line":34,"column":21}},{"start":{"line":34,"column":25},"end":{"line":34,"column":43}},{"start":{"line":34,"column":47},"end":{"line":34,"column":65}}]},"8":{"loc":{"start":{"line":35,"column":6},"end":{"line":35,"column":16}},"type":"binary-expr","locations":[{"start":{"line":35,"column":6},"end":{"line":35,"column":8}},{"start":{"line":35,"column":12},"end":{"line":35,"column":16}}]},"9":{"loc":{"start":{"line":42,"column":4},"end":{"line":45,"column":null}},"type":"if","locations":[{"start":{"line":42,"column":4},"end":{"line":45,"column":null}},{"start":{"line":42,"column":4},"end":{"line":45,"column":null}}]},"10":{"loc":{"start":{"line":42,"column":8},"end":{"line":42,"column":34}},"type":"binary-expr","locations":[{"start":{"line":42,"column":8},"end":{"line":42,"column":19}},{"start":{"line":42,"column":23},"end":{"line":42,"column":34}}]},"11":{"loc":{"start":{"line":50,"column":6},"end":{"line":52,"column":null}},"type":"if","locations":[{"start":{"line":50,"column":6},"end":{"line":52,"column":null}},{"start":{"line":50,"column":6},"end":{"line":52,"column":null}}]}},"s":{"0":16,"1":16,"2":90,"3":2,"4":0,"5":90,"6":90,"7":88,"8":81,"9":81,"10":90,"11":76,"12":76,"13":69,"14":16,"15":16,"16":160,"17":0,"18":0,"19":160,"20":160,"21":138,"22":110,"23":110,"24":160,"25":91,"26":91,"27":86,"28":16},"f":{"0":90,"1":2,"2":88,"3":76,"4":76,"5":160,"6":0,"7":138,"8":91,"9":91},"b":{"0":[0,2],"1":[2,2,2],"2":[0,0],"3":[81,7],"4":[69,7],"5":[0],"6":[0,0],"7":[0,0,0],"8":[0,0],"9":[110,28],"10":[138,138],"11":[86,5]}}
,"D:\\Projects\\2020\\react-phalladium\\src\\components\\common\\effects\\usePosition.ts": {"path":"D:\\Projects\\2020\\react-phalladium\\src\\components\\common\\effects\\usePosition.ts","statementMap":{"0":{"start":{"line":1,"column":0},"end":{"line":1,"column":77}},"1":{"start":{"line":25,"column":34},"end":{"line":118,"column":1}},"2":{"start":{"line":31,"column":35},"end":{"line":31,"column":66}},"3":{"start":{"line":32,"column":35},"end":{"line":32,"column":43}},"4":{"start":{"line":34,"column":2},"end":{"line":115,"column":35}},"5":{"start":{"line":35,"column":4},"end":{"line":37,"column":null}},"6":{"start":{"line":36,"column":6},"end":{"line":36,"column":13}},"7":{"start":{"line":39,"column":22},"end":{"line":39,"column":44}},"8":{"start":{"line":40,"column":22},"end":{"line":40,"column":44}},"9":{"start":{"line":42,"column":24},"end":{"line":42,"column":62}},"10":{"start":{"line":42,"column":43},"end":{"line":42,"column":62}},"11":{"start":{"line":44,"column":24},"end":{"line":44,"column":62}},"12":{"start":{"line":44,"column":43},"end":{"line":44,"column":62}},"13":{"start":{"line":46,"column":22},"end":{"line":46,"column":56}},"14":{"start":{"line":47,"column":21},"end":{"line":47,"column":54}},"15":{"start":{"line":49,"column":25},"end":{"line":49,"column":58}},"16":{"start":{"line":50,"column":29},"end":{"line":50,"column":57}},"17":{"start":{"line":52,"column":50},"end":{"line":55,"column":6}},"18":{"start":{"line":56,"column":48},"end":{"line":59,"column":6}},"19":{"start":{"line":60,"column":28},"end":{"line":60,"column":47}},"20":{"start":{"line":61,"column":43},"end":{"line":61,"column":45}},"21":{"start":{"line":63,"column":4},"end":{"line":112,"column":null}},"22":{"start":{"line":66,"column":21},"end":{"line":66,"column":58}},"23":{"start":{"line":67,"column":8},"end":{"line":70,"column":10}},"24":{"start":{"line":71,"column":8},"end":{"line":71,"column":14}},"25":{"start":{"line":75,"column":21},"end":{"line":79,"column":18}},"26":{"start":{"line":80,"column":22},"end":{"line":80,"column":74}},"27":{"start":{"line":81,"column":8},"end":{"line":84,"column":10}},"28":{"start":{"line":85,"column":8},"end":{"line":85,"column":14}},"29":{"start":{"line":89,"column":21},"end":{"line":93,"column":18}},"30":{"start":{"line":94,"column":22},"end":{"line":94,"column":74}},"31":{"start":{"line":95,"column":8},"end":{"line":98,"column":10}},"32":{"start":{"line":99,"column":8},"end":{"line":99,"column":14}},"33":{"start":{"line":103,"column":21},"end":{"line":103,"column":59}},"34":{"start":{"line":104,"column":8},"end":{"line":107,"column":10}},"35":{"start":{"line":108,"column":8},"end":{"line":108,"column":14}},"36":{"start":{"line":111,"column":8},"end":{"line":111,"column":14}},"37":{"start":{"line":114,"column":4},"end":{"line":114,"column":29}},"38":{"start":{"line":117,"column":2},"end":{"line":117,"column":19}},"39":{"start":{"line":120,"column":9},"end":{"line":120,"column":20}}},"fnMap":{"0":{"name":"(anonymous_0)","decl":{"start":{"line":25,"column":34},"end":{"line":25,"column":null}},"loc":{"start":{"line":29,"column":28},"end":{"line":118,"column":1}}},"1":{"name":"(anonymous_1)","decl":{"start":{"line":34,"column":12},"end":{"line":34,"column":15}},"loc":{"start":{"line":34,"column":17},"end":{"line":115,"column":3}}},"2":{"name":"(anonymous_2)","decl":{"start":{"line":42,"column":24},"end":{"line":42,"column":25}},"loc":{"start":{"line":42,"column":43},"end":{"line":42,"column":62}}},"3":{"name":"(anonymous_3)","decl":{"start":{"line":44,"column":24},"end":{"line":44,"column":25}},"loc":{"start":{"line":44
[...]
,"D:\\Projects\\2020\\react-phalladium\\src\\components\\tree\\tree-item.tsx": {"path":"D:\\Projects\\2020\\react-phalladium\\src\\components\\tree\\tree-item.tsx","statementMap":{"0":{"start":{"line":1,"column":0},"end":{"line":1,"column":29}},"1":{"start":{"line":2,"column":0},"end":{"line":2,"column":null}},"2":{"start":{"line":11,"column":0},"end":{"line":11,"column":47}},"3":{"start":{"line":12,"column":0},"end":{"line":12,"column":26}},"4":{"start":{"line":15,"column":17},"end":{"line":16,"column":null}},"5":{"start":{"line":16,"column":2},"end":{"line":16,"column":58}},"6":{"start":{"line":16,"column":2},"end":{"line":16,"column":19}},"7":{"start":{"line":16,"column":39},"end":{"line":16,"column":56}},"8":{"start":{"line":19,"column":57},"end":{"line":124,"column":null}},"9":{"start":{"line":21,"column":26},"end":{"line":21,"column":38}},"10":{"start":{"line":22,"column":40},"end":{"line":23,"column":null}},"11":{"start":{"line":26,"column":22},"end":{"line":32,"column":null}},"12":{"start":{"line":28,"column":8},"end":{"line":31,"column":10}},"13":{"start":{"line":35,"column":22},"end":{"line":41,"column":null}},"14":{"start":{"line":37,"column":8},"end":{"line":40,"column":10}},"15":{"start":{"line":44,"column":27},"end":{"line":46,"column":null}},"16":{"start":{"line":45,"column":12},"end":{"line":45,"column":45}},"17":{"start":{"line":49,"column":32},"end":{"line":55,"column":null}},"18":{"start":{"line":51,"column":8},"end":{"line":54,"column":10}},"19":{"start":{"line":58,"column":4},"end":{"line":62,"column":11}},"20":{"start":{"line":59,"column":6},"end":{"line":61,"column":null}},"21":{"start":{"line":60,"column":8},"end":{"line":60,"column":38}},"22":{"start":{"line":64,"column":22},"end":{"line":69,"column":null}},"23":{"start":{"line":66,"column":9},"end":{"line":68,"column":null}},"24":{"start":{"line":72,"column":4},"end":{"line":80,"column":19}},"25":{"start":{"line":73,"column":6},"end":{"line":75,"column":null}},"26":{"start":{"line":74,"column":8},"end":{"line":74,"column":15}},"27":{"start":{"line":77,"column":6},"end":{"line":79,"column":null}},"28":{"start":{"line":78,"column":8},"end":{"line":78,"column":46}},"29":{"start":{"line":82,"column":20},"end":{"line":94,"column":null}},"30":{"start":{"line":84,"column":8},"end":{"line":86,"column":null}},"31":{"start":{"line":85,"column":10},"end":{"line":85,"column":17}},"32":{"start":{"line":88,"column":8},"end":{"line":92,"column":null}},"33":{"start":{"line":89,"column":10},"end":{"line":89,"column":44}},"34":{"start":{"line":91,"column":10},"end":{"line":91,"column":44}},"35":{"start":{"line":97,"column":4},"end":{"line":102,"column":31}},"36":{"start":{"line":98,"column":6},"end":{"line":100,"column":null}},"37":{"start":{"line":99,"column":8},"end":{"line":99,"column":15}},"38":{"start":{"line":101,"column":6},"end":{"line":101,"column":59}},"39":{"start":{"line":104,"column":4},"end":{"line":122,"column":6}},"40":{"start":{"line":106,"column":51},"end":{"line":106,"column":75}},"41":{"start":{"line":124,"column":17},"end":{"line":124,"column":47}},"42":{"start":{"line":129,"column":9},"end":{"line":129,"column":17}},"43":{"start":{"line":127,"column":0},"end":{"line":127,"column":34}}},"fnMap":{"0":{"name":"(anonymous_7)","decl":{"start":{"line":15,"column":28},"end":{"line":15,"column":31}},"loc":{"start":{"line":16,"column":2},"end":{"line":16,"column":58}}},"1":{"name":"(anonymous_8)","decl":{"start":{"line":16,"column":2},"end":{"line":16,"column":9}},"loc":{"start":{"line":16,"column":2},"end":{"line":16,"column":19}}},"2":{"name":"(anonymous_9)","decl":{"start":{"line":16,"column":24},"end":{"line":16,"column":25}},"loc":{"start":{"line":16,"column":39},"end":{"line":16,"column":56}}},"3":{"name":"(anonymous_10)","decl":{"start":{"line":20,"column":2},"end":{"line":20,"column":3}},"loc":{"start":{"line":20,"column":76},"end":{"line":123,"column":3}}},"4":{"name":"(anonymous_11)","decl":{"start":{"line":27,"column":6},"end":{"line":27,"column":9}},"loc":{"start":{"line":28,"column":8},"end":{"line":31,"column":10}}},"5":{"name":"(anonymous_12)","decl":{"start":{"line":36,"column":6},"end":{"line":36,"column":9}},"loc":{"start":{"line":37,"column":8},"end":{"line":40,"column":10}}},"6":{"name":"(anonymous_13)","decl":{"start":{"line":45,"column":6},"end":{"line":45,"column":9}},"loc":{"start":{"line":45,"column":12},"end":{"line":45,"column":45}}},"7":{"name":"(anonymous_14)","decl":{"start":{"line":50,"column":6},"end":{"line":50,"column":9}},"loc":{"start":{"line":51,"column":8},"end":{"line":54,"column":10}}},"8":{"name":"(anonymous_15)","decl":{"start":{"line":58,"column":14},"end":{"line":58,"column":17}},"loc":{"start":{"line":58,"column":19},"end":{"line":62,"column":5}}},"9":{"name":"(anonymous_16)","decl":{"start":{"line":65,"column":6},"end":{"line":65,"column":9}},"loc":{"start":{"line":66,"column":9},"end":{"line":68,"column":null}}},"10":{"name":"(anonymous_17)","decl":{"start":{"line":72,"column":14},"end":{"line":72,"column":17}},"loc":{"start":{"line":72,"column":19},"end":{"line":80,"column":5}}},"11":{"name":"(anonymous_18)","decl":{"start":{"line":83,"column":6},"end":{"line":83,"column":7}},"loc":{"start":{"line":83,"column":43},"end":{"line":93,"column":7}}},"12":{"name":"(anonymous_19)","decl":{"start":{"line":97,"column":14},"end":{"line":97,"column":17}},"loc":{"start":{"line":97,"column":19},"end":{"line":102,"column":5}}},"13":{"name":"(anonymous_20)","decl":{"start":{"line":106,"column":45},"end":{"line":106,"column":48}},"loc":{"start":{"line":106,"column":51},"end":{"line":106,"column":75}}},"14":{"name":"(anonymous_21)","decl":{"start":{"line":124,"column":2},"end":{"line":124,"column":3}},"loc":{"start":{"line":124,"column":17},"end":{"line":124,"column":47}}}},"branchMap":{"0":{"loc":{"start":{"line":23,"column":6},"end":{"line":23,"column":49}},"type":"cond-expr","locations":[{"start":{"line":23,"column":29},"end":{"line":23,"column":45}},{"start":{"line":23,"column":48},"end":{"line":23,"column":49}}]},"1":{"loc":{"start":{"line":45,"column":12},"end":{"line":45,"column":45}},"type":"binary-expr","locations":[{"start":{"line":45,"column":12},"end":{"line":45,"column":17}},{"start":{"line":45,"column":21},"end":{"line":45,"column":33}},{"start":{"line":45,"column":37},"end":{"line":45,"column":45}}]},"2":{"loc":{"start":{"line":59,"column":6},"end":{"line":61,"column":null}},"type":"if","locations":[{"start":{"line":59,"column":6},"end":{"line":61,"column":null}},{"start":{"line":59,"column":6},"end":{"line":61,"column":null}}]},"3":{"loc":{"start":{"line":73,"column":6},"end":{"line":75,"column":null}},"type":"if","locations":[{"start":{"line":73,"column":6},"end":{"line":75,"column":null}},{"start":{"line":73,"column":6},"end":{"line":75,"column":null}}]},"4":{"loc":{"start":{"line":73,"column":10},"end":{"line":73,"column":66}},"type":"binary-expr","locations":[{"start":{"line":73,"column":10},"end":{"line":73,"column":31}},{"start":{"line":73,"column":35},"end":{"line":73,"column":66}}]},"5":{"loc":{"start":{"line":77,"column":6},"end":{"line":79,"column":null}},"type":"if","locations":[{"start":{"line":77,"column":6},"end":{"line":79,"column":null}},{"start":{"line":77,"column":6},"end":{"line":79,"column":null}}]},"6":{"loc":{"start":{"line":77,"column":10},"end":{"line":77,"column":47}},"type":"binary-expr","locations":[{"start":{"line":77,"column":10},"end":{"line":77,"column":23}},{"start":{"line":77,"column":27},"end":{"line":77,"column":47}}]},"7":{"loc":{"start":{"line":84,"column":8},"end":{"line":86,"column":null}},"type":"if","locations":[{"start":{"line":84,"column":8},"end":{"line":86,"column":null}},{"start":{"line":84,"column":8},"end":{"line":86,"column":null}}]},"8":{"loc":{"start":{"line":88,"column":8},"end":{"line":92,"column":null}},"type":"if","locations":[{"start":{"line":88,"column":8},"end":{"line":92,"column":null}},{"start":{"line":88,"column":8},"end":{"line":92,"column":null}}]},"9":{"loc":{"start":{"line":98,"column":6},"end":{"line":100,"column":null}},"type":"if","locations":[{"start":{"line":98,"column":6},"end":{"line":100,"column":null}},{"start":{"line":98,"column":6},"end":{"line":100,"column":null}}]},"10":{"loc":{"start":{"line":101,"column":6},"end":{"line":101,"column":58}},"type":"binary-expr","locations":[{"start":{"line":101,"column":6},"end":{"line":101,"column":19}},{"start":{"line":101,"column":23},"end":{"line":101,"column":58}}]},"11":{"loc":{"start":{"line":106,"column":51},"end":{"line":106,"column":75}},"type":"binary-expr","locations":[{"start":{"line":106,"column":51},"end":{"line":106,"column":59}},{"start":{"line":106,"column":63},"end":{"line":106,"column":75}}]},"12":{"loc":{"start":{"line":114,"column":23},"end":{"line":114,"column":34}},"type":"binary-expr","locations":[{"start":{"line":114,"column":23},"end":{"line":114,"column":28}},{"start":{"line":114,"column":32},"end":{"line":114,"column":34}}]}},"s":{"0":9,"1":9,"2":9,"3":9,"4":9,"5":1,"6":1,"7":1,"8":9,"9":12,"10":12,"11":12,"12":12,"13":12,"14":12,"15":12,"16":12,"17":12,"18":11,"19":12,"20":11,"21":11,"22":12,"23":11,"24":12,"25":12,"26":11,"27":1,"28":0,"29":12,"30":1,"31":0,"32":1,"33":1,"34":0,"35":12,"36":12,"37":11,"38":1,"39":12,"40":1,"41":2,"42":9,"43":9},"f":{"0":1,"1":1,"2":1,"3":12,"4":12,"5":12,"6":12,"7":11,"8":11,"9":11,"10":12,"11":1,"12":12,"13":1,"14":2},"b":{"0":[5,7],"1":[12,5,5],"2":[11,0],"3":[11,1],"4":[12,12],"5":[0,1],"6":[1,1],"7":[0,1],"8":[1,0],"9":[11,1],"10":[1,1],"11":[1,1],"12":[12,7]}}
,"D:\\Projects\\2020\\react-phalladium\\src\\components\\tree\\tree.tsx": {"path":"D:\\Projects\\2020\\react-phalladium\\src\\components\\tree\\tree.tsx","statementMap":{"0":{"start":{"line":1,"column":0},"end":{"line":1,"column":36}},"1":{"start":{"line":2,"column":0},"end":{"line":2,"column":32}},"2":{"start":{"line":3,"column":0},"end":{"line":3,"column":77}},"3":{"start":{"line":4,"column":0},"end":{"line":4,"column":39}},"4":{"start":{"line":6,"column":0},"end":{"line":6,"column":21}},"5":{"start":{"line":8,"column":49},"end":{"line":63,"column":null}},"6":{"start":{"line":16,"column":31},"end":{"line":20,"column":null}},"7":{"start":{"line":17,"column":27},"end":{"line":20,"column":8}},"8":{"start":{"line":23,"column":23},"end":{"line":32,"column":null}},"9":{"start":{"line":25,"column":8},"end":{"line":30,"column":10}},"10":{"start":{"line":26,"column":10},"end":{"line":29,"column":13}},"11":{"start":{"line":26,"column":30},"end":{"line":29,"column":12}},"12":{"start":{"line":35,"column":22},"end":{"line":41,"column":null}},"13":{"start":{"line":37,"column":9},"end":{"line":40,"column":null}},"14":{"start":{"line":44,"column":4},"end":{"line":62,"column":6}},"15":{"start":{"line":51,"column":10},"end":{"line":58,"column":null}},"16":{"start":{"line":68,"column":9},"end":{"line":68,"column":13}},"17":{"start":{"line":66,"column":0},"end":{"line":66,"column":26}}},"fnMap":{"0":{"name":"(anonymous_7)","decl":{"start":{"line":9,"column":2},"end":{"line":9,"column":3}},"loc":{"start":{"line":15,"column":18},"end":{"line":63,"column":3}}},"1":{"name":"(anonymous_8)","decl":{"start":{"line":17,"column":16},"end":{"line":17,"column":17}},"loc":{"start":{"line":17,"column":27},"end":{"line":20,"column":8}}},"2":{"name":"(anonymous_9)","decl":{"start":{"line":24,"column":6},"end":{"line":24,"column":7}},"loc":{"start":{"line":24,"column":22},"end":{"line":31,"column":7}}},"3":{"name":"(anonymous_10)","decl":{"start":{"line":25,"column":17},"end":{"line":25,"column":18}},"loc":{"start":{"line":26,"column":10},"end":{"line":29,"column":13}}},"4":{"name":"(anonymous_11)","decl":{"start":{"line":26,"column":19},"end":{"line":26,"column":20}},"loc":{"start":{"line":26,"column":30},"end":{"line":29,"column":12}}},"5":{"name":"(anonymous_12)","decl":{"start":{"line":36,"column":6},"end":{"line":36,"column":9}},"loc":{"start":{"line":37,"column":9},"end":{"line":40,"column":null}}},"6":{"name":"(anonymous_13)","decl":{"start":{"line":50,"column":20},"end":{"line":50,"column":21}},"loc":{"start":{"line":51,"column":10},"end":{"line":58,"column":null}}}},"branchMap":{"0":{"loc":{"start":{"line":12,"column":4},"end":{"line":12,"column":15}},"type":"default-arg","locations":[{"start":{"line":12,"column":12},"end":{"line":12,"column":15}}]},"1":{"loc":{"start":{"line":13,"column":4},"end":{"line":13,"column":16}},"type":"default-arg","locations":[{"start":{"line":13,"column":13},"end":{"line":13,"column":16}}]},"2":{"loc":{"start":{"line":28,"column":22},"end":{"line":28,"column":69}},"type":"cond-expr","locations":[{"start":{"line":28,"column":39},"end":{"line":28,"column":53}},{"start":{"line":28,"column":56},"end":{"line":28,"column":69}}]}},"s":{"0":9,"1":9,"2":9,"3":9,"4":9,"5":9,"6":13,"7":13,"8":13,"9":1,"10":1,"11":2,"12":13,"13":11,"14":13,"15":13,"16":9,"17":9},"f":{"0":13,"1":13,"2":1,"3":1,"4":2,"5":11,"6":13},"b":{"0":[13],"1":[13],"2":[1,1]}}
,"D:\\Projects\\2020\\react-phalladium\\src\\icons\\check-circle.tsx": {"path":"D:\\Projects\\2020\\react-phalladium\\src\\icons\\check-circle.tsx","statementMap":{"0":{"start":{"line":1,"column":0},"end":{"line":1,"column":31}},"1":{"start":{"line":4,"column":2},"end":{"line":17,"column":4}},"2":{"start":{"line":20,"column":0},"end":{"line":20,"column":28}}},"fnMap":{"0":{"name":"SvgComponent","decl":{"start":{"line":3,"column":9},"end":{"line":3,"column":21}},"loc":{"start":{"line":3,"column":21},"end":{"line":18,"column":1}}}},"branchMap":{},"s":{"0":15,"1":0,"2":15},"f":{"0":0},"b":{}}
,"D:\\Projects\\2020\\react-phalladium\\src\\icons\\check.tsx": {"path":"D:\\Projects\\2020\\react-phalladium\\src\\icons\\check.tsx","statementMap":{"0":{"start":{"line":1,"column":0},"end":{"line":1,"column":31}},"1":{"start":{"line":4,"column":2},"end":{"line":17,"column":4}},"2":{"start":{"line":20,"column":0},"end":{"line":20,"column":28}}},"fnMap":{"0":{"name":"SvgComponent","decl":{"start":{"line":3,"column":9},"end":{"line":3,"column":21}},"loc":{"start":{"line":3,"column":21},"end":{"line":18,"column":1}}}},"branchMap":{},"s":{"0":15,"1":105,"2":15},"f":{"0":105},"b":{}}
,"D:\\Projects\\2020\\react-phalladium\\src\\icons\\chev-down.tsx": {"path":"D:\\Projects\\2020\\react-phalladium\\src\\icons\\chev-down.tsx","statementMap":{"0":{"start":{"line":1,"column":0},"end":{"line":1,"column":31}},"1":{"start":{"line":4,"column":2},"end":{"line":17,"column":4}},"2":{"start":{"line":20,"column":0},"end":{"line":20,"column":28}}},"fnMap":{"0":{"name":"SvgComponent","decl":{"start":{"line":3,"column":9},"end":{"line":3,"column":21}},"loc":{"start":{"line":3,"column":21},"end":{"line":18,"column":1}}}},"branchMap":{},"s":{"0":15,"1":10,"2":15},"f":{"0":10},"b":{}}
,"D:\\Projects\\2020\\react-phalladium\\src\\icons\\chev-right.tsx": {"path":"D:\\Projects\\2020\\react-phalladium\\src\\icons\\chev-right.tsx","statementMap":{"0":{"start":{"line":1,"column":0},"end":{"line":1,"column":31}},"1":{"start":{"line":4,"column":2},"end":{"line":18,"column":4}},"2":{"start":{"line":21,"column":0},"end":{"line":21,"column":28}}},"fnMap":{"0":{"name":"SvgComponent","decl":{"start":{"line":3,"column":9},"end":{"line":3,"column":21}},"loc":{"start":{"line":3,"column":21},"end":{"line":19,"column":1}}}},"branchMap":{},"s":{"0":15,"1":57,"2":15},"f":{"0":57},"b":{}}
,"D:\\Projects\\2020\\react-phalladium\\src\\icons\\circle.tsx": {"path":"D:\\Projects\\2020\\react-phalladium\\src\\icons\\circle.tsx","statementMap":{"0":{"start":{"line":1,"column":0},"end":{"line":1,"column":31}},"1":{"start":{"line":4,"column":2},"end":{"line":17,"column":4}},"2":{"start":{"line":20,"column":0},"end":{"line":20,"column":28}}},"fnMap":{"0":{"name":"SvgComponent","decl":{"start":{"line":3,"column":9},"end":{"line":3,"column":21}},"loc":{"start":{"line":3,"column":21},"end":{"line":18,"column":1}}}},"branchMap":{},"s":{"0":15,"1":0,"2":15},"f":{"0":0},"b":{}}
,"D:\\Projects\\2020\\react-phalladium\\src\\icons\\close.tsx": {"path":"D:\\Projects\\2020\\react-phalladium\\src\\icons\\close.tsx","statementMap":{"0":{"start":{"line":1,"column":0},"end":{"line":1,"column":31}},"1":{"start":{"line":4,"column":2},"end":{"line":15,"column":4}},"2":{"start":{"line":18,"column":0},"end":{"line":18,"column":28}}},"fnMap":{"0":{"name":"SvgComponent","decl":{"start":{"line":3,"column":9},"end":{"line":3,"column":21}},"loc":{"start":{"line":3,"column":21},"end":{"line":16,"column":1}}}},"branchMap":{},"s":{"0":15,"1":73,"2":15},"f":{"0":73},"b":{}}
,"D:\\Projects\\2020\\react-phalladium\\src\\icons\\index.ts": {"path":"D:\\Projects\\2020\\react-phalladium\\src\\icons\\index.ts","statementMap":{"0":{"start":{"line":1,"column":0},"end":{"line":1,"column":9}},"1":{"start":{"line":1,"column":9},"end":{"line":1,"column":35}},"2":{"start":{"line":2,"column":0},"end":{"line":2,"column":9}},"3":{"start":{"line":2,"column":9},"end":{"line":2,"column":35}},"4":{"start":{"line":3,"column":0},"end":{"line":3,"column":9}},"5":{"start":{"line":3,"column":9},"end":{"line":3,"column":36}},"6":{"start":{"line":4,"column":0},"end":{"line":4,"column":9}},"7":{"start":{"line":4,"column":9},"end":{"line":4,"column":30}},"8":{"start":{"line":5,"column":0},"end":{"line":5,"column":9}},"9":{"start":{"line":5,"column":9},"end":{"line":5,"column":29}},"10":{"start":{"line":6,"column":0},"end":{"line":6,"column":9}},"11":{"start":{"line":6,"column":9},"end":{"line":6,"column":29}},"12":{"start":{"line":7,"column":0},"end":{"line":7,"column":9}},"13":{"start":{"line":7,"column":9},"end":{"line":7,"column":30}}},"fnMap":{"0":{"name":"(anonymous_1)","decl":{"start":{"line":1,"column":9},"end":{"line":1,"column":16}},"loc":{"start":{"line":1,"column":9},"end":{"line":1,"column":35}}},"1":{"name":"(anonymous_2)","decl":{"start":{"line":2,"column":9},"end":{"line":2,"column":16}},"loc":{"start":{"line":2,"column":9},"end":{"line":2,"column":35}}},"2":{"name":"(anonymous_3)","decl":{"start":{"line":3,"column":9},"end":{"line":3,"column":16}},"loc":{"start":{"line":3,"column":9},"end":{"line":3,"column":36}}},"3":{"name":"(anonymous_4)","decl":{"start":{"line":4,"column":9},"end":{"line":4,"column":16}},"loc":{"start":{"line":4,"column":9},"end":{"line":4,"column":30}}},"4":{"name":"(anonymous_5)","decl":{"start":{"line":5,"column":9},"end":{"line":5,"column":16}},"loc":{"start":{"line":5,"column":9},"end":{"line":5,"column":29}}},"5":{"name":"(anonymous_6)","decl":{"start":{"line":6,"column":9},"end":{"line":6,"column":16}},"loc":{"start":{"line":6,"column":9},"end":{"line":6,"column":29}}},"6":{"name":"(anonymous_7)","decl":{"start":{"line":7,"column":9},"end":{"line":7,"column":16}},"loc":{"start":{"line":7,"column":9},"end":{"line":7,"column":30}}}},"branchMap":{},"s":{"0":15,"1":15,"2":15,"3":25,"4":15,"5":72,"6":15,"7":15,"8":15,"9":88,"10":15,"11":120,"12":15,"13":44},"f":{"0":0,"1":10,"2":57,"3":0,"4":73,"5":105,"6":29},"b":{}}
,"D:\\Projects\\2020\\react-phalladium\\src\\icons\\search.tsx": {"path":"D:\\Projects\\2020\\react-phalladium\\src\\icons\\search.tsx","statementMap":{"0":{"start":{"line":1,"column":0},"end":{"line":1,"column":31}},"1":{"start":{"line":4,"column":2},"end":{"line":17,"column":4}},"2":{"start":{"line":20,"column":0},"end":{"line":20,"column":28}}},"fnMap":{"0":{"name":"SvgComponent","decl":{"start":{"line":3,"column":9},"end":{"line":3,"column":21}},"loc":{"start":{"line":3,"column":21},"end":{"line":18,"column":1}}}},"branchMap":{},"s":{"0":15,"1":20,"2":15},"f":{"0":20},"b":{}}
}
